[GPUManager]() registered
regV registering [npe] as [0x2b23180]
regV registering [npe_short] as [0x2b232b0]
regV registering [Po218:peak] as [6002]
regV registering [Rn222:peak] as [5490]
regV registering [Po210:peak] as [5305]
Loaded path: </p/project/cjikp20/jikp2013/bx-GooStats-dingxf_dev/bx-GooStats/data>
RawSpectrumProvider::registerSpecies Register [nu(pep)]
RawSpectrumProvider::registerSpecies Register [nu(Be7)_sunT]
RawSpectrumProvider::registerSpecies Register [nu(Be7)_nosunT]
RawSpectrumProvider::registerSpecies Register [nu(CNO)]
RawSpectrumProvider::registerSpecies Register [nu(pp)_oleg]
RawSpectrumProvider::registerSpecies Register [nu(pp)_aldo]
RawSpectrumProvider::registerSpecies Register [nu(pp)]
RawSpectrumProvider::registerSpecies Register [nu(B8)]
RawSpectrumProvider::registerSpecies Register [C14_universal]
Warning: c14_shape_factor is taken as 1.24
RawSpectrumProvider::registerSpecies Register [C14]
RawSpectrumProvider::registerSpecies Register [C11]
RawSpectrumProvider::registerSpecies Register [C10]
RawSpectrumProvider::registerSpecies Register [Kr85]
RawSpectrumProvider::registerSpecies Register [B12]
RawSpectrumProvider::registerSpecies Register [He6]
RawSpectrumProvider::registerSpecies Register [Pa234m]
RawSpectrumProvider::registerSpecies Register [K40]
RawSpectrumProvider::registerSpecies Register [La138]
RawSpectrumProvider::registerSpecies Register [Bi210_mach4]
RawSpectrumProvider::registerSpecies Register [Bi210_oleg]
RawSpectrumProvider::registerSpecies Register [Bi210_aldo]
RawSpectrumProvider::registerSpecies Register [Bi210_daniel]
RawSpectrumProvider::registerSpecies Register [Bi210_flothmann]
RawSpectrumProvider::registerSpecies Register [Bi210_grau]
RawSpectrumProvider::registerSpecies Register [Pb214_KM]
RawSpectrumProvider::registerSpecies Register [Pb214_aldo_1]
RawSpectrumProvider::registerSpecies Register [Pb214_aldo_2]
RawSpectrumProvider::registerSpecies Register [Pb214_aldo_3]
RawSpectrumProvider::registerSpecies Register [Pb214_aldo_4]
RawSpectrumProvider::registerSpecies Register [Pb214_aldo_5]
RawSpectrumProvider::registerSpecies Register [Pb214_aldo_6]
RawSpectrumProvider::registerSpecies Register [Pb214_aldo_7]
RawSpectrumProvider::registerSpecies Register [Ext_Tl208]
RawSpectrumProvider::registerSpecies Register [Ext_Bi214]
RawSpectrumProvider::registerSpecies Register [Ext_K40]
RawSpectrumProvider::registerSpecies Register [U238_chain]
RawSpectrumProvider::registerSpecies Register [Th232_chain]
RawSpectrumProvider::registerSpecies Register [C14_pileup]
[InputManager]() registered
[PrepareData]() registered
[SimpleFit]() registered
[CNOTest]() registered
[HMLMTest]() registered
[ScanPar]() registered
[CorrelationManager]() registered
[ContourManager]() registered
[OutputManager]() registered
Checking GPU [0]/[1]
Running on [Tesla K80] with compute capability of 3.7
Warning: BatchOutputManager not set, default are used.
LOG: Getting data from file input_files/PeriodPhase2_FVpep_TFCMI_c19.root
Searching final_nhits_pp_0 in pp
LOG: fitting histogram final_nhits_pp_0
WARNING: chain_counts_cum not TH1D, trying other TH1
WARNING: No chain_counts_cum in input directory, trying in the main directory of the file
chain_counts_cum: mean 23.3425
[default] adopt [global] as its parent.
Inserting period [default,input_files/PeriodPhase2_FVpep_TFCMI_c19.root,pp/final_nhits_pp_0,fitoptions/fitoptions_cno-mv-Phase2MI-pdfs_TAUP2017-nhits-emin140.cfg,species_list/species-fit-cno-mv_CNO-pileup-penalty.icc]
ARG[1] <icc> = [species_list/species-fit-cno-mv_CNO-pileup-penalty.icc]
InputManager::registerConfigset(default)
Loading from <fitoptions/fitoptions_cno-mv-Phase2MI-pdfs_TAUP2017-nhits-emin140.cfg>
h_n_used_pmts: mean 1564.15
h_n_used_pmts_weighted: mean 1675.51
h_n_used_pmts0: mean 1557.43
h_n_used_pmts_weighted0: mean 1667.71
h_n_used_pmts1: mean 1574.13
h_n_used_pmts_weighted1: mean 1684.93
option <n_used_charge_histo_name> not set, default value [h_n_used_charge] used
h_n_used_charge: mean 1561.08
option <n_used_charge_po210_histo_name> not set, default value [h_n_used_charge_weighted] used
h_n_used_charge_weighted: mean 1671.67
feq_inv: mean 1.28509
Mask [mask_2] from [h_n_used_pmts] Mean <999.503> RMS <576.981>
Mask [mask_3] from [h_n_used_pmts_weighted] Mean <999.502> RMS <577.005>
Mask [mask_4] from [h_n_used_pmts0] Mean <999.503> RMS <576.979>
Mask [mask_5] from [h_n_used_pmts_weighted0] Mean <999.502> RMS <577.003>
Mask [mask_6] from [h_n_used_pmts1] Mean <999.503> RMS <576.983>
Mask [mask_7] from [h_n_used_pmts_weighted1] Mean <999.502> RMS <577.007>
*********Dump options parsed*********************************
MC_ext_bkg => <true>
alpha_response_function => <scaled_poisson>
alpha_subtracted => <false>
apply_radiochemical_constraints => <false>
applying_mask => <true>
beta_response_function => <scaled_poisson>
bi210_spectrum => <aldo>
c11_quenching_fixed => <false>
c11_subtracted => <true>
complementary_histo_fit => <true>
complementary_histo_name => <pp/final_nhits_pp_1>
convolve_dark_noise => <false>
dark_noise_window => <win1>
fit_results_output => <fit_results.root>
fit_variable => <nhits>
fit_variable_MC => <nhits>
geometric_correction_on => <false>
icc => <species_list/species-fit-cno-mv_CNO-pileup-penalty.icc>
ly_fixed => <false>
meantime_cut => <no>
minimization_method => <likelihood>
minimization_routine => <minuit>
montecarlo_interpolation => <off>
montecarlo_spectra_file => <pdfs_TAUP2017/MCspectra_pp_FVpep_Phase2_emin1_masked.root>
multivariate_ps_fit => <true>
multivariate_rdist_fit => <true>
n_used_pmts_histo_name => <h_n_used_pmts>
n_used_pmts_po210_histo_name => <h_n_used_pmts_weighted>
n_used_pmts_po210_tfc0_histo_name => <h_n_used_pmts_weighted0>
n_used_pmts_po210_tfc1_histo_name => <h_n_used_pmts_weighted1>
n_used_pmts_tfc0_histo_name => <h_n_used_pmts0>
n_used_pmts_tfc1_histo_name => <h_n_used_pmts1>
neutrino_magnetic_moment => <no>
no_lead_cut => <no>
norm_variable => <true>
npe_offset_fixed => <true>
pb214_spectrum => <aldo>
pileup_eff_ly_fixed => <true>
plot_filename => <plot.root>
po210_quenching_fixed => <false>
quenching_parameterization => <echidna>
save_fit_results => <false>
scale_poisson => <true>
show_only_c14_c14 => <false>
spectra_pdfs => <montecarlo>
synthpup_file => <P91011_Synthetic_Spectra.root>
synthpup_hist => <h_synth_spec_5_dt1>
use_alpha_response_function => <false>
use_remaining_pb214 => <false>
weighted_response => <false>
alpha_resolution_0_guess => float: [1.2]
alpha_resolution_0_max => float: [20]
alpha_resolution_0_min => float: [0]
alpha_resolution_1_guess => float: [0]
alpha_resolution_1_max => float: [0]
alpha_resolution_1_min => float: [0]
alpha_resolution_2_guess => float: [0]
alpha_resolution_2_max => float: [0]
alpha_resolution_2_min => float: [0]
beta_resolution_0_guess => float: [3]
beta_resolution_0_max => float: [20]
beta_resolution_0_min => float: [0]
beta_resolution_1_guess => float: [3]
beta_resolution_1_max => float: [20]
beta_resolution_1_min => float: [0]
beta_resolution_2_guess => float: [7]
beta_resolution_2_max => float: [7]
beta_resolution_2_min => float: [7]
beta_resolution_3_guess => float: [2]
beta_resolution_3_max => float: [10]
beta_resolution_3_min => float: [0]
beta_resolution_4_guess => float: [0]
beta_resolution_4_max => float: [0]
beta_resolution_4_min => float: [0]
beta_resolution_5_guess => float: [0]
beta_resolution_5_max => float: [0]
beta_resolution_5_min => float: [0]
c11_quenching => float: [0.8828]
c14_shape_factor => float: [1.24]
c14_threshold => float: [100]
dark_noise_threshold => float: [100]
ext_bckgd_eff_ly => float: [1.0228]
fCher => float: [2]
fit_verbosity => float: [0]
geometric_correction => float: [0.112]
histogram_binwidth => float: [1]
kb => float: [0.0109]
ly_guess => float: [0.49]
maximum_energy => float: [950]
meantime_cut_correction_c1 => float: [0.974]
meantime_cut_correction_c2 => float: [-0.00211]
minimum_energy => float: [140]
multivariate_ps_fit_bins => float: [1]
multivariate_ps_fit_max => float: [650]
multivariate_ps_fit_min => float: [400]
multivariate_ps_fit_smooth => float: [0]
multivariate_rdist_fit_bins => float: [16]
multivariate_rdist_fit_max => float: [900]
multivariate_rdist_fit_min => float: [500]
multivariate_rdist_fit_smooth => float: [0]
npe_offset => float: [0]
number_of_bins_for_weighted_response => float: [10]
pileup_eff_ly => float: [0.935]
pileup_penalty_max => float: [120]
pileup_penalty_mean => float: [2.1]
pileup_penalty_min => float: [100]
pileup_penalty_sigma => float: [0.04]
po210_quenching => float: [0.07879]
poisson_factor => float: [15]
poisson_threshold => float: [100]
ser_under_threshold => float: [0.12]
sys_errors_scale => float: [0]
unequalization_factor => float: [1]
*************************************************************
Inserting Constant name [compute_likelihood_p_value] value [0]
regV registering [compute_likelihood_p_value] as [0]
Inserting [C11_qch] to [global]
Inserting [Po210_qch] to [default]
Inserting [extly_qch] to [global]
Linking [Ext_Tl208_qch] with [extly_qch] in [global]
Linking [Ext_Bi214_qch] with [extly_qch] in [global]
Linking [Ext_K40_qch] with [extly_qch] in [global]
Inserting [Po218_qch] to [global]
Inserting [Rn222_qch] to [global]
Inserting [C10_qch] to [global]
Bad programming style of using const_cast!!!
regV registering [NL] as [0x7ffdf8ce6dd0]
Inserting [beta_ly] to [default]
810
Inserting [beta_resolution_0] to [global]
Inserting [beta_resolution_1] to [global]
Inserting [beta_resolution_2] to [global]
Inserting [beta_resolution_3] to [global]
Inserting [beta_resolution_4] to [global]
Inserting [beta_resolution_5] to [global]
Inserting [alpha_resolution_0] to [default]
Inserting [alpha_resolution_1] to [default]
Inserting [alpha_resolution_2] to [default]
Inserting [alpha_resolution_3] to [default]
Inserting [alpha_resolution_4] to [default]
Inserting [alpha_resolution_5] to [default]
Inserting [mlp_correction_0] to [default]
Inserting [mlp_correction_1] to [default]
Inserting [mlp_correction_2] to [default]
Inserting [mlp_correction_3] to [default]
Integral: 11.6405, sum = 1.17605e+06, endpoint = 671.809
Integral: 76.3209, sum = 1.81556e+07, endpoint = 264.064
RawSpectrumProvider::registerSpecies Register [nu(Be7+munu)]
RawSpectrumProvider::registerSpecies Register [nu(pp+munu)]
RawSpectrumProvider::registerSpecies Register [Bi210]
RawSpectrumProvider::registerSpecies Register [nu(Be7)]
feq: 1.27865 feq_po: 1.19367
Inserting [default] to default feq: 1.27865 0
Inserting [Po210] to default feq: 1.19367 0
Dumping pre-created rates:
INFO: loading species from file species_list/species-fit-cno-mv_CNO-pileup-penalty.icc
Inserting [Bi210] to [default]
Inserting [C10_2] to [default]
Inserting [C11] to [default]
Inserting [C11_2] to [default]
Inserting [C14_pileup] to [default]
Inserting [Ext_Bi214] to [global]
Inserting [Ext_K40] to [global]
Inserting [Ext_Tl208] to [global]
Inserting [He6_2] to [global]
Inserting [Kr85] to [default]
Inserting [Po210] to [default]
Inserting [Po210_2] to [default]
Inserting [nu(B8)] to [default]
Inserting [nu(Be7)] to [global]
Inserting [nu(CNO)] to [global]
Inserting [nu(pep)] to [global]
 [global] : (C10_qch, global.C10_qch) 
 [global] : (C11_qch, global.C11_qch) 
 [global] : (Ext_Bi214, global.Ext_Bi214) 
 [global] : (Ext_Bi214_qch, global.extly_qch) 
 [global] : (Ext_K40, global.Ext_K40) 
 [global] : (Ext_K40_qch, global.extly_qch) 
 [global] : (Ext_Tl208, global.Ext_Tl208) 
 [global] : (Ext_Tl208_qch, global.extly_qch) 
 [global] : (He6_2, global.He6_2) 
 [global] : (Po218_qch, global.Po218_qch) 
 [global] : (Rn222_qch, global.Rn222_qch) 
 [global] : (beta_resolution_0, global.beta_resolution_0) 
 [global] : (beta_resolution_1, global.beta_resolution_1) 
 [global] : (beta_resolution_2, global.beta_resolution_2) 
 [global] : (beta_resolution_3, global.beta_resolution_3) 
 [global] : (beta_resolution_4, global.beta_resolution_4) 
 [global] : (beta_resolution_5, global.beta_resolution_5) 
 [global] : (extly_qch, global.extly_qch) 
 [global] : (nu(Be7), global.nu(Be7)) 
 [global] : (nu(CNO), global.nu(CNO)) 
 [global] : (nu(pep), global.nu(pep)) 
default>-- [default] : (Bi210, default.Bi210) 
default>-- [default] : (C10_2, default.C10_2) 
default>-- [default] : (C11, default.C11) 
default>-- [default] : (C11_2, default.C11_2) 
default>-- [default] : (C14_pileup, default.C14_pileup) 
default>-- [default] : (Kr85, default.Kr85) 
default>-- [default] : (Po210, default.Po210) 
default>-- [default] : (Po210_2, default.Po210_2) 
default>-- [default] : (Po210_qch, default.Po210_qch) 
default>-- [default] : (alpha_resolution_0, default.alpha_resolution_0) 
default>-- [default] : (alpha_resolution_1, default.alpha_resolution_1) 
default>-- [default] : (alpha_resolution_2, default.alpha_resolution_2) 
default>-- [default] : (alpha_resolution_3, default.alpha_resolution_3) 
default>-- [default] : (alpha_resolution_4, default.alpha_resolution_4) 
default>-- [default] : (alpha_resolution_5, default.alpha_resolution_5) 
default>-- [default] : (beta_ly, default.beta_ly) 
default>-- [default] : (mlp_correction_0, default.mlp_correction_0) 
default>-- [default] : (mlp_correction_1, default.mlp_correction_1) 
default>-- [default] : (mlp_correction_2, default.mlp_correction_2) 
default>-- [default] : (mlp_correction_3, default.mlp_correction_3) 
default>-- [default] : (nu(B8), default.nu(B8)) 
InputManager::registerDataset(default.Major)
InputManager::registerDataset(default.TFCtagged)
InputManager::registerDataset(pileupL)
Inserting period full [default.Major]
Inserting period full [default.TFCtagged]
Inserting period full [pileupL]
Livetime: 752.049 days (c11 subtracted)
computing mass from input_files/PeriodPhase2_FVpep_TFCMI_c19.root
Mass: 71.3 tons
Inserting [default.Major] exposure : [53621.1 (day x tons)]
computing mass from input_files/PeriodPhase2_FVpep_TFCMI_c19.root
Inserting [default.TFCtagged] exposure : [36107.7 (day x tons)]
Inserting type [remaining_pb214] name [default] value [0.0200354]
Remaining Pb214 [default] : 0.0200354 cpd/100 tons
WARNING: pp/final_nhits_pp_1 not TH1D, trying other TH1
WARNING: No pp/final_nhits_pp_1 in input directory, trying in the main directory of the file
pp/final_nhits_pp_1: mean 51.2663
WARNING: the spectrum of [Major] had not Sumw2 set. Setting it now.
WARNING: the spectrum of [TFCtagged] had not Sumw2 set. Setting it now.
Inserting [default.Major] data set
Inserting [default.TFCtagged] data set
INFO: loading species from file species_list/species-fit-cno-mv_CNO-pileup-penalty.icc
Loading [Bi210] from [pdfs_TAUP2017/MCspectra_pp_FVpep_Phase2_emin1_masked.root/bi210_nhits]
bad programing style, const_cast!!
creating MC species [Bi210] in [default]
Warning: quenching [Bi210_qch] not found in [default].
[Bi210] loaded for [default]
Inserting species (Bi210)[Bi210] to [default.Major] 
Inserting species (Bi210)[Bi210] to [default.TFCtagged] 
Loading [C10] from [pdfs_TAUP2017/MCspectra_pp_FVpep_Phase2_emin1_masked.root/c10_nhits]
bad programing style, const_cast!!
creating MC species [C10] in [default]
[C10] loaded for [default]
Inserting species (C10_2)[C10] to [default.TFCtagged] 
Loading [C11] from [pdfs_TAUP2017/MCspectra_pp_FVpep_Phase2_emin1_masked.root/c11_nhits]
bad programing style, const_cast!!
creating MC species [C11] in [default]
[C11] loaded for [default]
Inserting species (C11)[C11] to [default.Major] 
creating MC species [C11] in [default]
[C11] loaded for [default]
Inserting species (C11_2)[C11] to [default.TFCtagged] 
Loading [C14_pileup] from [pdfs_TAUP2017/MCspectra_pp_FVpep_Phase2_emin1_masked.root/MC_pileup_nhits]
bad programing style, const_cast!!
creating MC species [C14_pileup] in [default]
Warning: quenching [C14_pileup_qch] not found in [default].
[C14_pileup] loaded for [default]
Inserting species (C14_pileup)[C14_pileup] to [default.Major] 
Inserting species (C14_pileup)[C14_pileup] to [default.TFCtagged] 
Loading [Ext_Bi214] from [pdfs_TAUP2017/MCspectra_pp_FVpep_Phase2_emin1_masked.root/ext_bi214_nhits]
bad programing style, const_cast!!
creating MC species [Ext_Bi214] in [default]
[Ext_Bi214] loaded for [default]
Inserting species (Ext_Bi214)[Ext_Bi214] to [default.Major] 
Inserting species (Ext_Bi214)[Ext_Bi214] to [default.TFCtagged] 
Loading [Ext_K40] from [pdfs_TAUP2017/MCspectra_pp_FVpep_Phase2_emin1_masked.root/ext_k40_nhits]
bad programing style, const_cast!!
creating MC species [Ext_K40] in [default]
[Ext_K40] loaded for [default]
Inserting species (Ext_K40)[Ext_K40] to [default.Major] 
Inserting species (Ext_K40)[Ext_K40] to [default.TFCtagged] 
Loading [Ext_Tl208] from [pdfs_TAUP2017/MCspectra_pp_FVpep_Phase2_emin1_masked.root/ext_tl208_nhits]
bad programing style, const_cast!!
creating MC species [Ext_Tl208] in [default]
[Ext_Tl208] loaded for [default]
Inserting species (Ext_Tl208)[Ext_Tl208] to [default.Major] 
Inserting species (Ext_Tl208)[Ext_Tl208] to [default.TFCtagged] 
Loading [He6] from [pdfs_TAUP2017/MCspectra_pp_FVpep_Phase2_emin1_masked.root/he6_nhits]
bad programing style, const_cast!!
creating MC species [He6] in [default]
Warning: quenching [He6_qch] not found in [default].
[He6] loaded for [default]
Inserting species (He6_2)[He6] to [default.TFCtagged] 
Loading [Kr85] from [pdfs_TAUP2017/MCspectra_pp_FVpep_Phase2_emin1_masked.root/kr85_nhits]
bad programing style, const_cast!!
creating MC species [Kr85] in [default]
Warning: quenching [Kr85_qch] not found in [default].
[Kr85] loaded for [default]
Inserting species (Kr85)[Kr85] to [default.Major] 
Inserting species (Kr85)[Kr85] to [default.TFCtagged] 
Loading [Po210] from [pdfs_TAUP2017/MCspectra_pp_FVpep_Phase2_emin1_masked.root/po210_nhits]
bad programing style, const_cast!!
creating MC species [Po210] in [default]
[Po210] loaded for [default]
Inserting species (Po210)[Po210] to [default.Major] 
creating MC species [Po210] in [default]
[Po210] loaded for [default]
Inserting species (Po210_2)[Po210] to [default.TFCtagged] 
Loading [nu(B8)] from [pdfs_TAUP2017/MCspectra_pp_FVpep_Phase2_emin1_masked.root/b8_nhits]
bad programing style, const_cast!!
creating MC species [nu(B8)] in [default]
Warning: quenching [nu(B8)_qch] not found in [default].
[nu(B8)] loaded for [default]
Inserting species (nu(B8))[nu(B8)] to [default.Major] 
Inserting species (nu(B8))[nu(B8)] to [default.TFCtagged] 
Loading [nu(Be7)] from [pdfs_TAUP2017/MCspectra_pp_FVpep_Phase2_emin1_masked.root/be7_nhits]
bad programing style, const_cast!!
creating MC species [nu(Be7)] in [default]
Warning: quenching [nu(Be7)_qch] not found in [default].
[nu(Be7)] loaded for [default]
Inserting species (nu(Be7))[nu(Be7)] to [default.Major] 
Inserting species (nu(Be7))[nu(Be7)] to [default.TFCtagged] 
Loading [nu(CNO)] from [pdfs_TAUP2017/MCspectra_pp_FVpep_Phase2_emin1_masked.root/cno_nhits]
bad programing style, const_cast!!
creating MC species [nu(CNO)] in [default]
Warning: quenching [nu(CNO)_qch] not found in [default].
[nu(CNO)] loaded for [default]
Inserting species (nu(CNO))[nu(CNO)] to [default.Major] 
Inserting species (nu(CNO))[nu(CNO)] to [default.TFCtagged] 
Loading [nu(pep)] from [pdfs_TAUP2017/MCspectra_pp_FVpep_Phase2_emin1_masked.root/pep_nhits]
bad programing style, const_cast!!
creating MC species [nu(pep)] in [default]
Warning: quenching [nu(pep)_qch] not found in [default].
[nu(pep)] loaded for [default]
Inserting species (nu(pep))[nu(pep)] to [default.Major] 
Inserting species (nu(pep))[nu(pep)] to [default.TFCtagged] 
Inserting [default.Major] species vector
searching for [Bi210_sys]..
searching for [C11_sys]..
searching for [C14_pileup_sys]..
searching for [Ext_Bi214_sys]..
searching for [Ext_K40_sys]..
searching for [Ext_Tl208_sys]..
searching for [Kr85_sys]..
searching for [Po210_sys]..
searching for [nu(B8)_sys]..
searching for [nu(Be7)_sys]..
searching for [nu(CNO)_sys]..
searching for [nu(pep)_sys]..
Inserting [default.TFCtagged] species vector
searching for [Bi210_sys]..
searching for [C10_2_sys]..
searching for [C11_2_sys]..
searching for [C14_pileup_sys]..
searching for [Ext_Bi214_sys]..
searching for [Ext_K40_sys]..
searching for [Ext_Tl208_sys]..
searching for [He6_2_sys]..
searching for [Kr85_sys]..
searching for [Po210_2_sys]..
searching for [nu(B8)_sys]..
searching for [nu(Be7)_sys]..
searching for [nu(CNO)_sys]..
searching for [nu(pep)_sys]..
setting quenching of [Po210] to [0.07879]
Pb214 not implemented in bx-GooStats, it's ignored
setting quenching of [C11] to [0.8828]
INFO: 210Po PMTs used: 2000,0
RawSpectrumProvider::registerSpecies Register [default.Major]
type: [default.Major][0][1]
You have chosen SeparateSumPdfFactory<DnType<NoDn> MLPType<no> MaskType<Mask> DnAfterMask <no>>
SumPdf::registerFunc register [Bi210] as [0]
SumPdf::registerFunc register [C11] as [1]
SumPdf::registerFunc register [C14_pileup] as [2]
SumPdf::registerFunc register [Ext_Bi214] as [3]
SumPdf::registerFunc register [Ext_K40] as [4]
SumPdf::registerFunc register [Ext_Tl208] as [5]
SumPdf::registerFunc register [Kr85] as [6]
SumPdf::registerFunc register [Po210] as [7]
SumPdf::registerFunc register [nu(B8)] as [8]
SumPdf::registerFunc register [nu(Be7)] as [9]
SumPdf::registerFunc register [nu(CNO)] as [10]
SumPdf::registerFunc register [nu(pep)] as [11]
SumPdf::registerFunc register [Bi210] as [12]
SumPdf::registerFunc register [C11] as [13]
SumPdf::registerFunc register [C14_pileup] as [14]
SumPdf::registerFunc register [Ext_Bi214] as [15]
SumPdf::registerFunc register [Ext_K40] as [16]
SumPdf::registerFunc register [Ext_Tl208] as [17]
SumPdf::registerFunc register [Kr85] as [18]
SumPdf::registerFunc register [Po210] as [19]
SumPdf::registerFunc register [nu(B8)] as [20]
SumPdf::registerFunc register [nu(Be7)] as [21]
SumPdf::registerFunc register [nu(CNO)] as [22]
SumPdf::registerFunc register [nu(pep)] as [23]
Inserting [default.Major] sum pdf
Checking [Bi210] for <User> found? [1] is class<0>? [1]
Checking [C11] for <User> found? [1] is class<0>? [0]
Checking [C14_pileup] for <User> found? [1] is class<0>? [1]
Checking [Ext_Bi214] for <User> found? [1] is class<0>? [1]
Checking [Ext_K40] for <User> found? [1] is class<0>? [1]
Checking [Ext_Tl208] for <User> found? [1] is class<0>? [1]
Checking [Kr85] for <User> found? [1] is class<0>? [1]
Checking [Po210] for <User> found? [1] is class<0>? [1]
Checking [nu(B8)] for <User> found? [1] is class<0>? [1]
Checking [nu(Be7)] for <User> found? [1] is class<0>? [1]
Checking [nu(CNO)] for <User> found? [1] is class<0>? [1]
Checking [nu(pep)] for <User> found? [1] is class<0>? [1]
Checking [Bi210] for <User> found? [1] is class<1>? [0]
Checking [C11] for <User> found? [1] is class<1>? [1]
Checking [C14_pileup] for <User> found? [1] is class<1>? [0]
Checking [Ext_Bi214] for <User> found? [1] is class<1>? [0]
Checking [Ext_K40] for <User> found? [1] is class<1>? [0]
Checking [Ext_Tl208] for <User> found? [1] is class<1>? [0]
Checking [Kr85] for <User> found? [1] is class<1>? [0]
Checking [Po210] for <User> found? [1] is class<1>? [0]
Checking [nu(B8)] for <User> found? [1] is class<1>? [0]
Checking [nu(Be7)] for <User> found? [1] is class<1>? [0]
Checking [nu(CNO)] for <User> found? [1] is class<1>? [0]
Checking [nu(pep)] for <User> found? [1] is class<1>? [0]
Inserting [default]-[default] MV term
Checking [Bi210] for <Rdist> found? [1] is class<0>? [1]
Checking [C11] for <Rdist> found? [1] is class<0>? [1]
Checking [C14_pileup] for <Rdist> found? [1] is class<0>? [0]
Checking [Ext_Bi214] for <Rdist> found? [1] is class<0>? [0]
Checking [Ext_K40] for <Rdist> found? [1] is class<0>? [0]
Checking [Ext_Tl208] for <Rdist> found? [1] is class<0>? [0]
Checking [Kr85] for <Rdist> found? [1] is class<0>? [1]
Checking [Po210] for <Rdist> found? [1] is class<0>? [1]
Checking [nu(B8)] for <Rdist> found? [1] is class<0>? [1]
Checking [nu(Be7)] for <Rdist> found? [1] is class<0>? [1]
Checking [nu(CNO)] for <Rdist> found? [1] is class<0>? [1]
Checking [nu(pep)] for <Rdist> found? [1] is class<0>? [1]
Checking [Bi210] for <Rdist> found? [1] is class<1>? [0]
Checking [C11] for <Rdist> found? [1] is class<1>? [0]
Checking [C14_pileup] for <Rdist> found? [1] is class<1>? [1]
Checking [Ext_Bi214] for <Rdist> found? [1] is class<1>? [1]
Checking [Ext_K40] for <Rdist> found? [1] is class<1>? [1]
Checking [Ext_Tl208] for <Rdist> found? [1] is class<1>? [1]
Checking [Kr85] for <Rdist> found? [1] is class<1>? [0]
Checking [Po210] for <Rdist> found? [1] is class<1>? [0]
Checking [nu(B8)] for <Rdist> found? [1] is class<1>? [0]
Checking [nu(Be7)] for <Rdist> found? [1] is class<1>? [0]
Checking [nu(CNO)] for <Rdist> found? [1] is class<1>? [0]
Checking [nu(pep)] for <Rdist> found? [1] is class<1>? [0]
Inserting [default]-[default] MV term
Inserting [default]-[default] MV term
Inserting [default]-[default] MV term
Inserting [default]-[default] MV term
Inserting [default]-[default] MV term
Inserting [default]-[default] MV term
Inserting [default]-[default] MV term
Inserting [default]-[default] MV term
Inserting [default]-[default] MV term
Inserting [default]-[default] MV term
Inserting [default]-[default] MV term
Inserting [default]-[default] MV term
Inserting [default]-[default] MV term
Inserting [default]-[default] MV term
Inserting [default]-[default] MV term
Inserting [default]-[default] MV term
Pb214 not implemented in bx-GooStats, it's ignored
RawSpectrumProvider::registerSpecies Register [default.TFCtagged]
type: [default.TFCtagged][0][1]
You have chosen SeparateSumPdfFactory<DnType<NoDn> MLPType<no> MaskType<Mask> DnAfterMask <no>>
SumPdf::registerFunc register [C10] as [24]
SumPdf::registerFunc register [C11] as [25]
SumPdf::registerFunc register [He6] as [26]
SumPdf::registerFunc register [Po210] as [27]
SumPdf::registerFunc register [Bi210] as [28]
SumPdf::registerFunc register [C10] as [29]
SumPdf::registerFunc register [C11] as [30]
SumPdf::registerFunc register [C14_pileup] as [31]
SumPdf::registerFunc register [Ext_Bi214] as [32]
SumPdf::registerFunc register [Ext_K40] as [33]
SumPdf::registerFunc register [Ext_Tl208] as [34]
SumPdf::registerFunc register [He6] as [35]
SumPdf::registerFunc register [Kr85] as [36]
SumPdf::registerFunc register [Po210] as [37]
SumPdf::registerFunc register [nu(B8)] as [38]
SumPdf::registerFunc register [nu(Be7)] as [39]
SumPdf::registerFunc register [nu(CNO)] as [40]
SumPdf::registerFunc register [nu(pep)] as [41]
Inserting [default.TFCtagged] sum pdf
Inserting (Datasets:default.Major)<default.Major>
Inserting (Datasets:default.TFCtagged)<default.TFCtagged>
Inserting (LikelihoodFactory)<default>
Inserting (LikelihoodFactory)<default>
Inserting (LikelihoodFactory)<default>
Inserting (LikelihoodFactory)<default>
Inserting (LikelihoodFactory)<default>
Inserting (LikelihoodFactory)<default>
Inserting (LikelihoodFactory)<default>
Inserting (LikelihoodFactory)<default>
Inserting (LikelihoodFactory)<default>
Inserting (LikelihoodFactory)<default>
Inserting (LikelihoodFactory)<default>
Inserting (LikelihoodFactory)<default>
Inserting (LikelihoodFactory)<default>
Inserting (LikelihoodFactory)<default>
Inserting (LikelihoodFactory)<default>
Inserting (LikelihoodFactory)<default>
Inserting (LikelihoodFactory)<default>
Inserting (Datasets:pileupL)<pileupL>
Debug: LL size 20
 PARAMETER DEFINITIONS:
    NO.   NAME         VALUE      STEP SIZE      LIMITS
     1 default.Bi210   2.00000e+01  1.00000e+00    0.00000e+00  1.00000e+02
     2 default.C11   2.80000e+01  1.00000e+00    0.00000e+00  1.00000e+02
     3 default.C14_pileup   4.00000e+06  6.00000e+04    0.00000e+00  6.00000e+06
     4 global.Ext_Bi214   5.00000e-01  1.00000e-01    0.00000e+00  1.00000e+01
     5 global.Ext_K40   1.50000e-01  1.00000e-01    0.00000e+00  1.00000e+01
 **********
 **    1 **FIX           5
 **********
 PARAMETER DEFINITIONS:
    NO.   NAME         VALUE      STEP SIZE      LIMITS
     6 global.Ext_Tl208   1.90000e+00  1.00000e-01    0.00000e+00  1.00000e+01
     7 default.Kr85   5.00000e+00  3.00000e-01    0.00000e+00  3.00000e+01
     8 default.Po210   3.00000e+02  2.99999e+01    1.00000e-02  3.00000e+03
     9 default.nu(B8)   4.60000e-01  1.00000e-01    0.00000e+00  1.00000e+01
 **********
 **    2 **FIX           9
 **********
 PARAMETER DEFINITIONS:
    NO.   NAME         VALUE      STEP SIZE      LIMITS
    10 global.nu(Be7)   4.85000e+01  5.00000e-01    2.00000e+01  7.00000e+01
    11 global.nu(CNO)   5.36000e+00  5.00000e-01    0.00000e+00  5.00000e+01
    12 global.nu(pep)   2.20000e+00  1.00000e-01    0.00000e+00  1.00000e+01
    13 default.C10_2   1.10000e+00  1.00000e-01    0.00000e+00  1.00000e+01
    14 default.C11_2   5.00000e+01  2.00000e+00    0.00000e+00  2.00000e+02
    15 global.He6_2   4.00000e-01  2.00000e-01    0.00000e+00  2.00000e+01
    16 default.Po210_2   3.00000e+02  2.99999e+01    1.00000e-02  3.00000e+03
 **********
 **    3 **SET ERRDEF         0.5
 **********
 PARAMETER DEFINITIONS:
    NO.   NAME         VALUE      STEP SIZE      LIMITS
     1 default.Bi210   2.00000e+01  1.00000e+00    0.00000e+00  1.00000e+02
     2 default.C11   2.80000e+01  1.00000e+00    0.00000e+00  1.00000e+02
     3 default.C14_pileup   4.00000e+06  6.00000e+04    0.00000e+00  6.00000e+06
     4 global.Ext_Bi214   5.00000e-01  1.00000e-01    0.00000e+00  1.00000e+01
     5 global.Ext_K40   1.50000e-01  1.00000e-01    0.00000e+00  1.00000e+01
 **********
 **    1 **FIX           5
 **********
 PARAMETER DEFINITIONS:
    NO.   NAME         VALUE      STEP SIZE      LIMITS
     6 global.Ext_Tl208   1.90000e+00  1.00000e-01    0.00000e+00  1.00000e+01
     7 default.Kr85   5.00000e+00  3.00000e-01    0.00000e+00  3.00000e+01
     8 default.Po210   3.00000e+02  2.99999e+01    1.00000e-02  3.00000e+03
     9 default.nu(B8)   4.60000e-01  1.00000e-01    0.00000e+00  1.00000e+01
 **********
 **    2 **FIX           9
 **********
 PARAMETER DEFINITIONS:
    NO.   NAME         VALUE      STEP SIZE      LIMITS
    10 global.nu(Be7)   4.85000e+01  5.00000e-01    2.00000e+01  7.00000e+01
    11 global.nu(CNO)   5.36000e+00  5.00000e-01    0.00000e+00  5.00000e+01
    12 global.nu(pep)   2.20000e+00  1.00000e-01    0.00000e+00  1.00000e+01
    13 default.C10_2   1.10000e+00  1.00000e-01    0.00000e+00  1.00000e+01
    14 default.C11_2   5.00000e+01  2.00000e+00    0.00000e+00  2.00000e+02
    15 global.He6_2   4.00000e-01  2.00000e-01    0.00000e+00  2.00000e+01
    16 default.Po210_2   3.00000e+02  2.99999e+01    1.00000e-02  3.00000e+03
 **********
 **    3 **SET ERRDEF         0.5
 **********
 **********
 **    4 **MINIMIZE       2e+04
 **********
 FIRST CALL TO USER FUNCTION AT NEW START POINT, WITH IFLAG=4.
 START MIGRAD MINIMIZATION.  STRATEGY  1.  CONVERGENCE WHEN EDM .LT. 5.00e-05
 FCN=73030.9 FROM MIGRAD    STATUS=INITIATE       87 CALLS          88 TOTAL
                     EDM= unknown      STRATEGY= 1      NO ERROR MATRIX       
  EXT PARAMETER               CURRENT GUESS       STEP         FIRST   
  NO.   NAME      VALUE            ERROR          SIZE      DERIVATIVE 
   1  default.Bi210   2.00000e+01   1.00000e+00   0.00000e+00   1.73889e+03
   2  default.C11   2.80000e+01   1.00000e+00   0.00000e+00   2.04643e+04
   3  default.C14_pileup   4.00000e+06   6.00000e+04   0.00000e+00   8.67570e+04
   4  global.Ext_Bi214   5.00000e-01   1.00000e-01   0.00000e+00   2.91552e+01
   5  global.Ext_K40   1.50000e-01     fixed    
   6  global.Ext_Tl208   1.90000e+00   1.00000e-01   0.00000e+00  -4.58170e+02
   7  default.Kr85   5.00000e+00   3.00000e-01   0.00000e+00   3.47008e+02
   8  default.Po210   3.00000e+02   2.99999e+01   0.00000e+00   8.07295e+04
   9  default.nu(B8)   4.60000e-01     fixed    
  10  global.nu(Be7)   4.85000e+01   5.00000e-01   0.00000e+00   9.57251e+02
  11  global.nu(CNO)   5.36000e+00   5.00000e-01   0.00000e+00   1.00849e+03
  12  global.nu(pep)   2.20000e+00   1.00000e-01   0.00000e+00   5.78546e+02
  13  default.C10_2   1.10000e+00   1.00000e-01   0.00000e+00   1.68460e+02
  14  default.C11_2   5.00000e+01   2.00000e+00   0.00000e+00  -6.96287e+03
  15  global.He6_2   7.35232e+00   2.00000e-01   1.01904e+00   1.41436e+01
  16  default.Po210_2   3.00000e+02   2.99999e+01   0.00000e+00  -8.31203e+02
                               ERR DEF= 0.5
 MIGRAD MINIMIZATION HAS CONVERGED.
 MIGRAD WILL VERIFY CONVERGENCE AND ERROR MATRIX.
 COVARIANCE MATRIX CALCULATED SUCCESSFULLY
 FCN=7506.05 FROM MIGRAD    STATUS=CONVERGED    1477 CALLS        1478 TOTAL
                     EDM=1.18382e-05    STRATEGY= 1      ERROR MATRIX ACCURATE 
  EXT PARAMETER                                   STEP         FIRST   
  NO.   NAME      VALUE            ERROR          SIZE      DERIVATIVE 
   1  default.Bi210   5.00309e+00   9.00749e+00   1.61541e-03  -5.22153e-02
   2  default.C11   1.81245e+00   1.00172e-01   3.39066e-04  -9.57270e-03
   3  default.C14_pileup   5.57341e+05   1.06143e+04   3.64504e-04  -9.20013e-02
   4  global.Ext_Bi214   1.93760e+00   2.91364e-01   3.03557e-03  -3.65440e-03
   5  global.Ext_K40   1.50000e-01     fixed    
   6  global.Ext_Tl208   3.37910e+00   1.60799e-01   1.36125e-03  -5.82712e-03
   7  default.Kr85   4.52066e+00   2.24412e+00   5.27479e-03  -8.82608e-03
   8  default.Po210   2.49071e+02   7.77461e-01   5.19183e-05  -3.09233e-01
   9  default.nu(B8)   4.60000e-01     fixed    
  10  global.nu(Be7)   4.92079e+01   1.25151e+00   1.38706e-03  -4.13458e-02
  11  global.nu(CNO)   1.57036e+01   8.84498e+00   1.11864e-03  -8.59360e-02
  12  global.nu(pep)   9.89594e-01   1.51378e+00   3.90598e-03  -2.99209e-02
  13  default.C10_2   8.36263e-01   4.76002e-01   2.83006e-03  -6.58207e-03
  14  default.C11_2   6.43562e+01   5.97346e-01   2.79420e-04  -6.36380e-02
  15  global.He6_2   1.98523e+00   1.01112e+00   2.69451e-03  -1.25783e-02
  16  default.Po210_2   3.06114e+02   1.01125e+00   6.35462e-05   2.33066e-02
                               ERR DEF= 0.5
 EXTERNAL ERROR MATRIX.    NDIM=  25    NPAR= 14    ERR DEF=0.5
 ELEMENTS ABOVE DIAGONAL ARE NOT PRINTED.
  8.622e+01 
  4.507e-01  1.003e-02 
 -6.214e+01  2.297e-01  1.127e+08 
  3.285e-01 -4.393e-03  3.448e-02  8.505e-02 
 -8.996e-02  7.963e-04 -2.982e-02 -2.978e-02  2.587e-02 
 -1.310e+01 -7.493e-02 -4.583e+01 -6.103e-02  1.874e-02  5.111e+00 
  4.544e-01  2.463e-03 -1.006e+02  6.680e-04  1.177e-05 -4.997e-01  6.044e-01 
 -2.377e+00 -1.778e-02  1.805e+00 -1.138e-02  4.324e-03 -9.864e-01  1.023e-01  1.568e+00 
 -8.315e+01 -4.074e-01  1.155e+01 -2.875e-01  7.266e-02  1.242e+01 -4.617e-01  1.317e+00  8.235e+01 
  1.381e+01  5.539e-02 -7.360e+00  4.173e-02 -1.005e-02 -1.994e+00  7.856e-02 -9.898e-02 -1.406e+01  2.520e+00 
  4.314e-01  3.187e-05  3.548e-01  3.490e-02 -2.435e-02 -1.352e-01 -4.675e-03 -4.418e-02 -2.203e-01  2.259e-02  2.288e-01 
  9.310e-01  6.105e-03  3.568e-01  2.074e-02 -1.025e-02 -2.148e-01 -9.115e-04 -5.732e-02 -6.860e-01  7.942e-02  1.769e-01 
  9.310e-01  6.105e-03  3.568e-01  2.074e-02 -1.025e-02 -2.148e-01 -9.115e-04 -5.732e-02 -6.860e-01  7.942e-02  1.769e-01  3.568e-01 
 -1.018e+00  6.824e-04 -7.792e-01 -7.742e-02  3.377e-02  3.109e-01  1.016e-02  9.971e-02  5.441e-01 -5.802e-02 -4.614e-01 
 -1.018e+00  6.824e-04 -7.792e-01 -7.742e-02  3.377e-02  3.109e-01  1.016e-02  9.971e-02  5.441e-01 -5.802e-02 -4.614e-01 -4.013e-01  1.032e+00 
  4.987e-01  2.440e-03 -1.006e+02  3.957e-03 -1.422e-03 -5.200e-01  8.948e-02  9.960e-02 -4.861e-01  8.125e-02  1.490e-02 
  4.987e-01  2.440e-03 -1.006e+02  3.957e-03 -1.422e-03 -5.200e-01  8.948e-02  9.960e-02 -4.861e-01  8.125e-02  1.490e-02  1.612e-02 -3.363e-02  1.023e+00 
 PARAMETER  CORRELATION COEFFICIENTS  
       NO.  GLOBAL      1      2      3      4      6      7      8     10     11     12     13     14     15     16
        1  0.99799   1.000  0.485 -0.001  0.121 -0.060 -0.624  0.063 -0.204 -0.987  0.937  0.097  0.168 -0.108  0.053
        2  0.65605   0.485  1.000  0.000 -0.150  0.049 -0.331  0.032 -0.142 -0.448  0.348  0.001  0.102  0.007  0.024
        3  0.02387  -0.001  0.000  1.000  0.000 -0.000 -0.002 -0.012  0.000  0.000 -0.000  0.000  0.000 -0.000 -0.009
        4  0.72604   0.121 -0.150  0.000  1.000 -0.635 -0.093  0.003 -0.031 -0.109  0.090  0.250  0.119 -0.261  0.013
        6  0.74313  -0.060  0.049 -0.000 -0.635  1.000  0.052  0.000  0.021  0.050 -0.039 -0.316 -0.107  0.207 -0.009
        7  0.90818  -0.624 -0.331 -0.002 -0.093  0.052  1.000 -0.284 -0.348  0.605 -0.556 -0.125 -0.159  0.135 -0.227
        8  0.38262   0.063  0.032 -0.012  0.003  0.000 -0.284  1.000  0.105 -0.065  0.064 -0.013 -0.002  0.013  0.114
       10  0.88982  -0.204 -0.142  0.000 -0.031  0.021 -0.348  0.105  1.000  0.116 -0.050 -0.074 -0.077  0.078  0.079
       11  0.99886  -0.987 -0.448  0.000 -0.109  0.050  0.605 -0.065  0.116  1.000 -0.976 -0.051 -0.127  0.059 -0.053
       12  0.99245   0.937  0.348 -0.000  0.090 -0.039 -0.556  0.064 -0.050 -0.976  1.000  0.030  0.084 -0.036  0.051
       13  0.96181   0.097  0.001  0.000  0.250 -0.316 -0.125 -0.013 -0.074 -0.051  0.030  1.000  0.619 -0.949  0.031
       14  0.68292   0.168  0.102  0.000  0.119 -0.107 -0.159 -0.002 -0.077 -0.127  0.084  0.619  1.000 -0.661  0.027
       15  0.96422  -0.108  0.007 -0.000 -0.261  0.207  0.135  0.013  0.078  0.059 -0.036 -0.949 -0.661  1.000 -0.033
       16  0.30051   0.053  0.024 -0.009  0.013 -0.009 -0.227  0.114  0.079 -0.053  0.051  0.031  0.027 -0.033  1.000
 **********
 **    5 **HESSE
 **********
 COVARIANCE MATRIX CALCULATED SUCCESSFULLY
 FCN=7506.05 FROM HESSE     STATUS=OK            148 CALLS        1626 TOTAL
                     EDM=1.04808e-05    STRATEGY= 1      ERROR MATRIX ACCURATE 
  EXT PARAMETER                                INTERNAL      INTERNAL  
  NO.   NAME      VALUE            ERROR       STEP SIZE       VALUE   
   1  default.Bi210   5.00309e+00   7.81717e+00   6.46165e-05  -1.11963e+00
   2  default.C11   1.81245e+00   9.71783e-02   6.78131e-05  -1.30072e+00
   3  default.C14_pileup   5.57341e+05   1.06143e+04   7.29008e-05  -9.51384e-01
   4  global.Ext_Bi214   1.93760e+00   2.89781e-01   1.21423e-04  -6.59194e-01
   5  global.Ext_K40   1.50000e-01     fixed    
   6  global.Ext_Tl208   3.37910e+00   1.60189e-01   5.44501e-05  -3.30145e-01
   7  default.Kr85   4.52066e+00   2.11301e+00   2.10992e-04  -7.73471e-01
   8  default.Po210   2.49071e+02   7.76385e-01   1.03837e-05  -9.86244e-01
   9  default.nu(B8)   4.60000e-01     fixed    
  10  global.nu(Be7)   4.92079e+01   1.24101e+00   2.77412e-04   1.69120e-01
  11  global.nu(CNO)   1.57036e+01   7.70190e+00   2.23727e-04  -3.81007e-01
  12  global.nu(pep)   9.89594e-01   1.34610e+00   1.56239e-04  -9.30772e-01
  13  default.C10_2   8.36263e-01   4.71346e-01   1.13202e-04  -9.84052e-01
  14  default.C11_2   6.43562e+01   5.92218e-01   5.58840e-05  -3.64452e-01
  15  global.He6_2   1.98523e+00   1.00082e+00   1.07781e-04  -9.29761e-01
  16  default.Po210_2   3.06114e+02   1.01030e+00   1.27092e-05  -9.20542e-01
                               ERR DEF= 0.5
 EXTERNAL ERROR MATRIX.    NDIM=  25    NPAR= 14    ERR DEF=0.5
 ELEMENTS ABOVE DIAGONAL ARE NOT PRINTED.
  6.392e+01 
  3.382e-01  9.444e-03 
 -1.567e+02 -1.355e-01  1.127e+08 
  2.069e-01 -4.991e-03 -1.426e+00  8.412e-02 
 -3.789e-02  1.047e-03  8.787e-01 -2.937e-02  2.567e-02 
 -9.571e+00 -5.686e-02 -3.138e+01 -4.178e-02  1.060e-02  4.524e+00 
  3.198e-01  1.770e-03 -1.011e+02 -3.433e-05  2.985e-04 -4.735e-01  6.028e-01 
 -1.756e+00 -1.436e-02  3.021e+00 -8.189e-03  3.044e-03 -1.074e+00  1.035e-01  1.541e+00 
 -6.167e+01 -3.000e-01  1.053e+02 -1.706e-01  2.237e-02  9.036e+00 -3.324e-01  7.289e-01  6.163e+01 
  1.026e+01  3.787e-02 -2.372e+01  2.233e-02 -1.621e-03 -1.437e+00  5.729e-02 -4.037e-03 -1.063e+01  1.950e+00 
  2.677e-01 -8.028e-04 -7.063e-01  3.354e-02 -2.371e-02 -1.074e-01 -5.632e-03 -3.929e-02 -6.726e-02 -2.214e-03  2.243e-01 
  6.618e-01  4.692e-03 -6.813e-01  1.888e-02 -9.427e-03 -1.698e-01 -2.539e-03 -4.887e-02 -4.328e-01  3.852e-02  1.719e-01 
  6.618e-01  4.692e-03 -6.813e-01  1.888e-02 -9.427e-03 -1.698e-01 -2.539e-03 -4.887e-02 -4.328e-01  3.852e-02  1.719e-01  3.507e-01 
 -6.596e-01  2.522e-03  1.072e+00 -7.444e-02  3.240e-02  2.495e-01  1.228e-02  8.883e-02  2.091e-01 -3.897e-03 -4.516e-01 
 -6.596e-01  2.522e-03  1.072e+00 -7.444e-02  3.240e-02  2.495e-01  1.228e-02  8.883e-02  2.091e-01 -3.897e-03 -4.516e-01 -3.904e-01  1.011e+00 
  3.483e-01  1.667e-03 -1.013e+02  3.120e-03 -1.073e-03 -4.910e-01  8.770e-02  1.013e-01 -3.421e-01  5.761e-02  1.349e-02 
  3.483e-01  1.667e-03 -1.013e+02  3.120e-03 -1.073e-03 -4.910e-01  8.770e-02  1.013e-01 -3.421e-01  5.761e-02  1.349e-02  1.400e-02 -3.053e-02  1.021e+00 
 PARAMETER  CORRELATION COEFFICIENTS  
       NO.  GLOBAL      1      2      3      4      6      7      8     10     11     12     13     14     15     16
        1  0.99729   1.000  0.435 -0.002  0.089 -0.030 -0.563  0.052 -0.177 -0.983  0.919  0.071  0.140 -0.082  0.043
        2  0.62832   0.435  1.000 -0.000 -0.177  0.067 -0.275  0.023 -0.119 -0.393  0.279 -0.017  0.082  0.026  0.017
        3  0.02393  -0.002 -0.000  1.000 -0.000  0.001 -0.001 -0.012  0.000  0.001 -0.002 -0.000 -0.000  0.000 -0.009
        4  0.72272   0.089 -0.177 -0.000  1.000 -0.632 -0.068 -0.000 -0.023 -0.075  0.055  0.244  0.110 -0.255  0.011
        6  0.74130  -0.030  0.067  0.001 -0.632  1.000  0.031  0.002  0.015  0.018 -0.007 -0.312 -0.099  0.201 -0.007
        7  0.89557  -0.563 -0.275 -0.001 -0.068  0.031  1.000 -0.287 -0.407  0.541 -0.484 -0.107 -0.135  0.117 -0.228
        8  0.37951   0.052  0.023 -0.012 -0.000  0.002 -0.287  1.000  0.107 -0.055  0.053 -0.015 -0.006  0.016  0.112
       10  0.88783  -0.177 -0.119  0.000 -0.023  0.015 -0.407  0.107  1.000  0.075 -0.002 -0.067 -0.066  0.071  0.081
       11  0.99847  -0.983 -0.393  0.001 -0.075  0.018  0.541 -0.055  0.075  1.000 -0.970 -0.018 -0.093  0.026 -0.043
       12  0.99023   0.919  0.279 -0.002  0.055 -0.007 -0.484  0.053 -0.002 -0.970  1.000 -0.003  0.047 -0.003  0.041
       13  0.96103   0.071 -0.017 -0.000  0.244 -0.312 -0.107 -0.015 -0.067 -0.018 -0.003  1.000  0.613 -0.948  0.028
       14  0.67609   0.140  0.082 -0.000  0.110 -0.099 -0.135 -0.006 -0.066 -0.093  0.047  0.613  1.000 -0.656  0.023
       15  0.96346  -0.082  0.026  0.000 -0.255  0.201  0.117  0.016  0.071  0.026 -0.003 -0.948 -0.656  1.000 -0.030
       16  0.29763   0.043  0.017 -0.009  0.011 -0.007 -0.228  0.112  0.081 -0.043  0.041  0.028  0.023 -0.030  1.000
Wallclock time  : 27.5224 seconds.
CPU time: 0.002752
Total CPU time: 0.002752
Processor time: 0.00233

FIT PARAMETERS
 ^{210}Bi = 5.0 #pm 7.8 
 ^{11}C = 1.812 #pm 0.097 
 ^{14}C pileup = 557341.2 #pm 10614.3 
 Ext ^{214}Bi = 1.94 #pm 0.29 
 Ext ^{40}K = 0.15  [Fixed]
 Ext ^{208}Tl = 3.38 #pm 0.16 
 ^{85}Kr = 4.5 #pm 2.1 
 ^{210}Po = 249.07 #pm 0.78 
 #nu(^{8}B) = 0.46  [Fixed]
 #nu(^{7}Be) = 49.2 #pm 1.2 
 #nu(CNO) = 15.7 #pm 7.7 
 #nu(pep) = 1.0 #pm 1.3 
 ^{10}C 2 = 0.84 #pm 0.47 
 ^{11}C 2 = 64.36 #pm 0.59 
 ^{6}He 2 = 2.0 #pm 1.0 
 ^{210}Po 2 = 306.1 #pm 1.0 

 chi^2                             = 1977.4
 chi^2/N-DOF                       = 1.2476
 p-value                           = 0.000
 Minimized -2Ln(Likelihood)        = 15012.11
 Likelihood p-value                = 0.390 ± 0.049
SimplePlotManager::groupByName <default.Major> appedned to <default>
SimplePlotManager::groupByName <default.TFCtagged> appedned to <default>
