[GPUManager]() registered
regV registering [npe] as [0x184e180]
regV registering [npe_short] as [0x184e2b0]
regV registering [Po218:peak] as [6002]
regV registering [Rn222:peak] as [5490]
regV registering [Po210:peak] as [5305]
Loaded path: </p/project/cjikp20/jikp2013/bx-GooStats-dingxf_dev/bx-GooStats/data>
RawSpectrumProvider::registerSpecies Register [nu(pep)]
RawSpectrumProvider::registerSpecies Register [nu(Be7)_sunT]
RawSpectrumProvider::registerSpecies Register [nu(Be7)_nosunT]
RawSpectrumProvider::registerSpecies Register [nu(CNO)]
RawSpectrumProvider::registerSpecies Register [nu(pp)_oleg]
RawSpectrumProvider::registerSpecies Register [nu(pp)_aldo]
RawSpectrumProvider::registerSpecies Register [nu(pp)]
RawSpectrumProvider::registerSpecies Register [nu(B8)]
RawSpectrumProvider::registerSpecies Register [C14_universal]
Warning: c14_shape_factor is taken as 1.24
RawSpectrumProvider::registerSpecies Register [C14]
RawSpectrumProvider::registerSpecies Register [C11]
RawSpectrumProvider::registerSpecies Register [C10]
RawSpectrumProvider::registerSpecies Register [Kr85]
RawSpectrumProvider::registerSpecies Register [B12]
RawSpectrumProvider::registerSpecies Register [He6]
RawSpectrumProvider::registerSpecies Register [Pa234m]
RawSpectrumProvider::registerSpecies Register [K40]
RawSpectrumProvider::registerSpecies Register [La138]
RawSpectrumProvider::registerSpecies Register [Bi210_mach4]
RawSpectrumProvider::registerSpecies Register [Bi210_oleg]
RawSpectrumProvider::registerSpecies Register [Bi210_aldo]
RawSpectrumProvider::registerSpecies Register [Bi210_daniel]
RawSpectrumProvider::registerSpecies Register [Bi210_flothmann]
RawSpectrumProvider::registerSpecies Register [Bi210_grau]
RawSpectrumProvider::registerSpecies Register [Pb214_KM]
RawSpectrumProvider::registerSpecies Register [Pb214_aldo_1]
RawSpectrumProvider::registerSpecies Register [Pb214_aldo_2]
RawSpectrumProvider::registerSpecies Register [Pb214_aldo_3]
RawSpectrumProvider::registerSpecies Register [Pb214_aldo_4]
RawSpectrumProvider::registerSpecies Register [Pb214_aldo_5]
RawSpectrumProvider::registerSpecies Register [Pb214_aldo_6]
RawSpectrumProvider::registerSpecies Register [Pb214_aldo_7]
RawSpectrumProvider::registerSpecies Register [Ext_Tl208]
RawSpectrumProvider::registerSpecies Register [Ext_Bi214]
RawSpectrumProvider::registerSpecies Register [Ext_K40]
RawSpectrumProvider::registerSpecies Register [U238_chain]
RawSpectrumProvider::registerSpecies Register [Th232_chain]
RawSpectrumProvider::registerSpecies Register [C14_pileup]
[InputManager]() registered
[PrepareData]() registered
[SimpleFit]() registered
[CNOTest]() registered
[HMLMTest]() registered
[ScanPar]() registered
[CorrelationManager]() registered
[ContourManager]() registered
[OutputManager]() registered
Checking GPU [0]/[1]
Running on [Tesla K80] with compute capability of 3.7
Warning: BatchOutputManager not set, default are used.
LOG: Getting data from file input_files/PeriodPhase2_FVpep_TFCMI_c19.root
Searching final_nhits_pp_0 in pp
LOG: fitting histogram final_nhits_pp_0
WARNING: chain_counts_cum not TH1D, trying other TH1
WARNING: No chain_counts_cum in input directory, trying in the main directory of the file
chain_counts_cum: mean 23.3425
[default] adopt [global] as its parent.
Inserting period [default,input_files/PeriodPhase2_FVpep_TFCMI_c19.root,pp/final_nhits_pp_0,fitoptions/fitoptions_cno-mv-Phase2MI-pdfs_TAUP2017-nhits-emin140-pileup.cfg,species_list/species-fit-cno-mv_CNO-pileup-penalty-hm.icc]
ARG[1] <icc> = [species_list/species-fit-cno-mv_CNO-pileup-penalty-hm.icc]
InputManager::registerConfigset(default)
Loading from <fitoptions/fitoptions_cno-mv-Phase2MI-pdfs_TAUP2017-nhits-emin140-pileup.cfg>
h_n_used_pmts: mean 1564.15
h_n_used_pmts_weighted: mean 1675.51
h_n_used_pmts0: mean 1557.43
h_n_used_pmts_weighted0: mean 1667.71
h_n_used_pmts1: mean 1574.13
h_n_used_pmts_weighted1: mean 1684.93
option <n_used_charge_histo_name> not set, default value [h_n_used_charge] used
h_n_used_charge: mean 1561.08
option <n_used_charge_po210_histo_name> not set, default value [h_n_used_charge_weighted] used
h_n_used_charge_weighted: mean 1671.67
feq_inv: mean 1.28509
Mask [mask_2] from [h_n_used_pmts] Mean <999.503> RMS <576.981>
Mask [mask_3] from [h_n_used_pmts_weighted] Mean <999.502> RMS <577.005>
Mask [mask_4] from [h_n_used_pmts0] Mean <999.503> RMS <576.979>
Mask [mask_5] from [h_n_used_pmts_weighted0] Mean <999.502> RMS <577.003>
Mask [mask_6] from [h_n_used_pmts1] Mean <999.503> RMS <576.983>
Mask [mask_7] from [h_n_used_pmts_weighted1] Mean <999.502> RMS <577.007>
*********Dump options parsed*********************************
MC_ext_bkg => <true>
alpha_response_function => <scaled_poisson>
alpha_subtracted => <false>
apply_radiochemical_constraints => <false>
applying_mask => <true>
beta_response_function => <scaled_poisson>
bi210_spectrum => <aldo>
c11_quenching_fixed => <false>
c11_subtracted => <true>
complementary_histo_fit => <true>
complementary_histo_name => <pp/final_nhits_pp_1>
convolve_dark_noise => <false>
dark_noise_window => <win1>
fit_results_output => <fit_results.root>
fit_variable => <nhits>
fit_variable_MC => <nhits>
geometric_correction_on => <false>
icc => <species_list/species-fit-cno-mv_CNO-pileup-penalty-hm.icc>
ly_fixed => <false>
meantime_cut => <no>
minimization_method => <likelihood>
minimization_routine => <minuit>
montecarlo_interpolation => <off>
montecarlo_spectra_file => <pdfs_TAUP2017/MCspectra_pp_FVpep_Phase2_emin1_masked.root>
multivariate_ps_fit => <true>
multivariate_rdist_fit => <true>
n_used_pmts_histo_name => <h_n_used_pmts>
n_used_pmts_po210_histo_name => <h_n_used_pmts_weighted>
n_used_pmts_po210_tfc0_histo_name => <h_n_used_pmts_weighted0>
n_used_pmts_po210_tfc1_histo_name => <h_n_used_pmts_weighted1>
n_used_pmts_tfc0_histo_name => <h_n_used_pmts0>
n_used_pmts_tfc1_histo_name => <h_n_used_pmts1>
neutrino_magnetic_moment => <no>
no_lead_cut => <no>
norm_variable => <true>
npe_offset_fixed => <true>
pb214_spectrum => <aldo>
pileup_eff_ly_fixed => <true>
plot_filename => <plot.root>
po210_quenching_fixed => <false>
quenching_parameterization => <echidna>
save_fit_results => <false>
scale_poisson => <true>
show_only_c14_c14 => <false>
spectra_pdfs => <montecarlo>
synthpup_file => <P91011_Synthetic_Spectra.root>
synthpup_hist => <h_synth_spec_5_dt1>
use_alpha_response_function => <false>
use_remaining_pb214 => <false>
weighted_response => <false>
alpha_resolution_0_guess => float: [1.2]
alpha_resolution_0_max => float: [20]
alpha_resolution_0_min => float: [0]
alpha_resolution_1_guess => float: [0]
alpha_resolution_1_max => float: [0]
alpha_resolution_1_min => float: [0]
alpha_resolution_2_guess => float: [0]
alpha_resolution_2_max => float: [0]
alpha_resolution_2_min => float: [0]
beta_resolution_0_guess => float: [3]
beta_resolution_0_max => float: [20]
beta_resolution_0_min => float: [0]
beta_resolution_1_guess => float: [3]
beta_resolution_1_max => float: [20]
beta_resolution_1_min => float: [0]
beta_resolution_2_guess => float: [7]
beta_resolution_2_max => float: [7]
beta_resolution_2_min => float: [7]
beta_resolution_3_guess => float: [2]
beta_resolution_3_max => float: [10]
beta_resolution_3_min => float: [0]
beta_resolution_4_guess => float: [0]
beta_resolution_4_max => float: [0]
beta_resolution_4_min => float: [0]
beta_resolution_5_guess => float: [0]
beta_resolution_5_max => float: [0]
beta_resolution_5_min => float: [0]
c11_quenching => float: [0.8828]
c14_shape_factor => float: [1.24]
c14_threshold => float: [100]
dark_noise_threshold => float: [100]
ext_bckgd_eff_ly => float: [1.0228]
fCher => float: [2]
fit_verbosity => float: [0]
geometric_correction => float: [0.112]
histogram_binwidth => float: [1]
kb => float: [0.0109]
ly_guess => float: [0.49]
maximum_energy => float: [950]
meantime_cut_correction_c1 => float: [0.974]
meantime_cut_correction_c2 => float: [-0.00211]
minimum_energy => float: [140]
multivariate_ps_fit_bins => float: [1]
multivariate_ps_fit_max => float: [650]
multivariate_ps_fit_min => float: [400]
multivariate_ps_fit_smooth => float: [0]
multivariate_rdist_fit_bins => float: [16]
multivariate_rdist_fit_max => float: [900]
multivariate_rdist_fit_min => float: [500]
multivariate_rdist_fit_smooth => float: [0]
npe_offset => float: [0]
number_of_bins_for_weighted_response => float: [10]
pileup_eff_ly => float: [0.935]
pileup_penalty_max => float: [120]
pileup_penalty_mean => float: [2.1]
pileup_penalty_min => float: [100]
pileup_penalty_sigma => float: [0.04]
po210_quenching => float: [0.07879]
poisson_factor => float: [15]
poisson_threshold => float: [100]
ser_under_threshold => float: [0.12]
sys_errors_scale => float: [0]
unequalization_factor => float: [1]
*************************************************************
Inserting Constant name [compute_likelihood_p_value] value [0]
regV registering [compute_likelihood_p_value] as [0]
Inserting [C11_qch] to [global]
Inserting [Po210_qch] to [default]
Inserting [extly_qch] to [global]
Linking [Ext_Tl208_qch] with [extly_qch] in [global]
Linking [Ext_Bi214_qch] with [extly_qch] in [global]
Linking [Ext_K40_qch] with [extly_qch] in [global]
Inserting [Po218_qch] to [global]
Inserting [Rn222_qch] to [global]
Inserting [C10_qch] to [global]
Bad programming style of using const_cast!!!
regV registering [NL] as [0x7ffecf542020]
Inserting [beta_ly] to [default]
810
Inserting [beta_resolution_0] to [global]
Inserting [beta_resolution_1] to [global]
Inserting [beta_resolution_2] to [global]
Inserting [beta_resolution_3] to [global]
Inserting [beta_resolution_4] to [global]
Inserting [beta_resolution_5] to [global]
Inserting [alpha_resolution_0] to [default]
Inserting [alpha_resolution_1] to [default]
Inserting [alpha_resolution_2] to [default]
Inserting [alpha_resolution_3] to [default]
Inserting [alpha_resolution_4] to [default]
Inserting [alpha_resolution_5] to [default]
Inserting [mlp_correction_0] to [default]
Inserting [mlp_correction_1] to [default]
Inserting [mlp_correction_2] to [default]
Inserting [mlp_correction_3] to [default]
Integral: 11.6405, sum = 1.17605e+06, endpoint = 671.809
Integral: 76.3209, sum = 1.81556e+07, endpoint = 264.064
RawSpectrumProvider::registerSpecies Register [nu(Be7+munu)]
RawSpectrumProvider::registerSpecies Register [nu(pp+munu)]
RawSpectrumProvider::registerSpecies Register [Bi210]
RawSpectrumProvider::registerSpecies Register [nu(Be7)]
feq: 1.27865 feq_po: 1.19367
Inserting [default] to default feq: 1.27865 0
Inserting [Po210] to default feq: 1.19367 0
Dumping pre-created rates:
INFO: loading species from file species_list/species-fit-cno-mv_CNO-pileup-penalty-hm.icc
Inserting [Bi210] to [default]
Inserting [C10_2] to [default]
Inserting [C11] to [default]
Inserting [C11_2] to [default]
Inserting [C14_pileup] to [default]
Inserting [Ext_Bi214] to [global]
Inserting [Ext_K40] to [global]
Inserting [Ext_Tl208] to [global]
Inserting [He6_2] to [global]
Inserting [Kr85] to [default]
Inserting [Po210] to [default]
Inserting [Po210_2] to [default]
Inserting [nu(B8)] to [default]
Inserting [nu(Be7)] to [global]
Inserting [nu(CNO)] to [global]
Inserting [nu(pep)] to [global]
 [global] : (C10_qch, global.C10_qch) 
 [global] : (C11_qch, global.C11_qch) 
 [global] : (Ext_Bi214, global.Ext_Bi214) 
 [global] : (Ext_Bi214_qch, global.extly_qch) 
 [global] : (Ext_K40, global.Ext_K40) 
 [global] : (Ext_K40_qch, global.extly_qch) 
 [global] : (Ext_Tl208, global.Ext_Tl208) 
 [global] : (Ext_Tl208_qch, global.extly_qch) 
 [global] : (He6_2, global.He6_2) 
 [global] : (Po218_qch, global.Po218_qch) 
 [global] : (Rn222_qch, global.Rn222_qch) 
 [global] : (beta_resolution_0, global.beta_resolution_0) 
 [global] : (beta_resolution_1, global.beta_resolution_1) 
 [global] : (beta_resolution_2, global.beta_resolution_2) 
 [global] : (beta_resolution_3, global.beta_resolution_3) 
 [global] : (beta_resolution_4, global.beta_resolution_4) 
 [global] : (beta_resolution_5, global.beta_resolution_5) 
 [global] : (extly_qch, global.extly_qch) 
 [global] : (nu(Be7), global.nu(Be7)) 
 [global] : (nu(CNO), global.nu(CNO)) 
 [global] : (nu(pep), global.nu(pep)) 
default>-- [default] : (Bi210, default.Bi210) 
default>-- [default] : (C10_2, default.C10_2) 
default>-- [default] : (C11, default.C11) 
default>-- [default] : (C11_2, default.C11_2) 
default>-- [default] : (C14_pileup, default.C14_pileup) 
default>-- [default] : (Kr85, default.Kr85) 
default>-- [default] : (Po210, default.Po210) 
default>-- [default] : (Po210_2, default.Po210_2) 
default>-- [default] : (Po210_qch, default.Po210_qch) 
default>-- [default] : (alpha_resolution_0, default.alpha_resolution_0) 
default>-- [default] : (alpha_resolution_1, default.alpha_resolution_1) 
default>-- [default] : (alpha_resolution_2, default.alpha_resolution_2) 
default>-- [default] : (alpha_resolution_3, default.alpha_resolution_3) 
default>-- [default] : (alpha_resolution_4, default.alpha_resolution_4) 
default>-- [default] : (alpha_resolution_5, default.alpha_resolution_5) 
default>-- [default] : (beta_ly, default.beta_ly) 
default>-- [default] : (mlp_correction_0, default.mlp_correction_0) 
default>-- [default] : (mlp_correction_1, default.mlp_correction_1) 
default>-- [default] : (mlp_correction_2, default.mlp_correction_2) 
default>-- [default] : (mlp_correction_3, default.mlp_correction_3) 
default>-- [default] : (nu(B8), default.nu(B8)) 
InputManager::registerDataset(default.Major)
InputManager::registerDataset(default.TFCtagged)
InputManager::registerDataset(pileupL)
Inserting period full [default.Major]
Inserting period full [default.TFCtagged]
Inserting period full [pileupL]
Livetime: 752.049 days (c11 subtracted)
computing mass from input_files/PeriodPhase2_FVpep_TFCMI_c19.root
Mass: 71.3 tons
Inserting [default.Major] exposure : [53621.1 (day x tons)]
computing mass from input_files/PeriodPhase2_FVpep_TFCMI_c19.root
Inserting [default.TFCtagged] exposure : [36107.7 (day x tons)]
Inserting type [remaining_pb214] name [default] value [0.0200354]
Remaining Pb214 [default] : 0.0200354 cpd/100 tons
WARNING: pp/final_nhits_pp_1 not TH1D, trying other TH1
WARNING: No pp/final_nhits_pp_1 in input directory, trying in the main directory of the file
pp/final_nhits_pp_1: mean 51.2663
WARNING: the spectrum of [Major] had not Sumw2 set. Setting it now.
WARNING: the spectrum of [TFCtagged] had not Sumw2 set. Setting it now.
Inserting [default.Major] data set
Inserting [default.TFCtagged] data set
INFO: loading species from file species_list/species-fit-cno-mv_CNO-pileup-penalty-hm.icc
Loading [Bi210] from [pdfs_TAUP2017/MCspectra_pp_FVpep_Phase2_emin1_masked.root/bi210_nhits]
bad programing style, const_cast!!
creating MC species [Bi210] in [default]
Warning: quenching [Bi210_qch] not found in [default].
[Bi210] loaded for [default]
Inserting species (Bi210)[Bi210] to [default.Major] 
Inserting species (Bi210)[Bi210] to [default.TFCtagged] 
Loading [C10] from [pdfs_TAUP2017/MCspectra_pp_FVpep_Phase2_emin1_masked.root/c10_nhits]
bad programing style, const_cast!!
creating MC species [C10] in [default]
[C10] loaded for [default]
Inserting species (C10_2)[C10] to [default.TFCtagged] 
Loading [C11] from [pdfs_TAUP2017/MCspectra_pp_FVpep_Phase2_emin1_masked.root/c11_nhits]
bad programing style, const_cast!!
creating MC species [C11] in [default]
[C11] loaded for [default]
Inserting species (C11)[C11] to [default.Major] 
creating MC species [C11] in [default]
[C11] loaded for [default]
Inserting species (C11_2)[C11] to [default.TFCtagged] 
Loading [C14_pileup] from [pdfs_TAUP2017/MCspectra_pp_FVpep_Phase2_emin1_masked.root/MC_pileup_nhits]
bad programing style, const_cast!!
creating MC species [C14_pileup] in [default]
Warning: quenching [C14_pileup_qch] not found in [default].
[C14_pileup] loaded for [default]
Inserting species (C14_pileup)[C14_pileup] to [default.Major] 
Inserting species (C14_pileup)[C14_pileup] to [default.TFCtagged] 
Loading [Ext_Bi214] from [pdfs_TAUP2017/MCspectra_pp_FVpep_Phase2_emin1_masked.root/ext_bi214_nhits]
bad programing style, const_cast!!
creating MC species [Ext_Bi214] in [default]
[Ext_Bi214] loaded for [default]
Inserting species (Ext_Bi214)[Ext_Bi214] to [default.Major] 
Inserting species (Ext_Bi214)[Ext_Bi214] to [default.TFCtagged] 
Loading [Ext_K40] from [pdfs_TAUP2017/MCspectra_pp_FVpep_Phase2_emin1_masked.root/ext_k40_nhits]
bad programing style, const_cast!!
creating MC species [Ext_K40] in [default]
[Ext_K40] loaded for [default]
Inserting species (Ext_K40)[Ext_K40] to [default.Major] 
Inserting species (Ext_K40)[Ext_K40] to [default.TFCtagged] 
Loading [Ext_Tl208] from [pdfs_TAUP2017/MCspectra_pp_FVpep_Phase2_emin1_masked.root/ext_tl208_nhits]
bad programing style, const_cast!!
creating MC species [Ext_Tl208] in [default]
[Ext_Tl208] loaded for [default]
Inserting species (Ext_Tl208)[Ext_Tl208] to [default.Major] 
Inserting species (Ext_Tl208)[Ext_Tl208] to [default.TFCtagged] 
Loading [He6] from [pdfs_TAUP2017/MCspectra_pp_FVpep_Phase2_emin1_masked.root/he6_nhits]
bad programing style, const_cast!!
creating MC species [He6] in [default]
Warning: quenching [He6_qch] not found in [default].
[He6] loaded for [default]
Inserting species (He6_2)[He6] to [default.TFCtagged] 
Loading [Kr85] from [pdfs_TAUP2017/MCspectra_pp_FVpep_Phase2_emin1_masked.root/kr85_nhits]
bad programing style, const_cast!!
creating MC species [Kr85] in [default]
Warning: quenching [Kr85_qch] not found in [default].
[Kr85] loaded for [default]
Inserting species (Kr85)[Kr85] to [default.Major] 
Inserting species (Kr85)[Kr85] to [default.TFCtagged] 
Loading [Po210] from [pdfs_TAUP2017/MCspectra_pp_FVpep_Phase2_emin1_masked.root/po210_nhits]
bad programing style, const_cast!!
creating MC species [Po210] in [default]
[Po210] loaded for [default]
Inserting species (Po210)[Po210] to [default.Major] 
creating MC species [Po210] in [default]
[Po210] loaded for [default]
Inserting species (Po210_2)[Po210] to [default.TFCtagged] 
Loading [nu(B8)] from [pdfs_TAUP2017/MCspectra_pp_FVpep_Phase2_emin1_masked.root/b8_nhits]
bad programing style, const_cast!!
creating MC species [nu(B8)] in [default]
Warning: quenching [nu(B8)_qch] not found in [default].
[nu(B8)] loaded for [default]
Inserting species (nu(B8))[nu(B8)] to [default.Major] 
Inserting species (nu(B8))[nu(B8)] to [default.TFCtagged] 
Loading [nu(Be7)] from [pdfs_TAUP2017/MCspectra_pp_FVpep_Phase2_emin1_masked.root/be7_nhits]
bad programing style, const_cast!!
creating MC species [nu(Be7)] in [default]
Warning: quenching [nu(Be7)_qch] not found in [default].
[nu(Be7)] loaded for [default]
Inserting species (nu(Be7))[nu(Be7)] to [default.Major] 
Inserting species (nu(Be7))[nu(Be7)] to [default.TFCtagged] 
Loading [nu(CNO)] from [pdfs_TAUP2017/MCspectra_pp_FVpep_Phase2_emin1_masked.root/cno_nhits]
bad programing style, const_cast!!
creating MC species [nu(CNO)] in [default]
Warning: quenching [nu(CNO)_qch] not found in [default].
[nu(CNO)] loaded for [default]
Inserting species (nu(CNO))[nu(CNO)] to [default.Major] 
Inserting species (nu(CNO))[nu(CNO)] to [default.TFCtagged] 
Loading [nu(pep)] from [pdfs_TAUP2017/MCspectra_pp_FVpep_Phase2_emin1_masked.root/pep_nhits]
bad programing style, const_cast!!
creating MC species [nu(pep)] in [default]
Warning: quenching [nu(pep)_qch] not found in [default].
[nu(pep)] loaded for [default]
Inserting species (nu(pep))[nu(pep)] to [default.Major] 
Inserting species (nu(pep))[nu(pep)] to [default.TFCtagged] 
Inserting [default.Major] species vector
searching for [Bi210_sys]..
searching for [C11_sys]..
searching for [C14_pileup_sys]..
searching for [Ext_Bi214_sys]..
searching for [Ext_K40_sys]..
searching for [Ext_Tl208_sys]..
searching for [Kr85_sys]..
searching for [Po210_sys]..
searching for [nu(B8)_sys]..
searching for [nu(Be7)_sys]..
searching for [nu(CNO)_sys]..
searching for [nu(pep)_sys]..
Inserting [default.TFCtagged] species vector
searching for [Bi210_sys]..
searching for [C10_2_sys]..
searching for [C11_2_sys]..
searching for [C14_pileup_sys]..
searching for [Ext_Bi214_sys]..
searching for [Ext_K40_sys]..
searching for [Ext_Tl208_sys]..
searching for [He6_2_sys]..
searching for [Kr85_sys]..
searching for [Po210_2_sys]..
searching for [nu(B8)_sys]..
searching for [nu(Be7)_sys]..
searching for [nu(CNO)_sys]..
searching for [nu(pep)_sys]..
setting quenching of [Po210] to [0.07879]
Pb214 not implemented in bx-GooStats, it's ignored
setting quenching of [C11] to [0.8828]
INFO: 210Po PMTs used: 2000,0
RawSpectrumProvider::registerSpecies Register [default.Major]
type: [default.Major][0][1]
You have chosen SeparateSumPdfFactory<DnType<NoDn> MLPType<no> MaskType<Mask> DnAfterMask <no>>
SumPdf::registerFunc register [Bi210] as [0]
SumPdf::registerFunc register [C11] as [1]
SumPdf::registerFunc register [C14_pileup] as [2]
SumPdf::registerFunc register [Ext_Bi214] as [3]
SumPdf::registerFunc register [Ext_K40] as [4]
SumPdf::registerFunc register [Ext_Tl208] as [5]
SumPdf::registerFunc register [Kr85] as [6]
SumPdf::registerFunc register [Po210] as [7]
SumPdf::registerFunc register [nu(B8)] as [8]
SumPdf::registerFunc register [nu(Be7)] as [9]
SumPdf::registerFunc register [nu(CNO)] as [10]
SumPdf::registerFunc register [nu(pep)] as [11]
SumPdf::registerFunc register [Bi210] as [12]
SumPdf::registerFunc register [C11] as [13]
SumPdf::registerFunc register [C14_pileup] as [14]
SumPdf::registerFunc register [Ext_Bi214] as [15]
SumPdf::registerFunc register [Ext_K40] as [16]
SumPdf::registerFunc register [Ext_Tl208] as [17]
SumPdf::registerFunc register [Kr85] as [18]
SumPdf::registerFunc register [Po210] as [19]
SumPdf::registerFunc register [nu(B8)] as [20]
SumPdf::registerFunc register [nu(Be7)] as [21]
SumPdf::registerFunc register [nu(CNO)] as [22]
SumPdf::registerFunc register [nu(pep)] as [23]
Inserting [default.Major] sum pdf
Checking [Bi210] for <User> found? [1] is class<0>? [1]
Checking [C11] for <User> found? [1] is class<0>? [0]
Checking [C14_pileup] for <User> found? [1] is class<0>? [1]
Checking [Ext_Bi214] for <User> found? [1] is class<0>? [1]
Checking [Ext_K40] for <User> found? [1] is class<0>? [1]
Checking [Ext_Tl208] for <User> found? [1] is class<0>? [1]
Checking [Kr85] for <User> found? [1] is class<0>? [1]
Checking [Po210] for <User> found? [1] is class<0>? [1]
Checking [nu(B8)] for <User> found? [1] is class<0>? [1]
Checking [nu(Be7)] for <User> found? [1] is class<0>? [1]
Checking [nu(CNO)] for <User> found? [1] is class<0>? [1]
Checking [nu(pep)] for <User> found? [1] is class<0>? [1]
Checking [Bi210] for <User> found? [1] is class<1>? [0]
Checking [C11] for <User> found? [1] is class<1>? [1]
Checking [C14_pileup] for <User> found? [1] is class<1>? [0]
Checking [Ext_Bi214] for <User> found? [1] is class<1>? [0]
Checking [Ext_K40] for <User> found? [1] is class<1>? [0]
Checking [Ext_Tl208] for <User> found? [1] is class<1>? [0]
Checking [Kr85] for <User> found? [1] is class<1>? [0]
Checking [Po210] for <User> found? [1] is class<1>? [0]
Checking [nu(B8)] for <User> found? [1] is class<1>? [0]
Checking [nu(Be7)] for <User> found? [1] is class<1>? [0]
Checking [nu(CNO)] for <User> found? [1] is class<1>? [0]
Checking [nu(pep)] for <User> found? [1] is class<1>? [0]
Inserting [default]-[default] MV term
Checking [Bi210] for <Rdist> found? [1] is class<0>? [1]
Checking [C11] for <Rdist> found? [1] is class<0>? [1]
Checking [C14_pileup] for <Rdist> found? [1] is class<0>? [0]
Checking [Ext_Bi214] for <Rdist> found? [1] is class<0>? [0]
Checking [Ext_K40] for <Rdist> found? [1] is class<0>? [0]
Checking [Ext_Tl208] for <Rdist> found? [1] is class<0>? [0]
Checking [Kr85] for <Rdist> found? [1] is class<0>? [1]
Checking [Po210] for <Rdist> found? [1] is class<0>? [1]
Checking [nu(B8)] for <Rdist> found? [1] is class<0>? [1]
Checking [nu(Be7)] for <Rdist> found? [1] is class<0>? [1]
Checking [nu(CNO)] for <Rdist> found? [1] is class<0>? [1]
Checking [nu(pep)] for <Rdist> found? [1] is class<0>? [1]
Checking [Bi210] for <Rdist> found? [1] is class<1>? [0]
Checking [C11] for <Rdist> found? [1] is class<1>? [0]
Checking [C14_pileup] for <Rdist> found? [1] is class<1>? [1]
Checking [Ext_Bi214] for <Rdist> found? [1] is class<1>? [1]
Checking [Ext_K40] for <Rdist> found? [1] is class<1>? [1]
Checking [Ext_Tl208] for <Rdist> found? [1] is class<1>? [1]
Checking [Kr85] for <Rdist> found? [1] is class<1>? [0]
Checking [Po210] for <Rdist> found? [1] is class<1>? [0]
Checking [nu(B8)] for <Rdist> found? [1] is class<1>? [0]
Checking [nu(Be7)] for <Rdist> found? [1] is class<1>? [0]
Checking [nu(CNO)] for <Rdist> found? [1] is class<1>? [0]
Checking [nu(pep)] for <Rdist> found? [1] is class<1>? [0]
Inserting [default]-[default] MV term
Inserting [default]-[default] MV term
Inserting [default]-[default] MV term
Inserting [default]-[default] MV term
Inserting [default]-[default] MV term
Inserting [default]-[default] MV term
Inserting [default]-[default] MV term
Inserting [default]-[default] MV term
Inserting [default]-[default] MV term
Inserting [default]-[default] MV term
Inserting [default]-[default] MV term
Inserting [default]-[default] MV term
Inserting [default]-[default] MV term
Inserting [default]-[default] MV term
Inserting [default]-[default] MV term
Inserting [default]-[default] MV term
Pb214 not implemented in bx-GooStats, it's ignored
RawSpectrumProvider::registerSpecies Register [default.TFCtagged]
type: [default.TFCtagged][0][1]
You have chosen SeparateSumPdfFactory<DnType<NoDn> MLPType<no> MaskType<Mask> DnAfterMask <no>>
SumPdf::registerFunc register [C10] as [24]
SumPdf::registerFunc register [C11] as [25]
SumPdf::registerFunc register [He6] as [26]
SumPdf::registerFunc register [Po210] as [27]
SumPdf::registerFunc register [Bi210] as [28]
SumPdf::registerFunc register [C10] as [29]
SumPdf::registerFunc register [C11] as [30]
SumPdf::registerFunc register [C14_pileup] as [31]
SumPdf::registerFunc register [Ext_Bi214] as [32]
SumPdf::registerFunc register [Ext_K40] as [33]
SumPdf::registerFunc register [Ext_Tl208] as [34]
SumPdf::registerFunc register [He6] as [35]
SumPdf::registerFunc register [Kr85] as [36]
SumPdf::registerFunc register [Po210] as [37]
SumPdf::registerFunc register [nu(B8)] as [38]
SumPdf::registerFunc register [nu(Be7)] as [39]
SumPdf::registerFunc register [nu(CNO)] as [40]
SumPdf::registerFunc register [nu(pep)] as [41]
Inserting [default.TFCtagged] sum pdf
Inserting (Datasets:default.Major)<default.Major>
Inserting (Datasets:default.TFCtagged)<default.TFCtagged>
Inserting (LikelihoodFactory)<default>
Inserting (LikelihoodFactory)<default>
Inserting (LikelihoodFactory)<default>
Inserting (LikelihoodFactory)<default>
Inserting (LikelihoodFactory)<default>
Inserting (LikelihoodFactory)<default>
Inserting (LikelihoodFactory)<default>
Inserting (LikelihoodFactory)<default>
Inserting (LikelihoodFactory)<default>
Inserting (LikelihoodFactory)<default>
Inserting (LikelihoodFactory)<default>
Inserting (LikelihoodFactory)<default>
Inserting (LikelihoodFactory)<default>
Inserting (LikelihoodFactory)<default>
Inserting (LikelihoodFactory)<default>
Inserting (LikelihoodFactory)<default>
Inserting (LikelihoodFactory)<default>
Inserting (Datasets:pileupL)<pileupL>
Debug: LL size 20
 PARAMETER DEFINITIONS:
    NO.   NAME         VALUE      STEP SIZE      LIMITS
     1 default.Bi210   2.00000e+01  1.00000e+00    0.00000e+00  1.00000e+02
     2 default.C11   2.80000e+01  1.00000e+00    0.00000e+00  1.00000e+02
     3 default.C14_pileup   4.00000e+06  6.00000e+04    0.00000e+00  6.00000e+06
     4 global.Ext_Bi214   5.00000e-01  1.00000e-01    0.00000e+00  1.00000e+01
     5 global.Ext_K40   1.50000e-01  1.00000e-01    0.00000e+00  1.00000e+01
     6 global.Ext_Tl208   1.90000e+00  1.00000e-01    0.00000e+00  1.00000e+01
     7 default.Kr85   5.00000e+00  3.00000e-01    0.00000e+00  3.00000e+01
     8 default.Po210   3.00000e+02  2.99999e+01    1.00000e-02  3.00000e+03
     9 default.nu(B8)   4.60000e-01  1.00000e-01    0.00000e+00  1.00000e+01
 **********
 **    1 **FIX           9
 **********
 PARAMETER DEFINITIONS:
    NO.   NAME         VALUE      STEP SIZE      LIMITS
    10 global.nu(Be7)   4.85000e+01  5.00000e-01    2.00000e+01  7.00000e+01
    11 global.nu(CNO)   5.36000e+00  5.00000e-01    0.00000e+00  5.00000e+01
    12 global.nu(pep)   2.20000e+00  1.00000e-01    0.00000e+00  1.00000e+01
    13 default.C10_2   1.10000e+00  1.00000e-01    0.00000e+00  1.00000e+01
    14 default.C11_2   5.00000e+01  2.00000e+00    0.00000e+00  2.00000e+02
    15 global.He6_2   4.00000e-01  2.00000e-01    0.00000e+00  2.00000e+01
    16 default.Po210_2   3.00000e+02  2.99999e+01    1.00000e-02  3.00000e+03
 **********
 **    2 **SET ERRDEF         0.5
 **********
 PARAMETER DEFINITIONS:
    NO.   NAME         VALUE      STEP SIZE      LIMITS
     1 default.Bi210   2.00000e+01  1.00000e+00    0.00000e+00  1.00000e+02
     2 default.C11   2.80000e+01  1.00000e+00    0.00000e+00  1.00000e+02
     3 default.C14_pileup   4.00000e+06  6.00000e+04    0.00000e+00  6.00000e+06
     4 global.Ext_Bi214   5.00000e-01  1.00000e-01    0.00000e+00  1.00000e+01
     5 global.Ext_K40   1.50000e-01  1.00000e-01    0.00000e+00  1.00000e+01
     6 global.Ext_Tl208   1.90000e+00  1.00000e-01    0.00000e+00  1.00000e+01
     7 default.Kr85   5.00000e+00  3.00000e-01    0.00000e+00  3.00000e+01
     8 default.Po210   3.00000e+02  2.99999e+01    1.00000e-02  3.00000e+03
     9 default.nu(B8)   4.60000e-01  1.00000e-01    0.00000e+00  1.00000e+01
 **********
 **    1 **FIX           9
 **********
 PARAMETER DEFINITIONS:
    NO.   NAME         VALUE      STEP SIZE      LIMITS
    10 global.nu(Be7)   4.85000e+01  5.00000e-01    2.00000e+01  7.00000e+01
    11 global.nu(CNO)   5.36000e+00  5.00000e-01    0.00000e+00  5.00000e+01
    12 global.nu(pep)   2.20000e+00  1.00000e-01    0.00000e+00  1.00000e+01
    13 default.C10_2   1.10000e+00  1.00000e-01    0.00000e+00  1.00000e+01
    14 default.C11_2   5.00000e+01  2.00000e+00    0.00000e+00  2.00000e+02
    15 global.He6_2   4.00000e-01  2.00000e-01    0.00000e+00  2.00000e+01
    16 default.Po210_2   3.00000e+02  2.99999e+01    1.00000e-02  3.00000e+03
 **********
 **    2 **SET ERRDEF         0.5
 **********
 **********
 **    3 **MINIMIZE       2e+04
 **********
 FIRST CALL TO USER FUNCTION AT NEW START POINT, WITH IFLAG=4.
 START MIGRAD MINIMIZATION.  STRATEGY  1.  CONVERGENCE WHEN EDM .LT. 5.00e-05
 FCN=73030.9 FROM MIGRAD    STATUS=INITIATE       91 CALLS          92 TOTAL
                     EDM= unknown      STRATEGY= 1      NO ERROR MATRIX       
  EXT PARAMETER               CURRENT GUESS       STEP         FIRST   
  NO.   NAME      VALUE            ERROR          SIZE      DERIVATIVE 
   1  default.Bi210   2.00000e+01   1.00000e+00   0.00000e+00   1.73889e+03
   2  default.C11   2.80000e+01   1.00000e+00   0.00000e+00   2.04643e+04
   3  default.C14_pileup   4.00000e+06   6.00000e+04   0.00000e+00   8.67570e+04
   4  global.Ext_Bi214   5.00000e-01   1.00000e-01   0.00000e+00   2.91552e+01
   5  global.Ext_K40   1.50000e-01   1.00000e-01   0.00000e+00   5.85415e+01
   6  global.Ext_Tl208   1.90000e+00   1.00000e-01   0.00000e+00  -4.58170e+02
   7  default.Kr85   5.00000e+00   3.00000e-01   0.00000e+00   3.47008e+02
   8  default.Po210   3.00000e+02   2.99999e+01   0.00000e+00   8.07295e+04
   9  default.nu(B8)   4.60000e-01     fixed    
  10  global.nu(Be7)   4.85000e+01   5.00000e-01   0.00000e+00   9.57251e+02
  11  global.nu(CNO)   5.36000e+00   5.00000e-01   0.00000e+00   1.00849e+03
  12  global.nu(pep)   2.20000e+00   1.00000e-01   0.00000e+00   5.78546e+02
  13  default.C10_2   1.10000e+00   1.00000e-01   0.00000e+00   1.68460e+02
  14  default.C11_2   5.00000e+01   2.00000e+00   0.00000e+00  -6.96287e+03
  15  global.He6_2   7.35232e+00   2.00000e-01   1.01904e+00   1.41436e+01
  16  default.Po210_2   3.00000e+02   2.99999e+01   0.00000e+00  -8.31203e+02
                               ERR DEF= 0.5
 MIGRAD MINIMIZATION HAS CONVERGED.
 MIGRAD WILL VERIFY CONVERGENCE AND ERROR MATRIX.
 COVARIANCE MATRIX CALCULATED SUCCESSFULLY
 FCN=7505.19 FROM MIGRAD    STATUS=CONVERGED    1517 CALLS        1518 TOTAL
                     EDM=5.52207e-06    STRATEGY= 1      ERROR MATRIX ACCURATE 
  EXT PARAMETER                                   STEP         FIRST   
  NO.   NAME      VALUE            ERROR          SIZE      DERIVATIVE 
   1  default.Bi210   8.70871e+00   8.18085e+00   1.24409e-03   3.06845e-02
   2  default.C11   1.79796e+00   9.69248e-02   3.39286e-04  -3.51212e-02
   3  default.C14_pileup   5.57358e+05   1.06142e+04   3.64483e-04   1.00896e-01
   4  global.Ext_Bi214   1.81888e+00   3.02458e-01   3.09783e-03  -6.48201e-03
   5  global.Ext_K40   9.50207e-01   6.18105e-01   9.04877e-03   2.22102e-03
   6  global.Ext_Tl208   3.40580e+00   1.62379e-01   1.35794e-03  -1.21006e-02
   7  default.Kr85   3.93238e+00   2.16565e+00   5.60369e-03   1.71738e-03
   8  default.Po210   2.49091e+02   7.77387e-01   5.19132e-05  -9.22327e-01
   9  default.nu(B8)   4.60000e-01     fixed    
  10  global.nu(Be7)   4.90972e+01   1.24806e+00   1.38580e-03   2.41841e-02
  11  global.nu(CNO)   1.23025e+01   7.87072e+00   1.20722e-03   4.30072e-02
  12  global.nu(pep)   1.38950e+00   1.35228e+00   3.35402e-03   2.19226e-02
  13  default.C10_2   7.98000e-01   4.76391e-01   2.89037e-03  -6.57830e-03
  14  default.C11_2   6.42932e+01   5.97031e-01   2.79480e-04  -5.04519e-02
  15  global.He6_2   2.09070e+00   1.01244e+00   2.63190e-03  -7.03013e-03
  16  default.Po210_2   3.06131e+02   1.01108e+00   6.35408e-05   4.04131e-01
                               ERR DEF= 0.5
 EXTERNAL ERROR MATRIX.    NDIM=  25    NPAR= 15    ERR DEF=0.5
 ELEMENTS ABOVE DIAGONAL ARE NOT PRINTED.
  6.889e+01 
  2.962e-01  9.395e-03 
 -2.922e+01  3.120e-01  1.127e+08 
 -2.749e-02 -3.774e-03 -1.752e-01  9.167e-02 
  1.717e+00 -6.529e-03  2.093e+00 -5.430e-02  3.878e-01 
 -6.471e-03  6.929e-04  1.183e-02 -3.157e-02  1.226e-02  2.638e-02 
 -1.060e+01 -5.131e-02 -5.103e+01 -4.561e-03 -2.795e-01  5.568e-03  4.763e+00 
  3.716e-01  1.641e-03 -1.004e+02 -1.393e-03  1.045e-02  4.960e-04 -4.897e-01  6.043e-01 
 -1.988e+00 -1.344e-02  1.085e+00 -9.123e-04 -5.449e-02  1.862e-03 -1.048e+00  1.049e-01  1.559e+00 
 -6.575e+01 -2.595e-01 -1.999e+01  4.360e-02 -1.560e+00 -5.214e-03  9.904e+00 -3.776e-01  9.294e-01  6.492e+01 
  1.051e+01  3.225e-02 -2.554e+00 -1.832e-03  1.756e-01  3.287e-04 -1.510e+00  6.208e-02 -2.305e-02 -1.079e+01  1.930e+00 
  2.335e-01 -2.448e-04  3.566e-01  3.684e-02 -1.718e-02 -2.489e-02 -1.047e-01 -5.734e-03 -3.792e-02 -3.386e-02 -4.767e-03 
  2.335e-01 -2.448e-04  3.566e-01  3.684e-02 -1.718e-02 -2.489e-02 -1.047e-01 -5.734e-03 -3.792e-02 -3.386e-02 -4.767e-03  2.293e-01 
  5.415e-01  5.293e-03  4.303e-01  2.379e-02 -2.998e-02 -1.099e-02 -1.546e-01 -3.004e-03 -4.570e-02 -3.172e-01  2.451e-02 
  5.415e-01  5.293e-03  4.303e-01  2.379e-02 -2.998e-02 -1.099e-02 -1.546e-01 -3.004e-03 -4.570e-02 -3.172e-01  2.451e-02  1.771e-01  3.565e-01 
 -5.152e-01  1.185e-03 -7.450e-01 -8.260e-02  4.753e-02  3.521e-02  2.327e-01  1.286e-02  8.388e-02  7.107e-02  1.051e-02 
 -5.152e-01  1.185e-03 -7.450e-01 -8.260e-02  4.753e-02  3.521e-02  2.327e-01  1.286e-02  8.388e-02  7.107e-02  1.051e-02 -4.624e-01 -4.020e-01  1.035e+00 
  3.944e-01  1.595e-03 -1.004e+02  2.109e-03  8.466e-03 -9.972e-04 -5.066e-01  8.925e-02  1.029e-01 -3.818e-01  6.183e-02 
  3.944e-01  1.595e-03 -1.004e+02  2.109e-03  8.466e-03 -9.972e-04 -5.066e-01  8.925e-02  1.029e-01 -3.818e-01  6.183e-02  1.388e-02  1.405e-02 -3.102e-02  1.022e+00 
 PARAMETER  CORRELATION COEFFICIENTS  
       NO.  GLOBAL      1      2      3      4      5      6      7      8     10     11     12     13     14     15     16
        1  0.99748   1.000  0.368 -0.000 -0.011  0.332 -0.005 -0.585  0.058 -0.192 -0.983  0.911  0.059  0.109 -0.061  0.047
        2  0.62882   0.368  1.000  0.000 -0.129 -0.108  0.044 -0.243  0.022 -0.111 -0.332  0.239 -0.005  0.091  0.012  0.016
        3  0.02387  -0.000  0.000  1.000 -0.000  0.000  0.000 -0.002 -0.012  0.000 -0.000 -0.000  0.000  0.000 -0.000 -0.009
        4  0.75149  -0.011 -0.129 -0.000  1.000 -0.288 -0.642 -0.007 -0.006 -0.002  0.018 -0.004  0.254  0.132 -0.268  0.007
        5  0.70144   0.332 -0.108  0.000 -0.288  1.000  0.121 -0.206  0.022 -0.070 -0.311  0.203 -0.058 -0.081  0.075  0.013
        6  0.74922  -0.005  0.044  0.000 -0.642  0.121  1.000  0.016  0.004  0.009 -0.004  0.001 -0.320 -0.113  0.213 -0.006
        7  0.90108  -0.585 -0.243 -0.002 -0.007 -0.206  0.016  1.000 -0.289 -0.384  0.563 -0.498 -0.100 -0.119  0.105 -0.230
        8  0.38240   0.058  0.022 -0.012 -0.006  0.022  0.004 -0.289  1.000  0.108 -0.060  0.057 -0.015 -0.006  0.016  0.114
       10  0.88919  -0.192 -0.111  0.000 -0.002 -0.070  0.009 -0.384  0.108  1.000  0.092 -0.013 -0.063 -0.061  0.066  0.081
       11  0.99855  -0.983 -0.332 -0.000  0.018 -0.311 -0.004  0.563 -0.060  0.092  1.000 -0.964 -0.009 -0.066  0.009 -0.047
       12  0.99014   0.911  0.239 -0.000 -0.004  0.203  0.001 -0.498  0.057 -0.013 -0.964  1.000 -0.007  0.030  0.007  0.044
       13  0.96189   0.059 -0.005  0.000  0.254 -0.058 -0.320 -0.100 -0.015 -0.063 -0.009 -0.007  1.000  0.619 -0.949  0.029
       14  0.68249   0.109  0.091  0.000  0.132 -0.081 -0.113 -0.119 -0.006 -0.061 -0.066  0.030  0.619  1.000 -0.662  0.023
       15  0.96433  -0.061  0.012 -0.000 -0.268  0.075  0.213  0.105  0.016  0.066  0.009  0.007 -0.949 -0.662  1.000 -0.030
       16  0.30000   0.047  0.016 -0.009  0.007  0.013 -0.006 -0.230  0.114  0.081 -0.047  0.044  0.029  0.023 -0.030  1.000
 **********
 **    4 **HESSE
 **********
 COVARIANCE MATRIX CALCULATED SUCCESSFULLY
 FCN=7505.19 FROM HESSE     STATUS=OK            166 CALLS        1684 TOTAL
                     EDM=5.43776e-06    STRATEGY= 1      ERROR MATRIX ACCURATE 
  EXT PARAMETER                                INTERNAL      INTERNAL  
  NO.   NAME      VALUE            ERROR       STEP SIZE       VALUE   
   1  default.Bi210   8.70871e+00   7.85655e+00   4.97636e-05  -9.71665e-01
   2  default.C11   1.79796e+00   9.64497e-02   6.78572e-05  -1.30181e+00
   3  default.C14_pileup   5.57358e+05   1.06141e+04   7.28965e-05  -9.51374e-01
   4  global.Ext_Bi214   1.81888e+00   3.02445e-01   1.23913e-04  -6.89594e-01
   5  global.Ext_K40   9.50207e-01   6.14967e-01   3.61951e-04  -9.44082e-01
   6  global.Ext_Tl208   3.40580e+00   1.62437e-01   2.71588e-04  -3.24504e-01
   7  default.Kr85   3.93238e+00   2.11851e+00   2.24148e-04  -8.29867e-01
   8  default.Po210   2.49091e+02   7.76445e-01   1.03826e-05  -9.86219e-01
   9  default.nu(B8)   4.60000e-01     fixed    
  10  global.nu(Be7)   4.90972e+01   1.24502e+00   2.77160e-04   1.64630e-01
  11  global.nu(CNO)   1.23025e+01   7.56432e+00   2.41444e-04  -5.32744e-01
  12  global.nu(pep)   1.38950e+00   1.30392e+00   1.34161e-04  -8.06833e-01
  13  default.C10_2   7.98000e-01   4.72766e-01   1.15615e-04  -9.98021e-01
  14  default.C11_2   6.42932e+01   5.94354e-01   5.58960e-05  -3.65127e-01
  15  global.He6_2   2.09070e+00   1.00453e+00   1.05276e-04  -9.12327e-01
  16  default.Po210_2   3.06131e+02   1.01029e+00   1.27082e-05  -9.20524e-01
                               ERR DEF= 0.5
 EXTERNAL ERROR MATRIX.    NDIM=  25    NPAR= 15    ERR DEF=0.5
 ELEMENTS ABOVE DIAGONAL ARE NOT PRINTED.
  6.339e+01 
  2.747e-01  9.303e-03 
 -1.005e+02  6.721e-02  1.127e+08 
 -3.052e-02 -3.812e-03  4.423e-01  9.166e-02 
  1.617e+00 -6.829e-03 -7.855e-04 -5.385e-02  3.839e-01 
 -3.700e-03  7.108e-04 -1.620e-01 -3.160e-02  1.221e-02  2.640e-02 
 -9.619e+00 -4.728e-02 -4.011e+01 -3.970e-03 -2.601e-01  4.992e-03  4.555e+00 
  3.194e-01  1.412e-03 -1.009e+02 -1.407e-03  9.294e-03  5.152e-04 -4.747e-01  6.029e-01 
 -1.904e+00 -1.313e-02  1.014e+00 -1.048e-03 -5.281e-02  1.862e-03 -1.049e+00  1.030e-01  1.551e+00 
 -6.042e+01 -2.387e-01  5.255e+01  4.679e-02 -1.466e+00 -7.824e-03  8.965e+00 -3.281e-01  8.460e-01  5.974e+01 
  9.628e+00  2.882e-02 -1.517e+01 -2.616e-03  1.614e-01  8.129e-04 -1.358e+00  5.424e-02 -8.978e-03 -9.929e+00  1.787e+00 
  1.999e-01 -3.834e-04  6.091e-01  3.641e-02 -1.745e-02 -2.463e-02 -9.671e-02 -6.047e-03 -3.737e-02 -4.654e-03 -9.376e-03 
  1.999e-01 -3.834e-04  6.091e-01  3.641e-02 -1.745e-02 -2.463e-02 -9.671e-02 -6.047e-03 -3.737e-02 -4.654e-03 -9.376e-03  2.258e-01 
  4.916e-01  5.074e-03  4.119e-01  2.330e-02 -3.033e-02 -1.071e-02 -1.435e-01 -3.525e-03 -4.490e-02 -2.721e-01  1.730e-02 
  4.916e-01  5.074e-03  4.119e-01  2.330e-02 -3.033e-02 -1.071e-02 -1.435e-01 -3.525e-03 -4.490e-02 -2.721e-01  1.730e-02  1.738e-01  3.533e-01 
 -4.413e-01  1.493e-03 -1.359e+00 -8.156e-02  4.800e-02  3.459e-02  2.153e-01  1.356e-02  8.274e-02  6.687e-03  2.072e-02 
 -4.413e-01  1.493e-03 -1.359e+00 -8.156e-02  4.800e-02  3.459e-02  2.153e-01  1.356e-02  8.274e-02  6.687e-03  2.072e-02 -4.549e-01 -3.948e-01  1.018e+00 
  3.385e-01  1.351e-03 -1.009e+02  2.046e-03  7.277e-03 -9.492e-04 -4.907e-01  8.773e-02  1.010e-01 -3.290e-01  5.348e-02 
  3.385e-01  1.351e-03 -1.009e+02  2.046e-03  7.277e-03 -9.492e-04 -4.907e-01  8.773e-02  1.010e-01 -3.290e-01  5.348e-02  1.321e-02  1.320e-02 -2.955e-02  1.021e+00 
 PARAMETER  CORRELATION COEFFICIENTS  
       NO.  GLOBAL      1      2      3      4      5      6      7      8     10     11     12     13     14     15     16
        1  0.99726   1.000  0.358 -0.001 -0.013  0.328 -0.003 -0.566  0.052 -0.192 -0.982  0.904  0.053  0.104 -0.055  0.042
        2  0.62405   0.358  1.000  0.000 -0.131 -0.114  0.045 -0.230  0.019 -0.109 -0.320  0.223 -0.008  0.089  0.015  0.014
        3  0.02388  -0.001  0.000  1.000  0.000 -0.000 -0.000 -0.002 -0.012  0.000  0.001 -0.001  0.000  0.000 -0.000 -0.009
        4  0.75140  -0.013 -0.131  0.000  1.000 -0.287 -0.642 -0.006 -0.006 -0.003  0.020 -0.006  0.253  0.129 -0.267  0.007
        5  0.69760   0.328 -0.114 -0.000 -0.287  1.000  0.121 -0.197  0.019 -0.068 -0.306  0.195 -0.059 -0.082  0.077  0.012
        6  0.74943  -0.003  0.045 -0.000 -0.642  0.121  1.000  0.014  0.004  0.009 -0.006  0.004 -0.319 -0.111  0.211 -0.006
        7  0.89630  -0.566 -0.230 -0.002 -0.006 -0.197  0.014  1.000 -0.286 -0.395  0.543 -0.476 -0.095 -0.113  0.100 -0.228
        8  0.37968   0.052  0.019 -0.012 -0.006  0.019  0.004 -0.286  1.000  0.106 -0.055  0.052 -0.016 -0.008  0.017  0.112
       10  0.88861  -0.192 -0.109  0.000 -0.003 -0.068  0.009 -0.395  0.106  1.000  0.088 -0.005 -0.063 -0.061  0.066  0.080
       11  0.99842  -0.982 -0.320  0.001  0.020 -0.306 -0.006  0.543 -0.055  0.088  1.000 -0.961 -0.001 -0.059  0.001 -0.042
       12  0.98935   0.904  0.223 -0.001 -0.006  0.195  0.004 -0.476  0.052 -0.005 -0.961  1.000 -0.015  0.022  0.015  0.040
       13  0.96129   0.053 -0.008  0.000  0.253 -0.059 -0.319 -0.095 -0.016 -0.063 -0.001 -0.015  1.000  0.615 -0.949  0.028
       14  0.67895   0.104  0.089  0.000  0.129 -0.082 -0.111 -0.113 -0.008 -0.061 -0.059  0.022  0.615  1.000 -0.658  0.022
       15  0.96375  -0.055  0.015 -0.000 -0.267  0.077  0.211  0.100  0.017  0.066  0.001  0.015 -0.949 -0.658  1.000 -0.029
       16  0.29761   0.042  0.014 -0.009  0.007  0.012 -0.006 -0.228  0.112  0.080 -0.042  0.040  0.028  0.022 -0.029  1.000
Wallclock time  : 28.1008 seconds.
CPU time: 0.00281
Total CPU time: 0.00281
Processor time: 0.002382

FIT PARAMETERS
 ^{210}Bi = 8.7 #pm 7.9 
 ^{11}C = 1.798 #pm 0.096 
 ^{14}C pileup = 557358.0 #pm 10614.1 
 Ext ^{214}Bi = 1.82 #pm 0.30 
 Ext ^{40}K = 0.95 #pm 0.61 
 Ext ^{208}Tl = 3.41 #pm 0.16 
 ^{85}Kr = 3.9 #pm 2.1 
 ^{210}Po = 249.09 #pm 0.78 
 #nu(^{8}B) = 0.46  [Fixed]
 #nu(^{7}Be) = 49.1 #pm 1.2 
 #nu(CNO) = 12.3 #pm 7.6 
 #nu(pep) = 1.4 #pm 1.3 
 ^{10}C 2 = 0.80 #pm 0.47 
 ^{11}C 2 = 64.29 #pm 0.59 
 ^{6}He 2 = 2.1 #pm 1.0 
 ^{210}Po 2 = 306.1 #pm 1.0 

 chi^2                             = 1972.1
 chi^2/N-DOF                       = 1.2458
 p-value                           = 0.000
 Minimized -2Ln(Likelihood)        = 15010.38
 Likelihood p-value                = 0.420 ± 0.049
SimplePlotManager::groupByName <default.Major> appedned to <default>
SimplePlotManager::groupByName <default.TFCtagged> appedned to <default>
