[GPUManager]() registered
regV registering [npe] as [0x23f2180]
regV registering [npe_short] as [0x23f22b0]
regV registering [Po218:peak] as [6002]
regV registering [Rn222:peak] as [5490]
regV registering [Po210:peak] as [5305]
Loaded path: </p/project/cjikp20/jikp2013/bx-GooStats-dingxf_dev/bx-GooStats/data>
RawSpectrumProvider::registerSpecies Register [nu(pep)]
RawSpectrumProvider::registerSpecies Register [nu(Be7)_sunT]
RawSpectrumProvider::registerSpecies Register [nu(Be7)_nosunT]
RawSpectrumProvider::registerSpecies Register [nu(CNO)]
RawSpectrumProvider::registerSpecies Register [nu(pp)_oleg]
RawSpectrumProvider::registerSpecies Register [nu(pp)_aldo]
RawSpectrumProvider::registerSpecies Register [nu(pp)]
RawSpectrumProvider::registerSpecies Register [nu(B8)]
RawSpectrumProvider::registerSpecies Register [C14_universal]
Warning: c14_shape_factor is taken as 1.24
RawSpectrumProvider::registerSpecies Register [C14]
RawSpectrumProvider::registerSpecies Register [C11]
RawSpectrumProvider::registerSpecies Register [C10]
RawSpectrumProvider::registerSpecies Register [Kr85]
RawSpectrumProvider::registerSpecies Register [B12]
RawSpectrumProvider::registerSpecies Register [He6]
RawSpectrumProvider::registerSpecies Register [Pa234m]
RawSpectrumProvider::registerSpecies Register [K40]
RawSpectrumProvider::registerSpecies Register [La138]
RawSpectrumProvider::registerSpecies Register [Bi210_mach4]
RawSpectrumProvider::registerSpecies Register [Bi210_oleg]
RawSpectrumProvider::registerSpecies Register [Bi210_aldo]
RawSpectrumProvider::registerSpecies Register [Bi210_daniel]
RawSpectrumProvider::registerSpecies Register [Bi210_flothmann]
RawSpectrumProvider::registerSpecies Register [Bi210_grau]
RawSpectrumProvider::registerSpecies Register [Pb214_KM]
RawSpectrumProvider::registerSpecies Register [Pb214_aldo_1]
RawSpectrumProvider::registerSpecies Register [Pb214_aldo_2]
RawSpectrumProvider::registerSpecies Register [Pb214_aldo_3]
RawSpectrumProvider::registerSpecies Register [Pb214_aldo_4]
RawSpectrumProvider::registerSpecies Register [Pb214_aldo_5]
RawSpectrumProvider::registerSpecies Register [Pb214_aldo_6]
RawSpectrumProvider::registerSpecies Register [Pb214_aldo_7]
RawSpectrumProvider::registerSpecies Register [Ext_Tl208]
RawSpectrumProvider::registerSpecies Register [Ext_Bi214]
RawSpectrumProvider::registerSpecies Register [Ext_K40]
RawSpectrumProvider::registerSpecies Register [U238_chain]
RawSpectrumProvider::registerSpecies Register [Th232_chain]
RawSpectrumProvider::registerSpecies Register [C14_pileup]
[InputManager]() registered
[PrepareData]() registered
[SimpleFit]() registered
[CNOTest]() registered
[HMLMTest]() registered
[ScanPar]() registered
[CorrelationManager]() registered
[ContourManager]() registered
[OutputManager]() registered
Checking GPU [0]/[1]
Running on [Tesla K80] with compute capability of 3.7
Warning: BatchOutputManager not set, default are used.
LOG: Getting data from file input_files/PeriodPhase2_FVpep_TFCMI_c19.root
Searching final_nhits_pp_0 in pp
LOG: fitting histogram final_nhits_pp_0
WARNING: chain_counts_cum not TH1D, trying other TH1
WARNING: No chain_counts_cum in input directory, trying in the main directory of the file
chain_counts_cum: mean 23.3425
[default] adopt [global] as its parent.
Inserting period [default,input_files/PeriodPhase2_FVpep_TFCMI_c19.root,pp/final_nhits_pp_0,fitoptions/fitoptions_gpu-mv-Phase2MI-pdfs_TAUP2017-nhits-emin92-pileup.cfg,species_list/species-fit-gpu-mv_CNO-pileup-penalty-hm.icc]
ARG[1] <icc> = [species_list/species-fit-gpu-mv_CNO-pileup-penalty-hm.icc]
InputManager::registerConfigset(default)
Loading from <fitoptions/fitoptions_gpu-mv-Phase2MI-pdfs_TAUP2017-nhits-emin92-pileup.cfg>
h_n_used_pmts: mean 1564.15
h_n_used_pmts_weighted: mean 1675.51
h_n_used_pmts0: mean 1557.43
h_n_used_pmts_weighted0: mean 1667.71
h_n_used_pmts1: mean 1574.13
h_n_used_pmts_weighted1: mean 1684.93
option <n_used_charge_histo_name> not set, default value [h_n_used_charge] used
h_n_used_charge: mean 1561.08
option <n_used_charge_po210_histo_name> not set, default value [h_n_used_charge_weighted] used
h_n_used_charge_weighted: mean 1671.67
feq_inv: mean 1.28509
Mask [mask_2] from [h_n_used_pmts] Mean <999.503> RMS <576.981>
Mask [mask_3] from [h_n_used_pmts_weighted] Mean <999.502> RMS <577.005>
Mask [mask_4] from [h_n_used_pmts0] Mean <999.503> RMS <576.979>
Mask [mask_5] from [h_n_used_pmts_weighted0] Mean <999.502> RMS <577.003>
Mask [mask_6] from [h_n_used_pmts1] Mean <999.503> RMS <576.983>
Mask [mask_7] from [h_n_used_pmts_weighted1] Mean <999.502> RMS <577.007>
*********Dump options parsed*********************************
MC_ext_bkg => <true>
alpha_response_function => <scaled_poisson>
alpha_subtracted => <false>
apply_radiochemical_constraints => <false>
applying_mask => <true>
beta_response_function => <scaled_poisson>
bi210_spectrum => <aldo>
c11_quenching_fixed => <false>
c11_subtracted => <true>
complementary_histo_fit => <true>
complementary_histo_name => <pp/final_nhits_pp_1>
convolve_dark_noise => <false>
dark_noise_window => <win1>
fit_results_output => <fit_results.root>
fit_variable => <nhits>
fit_variable_MC => <nhits>
geometric_correction_on => <false>
icc => <species_list/species-fit-gpu-mv_CNO-pileup-penalty-hm.icc>
ly_fixed => <false>
meantime_cut => <no>
minimization_method => <likelihood>
minimization_routine => <minuit>
montecarlo_interpolation => <off>
montecarlo_spectra_file => <pdfs_TAUP2017/MCspectra_pp_FVpep_Phase2_emin1_masked.root>
multivariate_ps_fit => <true>
multivariate_rdist_fit => <true>
n_used_pmts_histo_name => <h_n_used_pmts>
n_used_pmts_po210_histo_name => <h_n_used_pmts_weighted>
n_used_pmts_po210_tfc0_histo_name => <h_n_used_pmts_weighted0>
n_used_pmts_po210_tfc1_histo_name => <h_n_used_pmts_weighted1>
n_used_pmts_tfc0_histo_name => <h_n_used_pmts0>
n_used_pmts_tfc1_histo_name => <h_n_used_pmts1>
neutrino_magnetic_moment => <no>
no_lead_cut => <no>
norm_variable => <true>
npe_offset_fixed => <true>
pb214_spectrum => <aldo>
pileup_eff_ly_fixed => <true>
plot_filename => <plot.root>
po210_quenching_fixed => <false>
quenching_parameterization => <echidna>
save_fit_results => <false>
scale_poisson => <true>
show_only_c14_c14 => <false>
spectra_pdfs => <montecarlo>
synthpup_file => <P91011_Synthetic_Spectra.root>
synthpup_hist => <h_synth_spec_5_dt1>
use_alpha_response_function => <false>
use_remaining_pb214 => <false>
weighted_response => <false>
alpha_resolution_0_guess => float: [1.2]
alpha_resolution_0_max => float: [20]
alpha_resolution_0_min => float: [0]
alpha_resolution_1_guess => float: [0]
alpha_resolution_1_max => float: [0]
alpha_resolution_1_min => float: [0]
alpha_resolution_2_guess => float: [0]
alpha_resolution_2_max => float: [0]
alpha_resolution_2_min => float: [0]
beta_resolution_0_guess => float: [3]
beta_resolution_0_max => float: [20]
beta_resolution_0_min => float: [0]
beta_resolution_1_guess => float: [3]
beta_resolution_1_max => float: [20]
beta_resolution_1_min => float: [0]
beta_resolution_2_guess => float: [7]
beta_resolution_2_max => float: [7]
beta_resolution_2_min => float: [7]
beta_resolution_3_guess => float: [2]
beta_resolution_3_max => float: [10]
beta_resolution_3_min => float: [0]
beta_resolution_4_guess => float: [0]
beta_resolution_4_max => float: [0]
beta_resolution_4_min => float: [0]
beta_resolution_5_guess => float: [0]
beta_resolution_5_max => float: [0]
beta_resolution_5_min => float: [0]
c11_quenching => float: [0.8828]
c14_shape_factor => float: [1.24]
c14_threshold => float: [100]
dark_noise_threshold => float: [100]
ext_bckgd_eff_ly => float: [1.0228]
fCher => float: [2]
fit_verbosity => float: [0]
geometric_correction => float: [0.112]
histogram_binwidth => float: [1]
kb => float: [0.0109]
ly_guess => float: [0.49]
maximum_energy => float: [950]
meantime_cut_correction_c1 => float: [0.974]
meantime_cut_correction_c2 => float: [-0.00211]
minimum_energy => float: [92]
multivariate_ps_fit_bins => float: [1]
multivariate_ps_fit_max => float: [650]
multivariate_ps_fit_min => float: [400]
multivariate_ps_fit_smooth => float: [0]
multivariate_rdist_fit_bins => float: [16]
multivariate_rdist_fit_max => float: [900]
multivariate_rdist_fit_min => float: [500]
multivariate_rdist_fit_smooth => float: [0]
npe_offset => float: [0]
number_of_bins_for_weighted_response => float: [10]
pileup_eff_ly => float: [0.935]
pileup_penalty_max => float: [120]
pileup_penalty_mean => float: [2.1]
pileup_penalty_min => float: [100]
pileup_penalty_sigma => float: [0.04]
po210_quenching => float: [0.07879]
poisson_factor => float: [15]
poisson_threshold => float: [100]
ser_under_threshold => float: [0.12]
sys_errors_scale => float: [0]
unequalization_factor => float: [1]
*************************************************************
Inserting Constant name [compute_likelihood_p_value] value [0]
regV registering [compute_likelihood_p_value] as [0]
Inserting [C11_qch] to [global]
Inserting [Po210_qch] to [default]
Inserting [extly_qch] to [global]
Linking [Ext_Tl208_qch] with [extly_qch] in [global]
Linking [Ext_Bi214_qch] with [extly_qch] in [global]
Linking [Ext_K40_qch] with [extly_qch] in [global]
Inserting [Po218_qch] to [global]
Inserting [Rn222_qch] to [global]
Inserting [C10_qch] to [global]
Bad programming style of using const_cast!!!
regV registering [NL] as [0x7fffc87ec2a0]
Inserting [beta_ly] to [default]
858
Inserting [beta_resolution_0] to [global]
Inserting [beta_resolution_1] to [global]
Inserting [beta_resolution_2] to [global]
Inserting [beta_resolution_3] to [global]
Inserting [beta_resolution_4] to [global]
Inserting [beta_resolution_5] to [global]
Inserting [alpha_resolution_0] to [default]
Inserting [alpha_resolution_1] to [default]
Inserting [alpha_resolution_2] to [default]
Inserting [alpha_resolution_3] to [default]
Inserting [alpha_resolution_4] to [default]
Inserting [alpha_resolution_5] to [default]
Inserting [mlp_correction_0] to [default]
Inserting [mlp_correction_1] to [default]
Inserting [mlp_correction_2] to [default]
Inserting [mlp_correction_3] to [default]
Integral: 11.6405, sum = 1.17605e+06, endpoint = 671.809
Integral: 76.3209, sum = 1.81556e+07, endpoint = 264.064
RawSpectrumProvider::registerSpecies Register [nu(Be7+munu)]
RawSpectrumProvider::registerSpecies Register [nu(pp+munu)]
RawSpectrumProvider::registerSpecies Register [Bi210]
RawSpectrumProvider::registerSpecies Register [nu(Be7)]
feq: 1.27865 feq_po: 1.19367
Inserting [default] to default feq: 1.27865 0
Inserting [Po210] to default feq: 1.19367 0
Dumping pre-created rates:
INFO: loading species from file species_list/species-fit-gpu-mv_CNO-pileup-penalty-hm.icc
Inserting [Bi210] to [default]
Inserting [C10_2] to [default]
Inserting [C11] to [default]
Inserting [C11_2] to [default]
Inserting [C14] to [global]
Inserting [C14_pileup] to [default]
Inserting [Ext_Bi214] to [global]
Inserting [Ext_K40] to [global]
Inserting [Ext_Tl208] to [global]
Inserting [He6_2] to [global]
Inserting [Kr85] to [default]
Inserting [Po210] to [default]
Inserting [Po210_2] to [default]
Inserting [nu(B8)] to [default]
Inserting [nu(Be7)] to [global]
Inserting [nu(CNO)] to [global]
Inserting [nu(pep)] to [global]
Inserting [nu(pp)] to [global]
 [global] : (C10_qch, global.C10_qch) 
 [global] : (C11_qch, global.C11_qch) 
 [global] : (C14, global.C14) 
 [global] : (Ext_Bi214, global.Ext_Bi214) 
 [global] : (Ext_Bi214_qch, global.extly_qch) 
 [global] : (Ext_K40, global.Ext_K40) 
 [global] : (Ext_K40_qch, global.extly_qch) 
 [global] : (Ext_Tl208, global.Ext_Tl208) 
 [global] : (Ext_Tl208_qch, global.extly_qch) 
 [global] : (He6_2, global.He6_2) 
 [global] : (Po218_qch, global.Po218_qch) 
 [global] : (Rn222_qch, global.Rn222_qch) 
 [global] : (beta_resolution_0, global.beta_resolution_0) 
 [global] : (beta_resolution_1, global.beta_resolution_1) 
 [global] : (beta_resolution_2, global.beta_resolution_2) 
 [global] : (beta_resolution_3, global.beta_resolution_3) 
 [global] : (beta_resolution_4, global.beta_resolution_4) 
 [global] : (beta_resolution_5, global.beta_resolution_5) 
 [global] : (extly_qch, global.extly_qch) 
 [global] : (nu(Be7), global.nu(Be7)) 
 [global] : (nu(CNO), global.nu(CNO)) 
 [global] : (nu(pep), global.nu(pep)) 
 [global] : (nu(pp), global.nu(pp)) 
default>-- [default] : (Bi210, default.Bi210) 
default>-- [default] : (C10_2, default.C10_2) 
default>-- [default] : (C11, default.C11) 
default>-- [default] : (C11_2, default.C11_2) 
default>-- [default] : (C14_pileup, default.C14_pileup) 
default>-- [default] : (Kr85, default.Kr85) 
default>-- [default] : (Po210, default.Po210) 
default>-- [default] : (Po210_2, default.Po210_2) 
default>-- [default] : (Po210_qch, default.Po210_qch) 
default>-- [default] : (alpha_resolution_0, default.alpha_resolution_0) 
default>-- [default] : (alpha_resolution_1, default.alpha_resolution_1) 
default>-- [default] : (alpha_resolution_2, default.alpha_resolution_2) 
default>-- [default] : (alpha_resolution_3, default.alpha_resolution_3) 
default>-- [default] : (alpha_resolution_4, default.alpha_resolution_4) 
default>-- [default] : (alpha_resolution_5, default.alpha_resolution_5) 
default>-- [default] : (beta_ly, default.beta_ly) 
default>-- [default] : (mlp_correction_0, default.mlp_correction_0) 
default>-- [default] : (mlp_correction_1, default.mlp_correction_1) 
default>-- [default] : (mlp_correction_2, default.mlp_correction_2) 
default>-- [default] : (mlp_correction_3, default.mlp_correction_3) 
default>-- [default] : (nu(B8), default.nu(B8)) 
InputManager::registerDataset(default.Major)
InputManager::registerDataset(default.TFCtagged)
InputManager::registerDataset(pileupL)
Inserting period full [default.Major]
Inserting period full [default.TFCtagged]
Inserting period full [pileupL]
Livetime: 752.049 days (c11 subtracted)
computing mass from input_files/PeriodPhase2_FVpep_TFCMI_c19.root
Mass: 71.3 tons
Inserting [default.Major] exposure : [53621.1 (day x tons)]
computing mass from input_files/PeriodPhase2_FVpep_TFCMI_c19.root
Inserting [default.TFCtagged] exposure : [36107.7 (day x tons)]
Inserting type [remaining_pb214] name [default] value [0.0200354]
Remaining Pb214 [default] : 0.0200354 cpd/100 tons
WARNING: pp/final_nhits_pp_1 not TH1D, trying other TH1
WARNING: No pp/final_nhits_pp_1 in input directory, trying in the main directory of the file
pp/final_nhits_pp_1: mean 51.2663
WARNING: the spectrum of [Major] had not Sumw2 set. Setting it now.
WARNING: the spectrum of [TFCtagged] had not Sumw2 set. Setting it now.
Inserting [default.Major] data set
Inserting [default.TFCtagged] data set
INFO: loading species from file species_list/species-fit-gpu-mv_CNO-pileup-penalty-hm.icc
Loading [Bi210] from [pdfs_TAUP2017/MCspectra_pp_FVpep_Phase2_emin1_masked.root/bi210_nhits]
bad programing style, const_cast!!
creating MC species [Bi210] in [default]
Warning: quenching [Bi210_qch] not found in [default].
[Bi210] loaded for [default]
Inserting species (Bi210)[Bi210] to [default.Major] 
Inserting species (Bi210)[Bi210] to [default.TFCtagged] 
Loading [C10] from [pdfs_TAUP2017/MCspectra_pp_FVpep_Phase2_emin1_masked.root/c10_nhits]
bad programing style, const_cast!!
creating MC species [C10] in [default]
[C10] loaded for [default]
Inserting species (C10_2)[C10] to [default.TFCtagged] 
Loading [C11] from [pdfs_TAUP2017/MCspectra_pp_FVpep_Phase2_emin1_masked.root/c11_nhits]
bad programing style, const_cast!!
creating MC species [C11] in [default]
[C11] loaded for [default]
Inserting species (C11)[C11] to [default.Major] 
creating MC species [C11] in [default]
[C11] loaded for [default]
Inserting species (C11_2)[C11] to [default.TFCtagged] 
Loading [C14] from [pdfs_TAUP2017/MCspectra_pp_FVpep_Phase2_emin1_masked.root/c14_nhits]
bad programing style, const_cast!!
creating MC species [C14] in [default]
Warning: quenching [C14_qch] not found in [default].
[C14] loaded for [default]
Inserting species (C14)[C14] to [default.Major] 
Inserting species (C14)[C14] to [default.TFCtagged] 
Loading [C14_pileup] from [pdfs_TAUP2017/MCspectra_pp_FVpep_Phase2_emin1_masked.root/MC_pileup_nhits]
bad programing style, const_cast!!
creating MC species [C14_pileup] in [default]
Warning: quenching [C14_pileup_qch] not found in [default].
[C14_pileup] loaded for [default]
Inserting species (C14_pileup)[C14_pileup] to [default.Major] 
Inserting species (C14_pileup)[C14_pileup] to [default.TFCtagged] 
Loading [Ext_Bi214] from [pdfs_TAUP2017/MCspectra_pp_FVpep_Phase2_emin1_masked.root/ext_bi214_nhits]
bad programing style, const_cast!!
creating MC species [Ext_Bi214] in [default]
[Ext_Bi214] loaded for [default]
Inserting species (Ext_Bi214)[Ext_Bi214] to [default.Major] 
Inserting species (Ext_Bi214)[Ext_Bi214] to [default.TFCtagged] 
Loading [Ext_K40] from [pdfs_TAUP2017/MCspectra_pp_FVpep_Phase2_emin1_masked.root/ext_k40_nhits]
bad programing style, const_cast!!
creating MC species [Ext_K40] in [default]
[Ext_K40] loaded for [default]
Inserting species (Ext_K40)[Ext_K40] to [default.Major] 
Inserting species (Ext_K40)[Ext_K40] to [default.TFCtagged] 
Loading [Ext_Tl208] from [pdfs_TAUP2017/MCspectra_pp_FVpep_Phase2_emin1_masked.root/ext_tl208_nhits]
bad programing style, const_cast!!
creating MC species [Ext_Tl208] in [default]
[Ext_Tl208] loaded for [default]
Inserting species (Ext_Tl208)[Ext_Tl208] to [default.Major] 
Inserting species (Ext_Tl208)[Ext_Tl208] to [default.TFCtagged] 
Loading [He6] from [pdfs_TAUP2017/MCspectra_pp_FVpep_Phase2_emin1_masked.root/he6_nhits]
bad programing style, const_cast!!
creating MC species [He6] in [default]
Warning: quenching [He6_qch] not found in [default].
[He6] loaded for [default]
Inserting species (He6_2)[He6] to [default.TFCtagged] 
Loading [Kr85] from [pdfs_TAUP2017/MCspectra_pp_FVpep_Phase2_emin1_masked.root/kr85_nhits]
bad programing style, const_cast!!
creating MC species [Kr85] in [default]
Warning: quenching [Kr85_qch] not found in [default].
[Kr85] loaded for [default]
Inserting species (Kr85)[Kr85] to [default.Major] 
Inserting species (Kr85)[Kr85] to [default.TFCtagged] 
Loading [Po210] from [pdfs_TAUP2017/MCspectra_pp_FVpep_Phase2_emin1_masked.root/po210_nhits]
bad programing style, const_cast!!
creating MC species [Po210] in [default]
[Po210] loaded for [default]
Inserting species (Po210)[Po210] to [default.Major] 
creating MC species [Po210] in [default]
[Po210] loaded for [default]
Inserting species (Po210_2)[Po210] to [default.TFCtagged] 
Loading [nu(B8)] from [pdfs_TAUP2017/MCspectra_pp_FVpep_Phase2_emin1_masked.root/b8_nhits]
bad programing style, const_cast!!
creating MC species [nu(B8)] in [default]
Warning: quenching [nu(B8)_qch] not found in [default].
[nu(B8)] loaded for [default]
Inserting species (nu(B8))[nu(B8)] to [default.Major] 
Inserting species (nu(B8))[nu(B8)] to [default.TFCtagged] 
Loading [nu(Be7)] from [pdfs_TAUP2017/MCspectra_pp_FVpep_Phase2_emin1_masked.root/be7_nhits]
bad programing style, const_cast!!
creating MC species [nu(Be7)] in [default]
Warning: quenching [nu(Be7)_qch] not found in [default].
[nu(Be7)] loaded for [default]
Inserting species (nu(Be7))[nu(Be7)] to [default.Major] 
Inserting species (nu(Be7))[nu(Be7)] to [default.TFCtagged] 
Loading [nu(CNO)] from [pdfs_TAUP2017/MCspectra_pp_FVpep_Phase2_emin1_masked.root/cno_nhits]
bad programing style, const_cast!!
creating MC species [nu(CNO)] in [default]
Warning: quenching [nu(CNO)_qch] not found in [default].
[nu(CNO)] loaded for [default]
Inserting species (nu(CNO))[nu(CNO)] to [default.Major] 
Inserting species (nu(CNO))[nu(CNO)] to [default.TFCtagged] 
Loading [nu(pep)] from [pdfs_TAUP2017/MCspectra_pp_FVpep_Phase2_emin1_masked.root/pep_nhits]
bad programing style, const_cast!!
creating MC species [nu(pep)] in [default]
Warning: quenching [nu(pep)_qch] not found in [default].
[nu(pep)] loaded for [default]
Inserting species (nu(pep))[nu(pep)] to [default.Major] 
Inserting species (nu(pep))[nu(pep)] to [default.TFCtagged] 
Loading [nu(pp)] from [pdfs_TAUP2017/MCspectra_pp_FVpep_Phase2_emin1_masked.root/pp_nhits]
bad programing style, const_cast!!
creating MC species [nu(pp)] in [default]
Warning: quenching [nu(pp)_qch] not found in [default].
[nu(pp)] loaded for [default]
Inserting species (nu(pp))[nu(pp)] to [default.Major] 
Inserting species (nu(pp))[nu(pp)] to [default.TFCtagged] 
Inserting [default.Major] species vector
searching for [Bi210_sys]..
searching for [C11_sys]..
[default.Major] inserting a new pull: C14_pull
Inserting [C14_pull] to [default]
searching for [C14_sys]..
searching for [C14_pileup_sys]..
searching for [Ext_Bi214_sys]..
searching for [Ext_K40_sys]..
searching for [Ext_Tl208_sys]..
searching for [Kr85_sys]..
searching for [Po210_sys]..
searching for [nu(B8)_sys]..
searching for [nu(Be7)_sys]..
searching for [nu(CNO)_sys]..
searching for [nu(pep)_sys]..
searching for [nu(pp)_sys]..
Inserting [default.TFCtagged] species vector
searching for [Bi210_sys]..
searching for [C10_2_sys]..
searching for [C11_2_sys]..
searching for [C14_sys]..
searching for [C14_pileup_sys]..
searching for [Ext_Bi214_sys]..
searching for [Ext_K40_sys]..
searching for [Ext_Tl208_sys]..
searching for [He6_2_sys]..
searching for [Kr85_sys]..
searching for [Po210_2_sys]..
searching for [nu(B8)_sys]..
searching for [nu(Be7)_sys]..
searching for [nu(CNO)_sys]..
searching for [nu(pep)_sys]..
searching for [nu(pp)_sys]..
setting quenching of [Po210] to [0.07879]
Pb214 not implemented in bx-GooStats, it's ignored
setting quenching of [C11] to [0.8828]
INFO: 210Po PMTs used: 2000,0
RawSpectrumProvider::registerSpecies Register [default.Major]
type: [default.Major][0][1]
You have chosen SeparateSumPdfFactory<DnType<NoDn> MLPType<no> MaskType<Mask> DnAfterMask <no>>
SumPdf::registerFunc register [Bi210] as [0]
SumPdf::registerFunc register [C11] as [1]
SumPdf::registerFunc register [C14] as [2]
SumPdf::registerFunc register [C14_pileup] as [3]
SumPdf::registerFunc register [Ext_Bi214] as [4]
SumPdf::registerFunc register [Ext_K40] as [5]
SumPdf::registerFunc register [Ext_Tl208] as [6]
SumPdf::registerFunc register [Kr85] as [7]
SumPdf::registerFunc register [Po210] as [8]
SumPdf::registerFunc register [nu(B8)] as [9]
SumPdf::registerFunc register [nu(Be7)] as [10]
SumPdf::registerFunc register [nu(CNO)] as [11]
SumPdf::registerFunc register [nu(pep)] as [12]
SumPdf::registerFunc register [nu(pp)] as [13]
SumPdf::registerFunc register [Bi210] as [14]
SumPdf::registerFunc register [C11] as [15]
SumPdf::registerFunc register [C14] as [16]
SumPdf::registerFunc register [C14_pileup] as [17]
SumPdf::registerFunc register [Ext_Bi214] as [18]
SumPdf::registerFunc register [Ext_K40] as [19]
SumPdf::registerFunc register [Ext_Tl208] as [20]
SumPdf::registerFunc register [Kr85] as [21]
SumPdf::registerFunc register [Po210] as [22]
SumPdf::registerFunc register [nu(B8)] as [23]
SumPdf::registerFunc register [nu(Be7)] as [24]
SumPdf::registerFunc register [nu(CNO)] as [25]
SumPdf::registerFunc register [nu(pep)] as [26]
SumPdf::registerFunc register [nu(pp)] as [27]
Inserting [default.Major] sum pdf
Checking [Bi210] for <User> found? [1] is class<0>? [1]
Checking [C11] for <User> found? [1] is class<0>? [0]
Checking [C14] for <User> found? [1] is class<0>? [1]
Checking [C14_pileup] for <User> found? [1] is class<0>? [1]
Checking [Ext_Bi214] for <User> found? [1] is class<0>? [1]
Checking [Ext_K40] for <User> found? [1] is class<0>? [1]
Checking [Ext_Tl208] for <User> found? [1] is class<0>? [1]
Checking [Kr85] for <User> found? [1] is class<0>? [1]
Checking [Po210] for <User> found? [1] is class<0>? [1]
Checking [nu(B8)] for <User> found? [1] is class<0>? [1]
Checking [nu(Be7)] for <User> found? [1] is class<0>? [1]
Checking [nu(CNO)] for <User> found? [1] is class<0>? [1]
Checking [nu(pep)] for <User> found? [1] is class<0>? [1]
Checking [nu(pp)] for <User> found? [1] is class<0>? [1]
Checking [Bi210] for <User> found? [1] is class<1>? [0]
Checking [C11] for <User> found? [1] is class<1>? [1]
Checking [C14] for <User> found? [1] is class<1>? [0]
Checking [C14_pileup] for <User> found? [1] is class<1>? [0]
Checking [Ext_Bi214] for <User> found? [1] is class<1>? [0]
Checking [Ext_K40] for <User> found? [1] is class<1>? [0]
Checking [Ext_Tl208] for <User> found? [1] is class<1>? [0]
Checking [Kr85] for <User> found? [1] is class<1>? [0]
Checking [Po210] for <User> found? [1] is class<1>? [0]
Checking [nu(B8)] for <User> found? [1] is class<1>? [0]
Checking [nu(Be7)] for <User> found? [1] is class<1>? [0]
Checking [nu(CNO)] for <User> found? [1] is class<1>? [0]
Checking [nu(pep)] for <User> found? [1] is class<1>? [0]
Checking [nu(pp)] for <User> found? [1] is class<1>? [0]
Inserting [default]-[default] MV term
Checking [Bi210] for <Rdist> found? [1] is class<0>? [1]
Checking [C11] for <Rdist> found? [1] is class<0>? [1]
Checking [C14] for <Rdist> found? [1] is class<0>? [1]
Checking [C14_pileup] for <Rdist> found? [1] is class<0>? [0]
Checking [Ext_Bi214] for <Rdist> found? [1] is class<0>? [0]
Checking [Ext_K40] for <Rdist> found? [1] is class<0>? [0]
Checking [Ext_Tl208] for <Rdist> found? [1] is class<0>? [0]
Checking [Kr85] for <Rdist> found? [1] is class<0>? [1]
Checking [Po210] for <Rdist> found? [1] is class<0>? [1]
Checking [nu(B8)] for <Rdist> found? [1] is class<0>? [1]
Checking [nu(Be7)] for <Rdist> found? [1] is class<0>? [1]
Checking [nu(CNO)] for <Rdist> found? [1] is class<0>? [1]
Checking [nu(pep)] for <Rdist> found? [1] is class<0>? [1]
Checking [nu(pp)] for <Rdist> found? [1] is class<0>? [1]
Checking [Bi210] for <Rdist> found? [1] is class<1>? [0]
Checking [C11] for <Rdist> found? [1] is class<1>? [0]
Checking [C14] for <Rdist> found? [1] is class<1>? [0]
Checking [C14_pileup] for <Rdist> found? [1] is class<1>? [1]
Checking [Ext_Bi214] for <Rdist> found? [1] is class<1>? [1]
Checking [Ext_K40] for <Rdist> found? [1] is class<1>? [1]
Checking [Ext_Tl208] for <Rdist> found? [1] is class<1>? [1]
Checking [Kr85] for <Rdist> found? [1] is class<1>? [0]
Checking [Po210] for <Rdist> found? [1] is class<1>? [0]
Checking [nu(B8)] for <Rdist> found? [1] is class<1>? [0]
Checking [nu(Be7)] for <Rdist> found? [1] is class<1>? [0]
Checking [nu(CNO)] for <Rdist> found? [1] is class<1>? [0]
Checking [nu(pep)] for <Rdist> found? [1] is class<1>? [0]
Checking [nu(pp)] for <Rdist> found? [1] is class<1>? [0]
Inserting [default]-[default] MV term
Inserting [default]-[default] MV term
Inserting [default]-[default] MV term
Inserting [default]-[default] MV term
Inserting [default]-[default] MV term
Inserting [default]-[default] MV term
Inserting [default]-[default] MV term
Inserting [default]-[default] MV term
Inserting [default]-[default] MV term
Inserting [default]-[default] MV term
Inserting [default]-[default] MV term
Inserting [default]-[default] MV term
Inserting [default]-[default] MV term
Inserting [default]-[default] MV term
Inserting [default]-[default] MV term
Inserting [default]-[default] MV term
Inserting [default]-[global.C14] pull term
Pb214 not implemented in bx-GooStats, it's ignored
RawSpectrumProvider::registerSpecies Register [default.TFCtagged]
type: [default.TFCtagged][0][1]
You have chosen SeparateSumPdfFactory<DnType<NoDn> MLPType<no> MaskType<Mask> DnAfterMask <no>>
SumPdf::registerFunc register [C10] as [28]
SumPdf::registerFunc register [C11] as [29]
SumPdf::registerFunc register [He6] as [30]
SumPdf::registerFunc register [Po210] as [31]
SumPdf::registerFunc register [Bi210] as [32]
SumPdf::registerFunc register [C10] as [33]
SumPdf::registerFunc register [C11] as [34]
SumPdf::registerFunc register [C14] as [35]
SumPdf::registerFunc register [C14_pileup] as [36]
SumPdf::registerFunc register [Ext_Bi214] as [37]
SumPdf::registerFunc register [Ext_K40] as [38]
SumPdf::registerFunc register [Ext_Tl208] as [39]
SumPdf::registerFunc register [He6] as [40]
SumPdf::registerFunc register [Kr85] as [41]
SumPdf::registerFunc register [Po210] as [42]
SumPdf::registerFunc register [nu(B8)] as [43]
SumPdf::registerFunc register [nu(Be7)] as [44]
SumPdf::registerFunc register [nu(CNO)] as [45]
SumPdf::registerFunc register [nu(pep)] as [46]
SumPdf::registerFunc register [nu(pp)] as [47]
Inserting [default.TFCtagged] sum pdf
Inserting (Datasets:default.Major)<default.Major>
Inserting (Datasets:default.TFCtagged)<default.TFCtagged>
Inserting (LikelihoodFactory)<default>
Inserting (LikelihoodFactory)<default>
Inserting (LikelihoodFactory)<default>
Inserting (LikelihoodFactory)<default>
Inserting (LikelihoodFactory)<default>
Inserting (LikelihoodFactory)<default>
Inserting (LikelihoodFactory)<default>
Inserting (LikelihoodFactory)<default>
Inserting (LikelihoodFactory)<default>
Inserting (LikelihoodFactory)<default>
Inserting (LikelihoodFactory)<default>
Inserting (LikelihoodFactory)<default>
Inserting (LikelihoodFactory)<default>
Inserting (LikelihoodFactory)<default>
Inserting (LikelihoodFactory)<default>
Inserting (LikelihoodFactory)<default>
Inserting (LikelihoodFactory)<default>
Inserting (LikelihoodFactory)<global.C14>
Inserting (Datasets:pileupL)<pileupL>
Debug: LL size 21
 PARAMETER DEFINITIONS:
    NO.   NAME         VALUE      STEP SIZE      LIMITS
     1 default.Bi210   2.00000e+01  1.00000e+00    0.00000e+00  1.00000e+02
     2 default.C11   2.80000e+01  1.00000e+00    0.00000e+00  1.00000e+02
     3 global.C14   3.45600e+06  3.93120e+04    0.00000e+00  3.93120e+06
     4 default.C14_pileup   4.00000e+06  6.00000e+04    0.00000e+00  6.00000e+06
     5 global.Ext_Bi214   5.00000e-01  1.00000e-01    0.00000e+00  1.00000e+01
     6 global.Ext_K40   1.50000e-01  1.00000e-01    0.00000e+00  1.00000e+01
     7 global.Ext_Tl208   1.90000e+00  1.00000e-01    0.00000e+00  1.00000e+01
     8 default.Kr85   5.00000e+00  3.00000e-01    0.00000e+00  3.00000e+01
     9 default.Po210   3.00000e+02  2.99999e+01    1.00000e-02  3.00000e+03
    10 default.nu(B8)   4.60000e-01  1.00000e-01    0.00000e+00  1.00000e+01
 **********
 **    1 **FIX          10
 **********
 PARAMETER DEFINITIONS:
    NO.   NAME         VALUE      STEP SIZE      LIMITS
    11 global.nu(Be7)   4.85000e+01  5.00000e-01    2.00000e+01  7.00000e+01
    12 global.nu(CNO)   5.36000e+00  5.00000e-01    0.00000e+00  5.00000e+01
    13 global.nu(pep)   2.20000e+00  1.00000e-01    0.00000e+00  1.00000e+01
    14 global.nu(pp)   1.33000e+02  3.00000e+00    0.00000e+00  3.00000e+02
    15 default.C10_2   1.10000e+00  1.00000e-01    0.00000e+00  1.00000e+01
    16 default.C11_2   5.00000e+01  2.00000e+00    0.00000e+00  2.00000e+02
    17 global.He6_2   4.00000e-01  2.00000e-01    0.00000e+00  2.00000e+01
    18 default.Po210_2   3.00000e+02  2.99999e+01    1.00000e-02  3.00000e+03
 **********
 **    2 **SET ERRDEF         0.5
 **********
 PARAMETER DEFINITIONS:
    NO.   NAME         VALUE      STEP SIZE      LIMITS
     1 default.Bi210   2.00000e+01  1.00000e+00    0.00000e+00  1.00000e+02
     2 default.C11   2.80000e+01  1.00000e+00    0.00000e+00  1.00000e+02
     3 global.C14   3.45600e+06  3.93120e+04    0.00000e+00  3.93120e+06
     4 default.C14_pileup   4.00000e+06  6.00000e+04    0.00000e+00  6.00000e+06
     5 global.Ext_Bi214   5.00000e-01  1.00000e-01    0.00000e+00  1.00000e+01
     6 global.Ext_K40   1.50000e-01  1.00000e-01    0.00000e+00  1.00000e+01
     7 global.Ext_Tl208   1.90000e+00  1.00000e-01    0.00000e+00  1.00000e+01
     8 default.Kr85   5.00000e+00  3.00000e-01    0.00000e+00  3.00000e+01
     9 default.Po210   3.00000e+02  2.99999e+01    1.00000e-02  3.00000e+03
    10 default.nu(B8)   4.60000e-01  1.00000e-01    0.00000e+00  1.00000e+01
 **********
 **    1 **FIX          10
 **********
 PARAMETER DEFINITIONS:
    NO.   NAME         VALUE      STEP SIZE      LIMITS
    11 global.nu(Be7)   4.85000e+01  5.00000e-01    2.00000e+01  7.00000e+01
    12 global.nu(CNO)   5.36000e+00  5.00000e-01    0.00000e+00  5.00000e+01
    13 global.nu(pep)   2.20000e+00  1.00000e-01    0.00000e+00  1.00000e+01
    14 global.nu(pp)   1.33000e+02  3.00000e+00    0.00000e+00  3.00000e+02
    15 default.C10_2   1.10000e+00  1.00000e-01    0.00000e+00  1.00000e+01
    16 default.C11_2   5.00000e+01  2.00000e+00    0.00000e+00  2.00000e+02
    17 global.He6_2   4.00000e-01  2.00000e-01    0.00000e+00  2.00000e+01
    18 default.Po210_2   3.00000e+02  2.99999e+01    1.00000e-02  3.00000e+03
 **********
 **    2 **SET ERRDEF         0.5
 **********
 **********
 **    3 **MINIMIZE       2e+04
 **********
 FIRST CALL TO USER FUNCTION AT NEW START POINT, WITH IFLAG=4.
 START MIGRAD MINIMIZATION.  STRATEGY  1.  CONVERGENCE WHEN EDM .LT. 5.00e-05
 FCN=77026.8 FROM MIGRAD    STATUS=INITIATE      147 CALLS         148 TOTAL
                     EDM= unknown      STRATEGY= 1      NO ERROR MATRIX       
  EXT PARAMETER               CURRENT GUESS       STEP         FIRST   
  NO.   NAME      VALUE            ERROR          SIZE      DERIVATIVE 
   1  default.Bi210   2.00000e+01   1.00000e+00   0.00000e+00   3.40288e+03
   2  default.C11   2.80000e+01   1.00000e+00   0.00000e+00   2.04643e+04
   3  global.C14   2.21157e+06   3.93120e+04   0.00000e+00   6.46586e+01
   4  default.C14_pileup   4.00000e+06   6.00000e+04   0.00000e+00   9.14508e+04
   5  global.Ext_Bi214   5.00000e-01   1.00000e-01   0.00000e+00   2.80380e+01
   6  global.Ext_K40   1.50000e-01   1.00000e-01   0.00000e+00   5.95755e+01
   7  global.Ext_Tl208   1.90000e+00   1.00000e-01   0.00000e+00  -4.68160e+02
   8  default.Kr85   5.00000e+00   3.00000e-01   0.00000e+00   9.17479e+02
   9  default.Po210   3.00000e+02   2.99999e+01   0.00000e+00   8.07829e+04
  10  default.nu(B8)   4.60000e-01     fixed    
  11  global.nu(Be7)   4.85000e+01   5.00000e-01   0.00000e+00   1.91464e+03
  12  global.nu(CNO)   5.36000e+00   5.00000e-01   0.00000e+00   1.56092e+03
  13  global.nu(pep)   2.20000e+00   1.00000e-01   0.00000e+00   6.68101e+02
  14  global.nu(pp)   1.33000e+02   3.00000e+00   0.00000e+00   1.06844e+03
  15  default.C10_2   1.10000e+00   1.00000e-01   0.00000e+00   1.53043e+02
  16  default.C11_2   5.00000e+01   2.00000e+00   0.00000e+00  -7.05339e+03
  17  global.He6_2   7.04329e+00   2.00000e-01   9.86844e-01   8.52217e-01
  18  default.Po210_2   3.00000e+02   2.99999e+01   0.00000e+00  -8.21042e+02
                               ERR DEF= 0.5
 MIGRAD MINIMIZATION HAS CONVERGED.
 MIGRAD WILL VERIFY CONVERGENCE AND ERROR MATRIX.
 COVARIANCE MATRIX CALCULATED SUCCESSFULLY
 FCN=8029.76 FROM MIGRAD    STATUS=CONVERGED    1971 CALLS        1972 TOTAL
                     EDM=3.33808e-06    STRATEGY= 1      ERROR MATRIX ACCURATE 
  EXT PARAMETER                                   STEP         FIRST   
  NO.   NAME      VALUE            ERROR          SIZE      DERIVATIVE 
   1  default.Bi210   1.28438e+01   8.23974e+00   9.22106e-04   4.21807e-02
   2  default.C11   1.81905e+00   9.74377e-02   3.49370e-04   7.98029e-02
   3  global.C14   3.15113e+06   3.26190e+04   1.18972e-03   2.23682e-03
   4  default.C14_pileup   5.54618e+05   1.06108e+04   3.58733e-04  -3.60786e-03
   5  global.Ext_Bi214   1.81984e+00   3.02463e-01   3.20589e-03   5.66456e-03
   6  global.Ext_K40   1.05941e+00   6.21696e-01   8.94798e-03   2.22582e-03
   7  global.Ext_Tl208   3.40416e+00   1.62158e-01   1.40473e-03   2.01681e-03
   8  default.Kr85   7.59648e+00   1.87611e+00   2.80755e-03  -3.36739e-03
   9  default.Po210   2.48348e+02   7.46875e-01   5.37525e-05  -4.27611e-01
  10  default.nu(B8)   4.60000e-01     fixed    
  11  global.nu(Be7)   4.73149e+01   1.14439e+00   1.23300e-03   1.98146e-02
  12  global.nu(CNO)   8.88709e+00   7.86638e+00   1.30679e-03   4.26027e-02
  13  global.nu(pep)   1.86217e+00   1.37020e+00   3.06795e-03   2.24993e-02
  14  global.nu(pp)   1.28150e+02   1.01039e+01   3.07326e-03  -5.46087e-04
  15  default.C10_2   8.26516e-01   4.71681e-01   2.94268e-03  -1.27229e-02
  16  default.C11_2   6.43410e+01   5.94333e-01   2.89022e-04   3.72747e-02
  17  global.He6_2   2.02771e+00   1.00202e+00   2.75936e-03   1.32693e-02
  18  default.Po210_2   3.05389e+02   9.87195e-01   6.57794e-05  -2.67066e-01
                               ERR DEF= 0.5
 EXTERNAL ERROR MATRIX.    NDIM=  25    NPAR= 17    ERR DEF=0.5
 ELEMENTS ABOVE DIAGONAL ARE NOT PRINTED.
  6.931e+01 
  3.046e-01  9.494e-03 
  6.406e+03  3.109e+01  1.064e+09 
  9.856e+01  9.431e-01 -5.725e+06  1.126e+08 
 -3.433e-02 -3.790e-03 -1.248e-01 -1.621e-01  9.167e-02 
  1.742e+00 -6.448e-03  1.724e+02  5.508e+00 -5.453e-02  3.919e-01 
 -3.753e-03  6.995e-04 -1.913e+00 -3.459e-02 -3.149e-02  1.230e-02  2.631e-02 
 -1.165e+01 -5.763e-02  3.355e+03  3.447e+01 -3.078e-03 -3.104e-01  5.265e-03  3.544e+00 
  5.547e-01  2.607e-03 -7.285e+02 -1.179e+02 -1.466e-03  1.551e-02  4.483e-04 -2.522e-01  5.578e-01 
 -1.571e+00 -1.142e-02 -1.883e+03 -4.322e+01 -9.553e-04 -4.329e-02  1.667e-03 -4.933e-01 -1.721e-03  1.311e+00 
 -6.638e+01 -2.688e-01 -5.556e+03 -1.294e+02  5.012e-02 -1.590e+00 -7.446e-03  1.078e+01 -5.247e-01  5.923e-01  6.573e+01 
  1.065e+01  3.395e-02  8.104e+02  1.323e+01 -2.986e-03  1.810e-01  6.831e-04 -1.636e+00  8.211e-02  2.200e-02 -1.095e+01 
  1.065e+01  3.395e-02  8.104e+02  1.323e+01 -2.986e-03  1.810e-01  6.831e-04 -1.636e+00  8.211e-02  2.200e-02 -1.095e+01  1.961e+00 
 -1.275e+01 -6.011e-02 -1.164e+05 -2.523e+04  1.173e-03 -3.567e-01  3.489e-03 -3.623e+00  9.586e-01  2.538e+00  1.142e+01 
 -1.275e+01 -6.011e-02 -1.164e+05 -2.523e+04  1.173e-03 -3.567e-01  3.489e-03 -3.623e+00  9.586e-01  2.538e+00  1.142e+01 -1.707e+00  1.022e+02 
 -2.032e-01  3.506e-04 -4.453e+01 -1.235e+00 -3.614e-02  1.760e-02  2.436e-02  1.055e-01  4.515e-03  3.411e-02  9.515e-03 
 -2.032e-01  3.506e-04 -4.453e+01 -1.235e+00 -3.614e-02  1.760e-02  2.436e-02  1.055e-01  4.515e-03  3.411e-02  9.515e-03  8.277e-03  8.303e-02  2.247e-01 
  5.162e-01  5.253e-03  7.257e+01  1.869e+00  2.326e-02 -3.057e-02 -1.057e-02 -1.605e-01 -1.011e-03 -4.005e-02 -2.986e-01 
  5.162e-01  5.253e-03  7.257e+01  1.869e+00  2.326e-02 -3.057e-02 -1.057e-02 -1.605e-01 -1.011e-03 -4.005e-02 -2.986e-01  2.226e-02 -1.385e-01 -1.732e-01  3.532e-01 
 -4.474e-01  1.424e-03 -9.886e+01 -2.691e+00 -8.120e-02  4.858e-02  3.412e-02  2.345e-01  1.019e-02  7.553e-02  1.617e-02 
 -4.474e-01  1.424e-03 -9.886e+01 -2.691e+00 -8.120e-02  4.858e-02  3.412e-02  2.345e-01  1.019e-02  7.553e-02  1.617e-02  1.847e-02  1.841e-01  4.525e-01 -3.937e-01  1.013e+00 
  5.772e-01  2.564e-03 -7.387e+02 -1.182e+02  1.976e-03  1.355e-02 -9.990e-04 -2.658e-01  4.253e-02 -4.913e-03 -5.286e-01 
  5.772e-01  2.564e-03 -7.387e+02 -1.182e+02  1.976e-03  1.355e-02 -9.990e-04 -2.658e-01  4.253e-02 -4.913e-03 -5.286e-01  8.180e-02  9.699e-01 -1.469e-02  1.572e-02 -3.282e-02  9.746e-01 
 PARAMETER  CORRELATION COEFFICIENTS  
       NO.  GLOBAL      1      2      3      4      5      6      7      8      9     11     12     13     14     15     16     17
        1  0.99820   1.000  0.375  0.024  0.001 -0.014  0.334 -0.003 -0.743  0.089 -0.165 -0.983  0.913 -0.152 -0.051  0.104 -0.053
        2  0.63271   0.375  1.000  0.010  0.001 -0.128 -0.106  0.044 -0.314  0.036 -0.102 -0.340  0.249 -0.061  0.008  0.091  0.015
        3  0.38237   0.024  0.010  1.000 -0.017 -0.000  0.008 -0.000  0.055 -0.030 -0.050 -0.021  0.018 -0.353 -0.003  0.004 -0.003
        4  0.31383   0.001  0.001 -0.017  1.000 -0.000  0.001 -0.000  0.002 -0.015 -0.004 -0.002  0.001 -0.235 -0.000  0.000 -0.000
        5  0.75109  -0.014 -0.128 -0.000 -0.000  1.000 -0.288 -0.641 -0.005 -0.006 -0.003  0.020 -0.007  0.000 -0.252  0.129 -0.266
        6  0.70325   0.334 -0.106  0.008  0.001 -0.288  1.000  0.121 -0.263  0.033 -0.060 -0.313  0.207 -0.056  0.059 -0.082  0.077
        7  0.74842  -0.003  0.044 -0.000 -0.000 -0.641  0.121  1.000  0.017  0.004  0.009 -0.006  0.003  0.002  0.317 -0.110  0.209
        8  0.94930  -0.743 -0.314  0.055  0.002 -0.005 -0.263  0.017  1.000 -0.179 -0.229  0.707 -0.621 -0.190  0.118 -0.143  0.124
        9  0.27505   0.089  0.036 -0.030 -0.015 -0.006  0.033  0.004 -0.179  1.000 -0.002 -0.087  0.079  0.127  0.013 -0.002  0.014
       11  0.90127  -0.165 -0.102 -0.050 -0.004 -0.003 -0.060  0.009 -0.229 -0.002  1.000  0.064  0.014  0.219  0.063 -0.059  0.066
       12  0.99876  -0.983 -0.340 -0.021 -0.002  0.020 -0.313 -0.006  0.707 -0.087  0.064  1.000 -0.964  0.139  0.002 -0.062  0.002
       13  0.99042   0.913  0.249  0.018  0.001 -0.007  0.207  0.003 -0.621  0.079  0.014 -0.964  1.000 -0.121  0.012  0.027  0.013
       14  0.68466  -0.152 -0.061 -0.353 -0.235  0.000 -0.056  0.002 -0.190  0.127  0.219  0.139 -0.121  1.000  0.017 -0.023  0.018
       15  0.96107  -0.051  0.008 -0.003 -0.000 -0.252  0.059  0.317  0.118  0.013  0.063  0.002  0.012  0.017  1.000 -0.615  0.948
       16  0.67892   0.104  0.091  0.004  0.000  0.129 -0.082 -0.110 -0.143 -0.002 -0.059 -0.062  0.027 -0.023 -0.615  1.000 -0.658
       17  0.96360  -0.053  0.015 -0.003 -0.000 -0.266  0.077  0.209  0.124  0.014  0.066  0.002  0.013  0.018  0.948 -0.658  1.000
       18  0.21417   0.070  0.027 -0.023 -0.011  0.007  0.022 -0.006 -0.143  0.058 -0.004 -0.066  0.059  0.097 -0.031  0.027 -0.033
                     1.000
 **********
 **    4 **HESSE
 **********
 COVARIANCE MATRIX CALCULATED SUCCESSFULLY
 FCN=8029.76 FROM HESSE     STATUS=OK            207 CALLS        2179 TOTAL
                     EDM=3.30046e-06    STRATEGY= 1      ERROR MATRIX ACCURATE 
  EXT PARAMETER                                INTERNAL      INTERNAL  
  NO.   NAME      VALUE            ERROR       STEP SIZE       VALUE   
   1  default.Bi210   1.28438e+01   8.26969e+00   1.84421e-04  -8.37728e-01
   2  default.C11   1.81905e+00   9.74612e-02   6.98739e-05  -1.30023e+00
   3  global.C14   3.15113e+06   3.26239e+04   4.75889e-05   6.47433e-01
   4  default.C14_pileup   5.54618e+05   1.06124e+04   1.43493e-05  -9.52949e-01
   5  global.Ext_Bi214   1.81984e+00   3.03052e-01   1.28236e-04  -6.89344e-01
   6  global.Ext_K40   1.05941e+00   6.20426e-01   3.57919e-04  -9.07747e-01
   7  global.Ext_Tl208   3.40416e+00   1.62656e-01   5.61891e-05  -3.24851e-01
   8  default.Kr85   7.59648e+00   1.87489e+00   1.12302e-04  -5.16187e-01
   9  default.Po210   2.48348e+02   7.46807e-01   1.07505e-05  -9.87117e-01
  10  default.nu(B8)   4.60000e-01     fixed    
  11  global.nu(Be7)   4.73149e+01   1.14518e+00   2.46600e-04   9.27298e-02
  12  global.nu(CNO)   8.88709e+00   7.89849e+00   2.61358e-04  -7.00391e-01
  13  global.nu(pep)   1.86217e+00   1.37617e+00   6.13589e-04  -6.78424e-01
  14  global.nu(pp)   1.28150e+02   1.01071e+01   1.22931e-04  -6.42937e+00
  15  default.C10_2   8.26516e-01   4.72584e-01   1.17707e-04  -2.15401e+00
  16  default.C11_2   6.43410e+01   5.94073e-01   5.78044e-05  -3.64615e-01
  17  global.He6_2   2.02771e+00   1.00336e+00   1.10375e-04  -9.22691e-01
  18  default.Po210_2   3.05389e+02   9.87131e-01   1.31559e-05  -9.21341e-01
                               ERR DEF= 0.5
 EXTERNAL ERROR MATRIX.    NDIM=  25    NPAR= 17    ERR DEF=0.5
 ELEMENTS ABOVE DIAGONAL ARE NOT PRINTED.
  6.983e+01 
  3.066e-01  9.499e-03 
  6.580e+03  3.191e+01  1.064e+09 
  1.216e+02  1.163e+00 -5.701e+06  1.126e+08 
 -3.793e-02 -3.851e-03 -3.709e-01  1.192e+00  9.203e-02 
  1.756e+00 -6.296e-03  1.770e+02  8.726e-01 -5.420e-02  3.903e-01 
  3.822e-03  7.508e-04 -1.334e+00 -8.360e-01 -3.174e-02  1.236e-02  2.647e-02 
 -1.169e+01 -5.772e-02  3.329e+03  3.246e+01 -2.632e-03 -3.111e-01  4.117e-03  3.540e+00 
  5.543e-01  2.601e-03 -7.275e+02 -1.180e+02 -1.500e-03  1.549e-02  5.166e-04 -2.513e-01  5.577e-01 
 -1.584e+00 -1.150e-02 -1.888e+03 -4.343e+01 -1.046e-03 -4.339e-02  1.665e-03 -4.919e-01 -1.974e-03  1.312e+00 
 -6.693e+01 -2.708e-01 -5.720e+03 -1.539e+02  5.425e-02 -1.606e+00 -1.526e-02  1.083e+01 -5.251e-01  6.044e-01  6.630e+01 
  1.075e+01  3.430e-02  8.364e+02  1.836e+01 -3.884e-03  1.849e-01  2.055e-03 -1.648e+00  8.232e-02  2.006e-02 -1.105e+01 
  1.075e+01  3.430e-02  8.364e+02  1.836e+01 -3.884e-03  1.849e-01  2.055e-03 -1.648e+00  8.232e-02  2.006e-02 -1.105e+01  1.978e+00 
 -1.300e+01 -6.129e-02 -1.166e+05 -2.525e+04  1.243e-03 -3.615e-01  2.530e-03 -3.580e+00  9.559e-01  2.541e+00  1.166e+01 
 -1.300e+01 -6.129e-02 -1.166e+05 -2.525e+04  1.243e-03 -3.615e-01  2.530e-03 -3.580e+00  9.559e-01  2.541e+00  1.166e+01 -1.746e+00  1.023e+02 
 -1.909e-01  4.288e-04 -4.472e+01 -1.991e+00 -3.650e-02  1.776e-02  2.467e-02  1.032e-01  4.667e-03  3.424e-02 -2.918e-03 
 -1.909e-01  4.288e-04 -4.472e+01 -1.991e+00 -3.650e-02  1.776e-02  2.467e-02  1.032e-01  4.667e-03  3.424e-02 -2.918e-03  1.038e-02  8.273e-02  2.256e-01 
  5.117e-01  5.205e-03  7.397e+01  2.724e+00  2.332e-02 -3.028e-02 -1.068e-02 -1.591e-01 -1.105e-03 -4.019e-02 -2.946e-01 
  5.117e-01  5.205e-03  7.397e+01  2.724e+00  2.332e-02 -3.028e-02 -1.068e-02 -1.591e-01 -1.105e-03 -4.019e-02 -2.946e-01  2.161e-02 -1.402e-01 -1.734e-01  3.529e-01 
 -4.280e-01  1.558e-03 -9.997e+01 -3.954e+00 -8.176e-02  4.867e-02  3.466e-02  2.305e-01  1.045e-02  7.585e-02 -3.207e-03 
 -4.280e-01  1.558e-03 -9.997e+01 -3.954e+00 -8.176e-02  4.867e-02  3.466e-02  2.305e-01  1.045e-02  7.585e-02 -3.207e-03  2.177e-02  1.847e-01  4.541e-01 -3.939e-01  1.016e+00 
  5.760e-01  2.553e-03 -7.376e+02 -1.182e+02  1.959e-03  1.353e-02 -9.509e-04 -2.647e-01  4.242e-02 -5.180e-03 -5.281e-01 
  5.760e-01  2.553e-03 -7.376e+02 -1.182e+02  1.959e-03  1.353e-02 -9.509e-04 -2.647e-01  4.242e-02 -5.180e-03 -5.281e-01  8.186e-02  9.672e-01 -1.457e-02  1.560e-02 -3.260e-02  9.744e-01 
 PARAMETER  CORRELATION COEFFICIENTS  
       NO.  GLOBAL      1      2      3      4      5      6      7      8      9     11     12     13     14     15     16     17
        1  0.99821   1.000  0.376  0.024  0.001 -0.015  0.336  0.003 -0.744  0.089 -0.165 -0.984  0.914 -0.154 -0.048  0.103 -0.051
        2  0.63294   0.376  1.000  0.010  0.001 -0.130 -0.103  0.047 -0.315  0.036 -0.103 -0.341  0.250 -0.062  0.009  0.090  0.016
        3  0.38270   0.024  0.010  1.000 -0.016 -0.000  0.009 -0.000  0.054 -0.030 -0.051 -0.022  0.018 -0.353 -0.003  0.004 -0.003
        4  0.31394   0.001  0.001 -0.016  1.000  0.000  0.000 -0.000  0.002 -0.015 -0.004 -0.002  0.001 -0.235 -0.000  0.000 -0.000
        5  0.75202  -0.015 -0.130 -0.000  0.000  1.000 -0.286 -0.643 -0.005 -0.007 -0.003  0.022 -0.009  0.000 -0.253  0.129 -0.267
        6  0.70176   0.336 -0.103  0.009  0.000 -0.286  1.000  0.122 -0.265  0.033 -0.061 -0.316  0.210 -0.057  0.060 -0.082  0.077
        7  0.75002   0.003  0.047 -0.000 -0.000 -0.643  0.122  1.000  0.013  0.004  0.009 -0.012  0.009  0.002  0.319 -0.111  0.211
        8  0.94923  -0.744 -0.315  0.054  0.002 -0.005 -0.265  0.013  1.000 -0.179 -0.228  0.707 -0.623 -0.188  0.115 -0.142  0.122
        9  0.27474   0.089  0.036 -0.030 -0.015 -0.007  0.033  0.004 -0.179  1.000 -0.002 -0.086  0.078  0.127  0.013 -0.002  0.014
       11  0.90141  -0.165 -0.103 -0.051 -0.004 -0.003 -0.061  0.009 -0.228 -0.002  1.000  0.065  0.012  0.219  0.063 -0.059  0.066
       12  0.99877  -0.984 -0.341 -0.022 -0.002  0.022 -0.316 -0.012  0.707 -0.086  0.065  1.000 -0.965  0.142 -0.001 -0.061 -0.000
       13  0.99051   0.914  0.250  0.018  0.001 -0.009  0.210  0.009 -0.623  0.078  0.012 -0.965  1.000 -0.123  0.016  0.026  0.015
       14  0.68490  -0.154 -0.062 -0.353 -0.235  0.000 -0.057  0.002 -0.188  0.127  0.219  0.142 -0.123  1.000  0.017 -0.023  0.018
       15  0.96122  -0.048  0.009 -0.003 -0.000 -0.253  0.060  0.319  0.115  0.013  0.063 -0.001  0.016  0.017  1.000 -0.614  0.948
       16  0.67858   0.103  0.090  0.004  0.000  0.129 -0.082 -0.111 -0.142 -0.002 -0.059 -0.061  0.026 -0.023 -0.614  1.000 -0.658
       17  0.96370  -0.051  0.016 -0.003 -0.000 -0.267  0.077  0.211  0.122  0.014  0.066 -0.000  0.015  0.018  0.948 -0.658  1.000
       18  0.21388   0.070  0.027 -0.023 -0.011  0.007  0.022 -0.006 -0.143  0.058 -0.005 -0.066  0.059  0.097 -0.031  0.027 -0.033
                     1.000
Wallclock time  : 41.631 seconds.
CPU time: 0.004163
Total CPU time: 0.004163
Processor time: 0.003531

FIT PARAMETERS
 ^{210}Bi = 12.8 #pm 8.3 
 ^{11}C = 1.819 #pm 0.097 
 ^{14}C = 3151133.6 #pm 32623.9  [p] 3499200.0 #pm 43200.0
 ^{14}C pileup = 554617.9 #pm 10612.4 
 Ext ^{214}Bi = 1.82 #pm 0.30 
 Ext ^{40}K = 1.06 #pm 0.62 
 Ext ^{208}Tl = 3.40 #pm 0.16 
 ^{85}Kr = 7.6 #pm 1.9 
 ^{210}Po = 248.35 #pm 0.75 
 #nu(^{8}B) = 0.46  [Fixed]
 #nu(^{7}Be) = 47.3 #pm 1.1 
 #nu(CNO) = 8.9 #pm 7.9 
 #nu(pep) = 1.9 #pm 1.4 
 #nu(pp) = 128.1 #pm 10.1 
 ^{10}C 2 = 0.83 #pm 0.47 
 ^{11}C 2 = 64.34 #pm 0.59 
 ^{6}He 2 = 2.0 #pm 1.0 
 ^{210}Po 2 = 305.39 #pm 0.99 

 chi^2                             = 2988.7
 chi^2/N-DOF                       = 1.7843
 p-value                           = 0.000
 Minimized -2Ln(Likelihood)        = 16059.52
 Likelihood p-value                = 0.000 ± 0.000
SimplePlotManager::groupByName <default.Major> appedned to <default>
SimplePlotManager::groupByName <default.TFCtagged> appedned to <default>
