[GPUManager]() registered
regV registering [npe] as [0x1b2d180]
regV registering [npe_short] as [0x1b2d2b0]
regV registering [Po218:peak] as [6002]
regV registering [Rn222:peak] as [5490]
regV registering [Po210:peak] as [5305]
Loaded path: </p/project/cjikp20/jikp2013/bx-GooStats-dingxf_dev/bx-GooStats/data>
RawSpectrumProvider::registerSpecies Register [nu(pep)]
RawSpectrumProvider::registerSpecies Register [nu(Be7)_sunT]
RawSpectrumProvider::registerSpecies Register [nu(Be7)_nosunT]
RawSpectrumProvider::registerSpecies Register [nu(CNO)]
RawSpectrumProvider::registerSpecies Register [nu(pp)_oleg]
RawSpectrumProvider::registerSpecies Register [nu(pp)_aldo]
RawSpectrumProvider::registerSpecies Register [nu(pp)]
RawSpectrumProvider::registerSpecies Register [nu(B8)]
RawSpectrumProvider::registerSpecies Register [C14_universal]
Warning: c14_shape_factor is taken as 1.24
RawSpectrumProvider::registerSpecies Register [C14]
RawSpectrumProvider::registerSpecies Register [C11]
RawSpectrumProvider::registerSpecies Register [C10]
RawSpectrumProvider::registerSpecies Register [Kr85]
RawSpectrumProvider::registerSpecies Register [B12]
RawSpectrumProvider::registerSpecies Register [He6]
RawSpectrumProvider::registerSpecies Register [Pa234m]
RawSpectrumProvider::registerSpecies Register [K40]
RawSpectrumProvider::registerSpecies Register [La138]
RawSpectrumProvider::registerSpecies Register [Bi210_mach4]
RawSpectrumProvider::registerSpecies Register [Bi210_oleg]
RawSpectrumProvider::registerSpecies Register [Bi210_aldo]
RawSpectrumProvider::registerSpecies Register [Bi210_daniel]
RawSpectrumProvider::registerSpecies Register [Bi210_flothmann]
RawSpectrumProvider::registerSpecies Register [Bi210_grau]
RawSpectrumProvider::registerSpecies Register [Pb214_KM]
RawSpectrumProvider::registerSpecies Register [Pb214_aldo_1]
RawSpectrumProvider::registerSpecies Register [Pb214_aldo_2]
RawSpectrumProvider::registerSpecies Register [Pb214_aldo_3]
RawSpectrumProvider::registerSpecies Register [Pb214_aldo_4]
RawSpectrumProvider::registerSpecies Register [Pb214_aldo_5]
RawSpectrumProvider::registerSpecies Register [Pb214_aldo_6]
RawSpectrumProvider::registerSpecies Register [Pb214_aldo_7]
RawSpectrumProvider::registerSpecies Register [Ext_Tl208]
RawSpectrumProvider::registerSpecies Register [Ext_Bi214]
RawSpectrumProvider::registerSpecies Register [Ext_K40]
RawSpectrumProvider::registerSpecies Register [U238_chain]
RawSpectrumProvider::registerSpecies Register [Th232_chain]
RawSpectrumProvider::registerSpecies Register [C14_pileup]
[InputManager]() registered
[PrepareData]() registered
[SimpleFit]() registered
[CNOTest]() registered
[HMLMTest]() registered
[ScanPar]() registered
[CorrelationManager]() registered
[ContourManager]() registered
[OutputManager]() registered
Checking GPU [0]/[1]
Running on [Tesla K80] with compute capability of 3.7
Warning: BatchOutputManager not set, default are used.
LOG: Getting data from file input_files/PeriodPhase3_FVpep_TFCMI_c19.root
Searching final_nhits_pp_0 in pp
LOG: fitting histogram final_nhits_pp_0
WARNING: chain_counts_cum not TH1D, trying other TH1
WARNING: No chain_counts_cum in input directory, trying in the main directory of the file
chain_counts_cum: mean 23.0749
[default] adopt [global] as its parent.
Inserting period [default,input_files/PeriodPhase3_FVpep_TFCMI_c19.root,pp/final_nhits_pp_0,fitoptions/fitoptions_cno-mv-Phase3MI-pdfs_new-nhits-emin140.cfg,species_list/species-fit-cno-mv_CNO-penalty-hm.icc]
ARG[1] <icc> = [species_list/species-fit-cno-mv_CNO-penalty-hm.icc]
InputManager::registerConfigset(default)
Loading from <fitoptions/fitoptions_cno-mv-Phase3MI-pdfs_new-nhits-emin140.cfg>
h_n_used_pmts: mean 1260.22
h_n_used_pmts_weighted: mean 1264.82
h_n_used_pmts0: mean 1261.07
h_n_used_pmts_weighted0: mean 1265.47
h_n_used_pmts1: mean 1258.87
h_n_used_pmts_weighted1: mean 1263.8
option <n_used_charge_histo_name> not set, default value [h_n_used_charge] used
h_n_used_charge: mean 1256.15
option <n_used_charge_po210_histo_name> not set, default value [h_n_used_charge_weighted] used
h_n_used_charge_weighted: mean 1260.75
feq_inv: mean 1.59049
Mask [mask_2] from [h_n_used_pmts] Mean <999.503> RMS <576.892>
Mask [mask_3] from [h_n_used_pmts_weighted] Mean <999.503> RMS <576.893>
Mask [mask_4] from [h_n_used_pmts0] Mean <999.503> RMS <576.892>
Mask [mask_5] from [h_n_used_pmts_weighted0] Mean <999.503> RMS <576.893>
Mask [mask_6] from [h_n_used_pmts1] Mean <999.503> RMS <576.891>
Mask [mask_7] from [h_n_used_pmts_weighted1] Mean <999.503> RMS <576.893>
*********Dump options parsed*********************************
MC_ext_bkg => <true>
alpha_response_function => <scaled_poisson>
alpha_subtracted => <false>
apply_radiochemical_constraints => <false>
applying_mask => <true>
beta_response_function => <scaled_poisson>
bi210_spectrum => <aldo>
c11_quenching_fixed => <false>
c11_subtracted => <true>
complementary_histo_fit => <true>
complementary_histo_name => <pp/final_nhits_pp_1>
convolve_dark_noise => <false>
dark_noise_window => <win1>
fit_results_output => <fit_results.root>
fit_variable => <nhits>
fit_variable_MC => <nhits>
geometric_correction_on => <false>
icc => <species_list/species-fit-cno-mv_CNO-penalty-hm.icc>
ly_fixed => <false>
meantime_cut => <no>
minimization_method => <likelihood>
minimization_routine => <minuit>
montecarlo_interpolation => <off>
montecarlo_spectra_file => <pdfs_new/MCspectra_FVpep_Period_Phase3_unmasked.root>
multivariate_ps_fit => <true>
multivariate_rdist_fit => <true>
n_used_pmts_histo_name => <h_n_used_pmts>
n_used_pmts_po210_histo_name => <h_n_used_pmts_weighted>
n_used_pmts_po210_tfc0_histo_name => <h_n_used_pmts_weighted0>
n_used_pmts_po210_tfc1_histo_name => <h_n_used_pmts_weighted1>
n_used_pmts_tfc0_histo_name => <h_n_used_pmts0>
n_used_pmts_tfc1_histo_name => <h_n_used_pmts1>
neutrino_magnetic_moment => <no>
no_lead_cut => <no>
norm_variable => <true>
npe_offset_fixed => <true>
pb214_spectrum => <aldo>
pileup_eff_ly_fixed => <true>
plot_filename => <plot.root>
po210_quenching_fixed => <false>
quenching_parameterization => <echidna>
save_fit_results => <false>
scale_poisson => <true>
show_only_c14_c14 => <false>
spectra_pdfs => <montecarlo>
synthpup_file => <P91011_Synthetic_Spectra.root>
synthpup_hist => <h_synth_spec_5_dt1>
use_alpha_response_function => <false>
use_remaining_pb214 => <false>
weighted_response => <false>
alpha_resolution_0_guess => float: [1.2]
alpha_resolution_0_max => float: [20]
alpha_resolution_0_min => float: [0]
alpha_resolution_1_guess => float: [0]
alpha_resolution_1_max => float: [0]
alpha_resolution_1_min => float: [0]
alpha_resolution_2_guess => float: [0]
alpha_resolution_2_max => float: [0]
alpha_resolution_2_min => float: [0]
beta_resolution_0_guess => float: [3]
beta_resolution_0_max => float: [20]
beta_resolution_0_min => float: [0]
beta_resolution_1_guess => float: [3]
beta_resolution_1_max => float: [20]
beta_resolution_1_min => float: [0]
beta_resolution_2_guess => float: [7]
beta_resolution_2_max => float: [7]
beta_resolution_2_min => float: [7]
beta_resolution_3_guess => float: [2]
beta_resolution_3_max => float: [10]
beta_resolution_3_min => float: [0]
beta_resolution_4_guess => float: [0]
beta_resolution_4_max => float: [0]
beta_resolution_4_min => float: [0]
beta_resolution_5_guess => float: [0]
beta_resolution_5_max => float: [0]
beta_resolution_5_min => float: [0]
c11_quenching => float: [0.8828]
c14_shape_factor => float: [1.24]
c14_threshold => float: [100]
dark_noise_threshold => float: [100]
ext_bckgd_eff_ly => float: [1.0228]
fCher => float: [2]
fit_verbosity => float: [0]
geometric_correction => float: [0.112]
histogram_binwidth => float: [1]
kb => float: [0.0109]
ly_guess => float: [0.49]
maximum_energy => float: [950]
meantime_cut_correction_c1 => float: [0.974]
meantime_cut_correction_c2 => float: [-0.00211]
minimum_energy => float: [140]
multivariate_ps_fit_bins => float: [1]
multivariate_ps_fit_max => float: [650]
multivariate_ps_fit_min => float: [400]
multivariate_ps_fit_smooth => float: [0]
multivariate_rdist_fit_bins => float: [16]
multivariate_rdist_fit_max => float: [900]
multivariate_rdist_fit_min => float: [500]
multivariate_rdist_fit_smooth => float: [0]
npe_offset => float: [0]
number_of_bins_for_weighted_response => float: [10]
pileup_eff_ly => float: [0.935]
po210_quenching => float: [0.07879]
poisson_factor => float: [15]
poisson_threshold => float: [100]
ser_under_threshold => float: [0.12]
sys_errors_scale => float: [0]
unequalization_factor => float: [1]
*************************************************************
Inserting Constant name [compute_likelihood_p_value] value [0]
regV registering [compute_likelihood_p_value] as [0]
Inserting [C11_qch] to [global]
Inserting [Po210_qch] to [default]
Inserting [extly_qch] to [global]
Linking [Ext_Tl208_qch] with [extly_qch] in [global]
Linking [Ext_Bi214_qch] with [extly_qch] in [global]
Linking [Ext_K40_qch] with [extly_qch] in [global]
Inserting [Po218_qch] to [global]
Inserting [Rn222_qch] to [global]
Inserting [C10_qch] to [global]
Bad programming style of using const_cast!!!
regV registering [NL] as [0x7ffc9802f720]
Inserting [beta_ly] to [default]
810
Inserting [beta_resolution_0] to [global]
Inserting [beta_resolution_1] to [global]
Inserting [beta_resolution_2] to [global]
Inserting [beta_resolution_3] to [global]
Inserting [beta_resolution_4] to [global]
Inserting [beta_resolution_5] to [global]
Inserting [alpha_resolution_0] to [default]
Inserting [alpha_resolution_1] to [default]
Inserting [alpha_resolution_2] to [default]
Inserting [alpha_resolution_3] to [default]
Inserting [alpha_resolution_4] to [default]
Inserting [alpha_resolution_5] to [default]
Inserting [mlp_correction_0] to [default]
Inserting [mlp_correction_1] to [default]
Inserting [mlp_correction_2] to [default]
Inserting [mlp_correction_3] to [default]
Integral: 11.6405, sum = 1.17605e+06, endpoint = 671.809
Integral: 76.3209, sum = 1.81556e+07, endpoint = 264.064
RawSpectrumProvider::registerSpecies Register [nu(Be7+munu)]
RawSpectrumProvider::registerSpecies Register [nu(pp+munu)]
RawSpectrumProvider::registerSpecies Register [Bi210]
RawSpectrumProvider::registerSpecies Register [nu(Be7)]
feq: 1.58703 feq_po: 1.58125
Inserting [default] to default feq: 1.58703 0
Inserting [Po210] to default feq: 1.58125 0
Dumping pre-created rates:
INFO: loading species from file species_list/species-fit-cno-mv_CNO-penalty-hm.icc
Inserting [Bi210] to [default]
Inserting [C10_2] to [default]
Inserting [C11] to [default]
Inserting [C11_2] to [default]
Inserting [Ext_Bi214] to [global]
Inserting [Ext_K40] to [global]
Inserting [Ext_Tl208] to [global]
Inserting [He6_2] to [global]
Inserting [Kr85] to [default]
Inserting [Po210] to [default]
Inserting [Po210_2] to [default]
Inserting [nu(B8)] to [default]
Inserting [nu(Be7)] to [global]
Inserting [nu(CNO)] to [global]
Inserting [nu(pep)] to [global]
 [global] : (C10_qch, global.C10_qch) 
 [global] : (C11_qch, global.C11_qch) 
 [global] : (Ext_Bi214, global.Ext_Bi214) 
 [global] : (Ext_Bi214_qch, global.extly_qch) 
 [global] : (Ext_K40, global.Ext_K40) 
 [global] : (Ext_K40_qch, global.extly_qch) 
 [global] : (Ext_Tl208, global.Ext_Tl208) 
 [global] : (Ext_Tl208_qch, global.extly_qch) 
 [global] : (He6_2, global.He6_2) 
 [global] : (Po218_qch, global.Po218_qch) 
 [global] : (Rn222_qch, global.Rn222_qch) 
 [global] : (beta_resolution_0, global.beta_resolution_0) 
 [global] : (beta_resolution_1, global.beta_resolution_1) 
 [global] : (beta_resolution_2, global.beta_resolution_2) 
 [global] : (beta_resolution_3, global.beta_resolution_3) 
 [global] : (beta_resolution_4, global.beta_resolution_4) 
 [global] : (beta_resolution_5, global.beta_resolution_5) 
 [global] : (extly_qch, global.extly_qch) 
 [global] : (nu(Be7), global.nu(Be7)) 
 [global] : (nu(CNO), global.nu(CNO)) 
 [global] : (nu(pep), global.nu(pep)) 
default>-- [default] : (Bi210, default.Bi210) 
default>-- [default] : (C10_2, default.C10_2) 
default>-- [default] : (C11, default.C11) 
default>-- [default] : (C11_2, default.C11_2) 
default>-- [default] : (Kr85, default.Kr85) 
default>-- [default] : (Po210, default.Po210) 
default>-- [default] : (Po210_2, default.Po210_2) 
default>-- [default] : (Po210_qch, default.Po210_qch) 
default>-- [default] : (alpha_resolution_0, default.alpha_resolution_0) 
default>-- [default] : (alpha_resolution_1, default.alpha_resolution_1) 
default>-- [default] : (alpha_resolution_2, default.alpha_resolution_2) 
default>-- [default] : (alpha_resolution_3, default.alpha_resolution_3) 
default>-- [default] : (alpha_resolution_4, default.alpha_resolution_4) 
default>-- [default] : (alpha_resolution_5, default.alpha_resolution_5) 
default>-- [default] : (beta_ly, default.beta_ly) 
default>-- [default] : (mlp_correction_0, default.mlp_correction_0) 
default>-- [default] : (mlp_correction_1, default.mlp_correction_1) 
default>-- [default] : (mlp_correction_2, default.mlp_correction_2) 
default>-- [default] : (mlp_correction_3, default.mlp_correction_3) 
default>-- [default] : (nu(B8), default.nu(B8)) 
InputManager::registerDataset(default.Major)
InputManager::registerDataset(default.TFCtagged)
Inserting period full [default.Major]
Inserting period full [default.TFCtagged]
Livetime: 555.176 days (c11 subtracted)
computing mass from input_files/PeriodPhase3_FVpep_TFCMI_c19.root
Mass: 71.3 tons
Inserting [default.Major] exposure : [39584.1 (day x tons)]
computing mass from input_files/PeriodPhase3_FVpep_TFCMI_c19.root
Inserting [default.TFCtagged] exposure : [24980.7 (day x tons)]
Inserting type [remaining_pb214] name [default] value [0.00348052]
Remaining Pb214 [default] : 0.00348052 cpd/100 tons
WARNING: pp/final_nhits_pp_1 not TH1D, trying other TH1
WARNING: No pp/final_nhits_pp_1 in input directory, trying in the main directory of the file
pp/final_nhits_pp_1: mean 53.0321
WARNING: the spectrum of [Major] had not Sumw2 set. Setting it now.
WARNING: the spectrum of [TFCtagged] had not Sumw2 set. Setting it now.
Inserting [default.Major] data set
Inserting [default.TFCtagged] data set
INFO: loading species from file species_list/species-fit-cno-mv_CNO-penalty-hm.icc
Loading [Bi210] from [pdfs_new/MCspectra_FVpep_Period_Phase3_unmasked.root/bi210_nhits]
bad programing style, const_cast!!
creating MC species [Bi210] in [default]
Warning: quenching [Bi210_qch] not found in [default].
[Bi210] loaded for [default]
Inserting species (Bi210)[Bi210] to [default.Major] 
Inserting species (Bi210)[Bi210] to [default.TFCtagged] 
Loading [C10] from [pdfs_new/MCspectra_FVpep_Period_Phase3_unmasked.root/c10_nhits]
bad programing style, const_cast!!
creating MC species [C10] in [default]
[C10] loaded for [default]
Inserting species (C10_2)[C10] to [default.TFCtagged] 
Loading [C11] from [pdfs_new/MCspectra_FVpep_Period_Phase3_unmasked.root/c11_nhits]
bad programing style, const_cast!!
creating MC species [C11] in [default]
[C11] loaded for [default]
Inserting species (C11)[C11] to [default.Major] 
creating MC species [C11] in [default]
[C11] loaded for [default]
Inserting species (C11_2)[C11] to [default.TFCtagged] 
Loading [Ext_Bi214] from [pdfs_new/MCspectra_FVpep_Period_Phase3_unmasked.root/ext_bi214_nhits]
bad programing style, const_cast!!
creating MC species [Ext_Bi214] in [default]
[Ext_Bi214] loaded for [default]
Inserting species (Ext_Bi214)[Ext_Bi214] to [default.Major] 
Inserting species (Ext_Bi214)[Ext_Bi214] to [default.TFCtagged] 
Loading [Ext_K40] from [pdfs_new/MCspectra_FVpep_Period_Phase3_unmasked.root/ext_k40_nhits]
bad programing style, const_cast!!
creating MC species [Ext_K40] in [default]
[Ext_K40] loaded for [default]
Inserting species (Ext_K40)[Ext_K40] to [default.Major] 
Inserting species (Ext_K40)[Ext_K40] to [default.TFCtagged] 
Loading [Ext_Tl208] from [pdfs_new/MCspectra_FVpep_Period_Phase3_unmasked.root/ext_tl208_nhits]
bad programing style, const_cast!!
creating MC species [Ext_Tl208] in [default]
[Ext_Tl208] loaded for [default]
Inserting species (Ext_Tl208)[Ext_Tl208] to [default.Major] 
Inserting species (Ext_Tl208)[Ext_Tl208] to [default.TFCtagged] 
Loading [He6] from [pdfs_new/MCspectra_FVpep_Period_Phase3_unmasked.root/he6_nhits]
bad programing style, const_cast!!
creating MC species [He6] in [default]
Warning: quenching [He6_qch] not found in [default].
[He6] loaded for [default]
Inserting species (He6_2)[He6] to [default.TFCtagged] 
Loading [Kr85] from [pdfs_new/MCspectra_FVpep_Period_Phase3_unmasked.root/kr85_nhits]
bad programing style, const_cast!!
creating MC species [Kr85] in [default]
Warning: quenching [Kr85_qch] not found in [default].
[Kr85] loaded for [default]
Inserting species (Kr85)[Kr85] to [default.Major] 
Inserting species (Kr85)[Kr85] to [default.TFCtagged] 
Loading [Po210] from [pdfs_new/MCspectra_FVpep_Period_Phase3_unmasked.root/po210_nhits]
bad programing style, const_cast!!
creating MC species [Po210] in [default]
[Po210] loaded for [default]
Inserting species (Po210)[Po210] to [default.Major] 
creating MC species [Po210] in [default]
[Po210] loaded for [default]
Inserting species (Po210_2)[Po210] to [default.TFCtagged] 
Loading [nu(B8)] from [pdfs_new/MCspectra_FVpep_Period_Phase3_unmasked.root/b8_nhits]
bad programing style, const_cast!!
creating MC species [nu(B8)] in [default]
Warning: quenching [nu(B8)_qch] not found in [default].
[nu(B8)] loaded for [default]
Inserting species (nu(B8))[nu(B8)] to [default.Major] 
Inserting species (nu(B8))[nu(B8)] to [default.TFCtagged] 
Loading [nu(Be7)] from [pdfs_new/MCspectra_FVpep_Period_Phase3_unmasked.root/be7_nhits]
bad programing style, const_cast!!
creating MC species [nu(Be7)] in [default]
Warning: quenching [nu(Be7)_qch] not found in [default].
[nu(Be7)] loaded for [default]
Inserting species (nu(Be7))[nu(Be7)] to [default.Major] 
Inserting species (nu(Be7))[nu(Be7)] to [default.TFCtagged] 
Loading [nu(CNO)] from [pdfs_new/MCspectra_FVpep_Period_Phase3_unmasked.root/cno_nhits]
bad programing style, const_cast!!
creating MC species [nu(CNO)] in [default]
Warning: quenching [nu(CNO)_qch] not found in [default].
[nu(CNO)] loaded for [default]
Inserting species (nu(CNO))[nu(CNO)] to [default.Major] 
Inserting species (nu(CNO))[nu(CNO)] to [default.TFCtagged] 
Loading [nu(pep)] from [pdfs_new/MCspectra_FVpep_Period_Phase3_unmasked.root/pep_nhits]
bad programing style, const_cast!!
creating MC species [nu(pep)] in [default]
Warning: quenching [nu(pep)_qch] not found in [default].
[nu(pep)] loaded for [default]
Inserting species (nu(pep))[nu(pep)] to [default.Major] 
Inserting species (nu(pep))[nu(pep)] to [default.TFCtagged] 
Inserting [default.Major] species vector
searching for [Bi210_sys]..
searching for [C11_sys]..
searching for [Ext_Bi214_sys]..
searching for [Ext_K40_sys]..
searching for [Ext_Tl208_sys]..
searching for [Kr85_sys]..
searching for [Po210_sys]..
searching for [nu(B8)_sys]..
searching for [nu(Be7)_sys]..
searching for [nu(CNO)_sys]..
searching for [nu(pep)_sys]..
Inserting [default.TFCtagged] species vector
searching for [Bi210_sys]..
searching for [C10_2_sys]..
searching for [C11_2_sys]..
searching for [Ext_Bi214_sys]..
searching for [Ext_K40_sys]..
searching for [Ext_Tl208_sys]..
searching for [He6_2_sys]..
searching for [Kr85_sys]..
searching for [Po210_2_sys]..
searching for [nu(B8)_sys]..
searching for [nu(Be7)_sys]..
searching for [nu(CNO)_sys]..
searching for [nu(pep)_sys]..
setting quenching of [Po210] to [0.07879]
Pb214 not implemented in bx-GooStats, it's ignored
setting quenching of [C11] to [0.8828]
INFO: 210Po PMTs used: 2000,0
RawSpectrumProvider::registerSpecies Register [default.Major]
type: [default.Major][0][1]
You have chosen SeparateSumPdfFactory<DnType<NoDn> MLPType<no> MaskType<Mask> DnAfterMask <no>>
SumPdf::registerFunc register [Bi210] as [0]
SumPdf::registerFunc register [C11] as [1]
SumPdf::registerFunc register [Ext_Bi214] as [2]
SumPdf::registerFunc register [Ext_K40] as [3]
SumPdf::registerFunc register [Ext_Tl208] as [4]
SumPdf::registerFunc register [Kr85] as [5]
SumPdf::registerFunc register [Po210] as [6]
SumPdf::registerFunc register [nu(B8)] as [7]
SumPdf::registerFunc register [nu(Be7)] as [8]
SumPdf::registerFunc register [nu(CNO)] as [9]
SumPdf::registerFunc register [nu(pep)] as [10]
SumPdf::registerFunc register [Bi210] as [11]
SumPdf::registerFunc register [C11] as [12]
SumPdf::registerFunc register [Ext_Bi214] as [13]
SumPdf::registerFunc register [Ext_K40] as [14]
SumPdf::registerFunc register [Ext_Tl208] as [15]
SumPdf::registerFunc register [Kr85] as [16]
SumPdf::registerFunc register [Po210] as [17]
SumPdf::registerFunc register [nu(B8)] as [18]
SumPdf::registerFunc register [nu(Be7)] as [19]
SumPdf::registerFunc register [nu(CNO)] as [20]
SumPdf::registerFunc register [nu(pep)] as [21]
Inserting [default.Major] sum pdf
Checking [Bi210] for <User> found? [1] is class<0>? [1]
Checking [C11] for <User> found? [1] is class<0>? [0]
Checking [Ext_Bi214] for <User> found? [1] is class<0>? [1]
Checking [Ext_K40] for <User> found? [1] is class<0>? [1]
Checking [Ext_Tl208] for <User> found? [1] is class<0>? [1]
Checking [Kr85] for <User> found? [1] is class<0>? [1]
Checking [Po210] for <User> found? [1] is class<0>? [1]
Checking [nu(B8)] for <User> found? [1] is class<0>? [1]
Checking [nu(Be7)] for <User> found? [1] is class<0>? [1]
Checking [nu(CNO)] for <User> found? [1] is class<0>? [1]
Checking [nu(pep)] for <User> found? [1] is class<0>? [1]
Checking [Bi210] for <User> found? [1] is class<1>? [0]
Checking [C11] for <User> found? [1] is class<1>? [1]
Checking [Ext_Bi214] for <User> found? [1] is class<1>? [0]
Checking [Ext_K40] for <User> found? [1] is class<1>? [0]
Checking [Ext_Tl208] for <User> found? [1] is class<1>? [0]
Checking [Kr85] for <User> found? [1] is class<1>? [0]
Checking [Po210] for <User> found? [1] is class<1>? [0]
Checking [nu(B8)] for <User> found? [1] is class<1>? [0]
Checking [nu(Be7)] for <User> found? [1] is class<1>? [0]
Checking [nu(CNO)] for <User> found? [1] is class<1>? [0]
Checking [nu(pep)] for <User> found? [1] is class<1>? [0]
Inserting [default]-[default] MV term
Checking [Bi210] for <Rdist> found? [1] is class<0>? [1]
Checking [C11] for <Rdist> found? [1] is class<0>? [1]
Checking [Ext_Bi214] for <Rdist> found? [1] is class<0>? [0]
Checking [Ext_K40] for <Rdist> found? [1] is class<0>? [0]
Checking [Ext_Tl208] for <Rdist> found? [1] is class<0>? [0]
Checking [Kr85] for <Rdist> found? [1] is class<0>? [1]
Checking [Po210] for <Rdist> found? [1] is class<0>? [1]
Checking [nu(B8)] for <Rdist> found? [1] is class<0>? [1]
Checking [nu(Be7)] for <Rdist> found? [1] is class<0>? [1]
Checking [nu(CNO)] for <Rdist> found? [1] is class<0>? [1]
Checking [nu(pep)] for <Rdist> found? [1] is class<0>? [1]
Checking [Bi210] for <Rdist> found? [1] is class<1>? [0]
Checking [C11] for <Rdist> found? [1] is class<1>? [0]
Checking [Ext_Bi214] for <Rdist> found? [1] is class<1>? [1]
Checking [Ext_K40] for <Rdist> found? [1] is class<1>? [1]
Checking [Ext_Tl208] for <Rdist> found? [1] is class<1>? [1]
Checking [Kr85] for <Rdist> found? [1] is class<1>? [0]
Checking [Po210] for <Rdist> found? [1] is class<1>? [0]
Checking [nu(B8)] for <Rdist> found? [1] is class<1>? [0]
Checking [nu(Be7)] for <Rdist> found? [1] is class<1>? [0]
Checking [nu(CNO)] for <Rdist> found? [1] is class<1>? [0]
Checking [nu(pep)] for <Rdist> found? [1] is class<1>? [0]
Inserting [default]-[default] MV term
Inserting [default]-[default] MV term
Inserting [default]-[default] MV term
Inserting [default]-[default] MV term
Inserting [default]-[default] MV term
Inserting [default]-[default] MV term
Inserting [default]-[default] MV term
Inserting [default]-[default] MV term
Inserting [default]-[default] MV term
Inserting [default]-[default] MV term
Inserting [default]-[default] MV term
Inserting [default]-[default] MV term
Inserting [default]-[default] MV term
Inserting [default]-[default] MV term
Inserting [default]-[default] MV term
Inserting [default]-[default] MV term
Pb214 not implemented in bx-GooStats, it's ignored
RawSpectrumProvider::registerSpecies Register [default.TFCtagged]
type: [default.TFCtagged][0][1]
You have chosen SeparateSumPdfFactory<DnType<NoDn> MLPType<no> MaskType<Mask> DnAfterMask <no>>
SumPdf::registerFunc register [C10] as [22]
SumPdf::registerFunc register [C11] as [23]
SumPdf::registerFunc register [He6] as [24]
SumPdf::registerFunc register [Po210] as [25]
SumPdf::registerFunc register [Bi210] as [26]
SumPdf::registerFunc register [C10] as [27]
SumPdf::registerFunc register [C11] as [28]
SumPdf::registerFunc register [Ext_Bi214] as [29]
SumPdf::registerFunc register [Ext_K40] as [30]
SumPdf::registerFunc register [Ext_Tl208] as [31]
SumPdf::registerFunc register [He6] as [32]
SumPdf::registerFunc register [Kr85] as [33]
SumPdf::registerFunc register [Po210] as [34]
SumPdf::registerFunc register [nu(B8)] as [35]
SumPdf::registerFunc register [nu(Be7)] as [36]
SumPdf::registerFunc register [nu(CNO)] as [37]
SumPdf::registerFunc register [nu(pep)] as [38]
Inserting [default.TFCtagged] sum pdf
Inserting (Datasets:default.Major)<default.Major>
Inserting (Datasets:default.TFCtagged)<default.TFCtagged>
Inserting (LikelihoodFactory)<default>
Inserting (LikelihoodFactory)<default>
Inserting (LikelihoodFactory)<default>
Inserting (LikelihoodFactory)<default>
Inserting (LikelihoodFactory)<default>
Inserting (LikelihoodFactory)<default>
Inserting (LikelihoodFactory)<default>
Inserting (LikelihoodFactory)<default>
Inserting (LikelihoodFactory)<default>
Inserting (LikelihoodFactory)<default>
Inserting (LikelihoodFactory)<default>
Inserting (LikelihoodFactory)<default>
Inserting (LikelihoodFactory)<default>
Inserting (LikelihoodFactory)<default>
Inserting (LikelihoodFactory)<default>
Inserting (LikelihoodFactory)<default>
Inserting (LikelihoodFactory)<default>
Debug: LL size 19
 PARAMETER DEFINITIONS:
    NO.   NAME         VALUE      STEP SIZE      LIMITS
     1 default.Bi210   2.00000e+01  1.00000e+00    0.00000e+00  1.00000e+02
     2 default.C11   2.80000e+01  1.00000e+00    0.00000e+00  1.00000e+02
     3 global.Ext_Bi214   5.00000e-01  1.00000e-01    0.00000e+00  1.00000e+01
     4 global.Ext_K40   1.50000e-01  1.00000e-01    0.00000e+00  1.00000e+01
     5 global.Ext_Tl208   1.90000e+00  1.00000e-01    0.00000e+00  1.00000e+01
     6 default.Kr85   5.00000e+00  3.00000e-01    0.00000e+00  3.00000e+01
     7 default.Po210   3.00000e+02  2.99999e+01    1.00000e-02  3.00000e+03
     8 default.nu(B8)   4.60000e-01  1.00000e-01    0.00000e+00  1.00000e+01
 **********
 **    1 **FIX           8
 **********
 PARAMETER DEFINITIONS:
    NO.   NAME         VALUE      STEP SIZE      LIMITS
     9 global.nu(Be7)   4.85000e+01  5.00000e-01    2.00000e+01  7.00000e+01
    10 global.nu(CNO)   5.36000e+00  5.00000e-01    0.00000e+00  5.00000e+01
    11 global.nu(pep)   2.20000e+00  1.00000e-01    0.00000e+00  1.00000e+01
    12 default.C10_2   1.10000e+00  1.00000e-01    0.00000e+00  1.00000e+01
    13 default.C11_2   5.00000e+01  2.00000e+00    0.00000e+00  2.00000e+02
    14 global.He6_2   4.00000e-01  2.00000e-01    0.00000e+00  2.00000e+01
    15 default.Po210_2   3.00000e+02  2.99999e+01    1.00000e-02  3.00000e+03
 **********
 **    2 **SET ERRDEF         0.5
 **********
 PARAMETER DEFINITIONS:
    NO.   NAME         VALUE      STEP SIZE      LIMITS
     1 default.Bi210   2.00000e+01  1.00000e+00    0.00000e+00  1.00000e+02
     2 default.C11   2.80000e+01  1.00000e+00    0.00000e+00  1.00000e+02
     3 global.Ext_Bi214   5.00000e-01  1.00000e-01    0.00000e+00  1.00000e+01
     4 global.Ext_K40   1.50000e-01  1.00000e-01    0.00000e+00  1.00000e+01
     5 global.Ext_Tl208   1.90000e+00  1.00000e-01    0.00000e+00  1.00000e+01
     6 default.Kr85   5.00000e+00  3.00000e-01    0.00000e+00  3.00000e+01
     7 default.Po210   3.00000e+02  2.99999e+01    1.00000e-02  3.00000e+03
     8 default.nu(B8)   4.60000e-01  1.00000e-01    0.00000e+00  1.00000e+01
 **********
 **    1 **FIX           8
 **********
 PARAMETER DEFINITIONS:
    NO.   NAME         VALUE      STEP SIZE      LIMITS
     9 global.nu(Be7)   4.85000e+01  5.00000e-01    2.00000e+01  7.00000e+01
    10 global.nu(CNO)   5.36000e+00  5.00000e-01    0.00000e+00  5.00000e+01
    11 global.nu(pep)   2.20000e+00  1.00000e-01    0.00000e+00  1.00000e+01
    12 default.C10_2   1.10000e+00  1.00000e-01    0.00000e+00  1.00000e+01
    13 default.C11_2   5.00000e+01  2.00000e+00    0.00000e+00  2.00000e+02
    14 global.He6_2   4.00000e-01  2.00000e-01    0.00000e+00  2.00000e+01
    15 default.Po210_2   3.00000e+02  2.99999e+01    1.00000e-02  3.00000e+03
 **********
 **    2 **SET ERRDEF         0.5
 **********
 **********
 **    3 **MINIMIZE       2e+04
 **********
 FIRST CALL TO USER FUNCTION AT NEW START POINT, WITH IFLAG=4.
 START MIGRAD MINIMIZATION.  STRATEGY  1.  CONVERGENCE WHEN EDM .LT. 5.00e-05
 FCN=95154.2 FROM MIGRAD    STATUS=INITIATE      120 CALLS         121 TOTAL
                     EDM= unknown      STRATEGY= 1      NO ERROR MATRIX       
  EXT PARAMETER               CURRENT GUESS       STEP         FIRST   
  NO.   NAME      VALUE            ERROR          SIZE      DERIVATIVE 
   1  default.Bi210   2.00000e+01   1.00000e+00   0.00000e+00   5.40425e+03
   2  default.C11   2.80000e+01   1.00000e+00   0.00000e+00   1.52642e+04
   3  global.Ext_Bi214   6.46862e+00   1.00000e-01   0.00000e+00   1.15496e+02
   4  global.Ext_K40   1.50000e-01   1.00000e-01   0.00000e+00   3.19031e+01
   5  global.Ext_Tl208   1.90000e+00   1.00000e-01   0.00000e+00  -2.31220e+02
   6  default.Kr85   5.00000e+00   3.00000e-01   0.00000e+00   1.59401e+03
   7  default.Po210   3.00000e+02   2.99999e+01   0.00000e+00   2.41609e+05
   8  default.nu(B8)   4.60000e-01     fixed    
   9  global.nu(Be7)   4.85000e+01   5.00000e-01   0.00000e+00   3.81476e+03
  10  global.nu(CNO)   5.36000e+00   5.00000e-01   0.00000e+00   2.33278e+03
  11  global.nu(pep)   2.20000e+00   1.00000e-01   0.00000e+00   7.79839e+02
  12  default.C10_2   1.10000e+00   1.00000e-01   0.00000e+00   6.62719e+01
  13  default.C11_2   5.00000e+01   2.00000e+00   0.00000e+00  -5.74366e+03
  14  global.He6_2   7.06671e+00   2.00000e-01   9.89295e-01   2.81845e+00
  15  default.Po210_2   3.00000e+02   2.99999e+01   0.00000e+00   1.52763e+05
                               ERR DEF= 0.5
 MIGRAD MINIMIZATION HAS CONVERGED.
 MIGRAD WILL VERIFY CONVERGENCE AND ERROR MATRIX.
 COVARIANCE MATRIX CALCULATED SUCCESSFULLY
 FCN=7067.35 FROM MIGRAD    STATUS=CONVERGED    1886 CALLS        1887 TOTAL
                     EDM=4.29361e-06    STRATEGY= 1      ERROR MATRIX ACCURATE 
  EXT PARAMETER                                   STEP         FIRST   
  NO.   NAME      VALUE            ERROR          SIZE      DERIVATIVE 
   1  default.Bi210   1.87309e+01   1.78189e+00   9.50163e-04   8.10116e-02
   2  default.C11   1.79352e+00   1.02306e-01   3.77247e-04  -1.66698e-02
   3  global.Ext_Bi214   4.22513e+00   5.54876e-01   4.34912e-03  -3.47014e-04
   4  global.Ext_K40   3.39334e-08   4.46212e-01   2.46982e-02** at limit **
   5  global.Ext_Tl208   4.89297e+00   2.70424e-01   2.05979e-03  -4.75835e-03
   6  default.Kr85   1.26599e+01   2.08100e+00   3.44201e-03  -1.45569e-02
   7  default.Po210   5.08255e+01   5.79523e-01   6.79222e-05   7.09267e-01
   8  default.nu(B8)   4.60000e-01     fixed    
   9  global.nu(Be7)   4.50386e+01   1.49110e+00   1.39582e-03  -3.81508e-02
  10  global.nu(CNO)   1.75923e-10   3.82616e+00   2.92795e-02** at limit **
  11  global.nu(pep)   2.94932e+00   3.99681e-01   2.79162e-03  -1.81376e-02
  12  default.C10_2   1.72212e+00   5.69112e-01   2.67237e-03   8.97202e-03
  13  default.C11_2   6.80957e+01   7.17084e-01   3.28784e-04  -3.58917e-02
  14  global.He6_2   6.14344e-01   1.17790e+00   5.89390e-03   6.23277e-03
  15  default.Po210_2   5.05883e+01   6.73231e-01   8.54827e-05  -3.75475e-02
                               ERR DEF= 0.5
 EXTERNAL ERROR MATRIX.    NDIM=  25    NPAR= 14    ERR DEF=0.5
 ELEMENTS ABOVE DIAGONAL ARE NOT PRINTED.
  3.177e+00 
  5.268e-02  1.047e-02 
 -8.878e-02  1.139e-02  3.092e-01 
  2.135e-06 -1.278e-07  8.956e-07  6.149e-08 
 -2.790e-02  2.265e-03  1.004e-01  1.921e-07  7.320e-02 
  6.245e-01  1.704e-02 -4.054e-02  6.160e-07 -1.345e-02  4.359e+00 
 -2.235e-02  1.636e-04  1.803e-03  1.616e-08  7.543e-04  6.214e-01  3.358e-01 
  1.534e+00  1.505e-02 -1.166e-02  5.755e-07 -3.088e-03 -1.696e+00 -1.673e-01  2.226e+00 
 -1.075e-05 -4.029e-08  9.738e-08 -1.984e-12  2.151e-08 -1.387e-06 -3.254e-08 -7.435e-08  2.764e-09 
  5.268e-01  1.854e-02 -2.773e-02  1.153e-06 -6.872e-03  1.558e-01 -5.921e-04  1.809e-01  1.866e-06  1.602e-01 
 -2.377e-01  8.542e-04  6.875e-02  1.334e-07  4.426e-02 -1.308e-01  8.392e-03 -2.053e-02  2.170e-08 -2.213e-02  3.264e-01 
  2.725e-01  4.060e-03 -3.031e-02 -3.315e-07 -1.370e-02  1.405e-01 -6.831e-03  2.812e-02 -7.097e-08  4.909e-02 -2.435e-01 
  2.725e-01  4.060e-03 -3.031e-02 -3.315e-07 -1.370e-02  1.405e-01 -6.831e-03  2.812e-02 -7.097e-08  4.909e-02 -2.435e-01  5.142e-01 
  5.391e-01 -3.064e-03 -1.509e-01 -3.988e-07 -5.683e-02  2.955e-01 -1.872e-02  4.729e-02 -5.985e-08  5.307e-02 -6.447e-01 
  5.391e-01 -3.064e-03 -1.509e-01 -3.988e-07 -5.683e-02  2.955e-01 -1.872e-02  4.729e-02 -5.985e-08  5.307e-02 -6.447e-01  5.579e-01  1.445e+00 
  1.467e-03  2.921e-05 -4.809e-03 -1.346e-09 -1.735e-03  6.292e-01  1.289e-01 -1.637e-01 -3.525e-08  1.734e-03 -1.985e-02 
  1.467e-03  2.921e-05 -4.809e-03 -1.346e-09 -1.735e-03  6.292e-01  1.289e-01 -1.637e-01 -3.525e-08  1.734e-03 -1.985e-02  1.760e-02  4.458e-02  4.532e-01 
 PARAMETER  CORRELATION COEFFICIENTS  
       NO.  GLOBAL      1      2      3      4      5      6      7      9     10     11     12     13     14     15
        1  0.93363   1.000  0.289 -0.090  0.005 -0.058  0.168 -0.022  0.577 -0.115  0.738 -0.233  0.213  0.252  0.001
        2  0.53795   0.289  1.000  0.200 -0.005  0.082  0.080  0.003  0.099 -0.007  0.453  0.015  0.055 -0.025  0.000
        3  0.74638  -0.090  0.200  1.000  0.006  0.667 -0.035  0.006 -0.014  0.003 -0.125  0.216 -0.076 -0.226 -0.013
        4  0.02259   0.005 -0.005  0.006  1.000  0.003  0.001  0.000  0.002 -0.000  0.012  0.001 -0.002 -0.001 -0.000
        5  0.75512  -0.058  0.082  0.667  0.003  1.000 -0.024  0.005 -0.008  0.002 -0.063  0.286 -0.071 -0.175 -0.010
        6  0.90718   0.168  0.080 -0.035  0.001 -0.024  1.000  0.514 -0.545 -0.013  0.186 -0.110  0.094  0.118  0.448
        7  0.62383  -0.022  0.003  0.006  0.000  0.005  0.514  1.000 -0.193 -0.001 -0.003  0.025 -0.016 -0.027  0.330
        9  0.91525   0.577  0.099 -0.014  0.002 -0.008 -0.545 -0.193  1.000 -0.001  0.303 -0.024  0.026  0.026 -0.163
       10  0.39270  -0.115 -0.007  0.003 -0.000  0.002 -0.013 -0.001 -0.001  1.000  0.089  0.001 -0.002 -0.001 -0.001
       11  0.83651   0.738  0.453 -0.125  0.012 -0.063  0.186 -0.003  0.303  0.089  1.000 -0.097  0.171  0.110  0.006
       12  0.95263  -0.233  0.015  0.216  0.001  0.286 -0.110  0.025 -0.024  0.001 -0.097  1.000 -0.594 -0.939 -0.052
       13  0.66313   0.213  0.055 -0.076 -0.002 -0.071  0.094 -0.016  0.026 -0.002  0.171 -0.594  1.000  0.647  0.036
       14  0.95639   0.252 -0.025 -0.226 -0.001 -0.175  0.118 -0.027  0.026 -0.001  0.110 -0.939  0.647  1.000  0.055
       15  0.53514   0.001  0.000 -0.013 -0.000 -0.010  0.448  0.330 -0.163 -0.001  0.006 -0.052  0.036  0.055  1.000
 **********
 **    4 **HESSE
 **********
 COVARIANCE MATRIX CALCULATED SUCCESSFULLY
 FCN=7067.35 FROM HESSE     STATUS=OK            160 CALLS        2047 TOTAL
                     EDM=1.84718e-05    STRATEGY= 1      ERROR MATRIX ACCURATE 
  EXT PARAMETER                                INTERNAL      INTERNAL  
  NO.   NAME      VALUE            ERROR       STEP SIZE       VALUE   
   1  default.Bi210   1.87309e+01   2.24101e+00   1.90033e-04  -6.75621e-01
   2  default.C11   1.79352e+00   1.02472e-01   7.54494e-05  -1.30214e+00
   3  global.Ext_Bi214   4.22513e+00   5.56598e-01   1.73965e-04   3.29719e+00
   4  global.Ext_K40   3.39334e-08   4.46332e-01   4.93965e-03  -1.57091e+00
                                 WARNING -   - ABOVE PARAMETER IS AT LIMIT.
   5  global.Ext_Tl208   4.89297e+00   2.70900e-01   8.23917e-05  -2.14068e-02
   6  default.Kr85   1.26599e+01   2.08753e+00   6.88402e-04  -2.98495e+00
   7  default.Po210   5.08255e+01   5.79624e-01   1.35844e-05  -1.30976e+00
   8  default.nu(B8)   4.60000e-01     fixed    
   9  global.nu(Be7)   4.50386e+01   1.49011e+00   2.79164e-04  -9.42632e+00
  10  global.nu(CNO)   1.75923e-10   9.98984e-01   4.39119e-01  -1.57080e+00
                                 WARNING -   - ABOVE PARAMETER IS AT LIMIT.
  11  global.nu(pep)   2.94932e+00   4.69614e-01   5.58324e-04  -2.71899e+00
  12  default.C10_2   1.72212e+00   6.05348e-01   1.06895e-04  -2.42665e+00
  13  default.C11_2   6.80957e+01   7.40439e-01   6.57567e-05  -3.24720e-01
  14  global.He6_2   6.14344e-01   1.25344e+00   2.35756e-04  -1.92314e+00
  15  default.Po210_2   5.05883e+01   6.73468e-01   1.70965e-05  -1.31037e+00
                               ERR DEF= 0.5
 EXTERNAL ERROR MATRIX.    NDIM=  25    NPAR= 14    ERR DEF=0.5
 ELEMENTS ABOVE DIAGONAL ARE NOT PRINTED.
  5.028e+00 
  6.030e-02  1.050e-02 
 -1.110e-01  1.140e-02  3.111e-01 
  5.242e-07 -2.188e-08  1.947e-07  6.151e-08 
 -3.339e-02  2.279e-03  1.011e-01  4.489e-08  7.346e-02 
  8.516e-01  1.788e-02 -4.629e-02  1.369e-07 -1.517e-02  4.387e+00 
 -1.134e-02  2.336e-04  2.116e-03  5.151e-09  8.955e-04  6.217e-01  3.360e-01 
  1.443e+00  1.461e-02 -1.107e-02  1.256e-07 -3.014e-03 -1.699e+00 -1.672e-01  2.223e+00 
 -3.635e-05 -1.554e-07  3.067e-07 -1.466e-12  6.115e-08 -4.129e-06 -2.246e-07  1.708e-06  7.077e-10 
  1.950e-01  1.709e-02 -2.534e-02  2.182e-07 -6.463e-03  1.199e-01 -2.691e-03  1.965e-01  6.641e-06  2.213e-01 
 -2.682e-01  1.094e-03  7.865e-02  3.420e-08  4.773e-02 -1.501e-01  9.734e-03 -2.384e-02 -1.118e-07 -2.673e-02  3.696e-01 
  3.194e-01  3.941e-03 -3.913e-02 -6.595e-08 -1.677e-02  1.599e-01 -7.868e-03  3.015e-02 -2.869e-07  4.964e-02 -2.818e-01 
  3.194e-01  3.941e-03 -3.913e-02 -6.595e-08 -1.677e-02  1.599e-01 -7.868e-03  3.015e-02 -2.869e-07  4.964e-02 -2.818e-01  5.483e-01 
  6.069e-01 -3.565e-03 -1.721e-01 -9.430e-08 -6.425e-02  3.375e-01 -2.158e-02  5.431e-02  2.013e-07  6.263e-02 -7.380e-01 
  6.069e-01 -3.565e-03 -1.721e-01 -9.430e-08 -6.425e-02  3.375e-01 -2.158e-02  5.431e-02  2.013e-07  6.263e-02 -7.380e-01  6.404e-01  1.646e+00 
  1.558e-02  7.029e-05 -5.558e-03  1.146e-10 -1.977e-03  6.316e-01  1.289e-01 -1.633e-01 -2.157e-07  6.074e-05 -2.287e-02 
  1.558e-02  7.029e-05 -5.558e-03  1.146e-10 -1.977e-03  6.316e-01  1.289e-01 -1.633e-01 -2.157e-07  6.074e-05 -2.287e-02  2.040e-02  5.111e-02  4.536e-01 
 PARAMETER  CORRELATION COEFFICIENTS  
       NO.  GLOBAL      1      2      3      4      5      6      7      9     10     11     12     13     14     15
        1  0.95859   1.000  0.262 -0.089  0.001 -0.055  0.181 -0.009  0.432 -0.609  0.185 -0.197  0.192  0.211  0.010
        2  0.54011   0.262  1.000  0.199 -0.001  0.082  0.083  0.004  0.096 -0.057  0.355  0.018  0.052 -0.027  0.001
        3  0.74853  -0.089  0.199  1.000  0.001  0.669 -0.040  0.007 -0.013  0.021 -0.097  0.232 -0.095 -0.240 -0.015
        4  0.00446   0.001 -0.001  0.001  1.000  0.001  0.000  0.000  0.000 -0.000  0.002  0.000 -0.000 -0.000  0.000
        5  0.75625  -0.055  0.082  0.669  0.001  1.000 -0.027  0.006 -0.007  0.008 -0.051  0.290 -0.084 -0.185 -0.011
        6  0.90780   0.181  0.083 -0.040  0.000 -0.027  1.000  0.512 -0.544 -0.074  0.122 -0.118  0.103  0.126  0.448
        7  0.62402  -0.009  0.004  0.007  0.000  0.006  0.512  1.000 -0.193 -0.015 -0.010  0.028 -0.018 -0.029  0.330
        9  0.91513   0.432  0.096 -0.013  0.000 -0.007 -0.544 -0.193  1.000  0.043  0.280 -0.026  0.027  0.028 -0.163
       10  0.94895  -0.609 -0.057  0.021 -0.000  0.008 -0.074 -0.015  0.043  1.000  0.531 -0.007 -0.015  0.006 -0.012
       11  0.88473   0.185  0.355 -0.097  0.002 -0.051  0.122 -0.010  0.280  0.531  1.000 -0.093  0.142  0.104  0.000
       12  0.95830  -0.197  0.018  0.232  0.000  0.290 -0.118  0.028 -0.026 -0.007 -0.093  1.000 -0.626 -0.946 -0.056
       13  0.68886   0.192  0.052 -0.095 -0.000 -0.084  0.103 -0.018  0.027 -0.015  0.142 -0.626  1.000  0.674  0.041
       14  0.96181   0.211 -0.027 -0.240 -0.000 -0.185  0.126 -0.029  0.028  0.006  0.104 -0.946  0.674  1.000  0.059
       15  0.53561   0.010  0.001 -0.015  0.000 -0.011  0.448  0.330 -0.163 -0.012  0.000 -0.056  0.041  0.059  1.000
Wallclock time  : 31.0861 seconds.
CPU time: 0.003109
Total CPU time: 0.003109
Processor time: 0.002613

FIT PARAMETERS
 ^{210}Bi = 18.7 #pm 2.2 
 ^{11}C = 1.79 #pm 0.10 
 Ext ^{214}Bi = 4.23 #pm 0.56 
 Ext ^{40}K = 0.00  [Railed]
 Ext ^{208}Tl = 4.89 #pm 0.27 
 ^{85}Kr = 12.7 #pm 2.1 
 ^{210}Po = 50.83 #pm 0.58 
 #nu(^{8}B) = 0.46  [Fixed]
 #nu(^{7}Be) = 45.0 #pm 1.5 
 #nu(CNO) = 0.00  [Railed]
 #nu(pep) = 2.95 #pm 0.47 
 ^{10}C 2 = 1.72 #pm 0.61 
 ^{11}C 2 = 68.10 #pm 0.74 
 ^{6}He 2 = 0.6 #pm 1.3 
 ^{210}Po 2 = 50.59 #pm 0.67 

 chi^2                             = 2109.4
 chi^2/N-DOF                       = 1.3444
 p-value                           = 0.000
 Minimized -2Ln(Likelihood)        = 14134.69
 Likelihood p-value                = 0.000 ± 0.000
SimplePlotManager::groupByName <default.Major> appedned to <default>
SimplePlotManager::groupByName <default.TFCtagged> appedned to <default>
