[GPUManager]() registered
regV registering [npe] as [0x1379180]
regV registering [npe_short] as [0x13792b0]
regV registering [Po218:peak] as [6002]
regV registering [Rn222:peak] as [5490]
regV registering [Po210:peak] as [5305]
Loaded path: </p/project/cjikp20/jikp2013/bx-GooStats-dingxf_dev/bx-GooStats/data>
RawSpectrumProvider::registerSpecies Register [nu(pep)]
RawSpectrumProvider::registerSpecies Register [nu(Be7)_sunT]
RawSpectrumProvider::registerSpecies Register [nu(Be7)_nosunT]
RawSpectrumProvider::registerSpecies Register [nu(CNO)]
RawSpectrumProvider::registerSpecies Register [nu(pp)_oleg]
RawSpectrumProvider::registerSpecies Register [nu(pp)_aldo]
RawSpectrumProvider::registerSpecies Register [nu(pp)]
RawSpectrumProvider::registerSpecies Register [nu(B8)]
RawSpectrumProvider::registerSpecies Register [C14_universal]
Warning: c14_shape_factor is taken as 1.24
RawSpectrumProvider::registerSpecies Register [C14]
RawSpectrumProvider::registerSpecies Register [C11]
RawSpectrumProvider::registerSpecies Register [C10]
RawSpectrumProvider::registerSpecies Register [Kr85]
RawSpectrumProvider::registerSpecies Register [B12]
RawSpectrumProvider::registerSpecies Register [He6]
RawSpectrumProvider::registerSpecies Register [Pa234m]
RawSpectrumProvider::registerSpecies Register [K40]
RawSpectrumProvider::registerSpecies Register [La138]
RawSpectrumProvider::registerSpecies Register [Bi210_mach4]
RawSpectrumProvider::registerSpecies Register [Bi210_oleg]
RawSpectrumProvider::registerSpecies Register [Bi210_aldo]
RawSpectrumProvider::registerSpecies Register [Bi210_daniel]
RawSpectrumProvider::registerSpecies Register [Bi210_flothmann]
RawSpectrumProvider::registerSpecies Register [Bi210_grau]
RawSpectrumProvider::registerSpecies Register [Pb214_KM]
RawSpectrumProvider::registerSpecies Register [Pb214_aldo_1]
RawSpectrumProvider::registerSpecies Register [Pb214_aldo_2]
RawSpectrumProvider::registerSpecies Register [Pb214_aldo_3]
RawSpectrumProvider::registerSpecies Register [Pb214_aldo_4]
RawSpectrumProvider::registerSpecies Register [Pb214_aldo_5]
RawSpectrumProvider::registerSpecies Register [Pb214_aldo_6]
RawSpectrumProvider::registerSpecies Register [Pb214_aldo_7]
RawSpectrumProvider::registerSpecies Register [Ext_Tl208]
RawSpectrumProvider::registerSpecies Register [Ext_Bi214]
RawSpectrumProvider::registerSpecies Register [Ext_K40]
RawSpectrumProvider::registerSpecies Register [U238_chain]
RawSpectrumProvider::registerSpecies Register [Th232_chain]
RawSpectrumProvider::registerSpecies Register [C14_pileup]
[InputManager]() registered
[PrepareData]() registered
[SimpleFit]() registered
[CNOTest]() registered
[HMLMTest]() registered
[ScanPar]() registered
[CorrelationManager]() registered
[ContourManager]() registered
[OutputManager]() registered
Checking GPU [0]/[1]
Running on [Tesla K80] with compute capability of 3.7
Warning: BatchOutputManager not set, default are used.
LOG: Getting data from file input_files/PeriodPhase2_FVpep_TFCMZ_c19.root
Searching final_nhits_pp_0 in pp
LOG: fitting histogram final_nhits_pp_0
WARNING: chain_counts_cum not TH1D, trying other TH1
WARNING: No chain_counts_cum in input directory, trying in the main directory of the file
chain_counts_cum: mean 23.3418
[default] adopt [global] as its parent.
Inserting period [default,input_files/PeriodPhase2_FVpep_TFCMZ_c19.root,pp/final_nhits_pp_0,fitoptions/fitoptions_gpu-mv-Phase2MZ-pdfs_TAUP2017-nhits-emin92-pileup.cfg,species_list/species-fit-gpu-mv_CNO-pileup-penalty-hm.icc]
ARG[1] <icc> = [species_list/species-fit-gpu-mv_CNO-pileup-penalty-hm.icc]
InputManager::registerConfigset(default)
Loading from <fitoptions/fitoptions_gpu-mv-Phase2MZ-pdfs_TAUP2017-nhits-emin92-pileup.cfg>
h_n_used_pmts: mean 1564.15
h_n_used_pmts_weighted: mean 1675.51
h_n_used_pmts0: mean 1561.5
h_n_used_pmts_weighted0: mean 1673.96
h_n_used_pmts1: mean 1568.93
h_n_used_pmts_weighted1: mean 1678.16
option <n_used_charge_histo_name> not set, default value [h_n_used_charge] used
h_n_used_charge: mean 1561.08
option <n_used_charge_po210_histo_name> not set, default value [h_n_used_charge_weighted] used
h_n_used_charge_weighted: mean 1671.67
feq_inv: mean 1.28509
Mask [mask_2] from [h_n_used_pmts] Mean <999.503> RMS <576.981>
Mask [mask_3] from [h_n_used_pmts_weighted] Mean <999.502> RMS <577.005>
Mask [mask_4] from [h_n_used_pmts0] Mean <999.503> RMS <576.98>
Mask [mask_5] from [h_n_used_pmts_weighted0] Mean <999.502> RMS <577.005>
Mask [mask_6] from [h_n_used_pmts1] Mean <999.503> RMS <576.982>
Mask [mask_7] from [h_n_used_pmts_weighted1] Mean <999.502> RMS <577.005>
*********Dump options parsed*********************************
MC_ext_bkg => <true>
alpha_response_function => <scaled_poisson>
alpha_subtracted => <false>
apply_radiochemical_constraints => <false>
applying_mask => <true>
beta_response_function => <scaled_poisson>
bi210_spectrum => <aldo>
c11_quenching_fixed => <false>
c11_subtracted => <true>
complementary_histo_fit => <true>
complementary_histo_name => <pp/final_nhits_pp_1>
convolve_dark_noise => <false>
dark_noise_window => <win1>
fit_results_output => <fit_results.root>
fit_variable => <nhits>
fit_variable_MC => <nhits>
geometric_correction_on => <false>
icc => <species_list/species-fit-gpu-mv_CNO-pileup-penalty-hm.icc>
ly_fixed => <false>
meantime_cut => <no>
minimization_method => <likelihood>
minimization_routine => <minuit>
montecarlo_interpolation => <off>
montecarlo_spectra_file => <pdfs_TAUP2017/MCspectra_pp_FVpep_Phase2_emin1_masked.root>
multivariate_ps_fit => <true>
multivariate_rdist_fit => <true>
n_used_pmts_histo_name => <h_n_used_pmts>
n_used_pmts_po210_histo_name => <h_n_used_pmts_weighted>
n_used_pmts_po210_tfc0_histo_name => <h_n_used_pmts_weighted0>
n_used_pmts_po210_tfc1_histo_name => <h_n_used_pmts_weighted1>
n_used_pmts_tfc0_histo_name => <h_n_used_pmts0>
n_used_pmts_tfc1_histo_name => <h_n_used_pmts1>
neutrino_magnetic_moment => <no>
no_lead_cut => <no>
norm_variable => <true>
npe_offset_fixed => <true>
pb214_spectrum => <aldo>
pileup_eff_ly_fixed => <true>
plot_filename => <plot.root>
po210_quenching_fixed => <false>
quenching_parameterization => <echidna>
save_fit_results => <false>
scale_poisson => <true>
show_only_c14_c14 => <false>
spectra_pdfs => <montecarlo>
synthpup_file => <P91011_Synthetic_Spectra.root>
synthpup_hist => <h_synth_spec_5_dt1>
use_alpha_response_function => <false>
use_remaining_pb214 => <false>
weighted_response => <false>
alpha_resolution_0_guess => float: [1.2]
alpha_resolution_0_max => float: [20]
alpha_resolution_0_min => float: [0]
alpha_resolution_1_guess => float: [0]
alpha_resolution_1_max => float: [0]
alpha_resolution_1_min => float: [0]
alpha_resolution_2_guess => float: [0]
alpha_resolution_2_max => float: [0]
alpha_resolution_2_min => float: [0]
beta_resolution_0_guess => float: [3]
beta_resolution_0_max => float: [20]
beta_resolution_0_min => float: [0]
beta_resolution_1_guess => float: [3]
beta_resolution_1_max => float: [20]
beta_resolution_1_min => float: [0]
beta_resolution_2_guess => float: [7]
beta_resolution_2_max => float: [7]
beta_resolution_2_min => float: [7]
beta_resolution_3_guess => float: [2]
beta_resolution_3_max => float: [10]
beta_resolution_3_min => float: [0]
beta_resolution_4_guess => float: [0]
beta_resolution_4_max => float: [0]
beta_resolution_4_min => float: [0]
beta_resolution_5_guess => float: [0]
beta_resolution_5_max => float: [0]
beta_resolution_5_min => float: [0]
c11_quenching => float: [0.8828]
c14_shape_factor => float: [1.24]
c14_threshold => float: [100]
dark_noise_threshold => float: [100]
ext_bckgd_eff_ly => float: [1.0228]
fCher => float: [2]
fit_verbosity => float: [0]
geometric_correction => float: [0.112]
histogram_binwidth => float: [1]
kb => float: [0.0109]
ly_guess => float: [0.49]
maximum_energy => float: [950]
meantime_cut_correction_c1 => float: [0.974]
meantime_cut_correction_c2 => float: [-0.00211]
minimum_energy => float: [92]
multivariate_ps_fit_bins => float: [1]
multivariate_ps_fit_max => float: [650]
multivariate_ps_fit_min => float: [400]
multivariate_ps_fit_smooth => float: [0]
multivariate_rdist_fit_bins => float: [16]
multivariate_rdist_fit_max => float: [900]
multivariate_rdist_fit_min => float: [500]
multivariate_rdist_fit_smooth => float: [0]
npe_offset => float: [0]
number_of_bins_for_weighted_response => float: [10]
pileup_eff_ly => float: [0.935]
pileup_penalty_max => float: [120]
pileup_penalty_mean => float: [2.1]
pileup_penalty_min => float: [100]
pileup_penalty_sigma => float: [0.04]
po210_quenching => float: [0.07879]
poisson_factor => float: [15]
poisson_threshold => float: [100]
ser_under_threshold => float: [0.12]
sys_errors_scale => float: [0]
unequalization_factor => float: [1]
*************************************************************
Inserting Constant name [compute_likelihood_p_value] value [0]
regV registering [compute_likelihood_p_value] as [0]
Inserting [C11_qch] to [global]
Inserting [Po210_qch] to [default]
Inserting [extly_qch] to [global]
Linking [Ext_Tl208_qch] with [extly_qch] in [global]
Linking [Ext_Bi214_qch] with [extly_qch] in [global]
Linking [Ext_K40_qch] with [extly_qch] in [global]
Inserting [Po218_qch] to [global]
Inserting [Rn222_qch] to [global]
Inserting [C10_qch] to [global]
Bad programming style of using const_cast!!!
regV registering [NL] as [0x7ffdc1a873d0]
Inserting [beta_ly] to [default]
858
Inserting [beta_resolution_0] to [global]
Inserting [beta_resolution_1] to [global]
Inserting [beta_resolution_2] to [global]
Inserting [beta_resolution_3] to [global]
Inserting [beta_resolution_4] to [global]
Inserting [beta_resolution_5] to [global]
Inserting [alpha_resolution_0] to [default]
Inserting [alpha_resolution_1] to [default]
Inserting [alpha_resolution_2] to [default]
Inserting [alpha_resolution_3] to [default]
Inserting [alpha_resolution_4] to [default]
Inserting [alpha_resolution_5] to [default]
Inserting [mlp_correction_0] to [default]
Inserting [mlp_correction_1] to [default]
Inserting [mlp_correction_2] to [default]
Inserting [mlp_correction_3] to [default]
Integral: 11.6405, sum = 1.17605e+06, endpoint = 671.809
Integral: 76.3209, sum = 1.81556e+07, endpoint = 264.064
RawSpectrumProvider::registerSpecies Register [nu(Be7+munu)]
RawSpectrumProvider::registerSpecies Register [nu(pp+munu)]
RawSpectrumProvider::registerSpecies Register [Bi210]
RawSpectrumProvider::registerSpecies Register [nu(Be7)]
feq: 1.27865 feq_po: 1.19367
Inserting [default] to default feq: 1.27865 0
Inserting [Po210] to default feq: 1.19367 0
Dumping pre-created rates:
INFO: loading species from file species_list/species-fit-gpu-mv_CNO-pileup-penalty-hm.icc
Inserting [Bi210] to [default]
Inserting [C10_2] to [default]
Inserting [C11] to [default]
Inserting [C11_2] to [default]
Inserting [C14] to [global]
Inserting [C14_pileup] to [default]
Inserting [Ext_Bi214] to [global]
Inserting [Ext_K40] to [global]
Inserting [Ext_Tl208] to [global]
Inserting [He6_2] to [global]
Inserting [Kr85] to [default]
Inserting [Po210] to [default]
Inserting [Po210_2] to [default]
Inserting [nu(B8)] to [default]
Inserting [nu(Be7)] to [global]
Inserting [nu(CNO)] to [global]
Inserting [nu(pep)] to [global]
Inserting [nu(pp)] to [global]
 [global] : (C10_qch, global.C10_qch) 
 [global] : (C11_qch, global.C11_qch) 
 [global] : (C14, global.C14) 
 [global] : (Ext_Bi214, global.Ext_Bi214) 
 [global] : (Ext_Bi214_qch, global.extly_qch) 
 [global] : (Ext_K40, global.Ext_K40) 
 [global] : (Ext_K40_qch, global.extly_qch) 
 [global] : (Ext_Tl208, global.Ext_Tl208) 
 [global] : (Ext_Tl208_qch, global.extly_qch) 
 [global] : (He6_2, global.He6_2) 
 [global] : (Po218_qch, global.Po218_qch) 
 [global] : (Rn222_qch, global.Rn222_qch) 
 [global] : (beta_resolution_0, global.beta_resolution_0) 
 [global] : (beta_resolution_1, global.beta_resolution_1) 
 [global] : (beta_resolution_2, global.beta_resolution_2) 
 [global] : (beta_resolution_3, global.beta_resolution_3) 
 [global] : (beta_resolution_4, global.beta_resolution_4) 
 [global] : (beta_resolution_5, global.beta_resolution_5) 
 [global] : (extly_qch, global.extly_qch) 
 [global] : (nu(Be7), global.nu(Be7)) 
 [global] : (nu(CNO), global.nu(CNO)) 
 [global] : (nu(pep), global.nu(pep)) 
 [global] : (nu(pp), global.nu(pp)) 
default>-- [default] : (Bi210, default.Bi210) 
default>-- [default] : (C10_2, default.C10_2) 
default>-- [default] : (C11, default.C11) 
default>-- [default] : (C11_2, default.C11_2) 
default>-- [default] : (C14_pileup, default.C14_pileup) 
default>-- [default] : (Kr85, default.Kr85) 
default>-- [default] : (Po210, default.Po210) 
default>-- [default] : (Po210_2, default.Po210_2) 
default>-- [default] : (Po210_qch, default.Po210_qch) 
default>-- [default] : (alpha_resolution_0, default.alpha_resolution_0) 
default>-- [default] : (alpha_resolution_1, default.alpha_resolution_1) 
default>-- [default] : (alpha_resolution_2, default.alpha_resolution_2) 
default>-- [default] : (alpha_resolution_3, default.alpha_resolution_3) 
default>-- [default] : (alpha_resolution_4, default.alpha_resolution_4) 
default>-- [default] : (alpha_resolution_5, default.alpha_resolution_5) 
default>-- [default] : (beta_ly, default.beta_ly) 
default>-- [default] : (mlp_correction_0, default.mlp_correction_0) 
default>-- [default] : (mlp_correction_1, default.mlp_correction_1) 
default>-- [default] : (mlp_correction_2, default.mlp_correction_2) 
default>-- [default] : (mlp_correction_3, default.mlp_correction_3) 
default>-- [default] : (nu(B8), default.nu(B8)) 
InputManager::registerDataset(default.Major)
InputManager::registerDataset(default.TFCtagged)
InputManager::registerDataset(pileupL)
Inserting period full [default.Major]
Inserting period full [default.TFCtagged]
Inserting period full [pileupL]
Livetime: 810.247 days (c11 subtracted)
computing mass from input_files/PeriodPhase2_FVpep_TFCMZ_c19.root
Mass: 71.3 tons
Inserting [default.Major] exposure : [57770.6 (day x tons)]
computing mass from input_files/PeriodPhase2_FVpep_TFCMZ_c19.root
Inserting [default.TFCtagged] exposure : [31958.2 (day x tons)]
Inserting type [remaining_pb214] name [default] value [0.0200354]
Remaining Pb214 [default] : 0.0200354 cpd/100 tons
WARNING: pp/final_nhits_pp_1 not TH1D, trying other TH1
WARNING: No pp/final_nhits_pp_1 in input directory, trying in the main directory of the file
pp/final_nhits_pp_1: mean 51.2538
WARNING: the spectrum of [Major] had not Sumw2 set. Setting it now.
WARNING: the spectrum of [TFCtagged] had not Sumw2 set. Setting it now.
Inserting [default.Major] data set
Inserting [default.TFCtagged] data set
INFO: loading species from file species_list/species-fit-gpu-mv_CNO-pileup-penalty-hm.icc
Loading [Bi210] from [pdfs_TAUP2017/MCspectra_pp_FVpep_Phase2_emin1_masked.root/bi210_nhits]
bad programing style, const_cast!!
creating MC species [Bi210] in [default]
Warning: quenching [Bi210_qch] not found in [default].
[Bi210] loaded for [default]
Inserting species (Bi210)[Bi210] to [default.Major] 
Inserting species (Bi210)[Bi210] to [default.TFCtagged] 
Loading [C10] from [pdfs_TAUP2017/MCspectra_pp_FVpep_Phase2_emin1_masked.root/c10_nhits]
bad programing style, const_cast!!
creating MC species [C10] in [default]
[C10] loaded for [default]
Inserting species (C10_2)[C10] to [default.TFCtagged] 
Loading [C11] from [pdfs_TAUP2017/MCspectra_pp_FVpep_Phase2_emin1_masked.root/c11_nhits]
bad programing style, const_cast!!
creating MC species [C11] in [default]
[C11] loaded for [default]
Inserting species (C11)[C11] to [default.Major] 
creating MC species [C11] in [default]
[C11] loaded for [default]
Inserting species (C11_2)[C11] to [default.TFCtagged] 
Loading [C14] from [pdfs_TAUP2017/MCspectra_pp_FVpep_Phase2_emin1_masked.root/c14_nhits]
bad programing style, const_cast!!
creating MC species [C14] in [default]
Warning: quenching [C14_qch] not found in [default].
[C14] loaded for [default]
Inserting species (C14)[C14] to [default.Major] 
Inserting species (C14)[C14] to [default.TFCtagged] 
Loading [C14_pileup] from [pdfs_TAUP2017/MCspectra_pp_FVpep_Phase2_emin1_masked.root/MC_pileup_nhits]
bad programing style, const_cast!!
creating MC species [C14_pileup] in [default]
Warning: quenching [C14_pileup_qch] not found in [default].
[C14_pileup] loaded for [default]
Inserting species (C14_pileup)[C14_pileup] to [default.Major] 
Inserting species (C14_pileup)[C14_pileup] to [default.TFCtagged] 
Loading [Ext_Bi214] from [pdfs_TAUP2017/MCspectra_pp_FVpep_Phase2_emin1_masked.root/ext_bi214_nhits]
bad programing style, const_cast!!
creating MC species [Ext_Bi214] in [default]
[Ext_Bi214] loaded for [default]
Inserting species (Ext_Bi214)[Ext_Bi214] to [default.Major] 
Inserting species (Ext_Bi214)[Ext_Bi214] to [default.TFCtagged] 
Loading [Ext_K40] from [pdfs_TAUP2017/MCspectra_pp_FVpep_Phase2_emin1_masked.root/ext_k40_nhits]
bad programing style, const_cast!!
creating MC species [Ext_K40] in [default]
[Ext_K40] loaded for [default]
Inserting species (Ext_K40)[Ext_K40] to [default.Major] 
Inserting species (Ext_K40)[Ext_K40] to [default.TFCtagged] 
Loading [Ext_Tl208] from [pdfs_TAUP2017/MCspectra_pp_FVpep_Phase2_emin1_masked.root/ext_tl208_nhits]
bad programing style, const_cast!!
creating MC species [Ext_Tl208] in [default]
[Ext_Tl208] loaded for [default]
Inserting species (Ext_Tl208)[Ext_Tl208] to [default.Major] 
Inserting species (Ext_Tl208)[Ext_Tl208] to [default.TFCtagged] 
Loading [He6] from [pdfs_TAUP2017/MCspectra_pp_FVpep_Phase2_emin1_masked.root/he6_nhits]
bad programing style, const_cast!!
creating MC species [He6] in [default]
Warning: quenching [He6_qch] not found in [default].
[He6] loaded for [default]
Inserting species (He6_2)[He6] to [default.TFCtagged] 
Loading [Kr85] from [pdfs_TAUP2017/MCspectra_pp_FVpep_Phase2_emin1_masked.root/kr85_nhits]
bad programing style, const_cast!!
creating MC species [Kr85] in [default]
Warning: quenching [Kr85_qch] not found in [default].
[Kr85] loaded for [default]
Inserting species (Kr85)[Kr85] to [default.Major] 
Inserting species (Kr85)[Kr85] to [default.TFCtagged] 
Loading [Po210] from [pdfs_TAUP2017/MCspectra_pp_FVpep_Phase2_emin1_masked.root/po210_nhits]
bad programing style, const_cast!!
creating MC species [Po210] in [default]
[Po210] loaded for [default]
Inserting species (Po210)[Po210] to [default.Major] 
creating MC species [Po210] in [default]
[Po210] loaded for [default]
Inserting species (Po210_2)[Po210] to [default.TFCtagged] 
Loading [nu(B8)] from [pdfs_TAUP2017/MCspectra_pp_FVpep_Phase2_emin1_masked.root/b8_nhits]
bad programing style, const_cast!!
creating MC species [nu(B8)] in [default]
Warning: quenching [nu(B8)_qch] not found in [default].
[nu(B8)] loaded for [default]
Inserting species (nu(B8))[nu(B8)] to [default.Major] 
Inserting species (nu(B8))[nu(B8)] to [default.TFCtagged] 
Loading [nu(Be7)] from [pdfs_TAUP2017/MCspectra_pp_FVpep_Phase2_emin1_masked.root/be7_nhits]
bad programing style, const_cast!!
creating MC species [nu(Be7)] in [default]
Warning: quenching [nu(Be7)_qch] not found in [default].
[nu(Be7)] loaded for [default]
Inserting species (nu(Be7))[nu(Be7)] to [default.Major] 
Inserting species (nu(Be7))[nu(Be7)] to [default.TFCtagged] 
Loading [nu(CNO)] from [pdfs_TAUP2017/MCspectra_pp_FVpep_Phase2_emin1_masked.root/cno_nhits]
bad programing style, const_cast!!
creating MC species [nu(CNO)] in [default]
Warning: quenching [nu(CNO)_qch] not found in [default].
[nu(CNO)] loaded for [default]
Inserting species (nu(CNO))[nu(CNO)] to [default.Major] 
Inserting species (nu(CNO))[nu(CNO)] to [default.TFCtagged] 
Loading [nu(pep)] from [pdfs_TAUP2017/MCspectra_pp_FVpep_Phase2_emin1_masked.root/pep_nhits]
bad programing style, const_cast!!
creating MC species [nu(pep)] in [default]
Warning: quenching [nu(pep)_qch] not found in [default].
[nu(pep)] loaded for [default]
Inserting species (nu(pep))[nu(pep)] to [default.Major] 
Inserting species (nu(pep))[nu(pep)] to [default.TFCtagged] 
Loading [nu(pp)] from [pdfs_TAUP2017/MCspectra_pp_FVpep_Phase2_emin1_masked.root/pp_nhits]
bad programing style, const_cast!!
creating MC species [nu(pp)] in [default]
Warning: quenching [nu(pp)_qch] not found in [default].
[nu(pp)] loaded for [default]
Inserting species (nu(pp))[nu(pp)] to [default.Major] 
Inserting species (nu(pp))[nu(pp)] to [default.TFCtagged] 
Inserting [default.Major] species vector
searching for [Bi210_sys]..
searching for [C11_sys]..
[default.Major] inserting a new pull: C14_pull
Inserting [C14_pull] to [default]
searching for [C14_sys]..
searching for [C14_pileup_sys]..
searching for [Ext_Bi214_sys]..
searching for [Ext_K40_sys]..
searching for [Ext_Tl208_sys]..
searching for [Kr85_sys]..
searching for [Po210_sys]..
searching for [nu(B8)_sys]..
searching for [nu(Be7)_sys]..
searching for [nu(CNO)_sys]..
searching for [nu(pep)_sys]..
searching for [nu(pp)_sys]..
Inserting [default.TFCtagged] species vector
searching for [Bi210_sys]..
searching for [C10_2_sys]..
searching for [C11_2_sys]..
searching for [C14_sys]..
searching for [C14_pileup_sys]..
searching for [Ext_Bi214_sys]..
searching for [Ext_K40_sys]..
searching for [Ext_Tl208_sys]..
searching for [He6_2_sys]..
searching for [Kr85_sys]..
searching for [Po210_2_sys]..
searching for [nu(B8)_sys]..
searching for [nu(Be7)_sys]..
searching for [nu(CNO)_sys]..
searching for [nu(pep)_sys]..
searching for [nu(pp)_sys]..
setting quenching of [Po210] to [0.07879]
Pb214 not implemented in bx-GooStats, it's ignored
setting quenching of [C11] to [0.8828]
INFO: 210Po PMTs used: 2000,0
RawSpectrumProvider::registerSpecies Register [default.Major]
type: [default.Major][0][1]
You have chosen SeparateSumPdfFactory<DnType<NoDn> MLPType<no> MaskType<Mask> DnAfterMask <no>>
SumPdf::registerFunc register [Bi210] as [0]
SumPdf::registerFunc register [C11] as [1]
SumPdf::registerFunc register [C14] as [2]
SumPdf::registerFunc register [C14_pileup] as [3]
SumPdf::registerFunc register [Ext_Bi214] as [4]
SumPdf::registerFunc register [Ext_K40] as [5]
SumPdf::registerFunc register [Ext_Tl208] as [6]
SumPdf::registerFunc register [Kr85] as [7]
SumPdf::registerFunc register [Po210] as [8]
SumPdf::registerFunc register [nu(B8)] as [9]
SumPdf::registerFunc register [nu(Be7)] as [10]
SumPdf::registerFunc register [nu(CNO)] as [11]
SumPdf::registerFunc register [nu(pep)] as [12]
SumPdf::registerFunc register [nu(pp)] as [13]
SumPdf::registerFunc register [Bi210] as [14]
SumPdf::registerFunc register [C11] as [15]
SumPdf::registerFunc register [C14] as [16]
SumPdf::registerFunc register [C14_pileup] as [17]
SumPdf::registerFunc register [Ext_Bi214] as [18]
SumPdf::registerFunc register [Ext_K40] as [19]
SumPdf::registerFunc register [Ext_Tl208] as [20]
SumPdf::registerFunc register [Kr85] as [21]
SumPdf::registerFunc register [Po210] as [22]
SumPdf::registerFunc register [nu(B8)] as [23]
SumPdf::registerFunc register [nu(Be7)] as [24]
SumPdf::registerFunc register [nu(CNO)] as [25]
SumPdf::registerFunc register [nu(pep)] as [26]
SumPdf::registerFunc register [nu(pp)] as [27]
Inserting [default.Major] sum pdf
Checking [Bi210] for <User> found? [1] is class<0>? [1]
Checking [C11] for <User> found? [1] is class<0>? [0]
Checking [C14] for <User> found? [1] is class<0>? [1]
Checking [C14_pileup] for <User> found? [1] is class<0>? [1]
Checking [Ext_Bi214] for <User> found? [1] is class<0>? [1]
Checking [Ext_K40] for <User> found? [1] is class<0>? [1]
Checking [Ext_Tl208] for <User> found? [1] is class<0>? [1]
Checking [Kr85] for <User> found? [1] is class<0>? [1]
Checking [Po210] for <User> found? [1] is class<0>? [1]
Checking [nu(B8)] for <User> found? [1] is class<0>? [1]
Checking [nu(Be7)] for <User> found? [1] is class<0>? [1]
Checking [nu(CNO)] for <User> found? [1] is class<0>? [1]
Checking [nu(pep)] for <User> found? [1] is class<0>? [1]
Checking [nu(pp)] for <User> found? [1] is class<0>? [1]
Checking [Bi210] for <User> found? [1] is class<1>? [0]
Checking [C11] for <User> found? [1] is class<1>? [1]
Checking [C14] for <User> found? [1] is class<1>? [0]
Checking [C14_pileup] for <User> found? [1] is class<1>? [0]
Checking [Ext_Bi214] for <User> found? [1] is class<1>? [0]
Checking [Ext_K40] for <User> found? [1] is class<1>? [0]
Checking [Ext_Tl208] for <User> found? [1] is class<1>? [0]
Checking [Kr85] for <User> found? [1] is class<1>? [0]
Checking [Po210] for <User> found? [1] is class<1>? [0]
Checking [nu(B8)] for <User> found? [1] is class<1>? [0]
Checking [nu(Be7)] for <User> found? [1] is class<1>? [0]
Checking [nu(CNO)] for <User> found? [1] is class<1>? [0]
Checking [nu(pep)] for <User> found? [1] is class<1>? [0]
Checking [nu(pp)] for <User> found? [1] is class<1>? [0]
Inserting [default]-[default] MV term
Checking [Bi210] for <Rdist> found? [1] is class<0>? [1]
Checking [C11] for <Rdist> found? [1] is class<0>? [1]
Checking [C14] for <Rdist> found? [1] is class<0>? [1]
Checking [C14_pileup] for <Rdist> found? [1] is class<0>? [0]
Checking [Ext_Bi214] for <Rdist> found? [1] is class<0>? [0]
Checking [Ext_K40] for <Rdist> found? [1] is class<0>? [0]
Checking [Ext_Tl208] for <Rdist> found? [1] is class<0>? [0]
Checking [Kr85] for <Rdist> found? [1] is class<0>? [1]
Checking [Po210] for <Rdist> found? [1] is class<0>? [1]
Checking [nu(B8)] for <Rdist> found? [1] is class<0>? [1]
Checking [nu(Be7)] for <Rdist> found? [1] is class<0>? [1]
Checking [nu(CNO)] for <Rdist> found? [1] is class<0>? [1]
Checking [nu(pep)] for <Rdist> found? [1] is class<0>? [1]
Checking [nu(pp)] for <Rdist> found? [1] is class<0>? [1]
Checking [Bi210] for <Rdist> found? [1] is class<1>? [0]
Checking [C11] for <Rdist> found? [1] is class<1>? [0]
Checking [C14] for <Rdist> found? [1] is class<1>? [0]
Checking [C14_pileup] for <Rdist> found? [1] is class<1>? [1]
Checking [Ext_Bi214] for <Rdist> found? [1] is class<1>? [1]
Checking [Ext_K40] for <Rdist> found? [1] is class<1>? [1]
Checking [Ext_Tl208] for <Rdist> found? [1] is class<1>? [1]
Checking [Kr85] for <Rdist> found? [1] is class<1>? [0]
Checking [Po210] for <Rdist> found? [1] is class<1>? [0]
Checking [nu(B8)] for <Rdist> found? [1] is class<1>? [0]
Checking [nu(Be7)] for <Rdist> found? [1] is class<1>? [0]
Checking [nu(CNO)] for <Rdist> found? [1] is class<1>? [0]
Checking [nu(pep)] for <Rdist> found? [1] is class<1>? [0]
Checking [nu(pp)] for <Rdist> found? [1] is class<1>? [0]
Inserting [default]-[default] MV term
Inserting [default]-[default] MV term
Inserting [default]-[default] MV term
Inserting [default]-[default] MV term
Inserting [default]-[default] MV term
Inserting [default]-[default] MV term
Inserting [default]-[default] MV term
Inserting [default]-[default] MV term
Inserting [default]-[default] MV term
Inserting [default]-[default] MV term
Inserting [default]-[default] MV term
Inserting [default]-[default] MV term
Inserting [default]-[default] MV term
Inserting [default]-[default] MV term
Inserting [default]-[default] MV term
Inserting [default]-[default] MV term
Inserting [default]-[global.C14] pull term
Pb214 not implemented in bx-GooStats, it's ignored
RawSpectrumProvider::registerSpecies Register [default.TFCtagged]
type: [default.TFCtagged][0][1]
You have chosen SeparateSumPdfFactory<DnType<NoDn> MLPType<no> MaskType<Mask> DnAfterMask <no>>
SumPdf::registerFunc register [C10] as [28]
SumPdf::registerFunc register [C11] as [29]
SumPdf::registerFunc register [He6] as [30]
SumPdf::registerFunc register [Po210] as [31]
SumPdf::registerFunc register [Bi210] as [32]
SumPdf::registerFunc register [C10] as [33]
SumPdf::registerFunc register [C11] as [34]
SumPdf::registerFunc register [C14] as [35]
SumPdf::registerFunc register [C14_pileup] as [36]
SumPdf::registerFunc register [Ext_Bi214] as [37]
SumPdf::registerFunc register [Ext_K40] as [38]
SumPdf::registerFunc register [Ext_Tl208] as [39]
SumPdf::registerFunc register [He6] as [40]
SumPdf::registerFunc register [Kr85] as [41]
SumPdf::registerFunc register [Po210] as [42]
SumPdf::registerFunc register [nu(B8)] as [43]
SumPdf::registerFunc register [nu(Be7)] as [44]
SumPdf::registerFunc register [nu(CNO)] as [45]
SumPdf::registerFunc register [nu(pep)] as [46]
SumPdf::registerFunc register [nu(pp)] as [47]
Inserting [default.TFCtagged] sum pdf
Inserting (Datasets:default.Major)<default.Major>
Inserting (Datasets:default.TFCtagged)<default.TFCtagged>
Inserting (LikelihoodFactory)<default>
Inserting (LikelihoodFactory)<default>
Inserting (LikelihoodFactory)<default>
Inserting (LikelihoodFactory)<default>
Inserting (LikelihoodFactory)<default>
Inserting (LikelihoodFactory)<default>
Inserting (LikelihoodFactory)<default>
Inserting (LikelihoodFactory)<default>
Inserting (LikelihoodFactory)<default>
Inserting (LikelihoodFactory)<default>
Inserting (LikelihoodFactory)<default>
Inserting (LikelihoodFactory)<default>
Inserting (LikelihoodFactory)<default>
Inserting (LikelihoodFactory)<default>
Inserting (LikelihoodFactory)<default>
Inserting (LikelihoodFactory)<default>
Inserting (LikelihoodFactory)<default>
Inserting (LikelihoodFactory)<global.C14>
Inserting (Datasets:pileupL)<pileupL>
Debug: LL size 21
 PARAMETER DEFINITIONS:
    NO.   NAME         VALUE      STEP SIZE      LIMITS
     1 default.Bi210   2.00000e+01  1.00000e+00    0.00000e+00  1.00000e+02
     2 default.C11   2.80000e+01  1.00000e+00    0.00000e+00  1.00000e+02
     3 global.C14   3.45600e+06  3.93120e+04    0.00000e+00  3.93120e+06
     4 default.C14_pileup   4.00000e+06  6.00000e+04    0.00000e+00  6.00000e+06
     5 global.Ext_Bi214   5.00000e-01  1.00000e-01    0.00000e+00  1.00000e+01
     6 global.Ext_K40   1.50000e-01  1.00000e-01    0.00000e+00  1.00000e+01
     7 global.Ext_Tl208   1.90000e+00  1.00000e-01    0.00000e+00  1.00000e+01
     8 default.Kr85   5.00000e+00  3.00000e-01    0.00000e+00  3.00000e+01
     9 default.Po210   3.00000e+02  2.99999e+01    1.00000e-02  3.00000e+03
    10 default.nu(B8)   4.60000e-01  1.00000e-01    0.00000e+00  1.00000e+01
 **********
 **    1 **FIX          10
 **********
 PARAMETER DEFINITIONS:
    NO.   NAME         VALUE      STEP SIZE      LIMITS
    11 global.nu(Be7)   4.85000e+01  5.00000e-01    2.00000e+01  7.00000e+01
    12 global.nu(CNO)   5.36000e+00  5.00000e-01    0.00000e+00  5.00000e+01
    13 global.nu(pep)   2.20000e+00  1.00000e-01    0.00000e+00  1.00000e+01
    14 global.nu(pp)   1.33000e+02  3.00000e+00    0.00000e+00  3.00000e+02
    15 default.C10_2   1.10000e+00  1.00000e-01    0.00000e+00  1.00000e+01
    16 default.C11_2   5.00000e+01  2.00000e+00    0.00000e+00  2.00000e+02
    17 global.He6_2   4.00000e-01  2.00000e-01    0.00000e+00  2.00000e+01
    18 default.Po210_2   3.00000e+02  2.99999e+01    1.00000e-02  3.00000e+03
 **********
 **    2 **SET ERRDEF         0.5
 **********
 PARAMETER DEFINITIONS:
    NO.   NAME         VALUE      STEP SIZE      LIMITS
     1 default.Bi210   2.00000e+01  1.00000e+00    0.00000e+00  1.00000e+02
     2 default.C11   2.80000e+01  1.00000e+00    0.00000e+00  1.00000e+02
     3 global.C14   3.45600e+06  3.93120e+04    0.00000e+00  3.93120e+06
     4 default.C14_pileup   4.00000e+06  6.00000e+04    0.00000e+00  6.00000e+06
     5 global.Ext_Bi214   5.00000e-01  1.00000e-01    0.00000e+00  1.00000e+01
     6 global.Ext_K40   1.50000e-01  1.00000e-01    0.00000e+00  1.00000e+01
     7 global.Ext_Tl208   1.90000e+00  1.00000e-01    0.00000e+00  1.00000e+01
     8 default.Kr85   5.00000e+00  3.00000e-01    0.00000e+00  3.00000e+01
     9 default.Po210   3.00000e+02  2.99999e+01    1.00000e-02  3.00000e+03
    10 default.nu(B8)   4.60000e-01  1.00000e-01    0.00000e+00  1.00000e+01
 **********
 **    1 **FIX          10
 **********
 PARAMETER DEFINITIONS:
    NO.   NAME         VALUE      STEP SIZE      LIMITS
    11 global.nu(Be7)   4.85000e+01  5.00000e-01    2.00000e+01  7.00000e+01
    12 global.nu(CNO)   5.36000e+00  5.00000e-01    0.00000e+00  5.00000e+01
    13 global.nu(pep)   2.20000e+00  1.00000e-01    0.00000e+00  1.00000e+01
    14 global.nu(pp)   1.33000e+02  3.00000e+00    0.00000e+00  3.00000e+02
    15 default.C10_2   1.10000e+00  1.00000e-01    0.00000e+00  1.00000e+01
    16 default.C11_2   5.00000e+01  2.00000e+00    0.00000e+00  2.00000e+02
    17 global.He6_2   4.00000e-01  2.00000e-01    0.00000e+00  2.00000e+01
    18 default.Po210_2   3.00000e+02  2.99999e+01    1.00000e-02  3.00000e+03
 **********
 **    2 **SET ERRDEF         0.5
 **********
 **********
 **    3 **MINIMIZE       2e+04
 **********
 FIRST CALL TO USER FUNCTION AT NEW START POINT, WITH IFLAG=4.
 START MIGRAD MINIMIZATION.  STRATEGY  1.  CONVERGENCE WHEN EDM .LT. 5.00e-05
 FCN=77201.1 FROM MIGRAD    STATUS=INITIATE      186 CALLS         187 TOTAL
                     EDM= unknown      STRATEGY= 1      NO ERROR MATRIX       
  EXT PARAMETER               CURRENT GUESS       STEP         FIRST   
  NO.   NAME      VALUE            ERROR          SIZE      DERIVATIVE 
   1  default.Bi210   2.00000e+01   1.00000e+00   0.00000e+00   3.47827e+03
   2  default.C11   2.80000e+01   1.00000e+00   0.00000e+00   2.19460e+04
   3  global.C14   2.21116e+06   3.93120e+04   0.00000e+00   6.49825e+01
   4  default.C14_pileup   4.00000e+06   6.00000e+04   0.00000e+00   9.14572e+04
   5  global.Ext_Bi214   1.80351e+00   1.00000e-01   0.00000e+00   2.09785e+02
   6  global.Ext_K40   1.50000e-01   1.00000e-01   0.00000e+00   6.07894e+01
   7  global.Ext_Tl208   1.90000e+00   1.00000e-01   0.00000e+00  -1.72277e+02
   8  default.Kr85   5.00000e+00   3.00000e-01   0.00000e+00   9.21902e+02
   9  default.Po210   3.00000e+02   2.99999e+01   0.00000e+00   5.97585e+04
  10  default.nu(B8)   4.60000e-01     fixed    
  11  global.nu(Be7)   4.85000e+01   5.00000e-01   0.00000e+00   1.93921e+03
  12  global.nu(CNO)   5.36000e+00   5.00000e-01   0.00000e+00   1.60439e+03
  13  global.nu(pep)   2.20000e+00   1.00000e-01   0.00000e+00   6.90509e+02
  14  global.nu(pp)   1.33000e+02   3.00000e+00   0.00000e+00   1.06912e+03
  15  default.C10_2   1.10000e+00   1.00000e-01   0.00000e+00   2.53998e+02
  16  default.C11_2   5.00000e+01   2.00000e+00   0.00000e+00  -8.84780e+03
  17  global.He6_2   1.12584e+01   2.00000e-01   1.41318e+00   9.67761e+01
  18  default.Po210_2   3.00000e+02   2.99999e+01   0.00000e+00   2.03029e+04
                               ERR DEF= 0.5
 MIGRAD MINIMIZATION HAS CONVERGED.
 MIGRAD WILL VERIFY CONVERGENCE AND ERROR MATRIX.
 EIGENVALUES OF SECOND-DERIVATIVE MATRIX:
        -6.3821e-04  3.7040e-02  8.9972e-02  1.3423e-01  2.8556e-01  4.3738e-01  4.9326e-01  6.9591e-01  8.6808e-01  8.7320e-01  9.5474e-01  1.0000e+00  1.1299e+00  1.3763e+00  1.9137e+00  2.6239e+00  4.0875e+00
 MINUIT WARNING IN HESSE   
 ============== MATRIX FORCED POS-DEF BY ADDING 0.004726 TO DIAGONAL.
 FCN=8161.74 FROM MIGRAD    STATUS=CONVERGED    1794 CALLS        1795 TOTAL
                     EDM=5.65999e-07    STRATEGY= 1      ERR MATRIX NOT POS-DEF
  EXT PARAMETER                APPROXIMATE        STEP         FIRST   
  NO.   NAME      VALUE            ERROR          SIZE      DERIVATIVE 
   1  default.Bi210   1.84140e+01   4.82452e+00   8.02091e-04   9.92745e-03
   2  default.C11   1.90396e+00   9.18105e-02   3.39441e-04   2.47948e-02
   3  global.C14   3.15107e+06   3.25013e+04   1.19932e-03   4.24438e-03
   4  default.C14_pileup   5.54625e+05   1.05805e+04   3.61669e-04  -3.29524e-02
   5  global.Ext_Bi214   1.92800e+00   2.91831e-01   3.12671e-03  -3.11289e-03
   6  global.Ext_K40   1.89292e+00   6.08057e-01   7.20000e-03   2.24718e-04
   7  global.Ext_Tl208   3.33580e+00   1.55651e-01   1.41105e-03  -9.50688e-03
   8  default.Kr85   6.90855e+00   1.48389e+00   2.92446e-03   5.67816e-03
   9  default.Po210   2.65939e+02   7.39264e-01   5.22561e-05  -2.93633e-01
  10  default.nu(B8)   4.60000e-01     fixed    
  11  global.nu(Be7)   4.76543e+01   1.11498e+00   1.24530e-03   4.93992e-03
  12  global.nu(CNO)   2.29205e+00   4.55235e+00   2.39320e-03   2.99233e-03
  13  global.nu(pep)   3.21197e+00   8.78616e-01   2.57597e-03   3.18920e-03
  14  global.nu(pp)   1.27547e+02   9.96306e+00   3.10027e-03   1.75965e-04
  15  default.C10_2   1.07613e+00   4.77707e-01   2.90129e-03   3.61393e-03
  16  default.C11_2   7.20062e+01   6.37726e-01   3.18507e-04   6.30694e-02
  17  global.He6_2   2.19255e+00   1.01948e+00   2.96956e-03  -1.12722e-03
  18  default.Po210_2   2.81118e+02   1.00375e+00   7.03464e-05   1.87645e-02
                               ERR DEF= 0.5
 EXTERNAL ERROR MATRIX.    NDIM=  25    NPAR= 17    ERR DEF=0.5
 ELEMENTS ABOVE DIAGONAL ARE NOT PRINTED.
  2.340e+01 
  1.172e-01  8.429e-03 
  2.457e+03  1.485e+01  1.056e+09 
  2.332e+01  6.305e-01 -5.923e+06  1.119e+08 
 -1.647e-02 -3.476e-03  6.892e-01 -2.028e-01  8.532e-02 
  6.354e-01 -1.108e-02  7.885e+01  3.767e+00 -4.984e-02  3.727e-01 
 -5.185e-04  6.645e-04 -1.253e+00  6.660e-03 -2.917e-02  1.134e-02  2.424e-02 
 -3.990e+00 -2.592e-02  3.832e+03  3.308e+01 -2.564e-03 -1.282e-01  3.042e-03  2.212e+00 
  1.822e-01  1.048e-03 -7.377e+02 -1.150e+02 -1.009e-03  6.277e-03  3.377e-04 -1.865e-01  5.465e-01 
 -7.880e-01 -7.595e-03 -1.697e+03 -3.532e+01  1.025e-04 -2.505e-02  8.716e-04 -6.012e-01  2.561e-03  1.244e+00 
 -2.175e+01 -8.834e-02 -1.758e+03 -5.891e+01  2.419e-02 -5.069e-01 -6.262e-03  3.365e+00 -1.628e-01 -1.048e-01  2.218e+01 
  3.342e+00  4.988e-03  1.926e+02  1.993e+00  1.129e-03  1.769e-03  3.721e-04 -4.278e-01  2.313e-02  1.264e-01 -3.798e+00 
  3.342e+00  4.988e-03  1.926e+02  1.993e+00  1.129e-03  1.769e-03  3.721e-04 -4.278e-01  2.313e-02  1.264e-01 -3.798e+00  7.813e-01 
 -4.745e+00 -2.730e-02 -1.137e+05 -2.487e+04 -2.834e-04 -1.674e-01  2.088e-03 -4.776e+00  1.003e+00  2.267e+00  3.684e+00 
 -4.745e+00 -2.730e-02 -1.137e+05 -2.487e+04 -2.834e-04 -1.674e-01  2.088e-03 -4.776e+00  1.003e+00  2.267e+00  3.684e+00 -4.453e-01  9.941e+01 
 -9.815e-02  6.523e-04 -3.641e+01 -6.632e-01 -2.892e-02  1.579e-02  2.019e-02  7.938e-02  5.014e-03  2.703e-02 -6.915e-02 
 -9.815e-02  6.523e-04 -3.641e+01 -6.632e-01 -2.892e-02  1.579e-02  2.019e-02  7.938e-02  5.014e-03  2.703e-02 -6.915e-02  1.946e-02  6.367e-02  2.300e-01 
  2.204e-01  4.027e-03  4.807e+01  1.051e+00  1.762e-02 -3.462e-02 -7.780e-03 -1.036e-01 -3.240e-03 -2.942e-02 -3.309e-02 
  2.204e-01  4.027e-03  4.807e+01  1.051e+00  1.762e-02 -3.462e-02 -7.780e-03 -1.036e-01 -3.240e-03 -2.942e-02 -3.309e-02 -1.877e-02 -8.627e-02 -1.770e-01  4.067e-01 
 -2.190e-01  2.037e-03 -8.203e+01 -1.441e+00 -6.516e-02  4.384e-02  2.649e-02  1.789e-01  1.140e-02  6.053e-02 -1.578e-01 
 -2.190e-01  2.037e-03 -8.203e+01 -1.441e+00 -6.516e-02  4.384e-02  2.649e-02  1.789e-01  1.140e-02  6.053e-02 -1.578e-01  4.346e-02  1.432e-01  4.629e-01 -4.081e-01  1.049e+00 
  1.912e-01  9.612e-04 -7.412e+02 -1.151e+02  1.733e-03  4.421e-03 -7.767e-04 -1.958e-01  3.863e-02  7.124e-04 -1.561e-01 
  1.912e-01  9.612e-04 -7.412e+02 -1.151e+02  1.733e-03  4.421e-03 -7.767e-04 -1.958e-01  3.863e-02  7.124e-04 -1.561e-01  2.132e-02  1.006e+00 -1.446e-02  1.392e-02 -3.271e-02  1.008e+00 
ERR MATRIX NOT POS-DEF
 PARAMETER  CORRELATION COEFFICIENTS  
       NO.  GLOBAL      1      2      3      4      5      6      7      8      9     11     12     13     14     15     16     17
        1  0.99471   1.000  0.264  0.016  0.000 -0.012  0.215 -0.001 -0.555  0.051 -0.146 -0.955  0.782 -0.098 -0.042  0.071 -0.044
        2  0.58920   0.264  1.000  0.005  0.001 -0.130 -0.198  0.046 -0.190  0.015 -0.074 -0.204  0.061 -0.030  0.015  0.069  0.022
        3  0.37967   0.016  0.005  1.000 -0.017  0.000  0.004 -0.000  0.079 -0.031 -0.047 -0.011  0.007 -0.351 -0.002  0.002 -0.002
        4  0.31239   0.000  0.001 -0.017  1.000 -0.000  0.001  0.000  0.002 -0.015 -0.003 -0.001  0.000 -0.236 -0.000  0.000 -0.000
        5  0.73754  -0.012 -0.130  0.000 -0.000  1.000 -0.279 -0.641 -0.006 -0.005  0.000  0.018  0.004 -0.000 -0.206  0.095 -0.218
        6  0.67399   0.215 -0.198  0.004  0.001 -0.279  1.000  0.119 -0.141  0.014 -0.037 -0.176  0.003 -0.027  0.054 -0.089  0.070
        7  0.73005  -0.001  0.046 -0.000  0.000 -0.641  0.119  1.000  0.013  0.003  0.005 -0.009  0.003  0.001  0.270 -0.078  0.166
        8  0.91774  -0.555 -0.190  0.079  0.002 -0.006 -0.141  0.013  1.000 -0.170 -0.362  0.480 -0.325 -0.322  0.111 -0.109  0.117
        9  0.26644   0.051  0.015 -0.031 -0.015 -0.005  0.014  0.003 -0.170  1.000  0.003 -0.047  0.035  0.136  0.014 -0.007  0.015
       11  0.89611  -0.146 -0.074 -0.047 -0.003  0.000 -0.037  0.005 -0.362  0.003  1.000 -0.020  0.128  0.204  0.051 -0.041  0.053
       12  0.99637  -0.955 -0.204 -0.011 -0.001  0.018 -0.176 -0.009  0.480 -0.047 -0.020  1.000 -0.912  0.078 -0.031 -0.011 -0.033
       13  0.97604   0.782  0.061  0.007  0.000  0.004  0.003  0.003 -0.325  0.035  0.128 -0.912  1.000 -0.051  0.046 -0.033  0.048
       14  0.67540  -0.098 -0.030 -0.351 -0.236 -0.000 -0.027  0.001 -0.322  0.136  0.204  0.078 -0.051  1.000  0.013 -0.014  0.014
       15  0.95402  -0.042  0.015 -0.002 -0.000 -0.206  0.054  0.270  0.111  0.014  0.051 -0.031  0.046  0.013  1.000 -0.579  0.942
       16  0.64196   0.071  0.069  0.002  0.000  0.095 -0.089 -0.078 -0.109 -0.007 -0.041 -0.011 -0.033 -0.014 -0.579  1.000 -0.625
       17  0.95709  -0.044  0.022 -0.002 -0.000 -0.218  0.070  0.166  0.117  0.015  0.053 -0.033  0.048  0.014  0.942 -0.625  1.000
       18  0.20004   0.039  0.010 -0.023 -0.011  0.006  0.007 -0.005 -0.131  0.052  0.001 -0.033  0.024  0.101 -0.030  0.022 -0.032
                     1.000
 ERR MATRIX NOT POS-DEF
 **********
 **    4 **HESSE
 **********
 COVARIANCE MATRIX CALCULATED SUCCESSFULLY
 FCN=8161.74 FROM HESSE     STATUS=OK            205 CALLS        2000 TOTAL
                     EDM=8.01758e-07    STRATEGY= 1      ERROR MATRIX ACCURATE 
  EXT PARAMETER                                INTERNAL      INTERNAL  
  NO.   NAME      VALUE            ERROR       STEP SIZE       VALUE   
   1  default.Bi210   1.84140e+01   1.43464e+01   3.20836e-05  -6.83771e-01
   2  default.C11   1.90396e+00   1.11273e-01   6.78882e-05  -1.29394e+00
   3  global.C14   3.15107e+06   3.26415e+04   4.79727e-05   6.47395e-01
   4  default.C14_pileup   5.54625e+05   1.06150e+04   1.44667e-05  -9.52945e-01
   5  global.Ext_Bi214   1.92800e+00   2.95553e-01   1.25068e-04  -6.61626e-01
   6  global.Ext_K40   1.89292e+00   6.84337e-01   2.88000e-04  -6.70548e-01
   7  global.Ext_Tl208   3.33580e+00   1.57679e-01   5.64420e-05  -3.39313e-01
   8  default.Kr85   6.90855e+00   2.71677e+00   1.16978e-04  -5.69760e-01
   9  default.Po210   2.65939e+02   7.49564e-01   1.04512e-05  -9.66168e-01
  10  default.nu(B8)   4.60000e-01     fixed    
  11  global.nu(Be7)   4.76543e+01   1.15809e+00   4.98119e-05   1.06374e-01
  12  global.nu(CNO)   2.29205e+00   2.89762e+01   9.57279e-05  -1.13925e+00
  13  global.nu(pep)   3.21197e+00   2.29116e+00   1.03039e-04  -3.65703e-01
  14  global.nu(pp)   1.27547e+02   1.03260e+01   1.24011e-04  -6.43344e+00
  15  default.C10_2   1.07613e+00   5.04626e-01   1.16052e-04  -2.23926e+00
  16  default.C11_2   7.20062e+01   6.59417e-01   6.37013e-05  -2.83730e-01
  17  global.He6_2   2.19255e+00   1.07682e+00   1.18782e-04  -8.95857e-01
  18  default.Po210_2   2.81118e+02   1.01274e+00   2.81386e-06  -9.48589e-01
                               ERR DEF= 0.5
 EXTERNAL ERROR MATRIX.    NDIM=  25    NPAR= 17    ERR DEF=0.5
 ELEMENTS ABOVE DIAGONAL ARE NOT PRINTED.
  2.160e+02 
  9.798e-01  1.238e-02 
  1.976e+04  9.256e+01  1.066e+09 
 -2.699e+03 -1.089e+01 -5.945e+06  1.127e+08 
 -1.017e-01 -3.954e-03 -6.772e+00  2.489e+00  8.752e-02 
  4.935e+00  8.210e-03  4.665e+02 -5.301e+01 -5.308e-02  4.732e-01 
 -1.471e-02  6.405e-04 -2.743e+00 -7.235e-01 -3.027e-02  1.161e-02  2.487e-02 
 -3.575e+01 -1.685e-01  1.166e+03  4.879e+02  1.037e-02 -8.392e-01  6.059e-03  7.498e+00 
  1.714e+00  7.934e-03 -6.277e+02 -1.403e+02 -1.796e-03  4.067e-02  2.815e-04 -4.432e-01  5.618e-01 
 -3.757e+00 -2.152e-02 -2.084e+03 -1.673e+01  1.097e-03 -9.489e-02  1.445e-03 -1.370e-01 -1.948e-02  1.342e+00 
 -2.096e+02 -9.280e-01 -1.858e+04  2.645e+03  1.099e-01 -4.692e+00  5.750e-03  3.432e+01 -1.657e+00  2.732e+00  2.055e+02 
  3.417e+01  1.423e-01  2.947e+03 -4.537e+02 -1.286e-02  6.854e-01 -1.541e-03 -5.503e+00  2.680e-01 -3.281e-01 -3.391e+01 
  3.417e+01  1.423e-01  2.947e+03 -4.537e+02 -1.286e-02  6.854e-01 -1.541e-03 -5.503e+00  2.680e-01 -3.281e-01 -3.391e+01  5.735e+00 
 -3.848e+01 -1.789e-01 -1.189e+05 -2.478e+04  1.384e-02 -9.235e-01  5.199e-03  6.083e-01  7.597e-01  2.925e+00  3.652e+01 
 -3.848e+01 -1.789e-01 -1.189e+05 -2.478e+04  1.384e-02 -9.235e-01  5.199e-03  6.083e-01  7.597e-01  2.925e+00  3.652e+01 -5.823e+00  1.068e+02 
 -4.236e-01 -7.462e-04 -6.847e+01 -4.665e-02 -3.300e-02  1.071e-02  2.259e-02  1.425e-01  2.990e-03  3.752e-02  2.218e-01 
 -4.236e-01 -7.462e-04 -6.847e+01 -4.665e-02 -3.300e-02  1.071e-02  2.259e-02  1.425e-01  2.990e-03  3.752e-02  2.218e-01 -2.577e-02  1.263e-01  2.569e-01 
  1.442e+00  9.558e-03  1.603e+02 -1.175e+01  2.034e-02 -9.012e-03 -9.664e-03 -3.139e-01  6.041e-03 -5.384e-02 -1.199e+00 
  1.442e+00  9.558e-03  1.603e+02 -1.175e+01  2.034e-02 -9.012e-03 -9.664e-03 -3.139e-01  6.041e-03 -5.384e-02 -1.199e+00  1.696e-01 -3.055e-01 -2.013e-01  4.348e-01 
 -9.228e-01 -1.005e-03 -1.512e+02  3.417e-02 -7.357e-02  3.271e-02  3.134e-02  3.153e-01  6.993e-03  8.322e-02  4.715e-01 
 -9.228e-01 -1.005e-03 -1.512e+02  3.417e-02 -7.357e-02  3.271e-02  3.134e-02  3.153e-01  6.993e-03  8.322e-02  4.715e-01 -5.424e-02  2.783e-01  5.202e-01 -4.604e-01  1.171e+00 
  1.752e+00  7.972e-03 -6.287e+02 -1.405e+02  1.311e-03  3.927e-02 -1.042e-03 -4.582e-01  5.175e-02 -2.224e-02 -1.676e+00 
  1.752e+00  7.972e-03 -6.287e+02 -1.405e+02  1.311e-03  3.927e-02 -1.042e-03 -4.582e-01  5.175e-02 -2.224e-02 -1.676e+00  2.702e-01  7.579e-01 -1.896e-02  2.546e-02 -4.242e-02  1.026e+00 
 PARAMETER  CORRELATION COEFFICIENTS  
       NO.  GLOBAL      1      2      3      4      5      6      7      8      9     11     12     13     14     15     16     17
        1  0.99942   1.000  0.599  0.041 -0.017 -0.023  0.488 -0.006 -0.888  0.156 -0.221 -0.995  0.971 -0.253 -0.057  0.149 -0.058
        2  0.74394   0.599  1.000  0.025 -0.009 -0.120  0.107  0.036 -0.553  0.095 -0.167 -0.582  0.534 -0.156 -0.013  0.130 -0.008
        3  0.38402   0.041  0.025  1.000 -0.017 -0.001  0.021 -0.001  0.013 -0.026 -0.055 -0.040  0.038 -0.352 -0.004  0.007 -0.004
        4  0.31440  -0.017 -0.009 -0.017  1.000  0.001 -0.007 -0.000  0.017 -0.018 -0.001  0.017 -0.018 -0.226 -0.000 -0.002  0.000
        5  0.74370  -0.023 -0.120 -0.001  0.001  1.000 -0.261 -0.649  0.013 -0.008  0.003  0.026 -0.018  0.005 -0.220  0.104 -0.230
        6  0.75366   0.488  0.107  0.021 -0.007 -0.261  1.000  0.107 -0.446  0.079 -0.119 -0.476  0.416 -0.130  0.031 -0.020  0.044
        7  0.73655  -0.006  0.036 -0.001 -0.000 -0.649  0.107  1.000  0.014  0.002  0.008  0.003 -0.004  0.003  0.283 -0.093  0.184
        8  0.97634  -0.888 -0.553  0.013  0.017  0.013 -0.446  0.014  1.000 -0.216 -0.043  0.874 -0.839  0.021  0.103 -0.174  0.106
        9  0.30344   0.156  0.095 -0.026 -0.018 -0.008  0.079  0.002 -0.216  1.000 -0.022 -0.154  0.149  0.098  0.008  0.012  0.009
       11  0.90363  -0.221 -0.167 -0.055 -0.001  0.003 -0.119  0.008 -0.043 -0.022  1.000  0.165 -0.118  0.244  0.064 -0.070  0.066
       12  0.99961  -0.995 -0.582 -0.040  0.017  0.026 -0.476  0.003  0.874 -0.154  0.165  1.000 -0.988  0.246  0.031 -0.127  0.030
       13  0.99675   0.971  0.534  0.038 -0.018 -0.018  0.416 -0.004 -0.839  0.149 -0.118 -0.988  1.000 -0.235 -0.021  0.107 -0.021
       14  0.70099  -0.253 -0.156 -0.352 -0.226  0.005 -0.130  0.003  0.021  0.098  0.244  0.246 -0.235  1.000  0.024 -0.045  0.025
       15  0.95874  -0.057 -0.013 -0.004 -0.000 -0.220  0.031  0.283  0.103  0.008  0.064  0.031 -0.021  0.024  1.000 -0.602  0.948
       16  0.66900   0.149  0.130  0.007 -0.002  0.104 -0.020 -0.093 -0.174  0.012 -0.070 -0.127  0.107 -0.045 -0.602  1.000 -0.645
       17  0.96148  -0.058 -0.008 -0.004  0.000 -0.230  0.044  0.184  0.106  0.009  0.066  0.030 -0.021  0.025  0.948 -0.645  1.000
       18  0.22915   0.118  0.071 -0.019 -0.013  0.004  0.056 -0.007 -0.165  0.068 -0.019 -0.115  0.111  0.072 -0.037  0.038 -0.039
                     1.000
Wallclock time  : 38.7829 seconds.
CPU time: 0.003878
Total CPU time: 0.003878
Processor time: 0.003316

FIT PARAMETERS
 ^{210}Bi = 18.4 #pm 14.3 
 ^{11}C = 1.90 #pm 0.11 
 ^{14}C = 3151074.5 #pm 32641.5  [p] 3499200.0 #pm 43200.0
 ^{14}C pileup = 554625.1 #pm 10615.0 
 Ext ^{214}Bi = 1.93 #pm 0.30 
 Ext ^{40}K = 1.89 #pm 0.68 
 Ext ^{208}Tl = 3.34 #pm 0.16 
 ^{85}Kr = 6.9 #pm 2.7 
 ^{210}Po = 265.94 #pm 0.75 
 #nu(^{8}B) = 0.46  [Fixed]
 #nu(^{7}Be) = 47.7 #pm 1.2 
 #nu(CNO) = 2.3 #pm 29.0 
 #nu(pep) = 3.2 #pm 2.3 
 #nu(pp) = 127.5 #pm 10.3 
 ^{10}C 2 = 1.08 #pm 0.50 
 ^{11}C 2 = 72.01 #pm 0.66 
 ^{6}He 2 = 2.2 #pm 1.1 
 ^{210}Po 2 = 281.1 #pm 1.0 

 chi^2                             = 2979.0
 chi^2/N-DOF                       = 1.7764
 p-value                           = 0.000
 Minimized -2Ln(Likelihood)        = 16323.48
 Likelihood p-value                = 0.000 ± 0.000
SimplePlotManager::groupByName <default.Major> appedned to <default>
SimplePlotManager::groupByName <default.TFCtagged> appedned to <default>
