[GPUManager]() registered
regV registering [npe] as [0x22bc180]
regV registering [npe_short] as [0x22bc2b0]
regV registering [Po218:peak] as [6002]
regV registering [Rn222:peak] as [5490]
regV registering [Po210:peak] as [5305]
Loaded path: </p/project/cjikp20/jikp2013/bx-GooStats-dingxf_dev/bx-GooStats/data>
RawSpectrumProvider::registerSpecies Register [nu(pep)]
RawSpectrumProvider::registerSpecies Register [nu(Be7)_sunT]
RawSpectrumProvider::registerSpecies Register [nu(Be7)_nosunT]
RawSpectrumProvider::registerSpecies Register [nu(CNO)]
RawSpectrumProvider::registerSpecies Register [nu(pp)_oleg]
RawSpectrumProvider::registerSpecies Register [nu(pp)_aldo]
RawSpectrumProvider::registerSpecies Register [nu(pp)]
RawSpectrumProvider::registerSpecies Register [nu(B8)]
RawSpectrumProvider::registerSpecies Register [C14_universal]
Warning: c14_shape_factor is taken as 1.24
RawSpectrumProvider::registerSpecies Register [C14]
RawSpectrumProvider::registerSpecies Register [C11]
RawSpectrumProvider::registerSpecies Register [C10]
RawSpectrumProvider::registerSpecies Register [Kr85]
RawSpectrumProvider::registerSpecies Register [B12]
RawSpectrumProvider::registerSpecies Register [He6]
RawSpectrumProvider::registerSpecies Register [Pa234m]
RawSpectrumProvider::registerSpecies Register [K40]
RawSpectrumProvider::registerSpecies Register [La138]
RawSpectrumProvider::registerSpecies Register [Bi210_mach4]
RawSpectrumProvider::registerSpecies Register [Bi210_oleg]
RawSpectrumProvider::registerSpecies Register [Bi210_aldo]
RawSpectrumProvider::registerSpecies Register [Bi210_daniel]
RawSpectrumProvider::registerSpecies Register [Bi210_flothmann]
RawSpectrumProvider::registerSpecies Register [Bi210_grau]
RawSpectrumProvider::registerSpecies Register [Pb214_KM]
RawSpectrumProvider::registerSpecies Register [Pb214_aldo_1]
RawSpectrumProvider::registerSpecies Register [Pb214_aldo_2]
RawSpectrumProvider::registerSpecies Register [Pb214_aldo_3]
RawSpectrumProvider::registerSpecies Register [Pb214_aldo_4]
RawSpectrumProvider::registerSpecies Register [Pb214_aldo_5]
RawSpectrumProvider::registerSpecies Register [Pb214_aldo_6]
RawSpectrumProvider::registerSpecies Register [Pb214_aldo_7]
RawSpectrumProvider::registerSpecies Register [Ext_Tl208]
RawSpectrumProvider::registerSpecies Register [Ext_Bi214]
RawSpectrumProvider::registerSpecies Register [Ext_K40]
RawSpectrumProvider::registerSpecies Register [U238_chain]
RawSpectrumProvider::registerSpecies Register [Th232_chain]
RawSpectrumProvider::registerSpecies Register [C14_pileup]
[InputManager]() registered
[PrepareData]() registered
[SimpleFit]() registered
[CNOTest]() registered
[HMLMTest]() registered
[ScanPar]() registered
[CorrelationManager]() registered
[ContourManager]() registered
[OutputManager]() registered
Checking GPU [0]/[1]
Running on [Tesla K80] with compute capability of 3.7
Warning: BatchOutputManager not set, default are used.
LOG: Getting data from file input_files/PeriodPhase2_FVpep_TFCMI_c19.root
Searching final_nhits_pp_0 in pp
LOG: fitting histogram final_nhits_pp_0
WARNING: chain_counts_cum not TH1D, trying other TH1
WARNING: No chain_counts_cum in input directory, trying in the main directory of the file
chain_counts_cum: mean 23.3425
[default] adopt [global] as its parent.
Inserting period [default,input_files/PeriodPhase2_FVpep_TFCMI_c19.root,pp/final_nhits_pp_0,fitoptions/fitoptions_cno-mv-Phase2MI-pdfs_TAUP2017-nhits-emin140.cfg,species_list/species-fit-cno-mv_CNO-penalty-hm.icc]
ARG[1] <icc> = [species_list/species-fit-cno-mv_CNO-penalty-hm.icc]
InputManager::registerConfigset(default)
Loading from <fitoptions/fitoptions_cno-mv-Phase2MI-pdfs_TAUP2017-nhits-emin140.cfg>
h_n_used_pmts: mean 1564.15
h_n_used_pmts_weighted: mean 1675.51
h_n_used_pmts0: mean 1557.43
h_n_used_pmts_weighted0: mean 1667.71
h_n_used_pmts1: mean 1574.13
h_n_used_pmts_weighted1: mean 1684.93
option <n_used_charge_histo_name> not set, default value [h_n_used_charge] used
h_n_used_charge: mean 1561.08
option <n_used_charge_po210_histo_name> not set, default value [h_n_used_charge_weighted] used
h_n_used_charge_weighted: mean 1671.67
feq_inv: mean 1.28509
Mask [mask_2] from [h_n_used_pmts] Mean <999.503> RMS <576.981>
Mask [mask_3] from [h_n_used_pmts_weighted] Mean <999.502> RMS <577.005>
Mask [mask_4] from [h_n_used_pmts0] Mean <999.503> RMS <576.979>
Mask [mask_5] from [h_n_used_pmts_weighted0] Mean <999.502> RMS <577.003>
Mask [mask_6] from [h_n_used_pmts1] Mean <999.503> RMS <576.983>
Mask [mask_7] from [h_n_used_pmts_weighted1] Mean <999.502> RMS <577.007>
*********Dump options parsed*********************************
MC_ext_bkg => <true>
alpha_response_function => <scaled_poisson>
alpha_subtracted => <false>
apply_radiochemical_constraints => <false>
applying_mask => <true>
beta_response_function => <scaled_poisson>
bi210_spectrum => <aldo>
c11_quenching_fixed => <false>
c11_subtracted => <true>
complementary_histo_fit => <true>
complementary_histo_name => <pp/final_nhits_pp_1>
convolve_dark_noise => <false>
dark_noise_window => <win1>
fit_results_output => <fit_results.root>
fit_variable => <nhits>
fit_variable_MC => <nhits>
geometric_correction_on => <false>
icc => <species_list/species-fit-cno-mv_CNO-penalty-hm.icc>
ly_fixed => <false>
meantime_cut => <no>
minimization_method => <likelihood>
minimization_routine => <minuit>
montecarlo_interpolation => <off>
montecarlo_spectra_file => <pdfs_TAUP2017/MCspectra_pp_FVpep_Phase2_emin1_masked.root>
multivariate_ps_fit => <true>
multivariate_rdist_fit => <true>
n_used_pmts_histo_name => <h_n_used_pmts>
n_used_pmts_po210_histo_name => <h_n_used_pmts_weighted>
n_used_pmts_po210_tfc0_histo_name => <h_n_used_pmts_weighted0>
n_used_pmts_po210_tfc1_histo_name => <h_n_used_pmts_weighted1>
n_used_pmts_tfc0_histo_name => <h_n_used_pmts0>
n_used_pmts_tfc1_histo_name => <h_n_used_pmts1>
neutrino_magnetic_moment => <no>
no_lead_cut => <no>
norm_variable => <true>
npe_offset_fixed => <true>
pb214_spectrum => <aldo>
pileup_eff_ly_fixed => <true>
plot_filename => <plot.root>
po210_quenching_fixed => <false>
quenching_parameterization => <echidna>
save_fit_results => <false>
scale_poisson => <true>
show_only_c14_c14 => <false>
spectra_pdfs => <montecarlo>
synthpup_file => <P91011_Synthetic_Spectra.root>
synthpup_hist => <h_synth_spec_5_dt1>
use_alpha_response_function => <false>
use_remaining_pb214 => <false>
weighted_response => <false>
alpha_resolution_0_guess => float: [1.2]
alpha_resolution_0_max => float: [20]
alpha_resolution_0_min => float: [0]
alpha_resolution_1_guess => float: [0]
alpha_resolution_1_max => float: [0]
alpha_resolution_1_min => float: [0]
alpha_resolution_2_guess => float: [0]
alpha_resolution_2_max => float: [0]
alpha_resolution_2_min => float: [0]
beta_resolution_0_guess => float: [3]
beta_resolution_0_max => float: [20]
beta_resolution_0_min => float: [0]
beta_resolution_1_guess => float: [3]
beta_resolution_1_max => float: [20]
beta_resolution_1_min => float: [0]
beta_resolution_2_guess => float: [7]
beta_resolution_2_max => float: [7]
beta_resolution_2_min => float: [7]
beta_resolution_3_guess => float: [2]
beta_resolution_3_max => float: [10]
beta_resolution_3_min => float: [0]
beta_resolution_4_guess => float: [0]
beta_resolution_4_max => float: [0]
beta_resolution_4_min => float: [0]
beta_resolution_5_guess => float: [0]
beta_resolution_5_max => float: [0]
beta_resolution_5_min => float: [0]
c11_quenching => float: [0.8828]
c14_shape_factor => float: [1.24]
c14_threshold => float: [100]
dark_noise_threshold => float: [100]
ext_bckgd_eff_ly => float: [1.0228]
fCher => float: [2]
fit_verbosity => float: [0]
geometric_correction => float: [0.112]
histogram_binwidth => float: [1]
kb => float: [0.0109]
ly_guess => float: [0.49]
maximum_energy => float: [950]
meantime_cut_correction_c1 => float: [0.974]
meantime_cut_correction_c2 => float: [-0.00211]
minimum_energy => float: [140]
multivariate_ps_fit_bins => float: [1]
multivariate_ps_fit_max => float: [650]
multivariate_ps_fit_min => float: [400]
multivariate_ps_fit_smooth => float: [0]
multivariate_rdist_fit_bins => float: [16]
multivariate_rdist_fit_max => float: [900]
multivariate_rdist_fit_min => float: [500]
multivariate_rdist_fit_smooth => float: [0]
npe_offset => float: [0]
number_of_bins_for_weighted_response => float: [10]
pileup_eff_ly => float: [0.935]
po210_quenching => float: [0.07879]
poisson_factor => float: [15]
poisson_threshold => float: [100]
ser_under_threshold => float: [0.12]
sys_errors_scale => float: [0]
unequalization_factor => float: [1]
*************************************************************
Inserting Constant name [compute_likelihood_p_value] value [0]
regV registering [compute_likelihood_p_value] as [0]
Inserting [C11_qch] to [global]
Inserting [Po210_qch] to [default]
Inserting [extly_qch] to [global]
Linking [Ext_Tl208_qch] with [extly_qch] in [global]
Linking [Ext_Bi214_qch] with [extly_qch] in [global]
Linking [Ext_K40_qch] with [extly_qch] in [global]
Inserting [Po218_qch] to [global]
Inserting [Rn222_qch] to [global]
Inserting [C10_qch] to [global]
Bad programming style of using const_cast!!!
regV registering [NL] as [0x7ffd9b17ef60]
Inserting [beta_ly] to [default]
810
Inserting [beta_resolution_0] to [global]
Inserting [beta_resolution_1] to [global]
Inserting [beta_resolution_2] to [global]
Inserting [beta_resolution_3] to [global]
Inserting [beta_resolution_4] to [global]
Inserting [beta_resolution_5] to [global]
Inserting [alpha_resolution_0] to [default]
Inserting [alpha_resolution_1] to [default]
Inserting [alpha_resolution_2] to [default]
Inserting [alpha_resolution_3] to [default]
Inserting [alpha_resolution_4] to [default]
Inserting [alpha_resolution_5] to [default]
Inserting [mlp_correction_0] to [default]
Inserting [mlp_correction_1] to [default]
Inserting [mlp_correction_2] to [default]
Inserting [mlp_correction_3] to [default]
Integral: 11.6405, sum = 1.17605e+06, endpoint = 671.809
Integral: 76.3209, sum = 1.81556e+07, endpoint = 264.064
RawSpectrumProvider::registerSpecies Register [nu(Be7+munu)]
RawSpectrumProvider::registerSpecies Register [nu(pp+munu)]
RawSpectrumProvider::registerSpecies Register [Bi210]
RawSpectrumProvider::registerSpecies Register [nu(Be7)]
feq: 1.27865 feq_po: 1.19367
Inserting [default] to default feq: 1.27865 0
Inserting [Po210] to default feq: 1.19367 0
Dumping pre-created rates:
INFO: loading species from file species_list/species-fit-cno-mv_CNO-penalty-hm.icc
Inserting [Bi210] to [default]
Inserting [C10_2] to [default]
Inserting [C11] to [default]
Inserting [C11_2] to [default]
Inserting [Ext_Bi214] to [global]
Inserting [Ext_K40] to [global]
Inserting [Ext_Tl208] to [global]
Inserting [He6_2] to [global]
Inserting [Kr85] to [default]
Inserting [Po210] to [default]
Inserting [Po210_2] to [default]
Inserting [nu(B8)] to [default]
Inserting [nu(Be7)] to [global]
Inserting [nu(CNO)] to [global]
Inserting [nu(pep)] to [global]
 [global] : (C10_qch, global.C10_qch) 
 [global] : (C11_qch, global.C11_qch) 
 [global] : (Ext_Bi214, global.Ext_Bi214) 
 [global] : (Ext_Bi214_qch, global.extly_qch) 
 [global] : (Ext_K40, global.Ext_K40) 
 [global] : (Ext_K40_qch, global.extly_qch) 
 [global] : (Ext_Tl208, global.Ext_Tl208) 
 [global] : (Ext_Tl208_qch, global.extly_qch) 
 [global] : (He6_2, global.He6_2) 
 [global] : (Po218_qch, global.Po218_qch) 
 [global] : (Rn222_qch, global.Rn222_qch) 
 [global] : (beta_resolution_0, global.beta_resolution_0) 
 [global] : (beta_resolution_1, global.beta_resolution_1) 
 [global] : (beta_resolution_2, global.beta_resolution_2) 
 [global] : (beta_resolution_3, global.beta_resolution_3) 
 [global] : (beta_resolution_4, global.beta_resolution_4) 
 [global] : (beta_resolution_5, global.beta_resolution_5) 
 [global] : (extly_qch, global.extly_qch) 
 [global] : (nu(Be7), global.nu(Be7)) 
 [global] : (nu(CNO), global.nu(CNO)) 
 [global] : (nu(pep), global.nu(pep)) 
default>-- [default] : (Bi210, default.Bi210) 
default>-- [default] : (C10_2, default.C10_2) 
default>-- [default] : (C11, default.C11) 
default>-- [default] : (C11_2, default.C11_2) 
default>-- [default] : (Kr85, default.Kr85) 
default>-- [default] : (Po210, default.Po210) 
default>-- [default] : (Po210_2, default.Po210_2) 
default>-- [default] : (Po210_qch, default.Po210_qch) 
default>-- [default] : (alpha_resolution_0, default.alpha_resolution_0) 
default>-- [default] : (alpha_resolution_1, default.alpha_resolution_1) 
default>-- [default] : (alpha_resolution_2, default.alpha_resolution_2) 
default>-- [default] : (alpha_resolution_3, default.alpha_resolution_3) 
default>-- [default] : (alpha_resolution_4, default.alpha_resolution_4) 
default>-- [default] : (alpha_resolution_5, default.alpha_resolution_5) 
default>-- [default] : (beta_ly, default.beta_ly) 
default>-- [default] : (mlp_correction_0, default.mlp_correction_0) 
default>-- [default] : (mlp_correction_1, default.mlp_correction_1) 
default>-- [default] : (mlp_correction_2, default.mlp_correction_2) 
default>-- [default] : (mlp_correction_3, default.mlp_correction_3) 
default>-- [default] : (nu(B8), default.nu(B8)) 
InputManager::registerDataset(default.Major)
InputManager::registerDataset(default.TFCtagged)
Inserting period full [default.Major]
Inserting period full [default.TFCtagged]
Livetime: 752.049 days (c11 subtracted)
computing mass from input_files/PeriodPhase2_FVpep_TFCMI_c19.root
Mass: 71.3 tons
Inserting [default.Major] exposure : [53621.1 (day x tons)]
computing mass from input_files/PeriodPhase2_FVpep_TFCMI_c19.root
Inserting [default.TFCtagged] exposure : [36107.7 (day x tons)]
Inserting type [remaining_pb214] name [default] value [0.0200354]
Remaining Pb214 [default] : 0.0200354 cpd/100 tons
WARNING: pp/final_nhits_pp_1 not TH1D, trying other TH1
WARNING: No pp/final_nhits_pp_1 in input directory, trying in the main directory of the file
pp/final_nhits_pp_1: mean 51.2663
WARNING: the spectrum of [Major] had not Sumw2 set. Setting it now.
WARNING: the spectrum of [TFCtagged] had not Sumw2 set. Setting it now.
Inserting [default.Major] data set
Inserting [default.TFCtagged] data set
INFO: loading species from file species_list/species-fit-cno-mv_CNO-penalty-hm.icc
Loading [Bi210] from [pdfs_TAUP2017/MCspectra_pp_FVpep_Phase2_emin1_masked.root/bi210_nhits]
bad programing style, const_cast!!
creating MC species [Bi210] in [default]
Warning: quenching [Bi210_qch] not found in [default].
[Bi210] loaded for [default]
Inserting species (Bi210)[Bi210] to [default.Major] 
Inserting species (Bi210)[Bi210] to [default.TFCtagged] 
Loading [C10] from [pdfs_TAUP2017/MCspectra_pp_FVpep_Phase2_emin1_masked.root/c10_nhits]
bad programing style, const_cast!!
creating MC species [C10] in [default]
[C10] loaded for [default]
Inserting species (C10_2)[C10] to [default.TFCtagged] 
Loading [C11] from [pdfs_TAUP2017/MCspectra_pp_FVpep_Phase2_emin1_masked.root/c11_nhits]
bad programing style, const_cast!!
creating MC species [C11] in [default]
[C11] loaded for [default]
Inserting species (C11)[C11] to [default.Major] 
creating MC species [C11] in [default]
[C11] loaded for [default]
Inserting species (C11_2)[C11] to [default.TFCtagged] 
Loading [Ext_Bi214] from [pdfs_TAUP2017/MCspectra_pp_FVpep_Phase2_emin1_masked.root/ext_bi214_nhits]
bad programing style, const_cast!!
creating MC species [Ext_Bi214] in [default]
[Ext_Bi214] loaded for [default]
Inserting species (Ext_Bi214)[Ext_Bi214] to [default.Major] 
Inserting species (Ext_Bi214)[Ext_Bi214] to [default.TFCtagged] 
Loading [Ext_K40] from [pdfs_TAUP2017/MCspectra_pp_FVpep_Phase2_emin1_masked.root/ext_k40_nhits]
bad programing style, const_cast!!
creating MC species [Ext_K40] in [default]
[Ext_K40] loaded for [default]
Inserting species (Ext_K40)[Ext_K40] to [default.Major] 
Inserting species (Ext_K40)[Ext_K40] to [default.TFCtagged] 
Loading [Ext_Tl208] from [pdfs_TAUP2017/MCspectra_pp_FVpep_Phase2_emin1_masked.root/ext_tl208_nhits]
bad programing style, const_cast!!
creating MC species [Ext_Tl208] in [default]
[Ext_Tl208] loaded for [default]
Inserting species (Ext_Tl208)[Ext_Tl208] to [default.Major] 
Inserting species (Ext_Tl208)[Ext_Tl208] to [default.TFCtagged] 
Loading [He6] from [pdfs_TAUP2017/MCspectra_pp_FVpep_Phase2_emin1_masked.root/he6_nhits]
bad programing style, const_cast!!
creating MC species [He6] in [default]
Warning: quenching [He6_qch] not found in [default].
[He6] loaded for [default]
Inserting species (He6_2)[He6] to [default.TFCtagged] 
Loading [Kr85] from [pdfs_TAUP2017/MCspectra_pp_FVpep_Phase2_emin1_masked.root/kr85_nhits]
bad programing style, const_cast!!
creating MC species [Kr85] in [default]
Warning: quenching [Kr85_qch] not found in [default].
[Kr85] loaded for [default]
Inserting species (Kr85)[Kr85] to [default.Major] 
Inserting species (Kr85)[Kr85] to [default.TFCtagged] 
Loading [Po210] from [pdfs_TAUP2017/MCspectra_pp_FVpep_Phase2_emin1_masked.root/po210_nhits]
bad programing style, const_cast!!
creating MC species [Po210] in [default]
[Po210] loaded for [default]
Inserting species (Po210)[Po210] to [default.Major] 
creating MC species [Po210] in [default]
[Po210] loaded for [default]
Inserting species (Po210_2)[Po210] to [default.TFCtagged] 
Loading [nu(B8)] from [pdfs_TAUP2017/MCspectra_pp_FVpep_Phase2_emin1_masked.root/b8_nhits]
bad programing style, const_cast!!
creating MC species [nu(B8)] in [default]
Warning: quenching [nu(B8)_qch] not found in [default].
[nu(B8)] loaded for [default]
Inserting species (nu(B8))[nu(B8)] to [default.Major] 
Inserting species (nu(B8))[nu(B8)] to [default.TFCtagged] 
Loading [nu(Be7)] from [pdfs_TAUP2017/MCspectra_pp_FVpep_Phase2_emin1_masked.root/be7_nhits]
bad programing style, const_cast!!
creating MC species [nu(Be7)] in [default]
Warning: quenching [nu(Be7)_qch] not found in [default].
[nu(Be7)] loaded for [default]
Inserting species (nu(Be7))[nu(Be7)] to [default.Major] 
Inserting species (nu(Be7))[nu(Be7)] to [default.TFCtagged] 
Loading [nu(CNO)] from [pdfs_TAUP2017/MCspectra_pp_FVpep_Phase2_emin1_masked.root/cno_nhits]
bad programing style, const_cast!!
creating MC species [nu(CNO)] in [default]
Warning: quenching [nu(CNO)_qch] not found in [default].
[nu(CNO)] loaded for [default]
Inserting species (nu(CNO))[nu(CNO)] to [default.Major] 
Inserting species (nu(CNO))[nu(CNO)] to [default.TFCtagged] 
Loading [nu(pep)] from [pdfs_TAUP2017/MCspectra_pp_FVpep_Phase2_emin1_masked.root/pep_nhits]
bad programing style, const_cast!!
creating MC species [nu(pep)] in [default]
Warning: quenching [nu(pep)_qch] not found in [default].
[nu(pep)] loaded for [default]
Inserting species (nu(pep))[nu(pep)] to [default.Major] 
Inserting species (nu(pep))[nu(pep)] to [default.TFCtagged] 
Inserting [default.Major] species vector
searching for [Bi210_sys]..
searching for [C11_sys]..
searching for [Ext_Bi214_sys]..
searching for [Ext_K40_sys]..
searching for [Ext_Tl208_sys]..
searching for [Kr85_sys]..
searching for [Po210_sys]..
searching for [nu(B8)_sys]..
searching for [nu(Be7)_sys]..
searching for [nu(CNO)_sys]..
searching for [nu(pep)_sys]..
Inserting [default.TFCtagged] species vector
searching for [Bi210_sys]..
searching for [C10_2_sys]..
searching for [C11_2_sys]..
searching for [Ext_Bi214_sys]..
searching for [Ext_K40_sys]..
searching for [Ext_Tl208_sys]..
searching for [He6_2_sys]..
searching for [Kr85_sys]..
searching for [Po210_2_sys]..
searching for [nu(B8)_sys]..
searching for [nu(Be7)_sys]..
searching for [nu(CNO)_sys]..
searching for [nu(pep)_sys]..
setting quenching of [Po210] to [0.07879]
Pb214 not implemented in bx-GooStats, it's ignored
setting quenching of [C11] to [0.8828]
INFO: 210Po PMTs used: 2000,0
RawSpectrumProvider::registerSpecies Register [default.Major]
type: [default.Major][0][1]
You have chosen SeparateSumPdfFactory<DnType<NoDn> MLPType<no> MaskType<Mask> DnAfterMask <no>>
SumPdf::registerFunc register [Bi210] as [0]
SumPdf::registerFunc register [C11] as [1]
SumPdf::registerFunc register [Ext_Bi214] as [2]
SumPdf::registerFunc register [Ext_K40] as [3]
SumPdf::registerFunc register [Ext_Tl208] as [4]
SumPdf::registerFunc register [Kr85] as [5]
SumPdf::registerFunc register [Po210] as [6]
SumPdf::registerFunc register [nu(B8)] as [7]
SumPdf::registerFunc register [nu(Be7)] as [8]
SumPdf::registerFunc register [nu(CNO)] as [9]
SumPdf::registerFunc register [nu(pep)] as [10]
SumPdf::registerFunc register [Bi210] as [11]
SumPdf::registerFunc register [C11] as [12]
SumPdf::registerFunc register [Ext_Bi214] as [13]
SumPdf::registerFunc register [Ext_K40] as [14]
SumPdf::registerFunc register [Ext_Tl208] as [15]
SumPdf::registerFunc register [Kr85] as [16]
SumPdf::registerFunc register [Po210] as [17]
SumPdf::registerFunc register [nu(B8)] as [18]
SumPdf::registerFunc register [nu(Be7)] as [19]
SumPdf::registerFunc register [nu(CNO)] as [20]
SumPdf::registerFunc register [nu(pep)] as [21]
Inserting [default.Major] sum pdf
Checking [Bi210] for <User> found? [1] is class<0>? [1]
Checking [C11] for <User> found? [1] is class<0>? [0]
Checking [Ext_Bi214] for <User> found? [1] is class<0>? [1]
Checking [Ext_K40] for <User> found? [1] is class<0>? [1]
Checking [Ext_Tl208] for <User> found? [1] is class<0>? [1]
Checking [Kr85] for <User> found? [1] is class<0>? [1]
Checking [Po210] for <User> found? [1] is class<0>? [1]
Checking [nu(B8)] for <User> found? [1] is class<0>? [1]
Checking [nu(Be7)] for <User> found? [1] is class<0>? [1]
Checking [nu(CNO)] for <User> found? [1] is class<0>? [1]
Checking [nu(pep)] for <User> found? [1] is class<0>? [1]
Checking [Bi210] for <User> found? [1] is class<1>? [0]
Checking [C11] for <User> found? [1] is class<1>? [1]
Checking [Ext_Bi214] for <User> found? [1] is class<1>? [0]
Checking [Ext_K40] for <User> found? [1] is class<1>? [0]
Checking [Ext_Tl208] for <User> found? [1] is class<1>? [0]
Checking [Kr85] for <User> found? [1] is class<1>? [0]
Checking [Po210] for <User> found? [1] is class<1>? [0]
Checking [nu(B8)] for <User> found? [1] is class<1>? [0]
Checking [nu(Be7)] for <User> found? [1] is class<1>? [0]
Checking [nu(CNO)] for <User> found? [1] is class<1>? [0]
Checking [nu(pep)] for <User> found? [1] is class<1>? [0]
Inserting [default]-[default] MV term
Checking [Bi210] for <Rdist> found? [1] is class<0>? [1]
Checking [C11] for <Rdist> found? [1] is class<0>? [1]
Checking [Ext_Bi214] for <Rdist> found? [1] is class<0>? [0]
Checking [Ext_K40] for <Rdist> found? [1] is class<0>? [0]
Checking [Ext_Tl208] for <Rdist> found? [1] is class<0>? [0]
Checking [Kr85] for <Rdist> found? [1] is class<0>? [1]
Checking [Po210] for <Rdist> found? [1] is class<0>? [1]
Checking [nu(B8)] for <Rdist> found? [1] is class<0>? [1]
Checking [nu(Be7)] for <Rdist> found? [1] is class<0>? [1]
Checking [nu(CNO)] for <Rdist> found? [1] is class<0>? [1]
Checking [nu(pep)] for <Rdist> found? [1] is class<0>? [1]
Checking [Bi210] for <Rdist> found? [1] is class<1>? [0]
Checking [C11] for <Rdist> found? [1] is class<1>? [0]
Checking [Ext_Bi214] for <Rdist> found? [1] is class<1>? [1]
Checking [Ext_K40] for <Rdist> found? [1] is class<1>? [1]
Checking [Ext_Tl208] for <Rdist> found? [1] is class<1>? [1]
Checking [Kr85] for <Rdist> found? [1] is class<1>? [0]
Checking [Po210] for <Rdist> found? [1] is class<1>? [0]
Checking [nu(B8)] for <Rdist> found? [1] is class<1>? [0]
Checking [nu(Be7)] for <Rdist> found? [1] is class<1>? [0]
Checking [nu(CNO)] for <Rdist> found? [1] is class<1>? [0]
Checking [nu(pep)] for <Rdist> found? [1] is class<1>? [0]
Inserting [default]-[default] MV term
Inserting [default]-[default] MV term
Inserting [default]-[default] MV term
Inserting [default]-[default] MV term
Inserting [default]-[default] MV term
Inserting [default]-[default] MV term
Inserting [default]-[default] MV term
Inserting [default]-[default] MV term
Inserting [default]-[default] MV term
Inserting [default]-[default] MV term
Inserting [default]-[default] MV term
Inserting [default]-[default] MV term
Inserting [default]-[default] MV term
Inserting [default]-[default] MV term
Inserting [default]-[default] MV term
Inserting [default]-[default] MV term
Pb214 not implemented in bx-GooStats, it's ignored
RawSpectrumProvider::registerSpecies Register [default.TFCtagged]
type: [default.TFCtagged][0][1]
You have chosen SeparateSumPdfFactory<DnType<NoDn> MLPType<no> MaskType<Mask> DnAfterMask <no>>
SumPdf::registerFunc register [C10] as [22]
SumPdf::registerFunc register [C11] as [23]
SumPdf::registerFunc register [He6] as [24]
SumPdf::registerFunc register [Po210] as [25]
SumPdf::registerFunc register [Bi210] as [26]
SumPdf::registerFunc register [C10] as [27]
SumPdf::registerFunc register [C11] as [28]
SumPdf::registerFunc register [Ext_Bi214] as [29]
SumPdf::registerFunc register [Ext_K40] as [30]
SumPdf::registerFunc register [Ext_Tl208] as [31]
SumPdf::registerFunc register [He6] as [32]
SumPdf::registerFunc register [Kr85] as [33]
SumPdf::registerFunc register [Po210] as [34]
SumPdf::registerFunc register [nu(B8)] as [35]
SumPdf::registerFunc register [nu(Be7)] as [36]
SumPdf::registerFunc register [nu(CNO)] as [37]
SumPdf::registerFunc register [nu(pep)] as [38]
Inserting [default.TFCtagged] sum pdf
Inserting (Datasets:default.Major)<default.Major>
Inserting (Datasets:default.TFCtagged)<default.TFCtagged>
Inserting (LikelihoodFactory)<default>
Inserting (LikelihoodFactory)<default>
Inserting (LikelihoodFactory)<default>
Inserting (LikelihoodFactory)<default>
Inserting (LikelihoodFactory)<default>
Inserting (LikelihoodFactory)<default>
Inserting (LikelihoodFactory)<default>
Inserting (LikelihoodFactory)<default>
Inserting (LikelihoodFactory)<default>
Inserting (LikelihoodFactory)<default>
Inserting (LikelihoodFactory)<default>
Inserting (LikelihoodFactory)<default>
Inserting (LikelihoodFactory)<default>
Inserting (LikelihoodFactory)<default>
Inserting (LikelihoodFactory)<default>
Inserting (LikelihoodFactory)<default>
Inserting (LikelihoodFactory)<default>
Debug: LL size 19
 PARAMETER DEFINITIONS:
    NO.   NAME         VALUE      STEP SIZE      LIMITS
     1 default.Bi210   2.00000e+01  1.00000e+00    0.00000e+00  1.00000e+02
     2 default.C11   2.80000e+01  1.00000e+00    0.00000e+00  1.00000e+02
     3 global.Ext_Bi214   5.00000e-01  1.00000e-01    0.00000e+00  1.00000e+01
     4 global.Ext_K40   1.50000e-01  1.00000e-01    0.00000e+00  1.00000e+01
     5 global.Ext_Tl208   1.90000e+00  1.00000e-01    0.00000e+00  1.00000e+01
     6 default.Kr85   5.00000e+00  3.00000e-01    0.00000e+00  3.00000e+01
     7 default.Po210   3.00000e+02  2.99999e+01    1.00000e-02  3.00000e+03
     8 default.nu(B8)   4.60000e-01  1.00000e-01    0.00000e+00  1.00000e+01
 **********
 **    1 **FIX           8
 **********
 PARAMETER DEFINITIONS:
    NO.   NAME         VALUE      STEP SIZE      LIMITS
     9 global.nu(Be7)   4.85000e+01  5.00000e-01    2.00000e+01  7.00000e+01
    10 global.nu(CNO)   5.36000e+00  5.00000e-01    0.00000e+00  5.00000e+01
    11 global.nu(pep)   2.20000e+00  1.00000e-01    0.00000e+00  1.00000e+01
    12 default.C10_2   1.10000e+00  1.00000e-01    0.00000e+00  1.00000e+01
    13 default.C11_2   5.00000e+01  2.00000e+00    0.00000e+00  2.00000e+02
    14 global.He6_2   4.00000e-01  2.00000e-01    0.00000e+00  2.00000e+01
    15 default.Po210_2   3.00000e+02  2.99999e+01    1.00000e-02  3.00000e+03
 **********
 **    2 **SET ERRDEF         0.5
 **********
 PARAMETER DEFINITIONS:
    NO.   NAME         VALUE      STEP SIZE      LIMITS
     1 default.Bi210   2.00000e+01  1.00000e+00    0.00000e+00  1.00000e+02
     2 default.C11   2.80000e+01  1.00000e+00    0.00000e+00  1.00000e+02
     3 global.Ext_Bi214   5.00000e-01  1.00000e-01    0.00000e+00  1.00000e+01
     4 global.Ext_K40   1.50000e-01  1.00000e-01    0.00000e+00  1.00000e+01
     5 global.Ext_Tl208   1.90000e+00  1.00000e-01    0.00000e+00  1.00000e+01
     6 default.Kr85   5.00000e+00  3.00000e-01    0.00000e+00  3.00000e+01
     7 default.Po210   3.00000e+02  2.99999e+01    1.00000e-02  3.00000e+03
     8 default.nu(B8)   4.60000e-01  1.00000e-01    0.00000e+00  1.00000e+01
 **********
 **    1 **FIX           8
 **********
 PARAMETER DEFINITIONS:
    NO.   NAME         VALUE      STEP SIZE      LIMITS
     9 global.nu(Be7)   4.85000e+01  5.00000e-01    2.00000e+01  7.00000e+01
    10 global.nu(CNO)   5.36000e+00  5.00000e-01    0.00000e+00  5.00000e+01
    11 global.nu(pep)   2.20000e+00  1.00000e-01    0.00000e+00  1.00000e+01
    12 default.C10_2   1.10000e+00  1.00000e-01    0.00000e+00  1.00000e+01
    13 default.C11_2   5.00000e+01  2.00000e+00    0.00000e+00  2.00000e+02
    14 global.He6_2   4.00000e-01  2.00000e-01    0.00000e+00  2.00000e+01
    15 default.Po210_2   3.00000e+02  2.99999e+01    1.00000e-02  3.00000e+03
 **********
 **    2 **SET ERRDEF         0.5
 **********
 **********
 **    3 **MINIMIZE       2e+04
 **********
 FIRST CALL TO USER FUNCTION AT NEW START POINT, WITH IFLAG=4.
 START MIGRAD MINIMIZATION.  STRATEGY  1.  CONVERGENCE WHEN EDM .LT. 5.00e-05
 FCN=19994.1 FROM MIGRAD    STATUS=INITIATE       85 CALLS          86 TOTAL
                     EDM= unknown      STRATEGY= 1      NO ERROR MATRIX       
  EXT PARAMETER               CURRENT GUESS       STEP         FIRST   
  NO.   NAME      VALUE            ERROR          SIZE      DERIVATIVE 
   1  default.Bi210   2.00000e+01   1.00000e+00   0.00000e+00   1.42807e+03
   2  default.C11   2.80000e+01   1.00000e+00   0.00000e+00   2.04444e+04
   3  global.Ext_Bi214   5.00000e-01   1.00000e-01   0.00000e+00   3.27014e+01
   4  global.Ext_K40   1.50000e-01   1.00000e-01   0.00000e+00   5.78495e+01
   5  global.Ext_Tl208   1.90000e+00   1.00000e-01   0.00000e+00  -4.39410e+02
   6  default.Kr85   5.00000e+00   3.00000e-01   0.00000e+00   2.84128e+02
   7  default.Po210   3.00000e+02   2.99999e+01   0.00000e+00   7.53690e+04
   8  default.nu(B8)   4.60000e-01     fixed    
   9  global.nu(Be7)   4.85000e+01   5.00000e-01   0.00000e+00   7.56579e+02
  10  global.nu(CNO)   5.36000e+00   5.00000e-01   0.00000e+00   8.74956e+02
  11  global.nu(pep)   2.20000e+00   1.00000e-01   0.00000e+00   5.36916e+02
  12  default.C10_2   1.10000e+00   1.00000e-01   0.00000e+00   1.93697e+02
  13  default.C11_2   5.00000e+01   2.00000e+00   0.00000e+00  -6.86006e+03
  14  global.He6_2   7.88942e+00   2.00000e-01   1.07435e+00   4.37151e+01
  15  default.Po210_2   3.00000e+02   2.99999e+01   0.00000e+00  -5.16499e+03
                               ERR DEF= 0.5
 MIGRAD MINIMIZATION HAS CONVERGED.
 MIGRAD WILL VERIFY CONVERGENCE AND ERROR MATRIX.
 COVARIANCE MATRIX CALCULATED SUCCESSFULLY
 FCN=7501.19 FROM MIGRAD    STATUS=CONVERGED    1544 CALLS        1545 TOTAL
                     EDM=2.88132e-06    STRATEGY= 1      ERROR MATRIX ACCURATE 
  EXT PARAMETER                                   STEP         FIRST   
  NO.   NAME      VALUE            ERROR          SIZE      DERIVATIVE 
   1  default.Bi210   8.80438e+00   7.72473e+00   1.24131e-03   2.51020e-02
   2  default.C11   1.79633e+00   9.65512e-02   3.39349e-04  -2.00347e-02
   3  global.Ext_Bi214   1.81982e+00   3.02103e-01   3.09633e-03  -5.03395e-03
   4  global.Ext_K40   9.38598e-01   6.10820e-01   9.09863e-03   1.88605e-03
   5  global.Ext_Tl208   3.40574e+00   1.62349e-01   1.35757e-03  -1.47738e-02
   6  default.Kr85   4.18745e+00   2.12837e+00   5.44295e-03   2.00979e-03
   7  default.Po210   2.49589e+02   7.77027e-01   5.18527e-05   1.41008e-02
   8  default.nu(B8)   4.60000e-01     fixed    
   9  global.nu(Be7)   4.90932e+01   1.24764e+00   1.38547e-03   1.85230e-02
  10  global.nu(CNO)   1.24536e+01   7.38916e+00   1.20003e-03   1.82903e-02
  11  global.nu(pep)   1.39271e+00   1.26644e+00   3.35992e-03   2.32888e-03
  12  default.C10_2   7.96086e-01   4.76466e-01   2.89348e-03  -1.48721e-02
  13  default.C11_2   6.42911e+01   5.97014e-01   2.79409e-04   2.90378e-02
  14  global.He6_2   2.09458e+00   1.01261e+00   2.62932e-03  -8.49490e-03
  15  default.Po210_2   3.06628e+02   1.01080e+00   6.34786e-05  -7.26718e-02
                               ERR DEF= 0.5
 EXTERNAL ERROR MATRIX.    NDIM=  25    NPAR= 14    ERR DEF=0.5
 ELEMENTS ABOVE DIAGONAL ARE NOT PRINTED.
  6.121e+01 
 -2.741e-01  9.322e-03 
 -2.035e-02  3.808e-03  9.145e-02 
 -1.548e+00 -6.787e-03  5.303e-02  3.787e-01 
 -7.873e-03 -7.012e-04 -3.152e-02 -1.198e-02  2.637e-02 
 -9.487e+00  4.811e-02 -5.733e-03  2.541e-01  5.799e-03  4.595e+00 
  3.251e-01 -1.504e-03 -1.352e-03 -9.421e-03  4.888e-04 -4.818e-01  6.038e-01 
 -1.960e+00  1.343e-02 -1.126e-03  5.273e-02  1.910e-03 -1.048e+00  1.045e-01  1.558e+00 
 -5.789e+01  2.366e-01  3.714e-02  1.393e+00 -3.973e-03  8.765e+00 -3.302e-01  9.003e-01  5.687e+01 
 -9.128e+00  2.814e-02  1.158e-03  1.491e-01 -2.146e-04  1.311e+00 -5.380e-02  1.806e-02  9.373e+00  1.681e+00 
  2.367e-01  2.533e-04  3.679e-02  1.676e-02 -2.489e-02 -1.051e-01 -5.736e-03 -3.803e-02 -3.682e-02  4.405e-03  2.294e-01 
  5.318e-01 -5.230e-03  2.365e-02  2.934e-02 -1.096e-02 -1.532e-01 -3.090e-03 -4.589e-02 -3.064e-01 -2.228e-02  1.771e-01 
  5.318e-01 -5.230e-03  2.365e-02  2.934e-02 -1.096e-02 -1.532e-01 -3.090e-03 -4.589e-02 -3.064e-01 -2.228e-02  1.771e-01  3.564e-01 
 -5.235e-01 -1.210e-03 -8.243e-02 -4.636e-02  3.518e-02  2.339e-01  1.286e-02  8.417e-02  7.879e-02 -9.585e-03 -4.626e-01 
 -5.235e-01 -1.210e-03 -8.243e-02 -4.636e-02  3.518e-02  2.339e-01  1.286e-02  8.417e-02  7.879e-02 -9.585e-03 -4.626e-01 -4.020e-01  1.035e+00 
  3.481e-01 -1.456e-03  2.144e-03 -7.478e-03 -1.004e-03 -4.988e-01  8.868e-02  1.025e-01 -3.345e-01 -5.356e-02  1.389e-02 
  3.481e-01 -1.456e-03  2.144e-03 -7.478e-03 -1.004e-03 -4.988e-01  8.868e-02  1.025e-01 -3.345e-01 -5.356e-02  1.389e-02  1.397e-02 -3.104e-02  1.022e+00 
 PARAMETER  CORRELATION COEFFICIENTS  
       NO.  GLOBAL      1      2      3      4      5      6      7      9     10     11     12     13     14     15
        1  0.99717   1.000 -0.363 -0.009 -0.322 -0.006 -0.566  0.053 -0.201 -0.981 -0.900  0.063  0.114 -0.066  0.044
        2  0.62513  -0.363  1.000  0.130 -0.114 -0.045  0.232 -0.020  0.111  0.325  0.225  0.005 -0.091 -0.012 -0.015
        3  0.75081  -0.009  0.130  1.000  0.285 -0.642 -0.009 -0.006 -0.003  0.016  0.003  0.254  0.131 -0.268  0.007
        4  0.69286  -0.322 -0.114  0.285  1.000 -0.120  0.193 -0.020  0.069  0.300  0.187  0.057  0.080 -0.074 -0.012
        5  0.74911  -0.006 -0.045 -0.642 -0.120  1.000  0.017  0.004  0.009 -0.003 -0.001 -0.320 -0.113  0.213 -0.006
        6  0.89728  -0.566  0.232 -0.009  0.193  0.017  1.000 -0.289 -0.392  0.542  0.472 -0.102 -0.120  0.107 -0.230
        7  0.38136   0.053 -0.020 -0.006 -0.020  0.004 -0.289  1.000  0.108 -0.056 -0.053 -0.015 -0.007  0.016  0.113
        9  0.88910  -0.201  0.111 -0.003  0.069  0.009 -0.392  0.108  1.000  0.096  0.011 -0.064 -0.062  0.066  0.081
       10  0.99834  -0.981  0.325  0.016  0.300 -0.003  0.542 -0.056  0.096  1.000  0.959 -0.010 -0.068  0.010 -0.044
       11  0.98868  -0.900  0.225  0.003  0.187 -0.001  0.472 -0.053  0.011  0.959  1.000  0.007 -0.029 -0.007 -0.041
       12  0.96190   0.063  0.005  0.254  0.057 -0.320 -0.102 -0.015 -0.064 -0.010  0.007  1.000  0.619 -0.949  0.029
       13  0.68246   0.114 -0.091  0.131  0.080 -0.113 -0.120 -0.007 -0.062 -0.068 -0.029  0.619  1.000 -0.662  0.023
       14  0.96434  -0.066 -0.012 -0.268 -0.074  0.213  0.107  0.016  0.066  0.010 -0.007 -0.949 -0.662  1.000 -0.030
       15  0.29916   0.044 -0.015  0.007 -0.012 -0.006 -0.230  0.113  0.081 -0.044 -0.041  0.029  0.023 -0.030  1.000
 **********
 **    4 **HESSE
 **********
 COVARIANCE MATRIX CALCULATED SUCCESSFULLY
 FCN=7501.19 FROM HESSE     STATUS=OK            148 CALLS        1693 TOTAL
                     EDM=3.09531e-06    STRATEGY= 1      ERROR MATRIX ACCURATE 
  EXT PARAMETER                                INTERNAL      INTERNAL  
  NO.   NAME      VALUE            ERROR       STEP SIZE       VALUE   
   1  default.Bi210   8.80438e+00   8.29930e+00   4.96523e-05  -9.68281e-01
   2  default.C11   1.79633e+00   9.66480e-02   6.78697e-05  -1.83966e+00
   3  global.Ext_Bi214   1.81982e+00   3.02736e-01   1.23853e-04  -6.89350e-01
   4  global.Ext_K40   9.38598e-01   6.20775e-01   3.63945e-04  -2.19354e+00
   5  global.Ext_Tl208   3.40574e+00   1.62501e-01   2.71515e-04  -3.24518e-01
   6  default.Kr85   4.18745e+00   2.15337e+00   2.17718e-04  -8.05009e-01
   7  default.Po210   2.49589e+02   7.76475e-01   2.07411e-06  -9.85618e-01
   8  default.nu(B8)   4.60000e-01     fixed    
   9  global.nu(Be7)   4.90932e+01   1.24406e+00   2.77094e-04   1.64469e-01
  10  global.nu(CNO)   1.24536e+01   8.01813e+00   2.40007e-04  -5.25745e-01
  11  global.nu(pep)   1.39271e+00   1.38126e+00   1.34397e-04  -2.33569e+00
  12  default.C10_2   7.96086e-01   4.72600e-01   1.15739e-04  -9.98728e-01
  13  default.C11_2   6.42911e+01   5.94061e-01   5.58818e-05  -3.65150e-01
  14  global.He6_2   2.09458e+00   1.00414e+00   1.05173e-04  -9.11693e-01
  15  default.Po210_2   3.06628e+02   1.01031e+00   1.26957e-05  -9.19977e-01
                               ERR DEF= 0.5
 EXTERNAL ERROR MATRIX.    NDIM=  25    NPAR= 14    ERR DEF=0.5
 ELEMENTS ABOVE DIAGONAL ARE NOT PRINTED.
  7.094e+01 
 -2.954e-01  9.341e-03 
 -8.568e-02  4.085e-03  9.184e-02 
 -1.864e+00 -6.027e-03  5.525e-02  3.913e-01 
  1.226e-02 -7.950e-04 -3.165e-02 -1.261e-02  2.642e-02 
 -1.070e+01  5.014e-02  4.531e-03  2.959e-01  2.512e-03  4.705e+00 
  3.615e-01 -1.534e-03 -1.676e-03 -1.063e-02  5.916e-04 -4.801e-01  6.029e-01 
 -1.963e+00  1.310e-02  1.152e-03  5.665e-02  1.151e-03 -1.040e+00  1.023e-01  1.549e+00 
 -6.807e+01  2.602e-01  9.810e-02  1.711e+00 -2.248e-02  1.006e+01 -3.705e-01  9.124e-01  6.747e+01 
 -1.096e+01  3.270e-02  1.051e-02  2.030e-01 -3.021e-03  1.549e+00 -6.155e-02  2.187e-02  1.127e+01  2.019e+00 
  1.785e-01  5.195e-04  3.623e-02  1.772e-02 -2.457e-02 -9.330e-02 -6.139e-03 -3.608e-02  1.419e-02  1.203e-02  2.257e-01 
  4.939e-01 -4.990e-03  2.279e-02  2.967e-02 -1.055e-02 -1.434e-01 -3.481e-03 -4.371e-02 -2.776e-01 -1.893e-02  1.735e-01 
  4.939e-01 -4.990e-03  2.279e-02  2.967e-02 -1.055e-02 -1.434e-01 -3.481e-03 -4.371e-02 -2.776e-01 -1.893e-02  1.735e-01  3.529e-01 
 -3.897e-01 -1.812e-03 -8.114e-02 -4.869e-02  3.446e-02  2.071e-01  1.379e-02  7.976e-02 -3.912e-02 -2.726e-02 -4.545e-01 
 -3.897e-01 -1.812e-03 -8.114e-02 -4.869e-02  3.446e-02  2.071e-01  1.379e-02  7.976e-02 -3.912e-02 -2.726e-02 -4.545e-01 -3.942e-01  1.017e+00 
  3.786e-01 -1.459e-03  1.760e-03 -8.586e-03 -8.676e-04 -4.958e-01  8.777e-02  1.004e-01 -3.697e-01 -6.055e-02  1.311e-02 
  3.786e-01 -1.459e-03  1.760e-03 -8.586e-03 -8.676e-04 -4.958e-01  8.777e-02  1.004e-01 -3.697e-01 -6.055e-02  1.311e-02  1.321e-02 -2.930e-02  1.021e+00 
 PARAMETER  CORRELATION COEFFICIENTS  
       NO.  GLOBAL      1      2      3      4      5      6      7      9     10     11     12     13     14     15
        1  0.99756   1.000 -0.363 -0.034 -0.354  0.009 -0.585  0.055 -0.187 -0.984 -0.916  0.045  0.099 -0.046  0.044
        2  0.62611  -0.363  1.000  0.139 -0.100 -0.051  0.239 -0.020  0.109  0.328  0.238  0.011 -0.087 -0.019 -0.015
        3  0.75175  -0.034  0.139  1.000  0.291 -0.643  0.007 -0.007  0.003  0.039  0.024  0.252  0.127 -0.265  0.006
        4  0.70471  -0.354 -0.100  0.291  1.000 -0.124  0.218 -0.022  0.073  0.333  0.228  0.060  0.080 -0.077 -0.014
        5  0.74965   0.009 -0.051 -0.643 -0.124  1.000  0.007  0.005  0.006 -0.017 -0.013 -0.318 -0.109  0.210 -0.005
        6  0.89982  -0.585  0.239  0.007  0.218  0.007  1.000 -0.285 -0.385  0.565  0.503 -0.091 -0.111  0.095 -0.226
        7  0.37976   0.055 -0.020 -0.007 -0.022  0.005 -0.285  1.000  0.106 -0.058 -0.056 -0.017 -0.008  0.018  0.112
        9  0.88842  -0.187  0.109  0.003  0.073  0.006 -0.385  0.106  1.000  0.089  0.012 -0.061 -0.059  0.064  0.080
       10  0.99860  -0.984  0.328  0.039  0.333 -0.017  0.565 -0.058  0.089  1.000  0.966  0.004 -0.057 -0.005 -0.045
       11  0.99058  -0.916  0.238  0.024  0.228 -0.013  0.503 -0.056  0.012  0.966  1.000  0.018 -0.022 -0.019 -0.042
       12  0.96126   0.045  0.011  0.252  0.060 -0.318 -0.091 -0.017 -0.061  0.004  0.018  1.000  0.615 -0.949  0.027
       13  0.67855   0.099 -0.087  0.127  0.080 -0.109 -0.111 -0.008 -0.059 -0.057 -0.022  0.615  1.000 -0.658  0.022
       14  0.96372  -0.046 -0.019 -0.265 -0.077  0.210  0.095  0.018  0.064 -0.005 -0.019 -0.949 -0.658  1.000 -0.029
       15  0.29765   0.044 -0.015  0.006 -0.014 -0.005 -0.226  0.112  0.080 -0.045 -0.042  0.027  0.022 -0.029  1.000
Wallclock time  : 26.9931 seconds.
CPU time: 0.002699
Total CPU time: 0.002699
Processor time: 0.002258

FIT PARAMETERS
 ^{210}Bi = 8.8 #pm 8.3 
 ^{11}C = 1.796 #pm 0.097 
 Ext ^{214}Bi = 1.82 #pm 0.30 
 Ext ^{40}K = 0.94 #pm 0.62 
 Ext ^{208}Tl = 3.41 #pm 0.16 
 ^{85}Kr = 4.2 #pm 2.2 
 ^{210}Po = 249.59 #pm 0.78 
 #nu(^{8}B) = 0.46  [Fixed]
 #nu(^{7}Be) = 49.1 #pm 1.2 
 #nu(CNO) = 12.5 #pm 8.0 
 #nu(pep) = 1.4 #pm 1.4 
 ^{10}C 2 = 0.80 #pm 0.47 
 ^{11}C 2 = 64.29 #pm 0.59 
 ^{6}He 2 = 2.1 #pm 1.0 
 ^{210}Po 2 = 306.6 #pm 1.0 

 chi^2                             = 1973.2
 chi^2/N-DOF                       = 1.2449
 p-value                           = 0.000
 Minimized -2Ln(Likelihood)        = 15002.39
 Likelihood p-value                = 0.380 ± 0.049
SimplePlotManager::groupByName <default.Major> appedned to <default>
SimplePlotManager::groupByName <default.TFCtagged> appedned to <default>
