[GPUManager]() registered
regV registering [npe] as [0x1548180]
regV registering [npe_short] as [0x15482b0]
regV registering [Po218:peak] as [6002]
regV registering [Rn222:peak] as [5490]
regV registering [Po210:peak] as [5305]
Loaded path: </p/project/cjikp20/jikp2013/bx-GooStats-dingxf_dev/bx-GooStats/data>
RawSpectrumProvider::registerSpecies Register [nu(pep)]
RawSpectrumProvider::registerSpecies Register [nu(Be7)_sunT]
RawSpectrumProvider::registerSpecies Register [nu(Be7)_nosunT]
RawSpectrumProvider::registerSpecies Register [nu(CNO)]
RawSpectrumProvider::registerSpecies Register [nu(pp)_oleg]
RawSpectrumProvider::registerSpecies Register [nu(pp)_aldo]
RawSpectrumProvider::registerSpecies Register [nu(pp)]
RawSpectrumProvider::registerSpecies Register [nu(B8)]
RawSpectrumProvider::registerSpecies Register [C14_universal]
Warning: c14_shape_factor is taken as 1.24
RawSpectrumProvider::registerSpecies Register [C14]
RawSpectrumProvider::registerSpecies Register [C11]
RawSpectrumProvider::registerSpecies Register [C10]
RawSpectrumProvider::registerSpecies Register [Kr85]
RawSpectrumProvider::registerSpecies Register [B12]
RawSpectrumProvider::registerSpecies Register [He6]
RawSpectrumProvider::registerSpecies Register [Pa234m]
RawSpectrumProvider::registerSpecies Register [K40]
RawSpectrumProvider::registerSpecies Register [La138]
RawSpectrumProvider::registerSpecies Register [Bi210_mach4]
RawSpectrumProvider::registerSpecies Register [Bi210_oleg]
RawSpectrumProvider::registerSpecies Register [Bi210_aldo]
RawSpectrumProvider::registerSpecies Register [Bi210_daniel]
RawSpectrumProvider::registerSpecies Register [Bi210_flothmann]
RawSpectrumProvider::registerSpecies Register [Bi210_grau]
RawSpectrumProvider::registerSpecies Register [Pb214_KM]
RawSpectrumProvider::registerSpecies Register [Pb214_aldo_1]
RawSpectrumProvider::registerSpecies Register [Pb214_aldo_2]
RawSpectrumProvider::registerSpecies Register [Pb214_aldo_3]
RawSpectrumProvider::registerSpecies Register [Pb214_aldo_4]
RawSpectrumProvider::registerSpecies Register [Pb214_aldo_5]
RawSpectrumProvider::registerSpecies Register [Pb214_aldo_6]
RawSpectrumProvider::registerSpecies Register [Pb214_aldo_7]
RawSpectrumProvider::registerSpecies Register [Ext_Tl208]
RawSpectrumProvider::registerSpecies Register [Ext_Bi214]
RawSpectrumProvider::registerSpecies Register [Ext_K40]
RawSpectrumProvider::registerSpecies Register [U238_chain]
RawSpectrumProvider::registerSpecies Register [Th232_chain]
RawSpectrumProvider::registerSpecies Register [C14_pileup]
[InputManager]() registered
[PrepareData]() registered
[SimpleFit]() registered
[CNOTest]() registered
[HMLMTest]() registered
[ScanPar]() registered
[CorrelationManager]() registered
[ContourManager]() registered
[OutputManager]() registered
Checking GPU [0]/[1]
Running on [Tesla K80] with compute capability of 3.7
Warning: BatchOutputManager not set, default are used.
LOG: Getting data from file input_files/PeriodPhase2_FVpep_TFCMI_c19.root
Searching final_nhits_pp_0 in pp
LOG: fitting histogram final_nhits_pp_0
WARNING: chain_counts_cum not TH1D, trying other TH1
WARNING: No chain_counts_cum in input directory, trying in the main directory of the file
chain_counts_cum: mean 23.3425
[default] adopt [global] as its parent.
Inserting period [default,input_files/PeriodPhase2_FVpep_TFCMI_c19.root,pp/final_nhits_pp_0,fitoptions/fitoptions_cno-mv-Phase2MI-pdfs_new-nhits-emin140.cfg,species_list/species-fit-cno-mv_CNO-penalty-hm.icc]
ARG[1] <icc> = [species_list/species-fit-cno-mv_CNO-penalty-hm.icc]
InputManager::registerConfigset(default)
Loading from <fitoptions/fitoptions_cno-mv-Phase2MI-pdfs_new-nhits-emin140.cfg>
h_n_used_pmts: mean 1564.15
h_n_used_pmts_weighted: mean 1675.51
h_n_used_pmts0: mean 1557.43
h_n_used_pmts_weighted0: mean 1667.71
h_n_used_pmts1: mean 1574.13
h_n_used_pmts_weighted1: mean 1684.93
option <n_used_charge_histo_name> not set, default value [h_n_used_charge] used
h_n_used_charge: mean 1561.08
option <n_used_charge_po210_histo_name> not set, default value [h_n_used_charge_weighted] used
h_n_used_charge_weighted: mean 1671.67
feq_inv: mean 1.28509
Mask [mask_2] from [h_n_used_pmts] Mean <999.503> RMS <576.981>
Mask [mask_3] from [h_n_used_pmts_weighted] Mean <999.502> RMS <577.005>
Mask [mask_4] from [h_n_used_pmts0] Mean <999.503> RMS <576.979>
Mask [mask_5] from [h_n_used_pmts_weighted0] Mean <999.502> RMS <577.003>
Mask [mask_6] from [h_n_used_pmts1] Mean <999.503> RMS <576.983>
Mask [mask_7] from [h_n_used_pmts_weighted1] Mean <999.502> RMS <577.007>
*********Dump options parsed*********************************
MC_ext_bkg => <true>
alpha_response_function => <scaled_poisson>
alpha_subtracted => <false>
apply_radiochemical_constraints => <false>
applying_mask => <true>
beta_response_function => <scaled_poisson>
bi210_spectrum => <aldo>
c11_quenching_fixed => <false>
c11_subtracted => <true>
complementary_histo_fit => <true>
complementary_histo_name => <pp/final_nhits_pp_1>
convolve_dark_noise => <false>
dark_noise_window => <win1>
fit_results_output => <fit_results.root>
fit_variable => <nhits>
fit_variable_MC => <nhits>
geometric_correction_on => <false>
icc => <species_list/species-fit-cno-mv_CNO-penalty-hm.icc>
ly_fixed => <false>
meantime_cut => <no>
minimization_method => <likelihood>
minimization_routine => <minuit>
montecarlo_interpolation => <off>
montecarlo_spectra_file => <pdfs_new/MCspectra_FVpep_Period_Phase2_unmasked.root>
multivariate_ps_fit => <true>
multivariate_rdist_fit => <true>
n_used_pmts_histo_name => <h_n_used_pmts>
n_used_pmts_po210_histo_name => <h_n_used_pmts_weighted>
n_used_pmts_po210_tfc0_histo_name => <h_n_used_pmts_weighted0>
n_used_pmts_po210_tfc1_histo_name => <h_n_used_pmts_weighted1>
n_used_pmts_tfc0_histo_name => <h_n_used_pmts0>
n_used_pmts_tfc1_histo_name => <h_n_used_pmts1>
neutrino_magnetic_moment => <no>
no_lead_cut => <no>
norm_variable => <true>
npe_offset_fixed => <true>
pb214_spectrum => <aldo>
pileup_eff_ly_fixed => <true>
plot_filename => <plot.root>
po210_quenching_fixed => <false>
quenching_parameterization => <echidna>
save_fit_results => <false>
scale_poisson => <true>
show_only_c14_c14 => <false>
spectra_pdfs => <montecarlo>
synthpup_file => <P91011_Synthetic_Spectra.root>
synthpup_hist => <h_synth_spec_5_dt1>
use_alpha_response_function => <false>
use_remaining_pb214 => <false>
weighted_response => <false>
alpha_resolution_0_guess => float: [1.2]
alpha_resolution_0_max => float: [20]
alpha_resolution_0_min => float: [0]
alpha_resolution_1_guess => float: [0]
alpha_resolution_1_max => float: [0]
alpha_resolution_1_min => float: [0]
alpha_resolution_2_guess => float: [0]
alpha_resolution_2_max => float: [0]
alpha_resolution_2_min => float: [0]
beta_resolution_0_guess => float: [3]
beta_resolution_0_max => float: [20]
beta_resolution_0_min => float: [0]
beta_resolution_1_guess => float: [3]
beta_resolution_1_max => float: [20]
beta_resolution_1_min => float: [0]
beta_resolution_2_guess => float: [7]
beta_resolution_2_max => float: [7]
beta_resolution_2_min => float: [7]
beta_resolution_3_guess => float: [2]
beta_resolution_3_max => float: [10]
beta_resolution_3_min => float: [0]
beta_resolution_4_guess => float: [0]
beta_resolution_4_max => float: [0]
beta_resolution_4_min => float: [0]
beta_resolution_5_guess => float: [0]
beta_resolution_5_max => float: [0]
beta_resolution_5_min => float: [0]
c11_quenching => float: [0.8828]
c14_shape_factor => float: [1.24]
c14_threshold => float: [100]
dark_noise_threshold => float: [100]
ext_bckgd_eff_ly => float: [1.0228]
fCher => float: [2]
fit_verbosity => float: [0]
geometric_correction => float: [0.112]
histogram_binwidth => float: [1]
kb => float: [0.0109]
ly_guess => float: [0.49]
maximum_energy => float: [950]
meantime_cut_correction_c1 => float: [0.974]
meantime_cut_correction_c2 => float: [-0.00211]
minimum_energy => float: [140]
multivariate_ps_fit_bins => float: [1]
multivariate_ps_fit_max => float: [650]
multivariate_ps_fit_min => float: [400]
multivariate_ps_fit_smooth => float: [0]
multivariate_rdist_fit_bins => float: [16]
multivariate_rdist_fit_max => float: [900]
multivariate_rdist_fit_min => float: [500]
multivariate_rdist_fit_smooth => float: [0]
npe_offset => float: [0]
number_of_bins_for_weighted_response => float: [10]
pileup_eff_ly => float: [0.935]
po210_quenching => float: [0.07879]
poisson_factor => float: [15]
poisson_threshold => float: [100]
ser_under_threshold => float: [0.12]
sys_errors_scale => float: [0]
unequalization_factor => float: [1]
*************************************************************
Inserting Constant name [compute_likelihood_p_value] value [0]
regV registering [compute_likelihood_p_value] as [0]
Inserting [C11_qch] to [global]
Inserting [Po210_qch] to [default]
Inserting [extly_qch] to [global]
Linking [Ext_Tl208_qch] with [extly_qch] in [global]
Linking [Ext_Bi214_qch] with [extly_qch] in [global]
Linking [Ext_K40_qch] with [extly_qch] in [global]
Inserting [Po218_qch] to [global]
Inserting [Rn222_qch] to [global]
Inserting [C10_qch] to [global]
Bad programming style of using const_cast!!!
regV registering [NL] as [0x7ffccd2c3950]
Inserting [beta_ly] to [default]
810
Inserting [beta_resolution_0] to [global]
Inserting [beta_resolution_1] to [global]
Inserting [beta_resolution_2] to [global]
Inserting [beta_resolution_3] to [global]
Inserting [beta_resolution_4] to [global]
Inserting [beta_resolution_5] to [global]
Inserting [alpha_resolution_0] to [default]
Inserting [alpha_resolution_1] to [default]
Inserting [alpha_resolution_2] to [default]
Inserting [alpha_resolution_3] to [default]
Inserting [alpha_resolution_4] to [default]
Inserting [alpha_resolution_5] to [default]
Inserting [mlp_correction_0] to [default]
Inserting [mlp_correction_1] to [default]
Inserting [mlp_correction_2] to [default]
Inserting [mlp_correction_3] to [default]
Integral: 11.6405, sum = 1.17605e+06, endpoint = 671.809
Integral: 76.3209, sum = 1.81556e+07, endpoint = 264.064
RawSpectrumProvider::registerSpecies Register [nu(Be7+munu)]
RawSpectrumProvider::registerSpecies Register [nu(pp+munu)]
RawSpectrumProvider::registerSpecies Register [Bi210]
RawSpectrumProvider::registerSpecies Register [nu(Be7)]
feq: 1.27865 feq_po: 1.19367
Inserting [default] to default feq: 1.27865 0
Inserting [Po210] to default feq: 1.19367 0
Dumping pre-created rates:
INFO: loading species from file species_list/species-fit-cno-mv_CNO-penalty-hm.icc
Inserting [Bi210] to [default]
Inserting [C10_2] to [default]
Inserting [C11] to [default]
Inserting [C11_2] to [default]
Inserting [Ext_Bi214] to [global]
Inserting [Ext_K40] to [global]
Inserting [Ext_Tl208] to [global]
Inserting [He6_2] to [global]
Inserting [Kr85] to [default]
Inserting [Po210] to [default]
Inserting [Po210_2] to [default]
Inserting [nu(B8)] to [default]
Inserting [nu(Be7)] to [global]
Inserting [nu(CNO)] to [global]
Inserting [nu(pep)] to [global]
 [global] : (C10_qch, global.C10_qch) 
 [global] : (C11_qch, global.C11_qch) 
 [global] : (Ext_Bi214, global.Ext_Bi214) 
 [global] : (Ext_Bi214_qch, global.extly_qch) 
 [global] : (Ext_K40, global.Ext_K40) 
 [global] : (Ext_K40_qch, global.extly_qch) 
 [global] : (Ext_Tl208, global.Ext_Tl208) 
 [global] : (Ext_Tl208_qch, global.extly_qch) 
 [global] : (He6_2, global.He6_2) 
 [global] : (Po218_qch, global.Po218_qch) 
 [global] : (Rn222_qch, global.Rn222_qch) 
 [global] : (beta_resolution_0, global.beta_resolution_0) 
 [global] : (beta_resolution_1, global.beta_resolution_1) 
 [global] : (beta_resolution_2, global.beta_resolution_2) 
 [global] : (beta_resolution_3, global.beta_resolution_3) 
 [global] : (beta_resolution_4, global.beta_resolution_4) 
 [global] : (beta_resolution_5, global.beta_resolution_5) 
 [global] : (extly_qch, global.extly_qch) 
 [global] : (nu(Be7), global.nu(Be7)) 
 [global] : (nu(CNO), global.nu(CNO)) 
 [global] : (nu(pep), global.nu(pep)) 
default>-- [default] : (Bi210, default.Bi210) 
default>-- [default] : (C10_2, default.C10_2) 
default>-- [default] : (C11, default.C11) 
default>-- [default] : (C11_2, default.C11_2) 
default>-- [default] : (Kr85, default.Kr85) 
default>-- [default] : (Po210, default.Po210) 
default>-- [default] : (Po210_2, default.Po210_2) 
default>-- [default] : (Po210_qch, default.Po210_qch) 
default>-- [default] : (alpha_resolution_0, default.alpha_resolution_0) 
default>-- [default] : (alpha_resolution_1, default.alpha_resolution_1) 
default>-- [default] : (alpha_resolution_2, default.alpha_resolution_2) 
default>-- [default] : (alpha_resolution_3, default.alpha_resolution_3) 
default>-- [default] : (alpha_resolution_4, default.alpha_resolution_4) 
default>-- [default] : (alpha_resolution_5, default.alpha_resolution_5) 
default>-- [default] : (beta_ly, default.beta_ly) 
default>-- [default] : (mlp_correction_0, default.mlp_correction_0) 
default>-- [default] : (mlp_correction_1, default.mlp_correction_1) 
default>-- [default] : (mlp_correction_2, default.mlp_correction_2) 
default>-- [default] : (mlp_correction_3, default.mlp_correction_3) 
default>-- [default] : (nu(B8), default.nu(B8)) 
InputManager::registerDataset(default.Major)
InputManager::registerDataset(default.TFCtagged)
Inserting period full [default.Major]
Inserting period full [default.TFCtagged]
Livetime: 752.049 days (c11 subtracted)
computing mass from input_files/PeriodPhase2_FVpep_TFCMI_c19.root
Mass: 71.3 tons
Inserting [default.Major] exposure : [53621.1 (day x tons)]
computing mass from input_files/PeriodPhase2_FVpep_TFCMI_c19.root
Inserting [default.TFCtagged] exposure : [36107.7 (day x tons)]
Inserting type [remaining_pb214] name [default] value [0.0200354]
Remaining Pb214 [default] : 0.0200354 cpd/100 tons
WARNING: pp/final_nhits_pp_1 not TH1D, trying other TH1
WARNING: No pp/final_nhits_pp_1 in input directory, trying in the main directory of the file
pp/final_nhits_pp_1: mean 51.2663
WARNING: the spectrum of [Major] had not Sumw2 set. Setting it now.
WARNING: the spectrum of [TFCtagged] had not Sumw2 set. Setting it now.
Inserting [default.Major] data set
Inserting [default.TFCtagged] data set
INFO: loading species from file species_list/species-fit-cno-mv_CNO-penalty-hm.icc
Loading [Bi210] from [pdfs_new/MCspectra_FVpep_Period_Phase2_unmasked.root/bi210_nhits]
bad programing style, const_cast!!
creating MC species [Bi210] in [default]
Warning: quenching [Bi210_qch] not found in [default].
[Bi210] loaded for [default]
Inserting species (Bi210)[Bi210] to [default.Major] 
Inserting species (Bi210)[Bi210] to [default.TFCtagged] 
Loading [C10] from [pdfs_new/MCspectra_FVpep_Period_Phase2_unmasked.root/c10_nhits]
bad programing style, const_cast!!
creating MC species [C10] in [default]
[C10] loaded for [default]
Inserting species (C10_2)[C10] to [default.TFCtagged] 
Loading [C11] from [pdfs_new/MCspectra_FVpep_Period_Phase2_unmasked.root/c11_nhits]
bad programing style, const_cast!!
creating MC species [C11] in [default]
[C11] loaded for [default]
Inserting species (C11)[C11] to [default.Major] 
creating MC species [C11] in [default]
[C11] loaded for [default]
Inserting species (C11_2)[C11] to [default.TFCtagged] 
Loading [Ext_Bi214] from [pdfs_new/MCspectra_FVpep_Period_Phase2_unmasked.root/ext_bi214_nhits]
bad programing style, const_cast!!
creating MC species [Ext_Bi214] in [default]
[Ext_Bi214] loaded for [default]
Inserting species (Ext_Bi214)[Ext_Bi214] to [default.Major] 
Inserting species (Ext_Bi214)[Ext_Bi214] to [default.TFCtagged] 
Loading [Ext_K40] from [pdfs_new/MCspectra_FVpep_Period_Phase2_unmasked.root/ext_k40_nhits]
bad programing style, const_cast!!
creating MC species [Ext_K40] in [default]
[Ext_K40] loaded for [default]
Inserting species (Ext_K40)[Ext_K40] to [default.Major] 
Inserting species (Ext_K40)[Ext_K40] to [default.TFCtagged] 
Loading [Ext_Tl208] from [pdfs_new/MCspectra_FVpep_Period_Phase2_unmasked.root/ext_tl208_nhits]
bad programing style, const_cast!!
creating MC species [Ext_Tl208] in [default]
[Ext_Tl208] loaded for [default]
Inserting species (Ext_Tl208)[Ext_Tl208] to [default.Major] 
Inserting species (Ext_Tl208)[Ext_Tl208] to [default.TFCtagged] 
Loading [He6] from [pdfs_new/MCspectra_FVpep_Period_Phase2_unmasked.root/he6_nhits]
bad programing style, const_cast!!
creating MC species [He6] in [default]
Warning: quenching [He6_qch] not found in [default].
[He6] loaded for [default]
Inserting species (He6_2)[He6] to [default.TFCtagged] 
Loading [Kr85] from [pdfs_new/MCspectra_FVpep_Period_Phase2_unmasked.root/kr85_nhits]
bad programing style, const_cast!!
creating MC species [Kr85] in [default]
Warning: quenching [Kr85_qch] not found in [default].
[Kr85] loaded for [default]
Inserting species (Kr85)[Kr85] to [default.Major] 
Inserting species (Kr85)[Kr85] to [default.TFCtagged] 
Loading [Po210] from [pdfs_new/MCspectra_FVpep_Period_Phase2_unmasked.root/po210_nhits]
bad programing style, const_cast!!
creating MC species [Po210] in [default]
[Po210] loaded for [default]
Inserting species (Po210)[Po210] to [default.Major] 
creating MC species [Po210] in [default]
[Po210] loaded for [default]
Inserting species (Po210_2)[Po210] to [default.TFCtagged] 
Loading [nu(B8)] from [pdfs_new/MCspectra_FVpep_Period_Phase2_unmasked.root/b8_nhits]
bad programing style, const_cast!!
creating MC species [nu(B8)] in [default]
Warning: quenching [nu(B8)_qch] not found in [default].
[nu(B8)] loaded for [default]
Inserting species (nu(B8))[nu(B8)] to [default.Major] 
Inserting species (nu(B8))[nu(B8)] to [default.TFCtagged] 
Loading [nu(Be7)] from [pdfs_new/MCspectra_FVpep_Period_Phase2_unmasked.root/be7_nhits]
bad programing style, const_cast!!
creating MC species [nu(Be7)] in [default]
Warning: quenching [nu(Be7)_qch] not found in [default].
[nu(Be7)] loaded for [default]
Inserting species (nu(Be7))[nu(Be7)] to [default.Major] 
Inserting species (nu(Be7))[nu(Be7)] to [default.TFCtagged] 
Loading [nu(CNO)] from [pdfs_new/MCspectra_FVpep_Period_Phase2_unmasked.root/cno_nhits]
bad programing style, const_cast!!
creating MC species [nu(CNO)] in [default]
Warning: quenching [nu(CNO)_qch] not found in [default].
[nu(CNO)] loaded for [default]
Inserting species (nu(CNO))[nu(CNO)] to [default.Major] 
Inserting species (nu(CNO))[nu(CNO)] to [default.TFCtagged] 
Loading [nu(pep)] from [pdfs_new/MCspectra_FVpep_Period_Phase2_unmasked.root/pep_nhits]
bad programing style, const_cast!!
creating MC species [nu(pep)] in [default]
Warning: quenching [nu(pep)_qch] not found in [default].
[nu(pep)] loaded for [default]
Inserting species (nu(pep))[nu(pep)] to [default.Major] 
Inserting species (nu(pep))[nu(pep)] to [default.TFCtagged] 
Inserting [default.Major] species vector
searching for [Bi210_sys]..
searching for [C11_sys]..
searching for [Ext_Bi214_sys]..
searching for [Ext_K40_sys]..
searching for [Ext_Tl208_sys]..
searching for [Kr85_sys]..
searching for [Po210_sys]..
searching for [nu(B8)_sys]..
searching for [nu(Be7)_sys]..
searching for [nu(CNO)_sys]..
searching for [nu(pep)_sys]..
Inserting [default.TFCtagged] species vector
searching for [Bi210_sys]..
searching for [C10_2_sys]..
searching for [C11_2_sys]..
searching for [Ext_Bi214_sys]..
searching for [Ext_K40_sys]..
searching for [Ext_Tl208_sys]..
searching for [He6_2_sys]..
searching for [Kr85_sys]..
searching for [Po210_2_sys]..
searching for [nu(B8)_sys]..
searching for [nu(Be7)_sys]..
searching for [nu(CNO)_sys]..
searching for [nu(pep)_sys]..
setting quenching of [Po210] to [0.07879]
Pb214 not implemented in bx-GooStats, it's ignored
setting quenching of [C11] to [0.8828]
INFO: 210Po PMTs used: 2000,0
RawSpectrumProvider::registerSpecies Register [default.Major]
type: [default.Major][0][1]
You have chosen SeparateSumPdfFactory<DnType<NoDn> MLPType<no> MaskType<Mask> DnAfterMask <no>>
SumPdf::registerFunc register [Bi210] as [0]
SumPdf::registerFunc register [C11] as [1]
SumPdf::registerFunc register [Ext_Bi214] as [2]
SumPdf::registerFunc register [Ext_K40] as [3]
SumPdf::registerFunc register [Ext_Tl208] as [4]
SumPdf::registerFunc register [Kr85] as [5]
SumPdf::registerFunc register [Po210] as [6]
SumPdf::registerFunc register [nu(B8)] as [7]
SumPdf::registerFunc register [nu(Be7)] as [8]
SumPdf::registerFunc register [nu(CNO)] as [9]
SumPdf::registerFunc register [nu(pep)] as [10]
SumPdf::registerFunc register [Bi210] as [11]
SumPdf::registerFunc register [C11] as [12]
SumPdf::registerFunc register [Ext_Bi214] as [13]
SumPdf::registerFunc register [Ext_K40] as [14]
SumPdf::registerFunc register [Ext_Tl208] as [15]
SumPdf::registerFunc register [Kr85] as [16]
SumPdf::registerFunc register [Po210] as [17]
SumPdf::registerFunc register [nu(B8)] as [18]
SumPdf::registerFunc register [nu(Be7)] as [19]
SumPdf::registerFunc register [nu(CNO)] as [20]
SumPdf::registerFunc register [nu(pep)] as [21]
Inserting [default.Major] sum pdf
Checking [Bi210] for <User> found? [1] is class<0>? [1]
Checking [C11] for <User> found? [1] is class<0>? [0]
Checking [Ext_Bi214] for <User> found? [1] is class<0>? [1]
Checking [Ext_K40] for <User> found? [1] is class<0>? [1]
Checking [Ext_Tl208] for <User> found? [1] is class<0>? [1]
Checking [Kr85] for <User> found? [1] is class<0>? [1]
Checking [Po210] for <User> found? [1] is class<0>? [1]
Checking [nu(B8)] for <User> found? [1] is class<0>? [1]
Checking [nu(Be7)] for <User> found? [1] is class<0>? [1]
Checking [nu(CNO)] for <User> found? [1] is class<0>? [1]
Checking [nu(pep)] for <User> found? [1] is class<0>? [1]
Checking [Bi210] for <User> found? [1] is class<1>? [0]
Checking [C11] for <User> found? [1] is class<1>? [1]
Checking [Ext_Bi214] for <User> found? [1] is class<1>? [0]
Checking [Ext_K40] for <User> found? [1] is class<1>? [0]
Checking [Ext_Tl208] for <User> found? [1] is class<1>? [0]
Checking [Kr85] for <User> found? [1] is class<1>? [0]
Checking [Po210] for <User> found? [1] is class<1>? [0]
Checking [nu(B8)] for <User> found? [1] is class<1>? [0]
Checking [nu(Be7)] for <User> found? [1] is class<1>? [0]
Checking [nu(CNO)] for <User> found? [1] is class<1>? [0]
Checking [nu(pep)] for <User> found? [1] is class<1>? [0]
Inserting [default]-[default] MV term
Checking [Bi210] for <Rdist> found? [1] is class<0>? [1]
Checking [C11] for <Rdist> found? [1] is class<0>? [1]
Checking [Ext_Bi214] for <Rdist> found? [1] is class<0>? [0]
Checking [Ext_K40] for <Rdist> found? [1] is class<0>? [0]
Checking [Ext_Tl208] for <Rdist> found? [1] is class<0>? [0]
Checking [Kr85] for <Rdist> found? [1] is class<0>? [1]
Checking [Po210] for <Rdist> found? [1] is class<0>? [1]
Checking [nu(B8)] for <Rdist> found? [1] is class<0>? [1]
Checking [nu(Be7)] for <Rdist> found? [1] is class<0>? [1]
Checking [nu(CNO)] for <Rdist> found? [1] is class<0>? [1]
Checking [nu(pep)] for <Rdist> found? [1] is class<0>? [1]
Checking [Bi210] for <Rdist> found? [1] is class<1>? [0]
Checking [C11] for <Rdist> found? [1] is class<1>? [0]
Checking [Ext_Bi214] for <Rdist> found? [1] is class<1>? [1]
Checking [Ext_K40] for <Rdist> found? [1] is class<1>? [1]
Checking [Ext_Tl208] for <Rdist> found? [1] is class<1>? [1]
Checking [Kr85] for <Rdist> found? [1] is class<1>? [0]
Checking [Po210] for <Rdist> found? [1] is class<1>? [0]
Checking [nu(B8)] for <Rdist> found? [1] is class<1>? [0]
Checking [nu(Be7)] for <Rdist> found? [1] is class<1>? [0]
Checking [nu(CNO)] for <Rdist> found? [1] is class<1>? [0]
Checking [nu(pep)] for <Rdist> found? [1] is class<1>? [0]
Inserting [default]-[default] MV term
Inserting [default]-[default] MV term
Inserting [default]-[default] MV term
Inserting [default]-[default] MV term
Inserting [default]-[default] MV term
Inserting [default]-[default] MV term
Inserting [default]-[default] MV term
Inserting [default]-[default] MV term
Inserting [default]-[default] MV term
Inserting [default]-[default] MV term
Inserting [default]-[default] MV term
Inserting [default]-[default] MV term
Inserting [default]-[default] MV term
Inserting [default]-[default] MV term
Inserting [default]-[default] MV term
Inserting [default]-[default] MV term
Pb214 not implemented in bx-GooStats, it's ignored
RawSpectrumProvider::registerSpecies Register [default.TFCtagged]
type: [default.TFCtagged][0][1]
You have chosen SeparateSumPdfFactory<DnType<NoDn> MLPType<no> MaskType<Mask> DnAfterMask <no>>
SumPdf::registerFunc register [C10] as [22]
SumPdf::registerFunc register [C11] as [23]
SumPdf::registerFunc register [He6] as [24]
SumPdf::registerFunc register [Po210] as [25]
SumPdf::registerFunc register [Bi210] as [26]
SumPdf::registerFunc register [C10] as [27]
SumPdf::registerFunc register [C11] as [28]
SumPdf::registerFunc register [Ext_Bi214] as [29]
SumPdf::registerFunc register [Ext_K40] as [30]
SumPdf::registerFunc register [Ext_Tl208] as [31]
SumPdf::registerFunc register [He6] as [32]
SumPdf::registerFunc register [Kr85] as [33]
SumPdf::registerFunc register [Po210] as [34]
SumPdf::registerFunc register [nu(B8)] as [35]
SumPdf::registerFunc register [nu(Be7)] as [36]
SumPdf::registerFunc register [nu(CNO)] as [37]
SumPdf::registerFunc register [nu(pep)] as [38]
Inserting [default.TFCtagged] sum pdf
Inserting (Datasets:default.Major)<default.Major>
Inserting (Datasets:default.TFCtagged)<default.TFCtagged>
Inserting (LikelihoodFactory)<default>
Inserting (LikelihoodFactory)<default>
Inserting (LikelihoodFactory)<default>
Inserting (LikelihoodFactory)<default>
Inserting (LikelihoodFactory)<default>
Inserting (LikelihoodFactory)<default>
Inserting (LikelihoodFactory)<default>
Inserting (LikelihoodFactory)<default>
Inserting (LikelihoodFactory)<default>
Inserting (LikelihoodFactory)<default>
Inserting (LikelihoodFactory)<default>
Inserting (LikelihoodFactory)<default>
Inserting (LikelihoodFactory)<default>
Inserting (LikelihoodFactory)<default>
Inserting (LikelihoodFactory)<default>
Inserting (LikelihoodFactory)<default>
Inserting (LikelihoodFactory)<default>
Debug: LL size 19
 PARAMETER DEFINITIONS:
    NO.   NAME         VALUE      STEP SIZE      LIMITS
     1 default.Bi210   2.00000e+01  1.00000e+00    0.00000e+00  1.00000e+02
     2 default.C11   2.80000e+01  1.00000e+00    0.00000e+00  1.00000e+02
     3 global.Ext_Bi214   5.00000e-01  1.00000e-01    0.00000e+00  1.00000e+01
     4 global.Ext_K40   1.50000e-01  1.00000e-01    0.00000e+00  1.00000e+01
     5 global.Ext_Tl208   1.90000e+00  1.00000e-01    0.00000e+00  1.00000e+01
     6 default.Kr85   5.00000e+00  3.00000e-01    0.00000e+00  3.00000e+01
     7 default.Po210   3.00000e+02  2.99999e+01    1.00000e-02  3.00000e+03
     8 default.nu(B8)   4.60000e-01  1.00000e-01    0.00000e+00  1.00000e+01
 **********
 **    1 **FIX           8
 **********
 PARAMETER DEFINITIONS:
    NO.   NAME         VALUE      STEP SIZE      LIMITS
     9 global.nu(Be7)   4.85000e+01  5.00000e-01    2.00000e+01  7.00000e+01
    10 global.nu(CNO)   5.36000e+00  5.00000e-01    0.00000e+00  5.00000e+01
    11 global.nu(pep)   2.20000e+00  1.00000e-01    0.00000e+00  1.00000e+01
    12 default.C10_2   1.10000e+00  1.00000e-01    0.00000e+00  1.00000e+01
    13 default.C11_2   5.00000e+01  2.00000e+00    0.00000e+00  2.00000e+02
    14 global.He6_2   4.00000e-01  2.00000e-01    0.00000e+00  2.00000e+01
    15 default.Po210_2   3.00000e+02  2.99999e+01    1.00000e-02  3.00000e+03
 **********
 **    2 **SET ERRDEF         0.5
 **********
 PARAMETER DEFINITIONS:
    NO.   NAME         VALUE      STEP SIZE      LIMITS
     1 default.Bi210   2.00000e+01  1.00000e+00    0.00000e+00  1.00000e+02
     2 default.C11   2.80000e+01  1.00000e+00    0.00000e+00  1.00000e+02
     3 global.Ext_Bi214   5.00000e-01  1.00000e-01    0.00000e+00  1.00000e+01
     4 global.Ext_K40   1.50000e-01  1.00000e-01    0.00000e+00  1.00000e+01
     5 global.Ext_Tl208   1.90000e+00  1.00000e-01    0.00000e+00  1.00000e+01
     6 default.Kr85   5.00000e+00  3.00000e-01    0.00000e+00  3.00000e+01
     7 default.Po210   3.00000e+02  2.99999e+01    1.00000e-02  3.00000e+03
     8 default.nu(B8)   4.60000e-01  1.00000e-01    0.00000e+00  1.00000e+01
 **********
 **    1 **FIX           8
 **********
 PARAMETER DEFINITIONS:
    NO.   NAME         VALUE      STEP SIZE      LIMITS
     9 global.nu(Be7)   4.85000e+01  5.00000e-01    2.00000e+01  7.00000e+01
    10 global.nu(CNO)   5.36000e+00  5.00000e-01    0.00000e+00  5.00000e+01
    11 global.nu(pep)   2.20000e+00  1.00000e-01    0.00000e+00  1.00000e+01
    12 default.C10_2   1.10000e+00  1.00000e-01    0.00000e+00  1.00000e+01
    13 default.C11_2   5.00000e+01  2.00000e+00    0.00000e+00  2.00000e+02
    14 global.He6_2   4.00000e-01  2.00000e-01    0.00000e+00  2.00000e+01
    15 default.Po210_2   3.00000e+02  2.99999e+01    1.00000e-02  3.00000e+03
 **********
 **    2 **SET ERRDEF         0.5
 **********
 **********
 **    3 **MINIMIZE       2e+04
 **********
 FIRST CALL TO USER FUNCTION AT NEW START POINT, WITH IFLAG=4.
 START MIGRAD MINIMIZATION.  STRATEGY  1.  CONVERGENCE WHEN EDM .LT. 5.00e-05
 FCN=20359 FROM MIGRAD    STATUS=INITIATE      118 CALLS         119 TOTAL
                     EDM= unknown      STRATEGY= 1      NO ERROR MATRIX       
  EXT PARAMETER               CURRENT GUESS       STEP         FIRST   
  NO.   NAME      VALUE            ERROR          SIZE      DERIVATIVE 
   1  default.Bi210   2.00000e+01   1.00000e+00   0.00000e+00   1.16955e+03
   2  default.C11   2.80000e+01   1.00000e+00   0.00000e+00   2.04933e+04
   3  global.Ext_Bi214   2.03868e+00   1.00000e-01   0.00000e+00   2.16877e+02
   4  global.Ext_K40   1.50000e-01   1.00000e-01   0.00000e+00   6.10831e+01
   5  global.Ext_Tl208   1.90000e+00   1.00000e-01   0.00000e+00  -1.72096e+02
   6  default.Kr85   5.00000e+00   3.00000e-01   0.00000e+00   2.36701e+02
   7  default.Po210   3.00000e+02   2.99999e+01   0.00000e+00   8.06236e+04
   8  default.nu(B8)   4.60000e-01     fixed    
   9  global.nu(Be7)   4.85000e+01   5.00000e-01   0.00000e+00   5.79868e+02
  10  global.nu(CNO)   5.36000e+00   5.00000e-01   0.00000e+00   7.90983e+02
  11  global.nu(pep)   2.20000e+00   1.00000e-01   0.00000e+00   5.43293e+02
  12  default.C10_2   1.10000e+00   1.00000e-01   0.00000e+00   1.69575e+02
  13  default.C11_2   5.00000e+01   2.00000e+00   0.00000e+00  -6.77757e+03
  14  global.He6_2   7.40362e+00   2.00000e-01   1.02436e+00  -2.75519e+00
  15  default.Po210_2   3.00000e+02   2.99999e+01   0.00000e+00  -1.62348e+03
                               ERR DEF= 0.5
 MIGRAD MINIMIZATION HAS CONVERGED.
 MIGRAD WILL VERIFY CONVERGENCE AND ERROR MATRIX.
 COVARIANCE MATRIX CALCULATED SUCCESSFULLY
 FCN=7617.39 FROM MIGRAD    STATUS=CONVERGED    1474 CALLS        1475 TOTAL
                     EDM=7.43611e-06    STRATEGY= 1      ERROR MATRIX ACCURATE 
  EXT PARAMETER                                   STEP         FIRST   
  NO.   NAME      VALUE            ERROR          SIZE      DERIVATIVE 
   1  default.Bi210   1.63406e+01   8.53700e+00   9.85453e-04   1.18209e-01
   2  default.C11   1.98716e+00   1.04819e-01   3.35977e-04  -1.02846e-01
   3  global.Ext_Bi214   1.87074e+00   2.86978e-01   2.98858e-03   1.50209e-02
   4  global.Ext_K40   1.32957e+00   6.21484e-01   7.71877e-03  -3.24801e-03
   5  global.Ext_Tl208   3.26562e+00   1.54911e-01   1.34536e-03   2.44074e-02
   6  default.Kr85   1.00441e+01   2.13172e+00   4.12897e-03   1.53404e-02
   7  default.Po210   2.44658e+02   7.67953e-01   5.21167e-05   3.99302e-01
   8  default.nu(B8)   4.60000e-01     fixed    
   9  global.nu(Be7)   4.72722e+01   1.27415e+00   1.42143e-03   5.94810e-02
  10  global.nu(CNO)   9.34672e+00   7.95759e+00   1.36071e-03   9.87959e-02
  11  global.nu(pep)   7.30325e-01   1.29324e+00   4.39760e-03  -2.95536e-02
  12  default.C10_2   4.52203e-01   4.94583e-01   3.93758e-03  -2.53180e-03
  13  default.C11_2   6.38993e+01   6.02272e-01   2.81635e-04   3.28666e-02
  14  global.He6_2   3.42828e+00   1.04357e+00   2.19983e-03   5.30618e-03
  15  default.Po210_2   3.00993e+02   9.99550e-01   6.37658e-05   2.97599e-01
                               ERR DEF= 0.5
 EXTERNAL ERROR MATRIX.    NDIM=  25    NPAR= 14    ERR DEF=0.5
 ELEMENTS ABOVE DIAGONAL ARE NOT PRINTED.
  7.421e+01 
 -3.574e-01  1.099e-02 
 -1.896e-02  3.524e-03  8.251e-02 
 -1.959e+00 -5.573e-03  4.856e-02  3.906e-01 
 -9.201e-03 -6.225e-04 -2.807e-02 -1.098e-02  2.401e-02 
 -9.998e+00  5.513e-02 -5.797e-03  2.795e-01  5.699e-03  4.579e+00 
  1.740e-01 -9.224e-04 -1.145e-03 -5.813e-03  4.499e-04 -4.592e-01  5.898e-01 
 -2.391e+00  1.704e-02  1.539e-03  6.629e-02  7.244e-04 -1.087e+00  1.044e-01  1.625e+00 
 -6.953e+01  3.071e-01  3.009e-02  1.760e+00 -4.612e-04  9.187e+00 -1.805e-01  1.297e+00  6.719e+01 
 -1.064e+01  3.548e-02 -3.607e-04  1.974e-01  5.094e-04  1.338e+00 -2.857e-02  7.862e-02  1.068e+01  1.832e+00 
  2.520e-01 -6.142e-05  3.627e-02  1.602e-02 -2.477e-02 -1.065e-01 -6.162e-03 -2.593e-02 -6.101e-02  1.253e-03  2.494e-01 
  6.065e-01 -6.492e-03  2.304e-02  2.821e-02 -1.086e-02 -1.534e-01 -4.120e-03 -3.595e-02 -3.910e-01 -3.593e-02  1.884e-01 
  6.065e-01 -6.492e-03  2.304e-02  2.821e-02 -1.086e-02 -1.534e-01 -4.120e-03 -3.595e-02 -3.910e-01 -3.593e-02  1.884e-01  3.627e-01 
 -5.518e-01 -4.604e-04 -8.110e-02 -4.399e-02  3.534e-02  2.341e-01  1.360e-02  5.645e-02  1.328e-01 -2.265e-03 -4.970e-01 
 -5.518e-01 -4.604e-04 -8.110e-02 -4.399e-02  3.534e-02  2.341e-01  1.360e-02  5.645e-02  1.328e-01 -2.265e-03 -4.970e-01 -4.225e-01  1.096e+00 
  1.978e-01 -9.065e-04  2.248e-03 -3.991e-03 -1.029e-03 -4.773e-01  8.677e-02  1.040e-01 -1.870e-01 -2.868e-02  1.462e-02 
  1.978e-01 -9.065e-04  2.248e-03 -3.991e-03 -1.029e-03 -4.773e-01  8.677e-02  1.040e-01 -1.870e-01 -2.868e-02  1.462e-02  1.354e-02 -3.223e-02  9.991e-01 
 PARAMETER  CORRELATION COEFFICIENTS  
       NO.  GLOBAL      1      2      3      4      5      6      7      9     10     11     12     13     14     15
        1  0.99753   1.000 -0.396 -0.008 -0.364 -0.007 -0.542  0.026 -0.218 -0.985 -0.913  0.059  0.117 -0.061  0.023
        2  0.67015  -0.396  1.000  0.117 -0.085 -0.038  0.246 -0.011  0.128  0.357  0.250 -0.001 -0.103 -0.004 -0.009
        3  0.73946  -0.008  0.117  1.000  0.271 -0.631 -0.009 -0.005  0.004  0.013 -0.001  0.253  0.133 -0.270  0.008
        4  0.71814  -0.364 -0.085  0.271  1.000 -0.113  0.209 -0.012  0.083  0.343  0.233  0.051  0.075 -0.067 -0.006
        5  0.73724  -0.007 -0.038 -0.631 -0.113  1.000  0.017  0.004  0.004 -0.000  0.002 -0.320 -0.116  0.218 -0.007
        6  0.89140  -0.542  0.246 -0.009  0.209  0.017  1.000 -0.279 -0.399  0.524  0.462 -0.100 -0.119  0.105 -0.223
        7  0.38123   0.026 -0.011 -0.005 -0.012  0.004 -0.279  1.000  0.107 -0.029 -0.027 -0.016 -0.009  0.017  0.113
        9  0.88760  -0.218  0.128  0.004  0.083  0.004 -0.399  0.107  1.000  0.124  0.046 -0.041 -0.047  0.042  0.082
       10  0.99856  -0.985  0.357  0.013  0.343 -0.000  0.524 -0.029  0.124  1.000  0.962 -0.015 -0.079  0.015 -0.023
       11  0.98997  -0.913  0.250 -0.001  0.233  0.002  0.462 -0.027  0.046  0.962  1.000  0.002 -0.044 -0.002 -0.021
       12  0.96231   0.059 -0.001  0.253  0.051 -0.320 -0.100 -0.016 -0.041 -0.015  0.002  1.000  0.627 -0.951  0.029
       13  0.69027   0.117 -0.103  0.133  0.075 -0.116 -0.119 -0.009 -0.047 -0.079 -0.044  0.627  1.000 -0.670  0.022
       14  0.96486  -0.061 -0.004 -0.270 -0.067  0.218  0.105  0.017  0.042  0.015 -0.002 -0.951 -0.670  1.000 -0.031
       15  0.29978   0.023 -0.009  0.008 -0.006 -0.007 -0.223  0.113  0.082 -0.023 -0.021  0.029  0.022 -0.031  1.000
 **********
 **    4 **HESSE
 **********
 COVARIANCE MATRIX CALCULATED SUCCESSFULLY
 FCN=7617.39 FROM HESSE     STATUS=OK            148 CALLS        1623 TOTAL
                     EDM=7.70182e-06    STRATEGY= 1      ERROR MATRIX ACCURATE 
  EXT PARAMETER                                INTERNAL      INTERNAL  
  NO.   NAME      VALUE            ERROR       STEP SIZE       VALUE   
   1  default.Bi210   1.63406e+01   1.16671e+01   1.97091e-04  -7.38512e-01
   2  default.C11   1.98716e+00   1.09314e-01   6.71954e-05  -1.85367e+00
   3  global.Ext_Bi214   1.87074e+00   2.87125e-01   1.19543e-04  -6.76224e-01
   4  global.Ext_K40   1.32957e+00   6.46400e-01   3.08751e-04  -2.31727e+00
   5  global.Ext_Tl208   3.26562e+00   1.54702e-01   2.69072e-04  -3.54239e-01
   6  default.Kr85   1.00441e+01   2.36982e+00   8.25794e-04  -3.36719e-01
   7  default.Po210   2.44658e+02   7.68207e-01   1.04233e-05  -9.91597e-01
   8  default.nu(B8)   4.60000e-01     fixed    
   9  global.nu(Be7)   4.72722e+01   1.28200e+00   2.84285e-04   9.10139e-02
  10  global.nu(CNO)   9.34672e+00   1.08222e+01   2.72142e-04  -6.76581e-01
  11  global.nu(pep)   7.30325e-01   1.73179e+00   1.75904e-04  -2.11809e+00
  12  default.C10_2   4.52203e-01   4.83412e-01   1.57503e-04  -1.14222e+00
  13  default.C11_2   6.38993e+01   5.97706e-01   5.63270e-05  -3.69347e-01
  14  global.He6_2   3.42828e+00   1.02044e+00   8.79934e-05  -7.17061e-01
  15  default.Po210_2   3.00993e+02   9.99698e-01   1.27532e-05  -9.26203e-01
                               ERR DEF= 0.5
 EXTERNAL ERROR MATRIX.    NDIM=  25    NPAR= 14    ERR DEF=0.5
 ELEMENTS ABOVE DIAGONAL ARE NOT PRINTED.
  1.409e+02 
 -6.095e-01  1.195e-02 
  8.731e-03  3.405e-03  8.259e-02 
 -3.363e+00 -2.763e-04  4.829e-02  4.230e-01 
 -2.057e-02 -5.725e-04 -2.804e-02 -1.076e-02  2.394e-02 
 -1.853e+01  8.740e-02 -8.794e-03  4.603e-01  6.772e-03  5.669e+00 
  3.540e-01 -1.589e-03 -1.070e-03 -9.594e-03  3.984e-04 -4.818e-01  5.901e-01 
 -3.418e+00  2.105e-02  1.365e-03  8.979e-02  8.119e-04 -9.573e-01  1.017e-01  1.645e+00 
 -1.351e+02  5.547e-01  1.335e-03  3.134e+00  1.161e-02  1.758e+01 -3.580e-01  2.299e+00  1.316e+02 
 -2.146e+01  7.631e-02 -5.334e-03  4.223e-01  2.564e-03  2.724e+00 -5.803e-02  2.420e-01  2.132e+01  3.591e+00 
  3.078e-01 -3.272e-04  3.480e-02  1.394e-02 -2.361e-02 -1.099e-01 -5.753e-03 -2.604e-02 -1.243e-01 -9.607e-03  2.380e-01 
  9.150e-01 -7.721e-03  2.200e-02  2.115e-02 -9.993e-03 -1.899e-01 -3.107e-03 -4.026e-02 -7.007e-01 -8.736e-02  1.798e-01 
  9.150e-01 -7.721e-03  2.200e-02  2.115e-02 -9.993e-03 -1.899e-01 -3.107e-03 -4.026e-02 -7.007e-01 -8.736e-02  1.798e-01  3.573e-01 
 -6.824e-01  1.517e-04 -7.801e-02 -3.940e-02  3.291e-02  2.430e-01  1.273e-02  5.688e-02  2.787e-01  2.272e-02 -4.736e-01 
 -6.824e-01  1.517e-04 -7.801e-02 -3.940e-02  3.291e-02  2.430e-01  1.273e-02  5.688e-02  2.787e-01  2.272e-02 -4.736e-01 -4.048e-01  1.048e+00 
  3.730e-01 -1.565e-03  2.225e-03 -7.711e-03 -9.858e-04 -4.989e-01  8.715e-02  1.013e-01 -3.604e-01 -5.742e-02  1.406e-02 
  3.730e-01 -1.565e-03  2.225e-03 -7.711e-03 -9.858e-04 -4.989e-01  8.715e-02  1.013e-01 -3.604e-01 -5.742e-02  1.406e-02  1.378e-02 -3.110e-02  9.994e-01 
 PARAMETER  CORRELATION COEFFICIENTS  
       NO.  GLOBAL      1      2      3      4      5      6      7      9     10     11     12     13     14     15
        1  0.99870   1.000 -0.470  0.003 -0.436 -0.011 -0.656  0.039 -0.225 -0.992 -0.954  0.053  0.129 -0.056  0.031
        2  0.70246  -0.470  1.000  0.108 -0.004 -0.034  0.336 -0.019  0.150  0.442  0.368 -0.006 -0.118  0.001 -0.014
        3  0.73949   0.003  0.108  1.000  0.258 -0.630 -0.013 -0.005  0.004  0.000 -0.010  0.248  0.128 -0.265  0.008
        4  0.74312  -0.436 -0.004  0.258  1.000 -0.107  0.297 -0.019  0.108  0.420  0.343  0.044  0.054 -0.059 -0.012
        5  0.73639  -0.011 -0.034 -0.630 -0.107  1.000  0.018  0.003  0.004  0.007  0.009 -0.313 -0.108  0.208 -0.006
        6  0.91329  -0.656  0.336 -0.013  0.297  0.018  1.000 -0.263 -0.313  0.644  0.604 -0.095 -0.133  0.100 -0.210
        7  0.38193   0.039 -0.019 -0.005 -0.019  0.003 -0.263  1.000  0.103 -0.041 -0.040 -0.015 -0.007  0.016  0.113
        9  0.88906  -0.225  0.150  0.004  0.108  0.004 -0.313  0.103  1.000  0.156  0.100 -0.042 -0.053  0.043  0.079
       10  0.99927  -0.992  0.442  0.000  0.420  0.007  0.644 -0.041  0.156  1.000  0.981 -0.022 -0.102  0.024 -0.031
       11  0.99489  -0.954  0.368 -0.010  0.343  0.009  0.604 -0.040  0.100  0.981  1.000 -0.010 -0.077  0.012 -0.030
       12  0.96048   0.053 -0.006  0.248  0.044 -0.313 -0.095 -0.015 -0.042 -0.022 -0.010  1.000  0.617 -0.948  0.029
       13  0.68443   0.129 -0.118  0.128  0.054 -0.108 -0.133 -0.007 -0.053 -0.102 -0.077  0.617  1.000 -0.662  0.023
       14  0.96321  -0.056  0.001 -0.265 -0.059  0.208  0.100  0.016  0.043  0.024  0.012 -0.948 -0.662  1.000 -0.030
       15  0.30023   0.031 -0.014  0.008 -0.012 -0.006 -0.210  0.113  0.079 -0.031 -0.030  0.029  0.023 -0.030  1.000
Wallclock time  : 26.2052 seconds.
CPU time: 0.00262
Total CPU time: 0.00262
Processor time: 0.002209

FIT PARAMETERS
 ^{210}Bi = 16.3 #pm 11.7 
 ^{11}C = 1.99 #pm 0.11 
 Ext ^{214}Bi = 1.87 #pm 0.29 
 Ext ^{40}K = 1.33 #pm 0.65 
 Ext ^{208}Tl = 3.27 #pm 0.15 
 ^{85}Kr = 10.0 #pm 2.4 
 ^{210}Po = 244.66 #pm 0.77 
 #nu(^{8}B) = 0.46  [Fixed]
 #nu(^{7}Be) = 47.3 #pm 1.3 
 #nu(CNO) = 9.3 #pm 10.8 
 #nu(pep) = 0.7 #pm 1.7 
 ^{10}C 2 = 0.45 #pm 0.48 
 ^{11}C 2 = 63.90 #pm 0.60 
 ^{6}He 2 = 3.4 #pm 1.0 
 ^{210}Po 2 = 300.99 #pm 1.00 

 chi^2                             = 2260.9
 chi^2/N-DOF                       = 1.4264
 p-value                           = 0.000
 Minimized -2Ln(Likelihood)        = 15234.77
 Likelihood p-value                = 0.000 ± 0.000
SimplePlotManager::groupByName <default.Major> appedned to <default>
SimplePlotManager::groupByName <default.TFCtagged> appedned to <default>
