[GPUManager]() registered
regV registering [npe] as [0x2ff4180]
regV registering [npe_short] as [0x2ff42b0]
regV registering [Po218:peak] as [6002]
regV registering [Rn222:peak] as [5490]
regV registering [Po210:peak] as [5305]
Loaded path: </p/project/cjikp20/jikp2013/bx-GooStats-dingxf_dev/bx-GooStats/data>
RawSpectrumProvider::registerSpecies Register [nu(pep)]
RawSpectrumProvider::registerSpecies Register [nu(Be7)_sunT]
RawSpectrumProvider::registerSpecies Register [nu(Be7)_nosunT]
RawSpectrumProvider::registerSpecies Register [nu(CNO)]
RawSpectrumProvider::registerSpecies Register [nu(pp)_oleg]
RawSpectrumProvider::registerSpecies Register [nu(pp)_aldo]
RawSpectrumProvider::registerSpecies Register [nu(pp)]
RawSpectrumProvider::registerSpecies Register [nu(B8)]
RawSpectrumProvider::registerSpecies Register [C14_universal]
Warning: c14_shape_factor is taken as 1.24
RawSpectrumProvider::registerSpecies Register [C14]
RawSpectrumProvider::registerSpecies Register [C11]
RawSpectrumProvider::registerSpecies Register [C10]
RawSpectrumProvider::registerSpecies Register [Kr85]
RawSpectrumProvider::registerSpecies Register [B12]
RawSpectrumProvider::registerSpecies Register [He6]
RawSpectrumProvider::registerSpecies Register [Pa234m]
RawSpectrumProvider::registerSpecies Register [K40]
RawSpectrumProvider::registerSpecies Register [La138]
RawSpectrumProvider::registerSpecies Register [Bi210_mach4]
RawSpectrumProvider::registerSpecies Register [Bi210_oleg]
RawSpectrumProvider::registerSpecies Register [Bi210_aldo]
RawSpectrumProvider::registerSpecies Register [Bi210_daniel]
RawSpectrumProvider::registerSpecies Register [Bi210_flothmann]
RawSpectrumProvider::registerSpecies Register [Bi210_grau]
RawSpectrumProvider::registerSpecies Register [Pb214_KM]
RawSpectrumProvider::registerSpecies Register [Pb214_aldo_1]
RawSpectrumProvider::registerSpecies Register [Pb214_aldo_2]
RawSpectrumProvider::registerSpecies Register [Pb214_aldo_3]
RawSpectrumProvider::registerSpecies Register [Pb214_aldo_4]
RawSpectrumProvider::registerSpecies Register [Pb214_aldo_5]
RawSpectrumProvider::registerSpecies Register [Pb214_aldo_6]
RawSpectrumProvider::registerSpecies Register [Pb214_aldo_7]
RawSpectrumProvider::registerSpecies Register [Ext_Tl208]
RawSpectrumProvider::registerSpecies Register [Ext_Bi214]
RawSpectrumProvider::registerSpecies Register [Ext_K40]
RawSpectrumProvider::registerSpecies Register [U238_chain]
RawSpectrumProvider::registerSpecies Register [Th232_chain]
RawSpectrumProvider::registerSpecies Register [C14_pileup]
[InputManager]() registered
[PrepareData]() registered
[SimpleFit]() registered
[CNOTest]() registered
[HMLMTest]() registered
[ScanPar]() registered
[CorrelationManager]() registered
[ContourManager]() registered
[OutputManager]() registered
Checking GPU [0]/[1]
Running on [Tesla K80] with compute capability of 3.7
Warning: BatchOutputManager not set, default are used.
LOG: Getting data from file input_files/Period2015_FVpep_TFCMI_c19.root
Searching final_nhits_pp_0 in pp
LOG: fitting histogram final_nhits_pp_0
WARNING: chain_counts_cum not TH1D, trying other TH1
WARNING: No chain_counts_cum in input directory, trying in the main directory of the file
chain_counts_cum: mean 23.242
[default] adopt [global] as its parent.
Inserting period [default,input_files/Period2015_FVpep_TFCMI_c19.root,pp/final_nhits_pp_0,fitoptions/fitoptions_cno-mv-2015-pdfs_new-nhits-emin140_Po210-shift.cfg,species_list/species-fit-cno-mvCNO-hm.icc]
ARG[1] <icc> = [species_list/species-fit-cno-mvCNO-hm.icc]
InputManager::registerConfigset(default)
Loading from <fitoptions/fitoptions_cno-mv-2015-pdfs_new-nhits-emin140_Po210-shift.cfg>
h_n_used_pmts: mean 1454.92
h_n_used_pmts_weighted: mean 1458.17
h_n_used_pmts0: mean 1455.48
h_n_used_pmts_weighted0: mean 1458.8
h_n_used_pmts1: mean 1454.03
h_n_used_pmts_weighted1: mean 1457.2
option <n_used_charge_histo_name> not set, default value [h_n_used_charge] used
h_n_used_charge: mean 1450.98
option <n_used_charge_po210_histo_name> not set, default value [h_n_used_charge_weighted] used
h_n_used_charge_weighted: mean 1453.99
feq_inv: mean 1.37496
Mask [mask_2] from [h_n_used_pmts] Mean <999.502> RMS <576.953>
Mask [mask_3] from [h_n_used_pmts_weighted] Mean <999.502> RMS <576.954>
Mask [mask_4] from [h_n_used_pmts0] Mean <999.502> RMS <576.954>
Mask [mask_5] from [h_n_used_pmts_weighted0] Mean <999.502> RMS <576.954>
Mask [mask_6] from [h_n_used_pmts1] Mean <999.502> RMS <576.953>
Mask [mask_7] from [h_n_used_pmts_weighted1] Mean <999.502> RMS <576.954>
*********Dump options parsed*********************************
MC_ext_bkg => <true>
alpha_response_function => <scaled_poisson>
alpha_subtracted => <false>
apply_radiochemical_constraints => <false>
applying_mask => <true>
beta_response_function => <scaled_poisson>
bi210_spectrum => <aldo>
c11_quenching_fixed => <false>
c11_subtracted => <true>
complementary_histo_fit => <true>
complementary_histo_name => <pp/final_nhits_pp_1>
convolve_dark_noise => <false>
dark_noise_window => <win1>
fit_results_output => <fit_results.root>
fit_variable => <nhits>
fit_variable_MC => <nhits>
freeMCshiftPo210 => <true>
geometric_correction_on => <false>
icc => <species_list/species-fit-cno-mvCNO-hm.icc>
ly_fixed => <false>
meantime_cut => <no>
minimization_method => <likelihood>
minimization_routine => <minuit>
montecarlo_interpolation => <off>
montecarlo_spectra_file => <pdfs_new/MCspectra_FVpep_Period_2015_unmasked.root>
multivariate_ps_fit => <true>
multivariate_rdist_fit => <true>
n_used_pmts_histo_name => <h_n_used_pmts>
n_used_pmts_po210_histo_name => <h_n_used_pmts_weighted>
n_used_pmts_po210_tfc0_histo_name => <h_n_used_pmts_weighted0>
n_used_pmts_po210_tfc1_histo_name => <h_n_used_pmts_weighted1>
n_used_pmts_tfc0_histo_name => <h_n_used_pmts0>
n_used_pmts_tfc1_histo_name => <h_n_used_pmts1>
neutrino_magnetic_moment => <no>
no_lead_cut => <no>
norm_variable => <true>
npe_offset_fixed => <true>
pb214_spectrum => <aldo>
pileup_eff_ly_fixed => <true>
plot_filename => <plot.root>
po210_quenching_fixed => <false>
quenching_parameterization => <echidna>
save_fit_results => <false>
scale_poisson => <true>
show_only_c14_c14 => <false>
spectra_pdfs => <montecarlo>
synthpup_file => <P91011_Synthetic_Spectra.root>
synthpup_hist => <h_synth_spec_5_dt1>
use_alpha_response_function => <false>
use_remaining_pb214 => <false>
weighted_response => <false>
alpha_resolution_0_guess => float: [1.2]
alpha_resolution_0_max => float: [20]
alpha_resolution_0_min => float: [0]
alpha_resolution_1_guess => float: [0]
alpha_resolution_1_max => float: [0]
alpha_resolution_1_min => float: [0]
alpha_resolution_2_guess => float: [0]
alpha_resolution_2_max => float: [0]
alpha_resolution_2_min => float: [0]
beta_resolution_0_guess => float: [3]
beta_resolution_0_max => float: [20]
beta_resolution_0_min => float: [0]
beta_resolution_1_guess => float: [3]
beta_resolution_1_max => float: [20]
beta_resolution_1_min => float: [0]
beta_resolution_2_guess => float: [7]
beta_resolution_2_max => float: [7]
beta_resolution_2_min => float: [7]
beta_resolution_3_guess => float: [2]
beta_resolution_3_max => float: [10]
beta_resolution_3_min => float: [0]
beta_resolution_4_guess => float: [0]
beta_resolution_4_max => float: [0]
beta_resolution_4_min => float: [0]
beta_resolution_5_guess => float: [0]
beta_resolution_5_max => float: [0]
beta_resolution_5_min => float: [0]
c11_quenching => float: [0.8828]
c14_shape_factor => float: [1.24]
c14_threshold => float: [100]
dark_noise_threshold => float: [100]
ext_bckgd_eff_ly => float: [1.0228]
fCher => float: [2]
fit_verbosity => float: [0]
geometric_correction => float: [0.112]
histogram_binwidth => float: [1]
kb => float: [0.0109]
ly_guess => float: [0.49]
maximum_energy => float: [950]
meantime_cut_correction_c1 => float: [0.974]
meantime_cut_correction_c2 => float: [-0.00211]
minimum_energy => float: [140]
multivariate_ps_fit_bins => float: [1]
multivariate_ps_fit_max => float: [650]
multivariate_ps_fit_min => float: [400]
multivariate_ps_fit_smooth => float: [0]
multivariate_rdist_fit_bins => float: [16]
multivariate_rdist_fit_max => float: [900]
multivariate_rdist_fit_min => float: [500]
multivariate_rdist_fit_smooth => float: [0]
npe_offset => float: [0]
number_of_bins_for_weighted_response => float: [10]
pileup_eff_ly => float: [0.935]
po210_quenching => float: [0.07879]
poisson_factor => float: [15]
poisson_threshold => float: [100]
ser_under_threshold => float: [0.12]
sys_errors_scale => float: [0]
unequalization_factor => float: [1]
*************************************************************
Inserting Constant name [compute_likelihood_p_value] value [0]
regV registering [compute_likelihood_p_value] as [0]
Inserting [C11_qch] to [global]
Inserting [Po210_qch] to [default]
Inserting [extly_qch] to [global]
Linking [Ext_Tl208_qch] with [extly_qch] in [global]
Linking [Ext_Bi214_qch] with [extly_qch] in [global]
Linking [Ext_K40_qch] with [extly_qch] in [global]
Inserting [Po218_qch] to [global]
Inserting [Rn222_qch] to [global]
Inserting [C10_qch] to [global]
Bad programming style of using const_cast!!!
regV registering [NL] as [0x7ffc9ad83320]
Inserting [beta_ly] to [default]
810
Inserting [beta_resolution_0] to [global]
Inserting [beta_resolution_1] to [global]
Inserting [beta_resolution_2] to [global]
Inserting [beta_resolution_3] to [global]
Inserting [beta_resolution_4] to [global]
Inserting [beta_resolution_5] to [global]
Inserting [alpha_resolution_0] to [default]
Inserting [alpha_resolution_1] to [default]
Inserting [alpha_resolution_2] to [default]
Inserting [alpha_resolution_3] to [default]
Inserting [alpha_resolution_4] to [default]
Inserting [alpha_resolution_5] to [default]
Inserting [mlp_correction_0] to [default]
Inserting [mlp_correction_1] to [default]
Inserting [mlp_correction_2] to [default]
Inserting [mlp_correction_3] to [default]
Integral: 11.6405, sum = 1.17605e+06, endpoint = 671.809
Integral: 76.3209, sum = 1.81556e+07, endpoint = 264.064
RawSpectrumProvider::registerSpecies Register [nu(Be7+munu)]
RawSpectrumProvider::registerSpecies Register [nu(pp+munu)]
RawSpectrumProvider::registerSpecies Register [Bi210]
RawSpectrumProvider::registerSpecies Register [nu(Be7)]
feq: 1.37464 feq_po: 1.37158
Inserting [default] to default feq: 1.37464 0
Inserting [Po210] to default feq: 1.37158 0
Dumping pre-created rates:
INFO: loading species from file species_list/species-fit-cno-mvCNO-hm.icc
Inserting [Bi210] to [default]
Inserting [C10_2] to [default]
Inserting [C11] to [default]
Inserting [C11_2] to [default]
Inserting [Ext_Bi214] to [global]
Inserting [Ext_K40] to [global]
Inserting [Ext_Tl208] to [global]
Inserting [He6_2] to [global]
Inserting [Kr85] to [default]
Inserting [Po210] to [default]
Inserting [Po210_2] to [default]
Inserting [nu(B8)] to [default]
Inserting [nu(Be7)] to [global]
Inserting [nu(CNO)] to [global]
Inserting [nu(pep)] to [global]
 [global] : (C10_qch, global.C10_qch) 
 [global] : (C11_qch, global.C11_qch) 
 [global] : (Ext_Bi214, global.Ext_Bi214) 
 [global] : (Ext_Bi214_qch, global.extly_qch) 
 [global] : (Ext_K40, global.Ext_K40) 
 [global] : (Ext_K40_qch, global.extly_qch) 
 [global] : (Ext_Tl208, global.Ext_Tl208) 
 [global] : (Ext_Tl208_qch, global.extly_qch) 
 [global] : (He6_2, global.He6_2) 
 [global] : (Po218_qch, global.Po218_qch) 
 [global] : (Rn222_qch, global.Rn222_qch) 
 [global] : (beta_resolution_0, global.beta_resolution_0) 
 [global] : (beta_resolution_1, global.beta_resolution_1) 
 [global] : (beta_resolution_2, global.beta_resolution_2) 
 [global] : (beta_resolution_3, global.beta_resolution_3) 
 [global] : (beta_resolution_4, global.beta_resolution_4) 
 [global] : (beta_resolution_5, global.beta_resolution_5) 
 [global] : (extly_qch, global.extly_qch) 
 [global] : (nu(Be7), global.nu(Be7)) 
 [global] : (nu(CNO), global.nu(CNO)) 
 [global] : (nu(pep), global.nu(pep)) 
default>-- [default] : (Bi210, default.Bi210) 
default>-- [default] : (C10_2, default.C10_2) 
default>-- [default] : (C11, default.C11) 
default>-- [default] : (C11_2, default.C11_2) 
default>-- [default] : (Kr85, default.Kr85) 
default>-- [default] : (Po210, default.Po210) 
default>-- [default] : (Po210_2, default.Po210_2) 
default>-- [default] : (Po210_qch, default.Po210_qch) 
default>-- [default] : (alpha_resolution_0, default.alpha_resolution_0) 
default>-- [default] : (alpha_resolution_1, default.alpha_resolution_1) 
default>-- [default] : (alpha_resolution_2, default.alpha_resolution_2) 
default>-- [default] : (alpha_resolution_3, default.alpha_resolution_3) 
default>-- [default] : (alpha_resolution_4, default.alpha_resolution_4) 
default>-- [default] : (alpha_resolution_5, default.alpha_resolution_5) 
default>-- [default] : (beta_ly, default.beta_ly) 
default>-- [default] : (mlp_correction_0, default.mlp_correction_0) 
default>-- [default] : (mlp_correction_1, default.mlp_correction_1) 
default>-- [default] : (mlp_correction_2, default.mlp_correction_2) 
default>-- [default] : (mlp_correction_3, default.mlp_correction_3) 
default>-- [default] : (nu(B8), default.nu(B8)) 
InputManager::registerDataset(default.Major)
InputManager::registerDataset(default.TFCtagged)
Inserting period full [default.Major]
Inserting period full [default.TFCtagged]
Livetime: 180.907 days (c11 subtracted)
computing mass from input_files/Period2015_FVpep_TFCMI_c19.root
Mass: 71.3 tons
Inserting [default.Major] exposure : [12898.7 (day x tons)]
computing mass from input_files/Period2015_FVpep_TFCMI_c19.root
Inserting [default.TFCtagged] exposure : [8145.44 (day x tons)]
Inserting type [remaining_pb214] name [default] value [0.0106785]
Remaining Pb214 [default] : 0.0106785 cpd/100 tons
WARNING: pp/final_nhits_pp_1 not TH1D, trying other TH1
WARNING: No pp/final_nhits_pp_1 in input directory, trying in the main directory of the file
pp/final_nhits_pp_1: mean 51.8507
WARNING: the spectrum of [Major] had not Sumw2 set. Setting it now.
WARNING: the spectrum of [TFCtagged] had not Sumw2 set. Setting it now.
Inserting [default.Major] data set
Inserting [default.TFCtagged] data set
INFO: loading species from file species_list/species-fit-cno-mvCNO-hm.icc
Loading [Bi210] from [pdfs_new/MCspectra_FVpep_Period_2015_unmasked.root/bi210_nhits]
bad programing style, const_cast!!
creating MC species [Bi210] in [default]
Warning: quenching [Bi210_qch] not found in [default].
[Bi210] loaded for [default]
Inserting species (Bi210)[Bi210] to [default.Major] 
Inserting species (Bi210)[Bi210] to [default.TFCtagged] 
Loading [C10] from [pdfs_new/MCspectra_FVpep_Period_2015_unmasked.root/c10_nhits]
bad programing style, const_cast!!
creating MC species [C10] in [default]
[C10] loaded for [default]
Inserting species (C10_2)[C10] to [default.TFCtagged] 
Loading [C11] from [pdfs_new/MCspectra_FVpep_Period_2015_unmasked.root/c11_nhits]
bad programing style, const_cast!!
creating MC species [C11] in [default]
[C11] loaded for [default]
Inserting species (C11)[C11] to [default.Major] 
creating MC species [C11] in [default]
[C11] loaded for [default]
Inserting species (C11_2)[C11] to [default.TFCtagged] 
Loading [Ext_Bi214] from [pdfs_new/MCspectra_FVpep_Period_2015_unmasked.root/ext_bi214_nhits]
bad programing style, const_cast!!
creating MC species [Ext_Bi214] in [default]
[Ext_Bi214] loaded for [default]
Inserting species (Ext_Bi214)[Ext_Bi214] to [default.Major] 
Inserting species (Ext_Bi214)[Ext_Bi214] to [default.TFCtagged] 
Loading [Ext_K40] from [pdfs_new/MCspectra_FVpep_Period_2015_unmasked.root/ext_k40_nhits]
bad programing style, const_cast!!
creating MC species [Ext_K40] in [default]
[Ext_K40] loaded for [default]
Inserting species (Ext_K40)[Ext_K40] to [default.Major] 
Inserting species (Ext_K40)[Ext_K40] to [default.TFCtagged] 
Loading [Ext_Tl208] from [pdfs_new/MCspectra_FVpep_Period_2015_unmasked.root/ext_tl208_nhits]
bad programing style, const_cast!!
creating MC species [Ext_Tl208] in [default]
[Ext_Tl208] loaded for [default]
Inserting species (Ext_Tl208)[Ext_Tl208] to [default.Major] 
Inserting species (Ext_Tl208)[Ext_Tl208] to [default.TFCtagged] 
Loading [He6] from [pdfs_new/MCspectra_FVpep_Period_2015_unmasked.root/he6_nhits]
bad programing style, const_cast!!
creating MC species [He6] in [default]
Warning: quenching [He6_qch] not found in [default].
[He6] loaded for [default]
Inserting species (He6_2)[He6] to [default.TFCtagged] 
Loading [Kr85] from [pdfs_new/MCspectra_FVpep_Period_2015_unmasked.root/kr85_nhits]
bad programing style, const_cast!!
creating MC species [Kr85] in [default]
Warning: quenching [Kr85_qch] not found in [default].
[Kr85] loaded for [default]
Inserting species (Kr85)[Kr85] to [default.Major] 
Inserting species (Kr85)[Kr85] to [default.TFCtagged] 
Loading [Po210] from [pdfs_new/MCspectra_FVpep_Period_2015_unmasked.root/po210_nhits]
bad programing style, const_cast!!
creating MC species [Po210] in [default]
bad programming! const_cast used!
Inserting [MCscalePo210] to [default]
Inserting [MCshiftPo210] to [default]
[Po210] loaded for [default]
Inserting species (Po210)[Po210] to [default.Major] 
creating MC species [Po210] in [default]
bad programming! const_cast used!
[Po210] loaded for [default]
Inserting species (Po210_2)[Po210] to [default.TFCtagged] 
Loading [nu(B8)] from [pdfs_new/MCspectra_FVpep_Period_2015_unmasked.root/b8_nhits]
bad programing style, const_cast!!
creating MC species [nu(B8)] in [default]
Warning: quenching [nu(B8)_qch] not found in [default].
[nu(B8)] loaded for [default]
Inserting species (nu(B8))[nu(B8)] to [default.Major] 
Inserting species (nu(B8))[nu(B8)] to [default.TFCtagged] 
Loading [nu(Be7)] from [pdfs_new/MCspectra_FVpep_Period_2015_unmasked.root/be7_nhits]
bad programing style, const_cast!!
creating MC species [nu(Be7)] in [default]
Warning: quenching [nu(Be7)_qch] not found in [default].
[nu(Be7)] loaded for [default]
Inserting species (nu(Be7))[nu(Be7)] to [default.Major] 
Inserting species (nu(Be7))[nu(Be7)] to [default.TFCtagged] 
Loading [nu(CNO)] from [pdfs_new/MCspectra_FVpep_Period_2015_unmasked.root/cno_nhits]
bad programing style, const_cast!!
creating MC species [nu(CNO)] in [default]
Warning: quenching [nu(CNO)_qch] not found in [default].
[nu(CNO)] loaded for [default]
Inserting species (nu(CNO))[nu(CNO)] to [default.Major] 
Inserting species (nu(CNO))[nu(CNO)] to [default.TFCtagged] 
Loading [nu(pep)] from [pdfs_new/MCspectra_FVpep_Period_2015_unmasked.root/pep_nhits]
bad programing style, const_cast!!
creating MC species [nu(pep)] in [default]
Warning: quenching [nu(pep)_qch] not found in [default].
[nu(pep)] loaded for [default]
Inserting species (nu(pep))[nu(pep)] to [default.Major] 
Inserting species (nu(pep))[nu(pep)] to [default.TFCtagged] 
Inserting [default.Major] species vector
searching for [Bi210_sys]..
searching for [C11_sys]..
searching for [Ext_Bi214_sys]..
searching for [Ext_K40_sys]..
searching for [Ext_Tl208_sys]..
searching for [Kr85_sys]..
searching for [Po210_sys]..
searching for [nu(B8)_sys]..
searching for [nu(Be7)_sys]..
searching for [nu(CNO)_sys]..
searching for [nu(pep)_sys]..
Inserting [default.TFCtagged] species vector
searching for [Bi210_sys]..
searching for [C10_2_sys]..
searching for [C11_2_sys]..
searching for [Ext_Bi214_sys]..
searching for [Ext_K40_sys]..
searching for [Ext_Tl208_sys]..
searching for [He6_2_sys]..
searching for [Kr85_sys]..
searching for [Po210_2_sys]..
searching for [nu(B8)_sys]..
searching for [nu(Be7)_sys]..
searching for [nu(CNO)_sys]..
searching for [nu(pep)_sys]..
setting quenching of [Po210] to [0.07879]
Pb214 not implemented in bx-GooStats, it's ignored
setting quenching of [C11] to [0.8828]
INFO: 210Po PMTs used: 2000,0
RawSpectrumProvider::registerSpecies Register [default.Major]
type: [default.Major][0][1]
You have chosen SeparateSumPdfFactory<DnType<NoDn> MLPType<no> MaskType<Mask> DnAfterMask <no>>
SumPdf::registerFunc register [Bi210] as [0]
SumPdf::registerFunc register [C11] as [1]
SumPdf::registerFunc register [Ext_Bi214] as [2]
SumPdf::registerFunc register [Ext_K40] as [3]
SumPdf::registerFunc register [Ext_Tl208] as [4]
SumPdf::registerFunc register [Kr85] as [5]
SumPdf::registerFunc register [Po210] as [6]
SumPdf::registerFunc register [nu(B8)] as [7]
SumPdf::registerFunc register [nu(Be7)] as [8]
SumPdf::registerFunc register [nu(CNO)] as [9]
SumPdf::registerFunc register [nu(pep)] as [10]
SumPdf::registerFunc register [Bi210] as [11]
SumPdf::registerFunc register [C11] as [12]
SumPdf::registerFunc register [Ext_Bi214] as [13]
SumPdf::registerFunc register [Ext_K40] as [14]
SumPdf::registerFunc register [Ext_Tl208] as [15]
SumPdf::registerFunc register [Kr85] as [16]
SumPdf::registerFunc register [Po210] as [17]
SumPdf::registerFunc register [nu(B8)] as [18]
SumPdf::registerFunc register [nu(Be7)] as [19]
SumPdf::registerFunc register [nu(CNO)] as [20]
SumPdf::registerFunc register [nu(pep)] as [21]
Inserting [default.Major] sum pdf
Checking [Bi210] for <User> found? [1] is class<0>? [1]
Checking [C11] for <User> found? [1] is class<0>? [0]
Checking [Ext_Bi214] for <User> found? [1] is class<0>? [1]
Checking [Ext_K40] for <User> found? [1] is class<0>? [1]
Checking [Ext_Tl208] for <User> found? [1] is class<0>? [1]
Checking [Kr85] for <User> found? [1] is class<0>? [1]
Checking [Po210] for <User> found? [1] is class<0>? [1]
Checking [nu(B8)] for <User> found? [1] is class<0>? [1]
Checking [nu(Be7)] for <User> found? [1] is class<0>? [1]
Checking [nu(CNO)] for <User> found? [1] is class<0>? [1]
Checking [nu(pep)] for <User> found? [1] is class<0>? [1]
Checking [Bi210] for <User> found? [1] is class<1>? [0]
Checking [C11] for <User> found? [1] is class<1>? [1]
Checking [Ext_Bi214] for <User> found? [1] is class<1>? [0]
Checking [Ext_K40] for <User> found? [1] is class<1>? [0]
Checking [Ext_Tl208] for <User> found? [1] is class<1>? [0]
Checking [Kr85] for <User> found? [1] is class<1>? [0]
Checking [Po210] for <User> found? [1] is class<1>? [0]
Checking [nu(B8)] for <User> found? [1] is class<1>? [0]
Checking [nu(Be7)] for <User> found? [1] is class<1>? [0]
Checking [nu(CNO)] for <User> found? [1] is class<1>? [0]
Checking [nu(pep)] for <User> found? [1] is class<1>? [0]
Inserting [default]-[default] MV term
Checking [Bi210] for <Rdist> found? [1] is class<0>? [1]
Checking [C11] for <Rdist> found? [1] is class<0>? [1]
Checking [Ext_Bi214] for <Rdist> found? [1] is class<0>? [0]
Checking [Ext_K40] for <Rdist> found? [1] is class<0>? [0]
Checking [Ext_Tl208] for <Rdist> found? [1] is class<0>? [0]
Checking [Kr85] for <Rdist> found? [1] is class<0>? [1]
Checking [Po210] for <Rdist> found? [1] is class<0>? [1]
Checking [nu(B8)] for <Rdist> found? [1] is class<0>? [1]
Checking [nu(Be7)] for <Rdist> found? [1] is class<0>? [1]
Checking [nu(CNO)] for <Rdist> found? [1] is class<0>? [1]
Checking [nu(pep)] for <Rdist> found? [1] is class<0>? [1]
Checking [Bi210] for <Rdist> found? [1] is class<1>? [0]
Checking [C11] for <Rdist> found? [1] is class<1>? [0]
Checking [Ext_Bi214] for <Rdist> found? [1] is class<1>? [1]
Checking [Ext_K40] for <Rdist> found? [1] is class<1>? [1]
Checking [Ext_Tl208] for <Rdist> found? [1] is class<1>? [1]
Checking [Kr85] for <Rdist> found? [1] is class<1>? [0]
Checking [Po210] for <Rdist> found? [1] is class<1>? [0]
Checking [nu(B8)] for <Rdist> found? [1] is class<1>? [0]
Checking [nu(Be7)] for <Rdist> found? [1] is class<1>? [0]
Checking [nu(CNO)] for <Rdist> found? [1] is class<1>? [0]
Checking [nu(pep)] for <Rdist> found? [1] is class<1>? [0]
Inserting [default]-[default] MV term
Inserting [default]-[default] MV term
Inserting [default]-[default] MV term
Inserting [default]-[default] MV term
Inserting [default]-[default] MV term
Inserting [default]-[default] MV term
Inserting [default]-[default] MV term
Inserting [default]-[default] MV term
Inserting [default]-[default] MV term
Inserting [default]-[default] MV term
Inserting [default]-[default] MV term
Inserting [default]-[default] MV term
Inserting [default]-[default] MV term
Inserting [default]-[default] MV term
Inserting [default]-[default] MV term
Inserting [default]-[default] MV term
Pb214 not implemented in bx-GooStats, it's ignored
RawSpectrumProvider::registerSpecies Register [default.TFCtagged]
type: [default.TFCtagged][0][1]
You have chosen SeparateSumPdfFactory<DnType<NoDn> MLPType<no> MaskType<Mask> DnAfterMask <no>>
SumPdf::registerFunc register [C10] as [22]
SumPdf::registerFunc register [C11] as [23]
SumPdf::registerFunc register [He6] as [24]
SumPdf::registerFunc register [Po210] as [25]
SumPdf::registerFunc register [Bi210] as [26]
SumPdf::registerFunc register [C10] as [27]
SumPdf::registerFunc register [C11] as [28]
SumPdf::registerFunc register [Ext_Bi214] as [29]
SumPdf::registerFunc register [Ext_K40] as [30]
SumPdf::registerFunc register [Ext_Tl208] as [31]
SumPdf::registerFunc register [He6] as [32]
SumPdf::registerFunc register [Kr85] as [33]
SumPdf::registerFunc register [Po210] as [34]
SumPdf::registerFunc register [nu(B8)] as [35]
SumPdf::registerFunc register [nu(Be7)] as [36]
SumPdf::registerFunc register [nu(CNO)] as [37]
SumPdf::registerFunc register [nu(pep)] as [38]
Inserting [default.TFCtagged] sum pdf
Inserting (Datasets:default.Major)<default.Major>
Inserting (Datasets:default.TFCtagged)<default.TFCtagged>
Inserting (LikelihoodFactory)<default>
Inserting (LikelihoodFactory)<default>
Inserting (LikelihoodFactory)<default>
Inserting (LikelihoodFactory)<default>
Inserting (LikelihoodFactory)<default>
Inserting (LikelihoodFactory)<default>
Inserting (LikelihoodFactory)<default>
Inserting (LikelihoodFactory)<default>
Inserting (LikelihoodFactory)<default>
Inserting (LikelihoodFactory)<default>
Inserting (LikelihoodFactory)<default>
Inserting (LikelihoodFactory)<default>
Inserting (LikelihoodFactory)<default>
Inserting (LikelihoodFactory)<default>
Inserting (LikelihoodFactory)<default>
Inserting (LikelihoodFactory)<default>
Inserting (LikelihoodFactory)<default>
Debug: LL size 19
 PARAMETER DEFINITIONS:
    NO.   NAME         VALUE      STEP SIZE      LIMITS
     1 default.Bi210   2.00000e+01  1.00000e+00    0.00000e+00  1.00000e+02
     2 default.C11   2.80000e+01  1.00000e+00    0.00000e+00  1.00000e+02
     3 global.Ext_Bi214   5.00000e-01  1.00000e-01    0.00000e+00  1.00000e+01
     4 global.Ext_K40   1.50000e-01  1.00000e-01    0.00000e+00  1.00000e+01
 **********
 **    1 **FIX           4
 **********
 PARAMETER DEFINITIONS:
    NO.   NAME         VALUE      STEP SIZE      LIMITS
     5 global.Ext_Tl208   1.90000e+00  1.00000e-01    0.00000e+00  1.00000e+01
     6 default.Kr85   5.00000e+00  3.00000e-01    0.00000e+00  3.00000e+01
     7 default.Po210   3.00000e+02  2.99999e+01    1.00000e-02  3.00000e+03
     8 default.nu(B8)   4.60000e-01  1.00000e-01    0.00000e+00  1.00000e+01
 **********
 **    2 **FIX           8
 **********
 PARAMETER DEFINITIONS:
    NO.   NAME         VALUE      STEP SIZE      LIMITS
     9 global.nu(Be7)   4.85000e+01  5.00000e-01    2.00000e+01  7.00000e+01
    10 global.nu(CNO)   4.92000e+00  constant
 **********
 **    3 **FIX          10
 **********
 PARAMETER   10  IS CONSTANT.   IGNORED.
 PARAMETER DEFINITIONS:
    NO.   NAME         VALUE      STEP SIZE      LIMITS
    11 global.nu(pep)   2.20000e+00  1.00000e-01    0.00000e+00  1.00000e+01
    12 default.MCscalePo210   1.00000e+00  constant
    13 default.MCshiftPo210   0.00000e+00  1.00000e-03   -5.00000e+01  5.00000e+01
    14 default.C10_2   1.10000e+00  1.00000e-01    0.00000e+00  1.00000e+01
    15 default.C11_2   5.00000e+01  2.00000e+00    0.00000e+00  2.00000e+02
    16 global.He6_2   4.00000e-01  2.00000e-01    0.00000e+00  2.00000e+01
    17 default.Po210_2   3.00000e+02  2.99999e+01    1.00000e-02  3.00000e+03
 **********
 **    4 **SET ERRDEF         0.5
 **********
 PARAMETER DEFINITIONS:
    NO.   NAME         VALUE      STEP SIZE      LIMITS
     1 default.Bi210   2.00000e+01  1.00000e+00    0.00000e+00  1.00000e+02
     2 default.C11   2.80000e+01  1.00000e+00    0.00000e+00  1.00000e+02
     3 global.Ext_Bi214   5.00000e-01  1.00000e-01    0.00000e+00  1.00000e+01
     4 global.Ext_K40   1.50000e-01  1.00000e-01    0.00000e+00  1.00000e+01
 **********
 **    1 **FIX           4
 **********
 PARAMETER DEFINITIONS:
    NO.   NAME         VALUE      STEP SIZE      LIMITS
     5 global.Ext_Tl208   1.90000e+00  1.00000e-01    0.00000e+00  1.00000e+01
     6 default.Kr85   5.00000e+00  3.00000e-01    0.00000e+00  3.00000e+01
     7 default.Po210   3.00000e+02  2.99999e+01    1.00000e-02  3.00000e+03
     8 default.nu(B8)   4.60000e-01  1.00000e-01    0.00000e+00  1.00000e+01
 **********
 **    2 **FIX           8
 **********
 PARAMETER DEFINITIONS:
    NO.   NAME         VALUE      STEP SIZE      LIMITS
     9 global.nu(Be7)   4.85000e+01  5.00000e-01    2.00000e+01  7.00000e+01
    10 global.nu(CNO)   4.92000e+00  constant
 **********
 **    3 **FIX          10
 **********
 PARAMETER   10  IS CONSTANT.   IGNORED.
 PARAMETER DEFINITIONS:
    NO.   NAME         VALUE      STEP SIZE      LIMITS
    11 global.nu(pep)   2.20000e+00  1.00000e-01    0.00000e+00  1.00000e+01
    12 default.MCscalePo210   1.00000e+00  constant
    13 default.MCshiftPo210   0.00000e+00  1.00000e-03   -5.00000e+01  5.00000e+01
    14 default.C10_2   1.10000e+00  1.00000e-01    0.00000e+00  1.00000e+01
    15 default.C11_2   5.00000e+01  2.00000e+00    0.00000e+00  2.00000e+02
    16 global.He6_2   4.00000e-01  2.00000e-01    0.00000e+00  2.00000e+01
    17 default.Po210_2   3.00000e+02  2.99999e+01    1.00000e-02  3.00000e+03
 **********
 **    4 **SET ERRDEF         0.5
 **********
 **********
 **    5 **MINIMIZE       2e+04
 **********
 FIRST CALL TO USER FUNCTION AT NEW START POINT, WITH IFLAG=4.
 START MIGRAD MINIMIZATION.  STRATEGY  1.  CONVERGENCE WHEN EDM .LT. 5.00e-05
 FCN=28052.4 FROM MIGRAD    STATUS=INITIATE      112 CALLS         113 TOTAL
                     EDM= unknown      STRATEGY= 1      NO ERROR MATRIX       
  EXT PARAMETER               CURRENT GUESS       STEP         FIRST   
  NO.   NAME      VALUE            ERROR          SIZE      DERIVATIVE 
   1  default.Bi210   2.00000e+01   1.00000e+00   0.00000e+00   1.45667e+03
   2  default.C11   2.80000e+01   1.00000e+00   0.00000e+00   4.97689e+03
   3  global.Ext_Bi214   2.74073e+00   1.00000e-01   0.00000e+00   4.39522e+01
   4  global.Ext_K40   1.50000e-01     fixed    
   5  global.Ext_Tl208   1.90000e+00   1.00000e-01   0.00000e+00  -1.07447e+02
   6  default.Kr85   5.00000e+00   3.00000e-01   0.00000e+00   4.36731e+02
   7  default.Po210   3.00000e+02   2.99999e+01   0.00000e+00   7.57467e+04
   8  default.nu(B8)   4.60000e-01     fixed    
   9  global.nu(Be7)   4.85000e+01   5.00000e-01   0.00000e+00   1.00717e+03
  10  global.nu(CNO)   4.92000e+00   constant   
  11  global.nu(pep)   2.20000e+00   1.00000e-01   0.00000e+00   2.29592e+02
  12  default.MCscalePo210   1.00000e+00   constant   
  13  default.MCshiftPo210   0.00000e+00   1.00000e-03   0.00000e+00  -1.64865e+03
  14  default.C10_2   1.10000e+00   1.00000e-01   0.00000e+00   1.89724e+01
  15  default.C11_2   5.00000e+01   2.00000e+00   0.00000e+00  -1.67696e+03
  16  global.He6_2   7.01968e+00   2.00000e-01   9.84372e-01  -6.88904e+00
  17  default.Po210_2   3.00000e+02   2.99999e+01   0.00000e+00   4.77332e+04
                               ERR DEF= 0.5
 MIGRAD MINIMIZATION HAS CONVERGED.
 MIGRAD WILL VERIFY CONVERGENCE AND ERROR MATRIX.
 COVARIANCE MATRIX CALCULATED SUCCESSFULLY
 FCN=4803.29 FROM MIGRAD    STATUS=CONVERGED    1298 CALLS        1299 TOTAL
                     EDM=8.39075e-07    STRATEGY= 1      ERROR MATRIX ACCURATE 
  EXT PARAMETER                                   STEP         FIRST   
  NO.   NAME      VALUE            ERROR          SIZE      DERIVATIVE 
   1  default.Bi210   9.53564e+00   2.80767e+00   1.86049e-03  -1.10522e-02
   2  default.C11   1.58842e+00   1.69269e-01   5.57784e-04   1.00554e-02
   3  global.Ext_Bi214   1.86232e+00   6.68501e-01   6.08732e-03  -1.02846e-03
   4  global.Ext_K40   1.50000e-01     fixed    
   5  global.Ext_Tl208   4.30305e+00   3.48698e-01   2.49920e-03   1.23489e-03
   6  default.Kr85   8.30993e+00   3.50083e+00   5.84833e-03   1.90440e-03
   7  default.Po210   8.03436e+01   1.04500e+00   8.86704e-05  -1.80884e-02
   8  default.nu(B8)   4.60000e-01     fixed    
   9  global.nu(Be7)   5.23521e+01   2.62661e+00   2.23188e-03   2.74776e-03
  10  global.nu(CNO)   4.92000e+00   constant   
  11  global.nu(pep)   3.32883e+00   6.51147e-01   3.87443e-03   2.45923e-03
  12  default.MCscalePo210   1.00000e+00   constant   
  13  default.MCshiftPo210   8.47078e-01   1.65570e-01   1.51287e-04   2.42568e-02
  14  default.C10_2   4.41324e-07   1.70761e+00   3.85669e-02** at limit **
  15  default.C11_2   6.42830e+01   9.88642e-01   4.73478e-04   1.41836e-02
  16  global.He6_2   4.72725e+00   7.20650e-01   3.36384e-03  -1.92846e-03
  17  default.Po210_2   8.07615e+01   1.25288e+00   1.11616e-04  -9.45541e-03
                               ERR DEF= 0.5
 EXTERNAL ERROR MATRIX.    NDIM=  25    NPAR= 13    ERR DEF=0.5
 ELEMENTS ABOVE DIAGONAL ARE NOT PRINTED.
  7.907e+00 
 -1.257e-01  2.865e-02 
  7.471e-02  2.845e-02  4.514e-01 
  1.853e-02 -4.923e-03 -1.319e-01  1.218e-01 
  1.225e+00 -3.851e-02  2.654e-02  1.119e-02  1.254e+01 
 -4.116e-02 -2.047e-04 -3.057e-04 -1.007e-03  1.525e+00  1.092e+00 
  4.190e+00 -3.728e-02  9.963e-03  2.704e-03 -5.510e+00 -3.954e-01  6.927e+00 
  1.367e+00 -4.445e-02  4.456e-02 -5.373e-03  3.702e-01 -7.873e-04  4.785e-01  4.267e-01 
  4.117e-02 -3.822e-04  1.432e-04  3.386e-05 -1.587e-01 -1.951e-02  1.098e-01  4.786e-03  2.741e-02 
  1.058e-04  5.209e-07  2.039e-05 -1.573e-05  5.498e-05 -3.741e-06  1.162e-05  8.721e-06  1.714e-07  3.204e-06 
  2.660e-01 -1.089e-02 -3.515e-02  4.255e-02  1.118e-01 -2.242e-03  4.358e-02  8.673e-02  4.919e-04  1.092e-04  9.774e-01 
 -2.084e-01 -5.091e-03 -3.872e-02 -7.574e-02 -1.048e-01  6.634e-03 -2.473e-02 -2.578e-02 -3.497e-04 -2.908e-04 -2.277e-01 
 -2.084e-01 -5.091e-03 -3.872e-02 -7.574e-02 -1.048e-01  6.634e-03 -2.473e-02 -2.578e-02 -3.497e-04 -2.908e-04 -2.277e-01  5.206e-01 
 -3.426e-02  2.614e-05  1.335e-03  2.164e-03  1.533e+00  2.868e-01 -3.987e-01  6.139e-05 -1.979e-02  8.456e-06  7.273e-03 
 -3.426e-02  2.614e-05  1.335e-03  2.164e-03  1.533e+00  2.868e-01 -3.987e-01  6.139e-05 -1.979e-02  8.456e-06  7.273e-03 -1.520e-02  1.570e+00 
 PARAMETER  CORRELATION COEFFICIENTS  
       NO.  GLOBAL      1      2      3      5      6      7      9     11     13     14     15     16     17
        1  0.91388   1.000 -0.264  0.040  0.019  0.123 -0.014  0.566  0.744  0.088  0.021  0.096 -0.103 -0.010
        2  0.50894  -0.264  1.000  0.250 -0.083 -0.064 -0.001 -0.084 -0.402 -0.014  0.002 -0.065 -0.042  0.000
        3  0.67596   0.040  0.250  1.000 -0.562  0.011 -0.000  0.006  0.102  0.001  0.017 -0.053 -0.080  0.002
        5  0.67172   0.019 -0.083 -0.562  1.000  0.009 -0.003  0.003 -0.024  0.001 -0.025  0.123 -0.301  0.005
        6  0.88626   0.123 -0.064  0.011  0.009  1.000  0.412 -0.591  0.160 -0.271  0.009  0.032 -0.041  0.345
        7  0.51261  -0.014 -0.001 -0.000 -0.003  0.412  1.000 -0.144 -0.001 -0.113 -0.002 -0.002  0.009  0.219
        9  0.90596   0.566 -0.084  0.006  0.003 -0.591 -0.144  1.000  0.278  0.252  0.002  0.017 -0.013 -0.121
       11  0.81175   0.744 -0.402  0.102 -0.024  0.160 -0.001  0.278  1.000  0.044  0.007  0.134 -0.055  0.000
       13  0.29839   0.088 -0.014  0.001  0.001 -0.271 -0.113  0.252  0.044  1.000  0.001  0.003 -0.003 -0.095
       14  0.25771   0.021  0.002  0.017 -0.025  0.009 -0.002  0.002  0.007  0.001  1.000  0.062 -0.225  0.004
       15  0.35565   0.096 -0.065 -0.053  0.123  0.032 -0.002  0.017  0.134  0.003  0.062  1.000 -0.319  0.006
       16  0.56106  -0.103 -0.042 -0.080 -0.301 -0.041  0.009 -0.013 -0.055 -0.003 -0.225 -0.319  1.000 -0.017
       17  0.42806  -0.010  0.000  0.002  0.005  0.345  0.219 -0.121  0.000 -0.095  0.004  0.006 -0.017  1.000
 **********
 **    6 **HESSE
 **********
 COVARIANCE MATRIX CALCULATED SUCCESSFULLY
 FCN=4803.29 FROM HESSE     STATUS=OK            139 CALLS        1438 TOTAL
                     EDM=8.28888e-07    STRATEGY= 1      ERROR MATRIX ACCURATE 
  EXT PARAMETER                                INTERNAL      INTERNAL  
  NO.   NAME      VALUE            ERROR       STEP SIZE       VALUE   
   1  default.Bi210   9.53564e+00   2.81568e+00   7.44197e-05  -9.42938e-01
   2  default.C11   1.58842e+00   1.69156e-01   1.11557e-04  -1.82353e+00
   3  global.Ext_Bi214   1.86232e+00   6.72605e-01   2.43493e-04  -6.78384e-01
   4  global.Ext_K40   1.50000e-01     fixed    
   5  global.Ext_Tl208   4.30305e+00   3.53344e-01   9.99679e-05  -1.39845e-01
   6  default.Kr85   8.30993e+00   3.51134e+00   2.33933e-04  -2.67930e+00
   7  default.Po210   8.03436e+01   1.04585e+00   1.77341e-05  -1.24204e+00
   8  default.nu(B8)   4.60000e-01     fixed    
   9  global.nu(Be7)   5.23521e+01   2.61698e+00   8.92753e-05  -3.44009e+00
  10  global.nu(CNO)   4.92000e+00   constant   
  11  global.nu(pep)   3.32883e+00   6.49820e-01   7.74887e-04  -2.80080e+00
  12  default.MCscalePo210   1.00000e+00   constant   
  13  default.MCshiftPo210   8.47078e-01   1.65550e-01   3.02574e-05   1.69424e-02
  14  default.C10_2   4.41324e-07   8.74997e-01   3.74466e-01  -1.57038e+00
                                 WARNING -   - ABOVE PARAMETER IS AT LIMIT.
  15  default.C11_2   6.42830e+01   1.05606e+00   9.46955e-05  -3.65237e-01
  16  global.He6_2   4.72725e+00   1.22886e+00   1.34554e-04  -5.55390e-01
  17  default.Po210_2   8.07615e+01   1.25390e+00   2.23232e-05  -1.24118e+00
                               ERR DEF= 0.5
 EXTERNAL ERROR MATRIX.    NDIM=  25    NPAR= 13    ERR DEF=0.5
 ELEMENTS ABOVE DIAGONAL ARE NOT PRINTED.
  7.952e+00 
 -1.234e-01  2.862e-02 
  9.892e-02  2.860e-02  4.570e-01 
 -4.027e-04 -5.053e-03 -1.362e-01  1.251e-01 
  1.322e+00 -3.843e-02  3.983e-02  1.249e-03  1.262e+01 
 -4.028e-02 -3.063e-04 -9.792e-04 -3.657e-04  1.532e+00  1.094e+00 
  4.129e+00 -3.602e-02  1.217e-02  7.077e-04 -5.503e+00 -3.972e-01  6.876e+00 
  1.363e+00 -4.408e-02  4.641e-02 -6.905e-03  3.798e-01 -1.897e-04  4.676e-01  4.250e-01 
  4.025e-02 -3.648e-04  1.755e-04  3.692e-07 -1.588e-01 -1.957e-02  1.092e-01  4.627e-03  2.741e-02 
  4.603e-04  2.341e-06  8.813e-05 -6.808e-05  2.426e-04 -1.604e-05  4.780e-05  3.714e-05  7.029e-07  1.592e-06 
  3.977e-01 -1.017e-02 -9.841e-03  2.303e-02  1.831e-01 -6.717e-03  5.560e-02  9.717e-02  6.664e-04  4.747e-04  1.115e+00 
 -5.673e-01 -6.909e-03 -1.069e-01 -2.301e-02 -2.953e-01  1.901e-02 -6.092e-02 -5.457e-02 -8.758e-04 -1.278e-03 -5.991e-01 
 -5.673e-01 -6.909e-03 -1.069e-01 -2.301e-02 -2.953e-01  1.901e-02 -6.092e-02 -5.457e-02 -8.758e-04 -1.278e-03 -5.991e-01  1.521e+00 
 -1.876e-02  7.001e-07  3.410e-03  6.227e-04  1.548e+00  2.881e-01 -3.992e-01  1.782e-03 -1.983e-02  3.749e-05  1.834e-02 
 -1.876e-02  7.001e-07  3.410e-03  6.227e-04  1.548e+00  2.881e-01 -3.992e-01  1.782e-03 -1.983e-02  3.749e-05  1.834e-02 -4.468e-02  1.572e+00 
 PARAMETER  CORRELATION COEFFICIENTS  
       NO.  GLOBAL      1      2      3      5      6      7      9     11     13     14     15     16     17
        1  0.91439   1.000 -0.259  0.052 -0.000  0.132 -0.014  0.558  0.741  0.086  0.129  0.134 -0.163 -0.005
        2  0.50796  -0.259  1.000  0.250 -0.084 -0.064 -0.002 -0.081 -0.400 -0.013  0.011 -0.057 -0.033  0.000
        3  0.68088   0.052  0.250  1.000 -0.570  0.017 -0.001  0.007  0.105  0.002  0.103 -0.014 -0.128  0.004
        5  0.68225  -0.000 -0.084 -0.570  1.000  0.001 -0.001  0.001 -0.030  0.000 -0.153  0.062 -0.053  0.001
        6  0.88700   0.132 -0.064  0.017  0.001  1.000  0.412 -0.591  0.164 -0.270  0.054  0.049 -0.067  0.348
        7  0.51380  -0.014 -0.002 -0.001 -0.001  0.412  1.000 -0.145 -0.000 -0.113 -0.012 -0.006  0.015  0.220
        9  0.90523   0.558 -0.081  0.007  0.001 -0.591 -0.145  1.000  0.274  0.252  0.014  0.020 -0.019 -0.121
       11  0.81088   0.741 -0.400  0.105 -0.030  0.164 -0.000  0.274  1.000  0.043  0.045  0.141 -0.068  0.002
       13  0.29801   0.086 -0.013  0.002  0.000 -0.270 -0.113  0.252  0.043  1.000  0.003  0.004 -0.004 -0.096
       14  0.85697   0.129  0.011  0.103 -0.153  0.054 -0.012  0.014  0.045  0.003  1.000  0.356 -0.821  0.024
       15  0.48422   0.134 -0.057 -0.014  0.062  0.049 -0.006  0.020  0.141  0.004  0.356  1.000 -0.460  0.014
       16  0.87489  -0.163 -0.033 -0.128 -0.053 -0.067  0.015 -0.019 -0.068 -0.004 -0.821 -0.460  1.000 -0.029
       17  0.42961  -0.005  0.000  0.004  0.001  0.348  0.220 -0.121  0.002 -0.096  0.024  0.014 -0.029  1.000
Wallclock time  : 20.2374 seconds.
CPU time: 0.002023
Total CPU time: 0.002023
Processor time: 0.00174

FIT PARAMETERS
 ^{210}Bi = 9.5 #pm 2.8 
 ^{11}C = 1.59 #pm 0.17 
 Ext ^{214}Bi = 1.86 #pm 0.67 
 Ext ^{40}K = 0.15  [Fixed]
 Ext ^{208}Tl = 4.30 #pm 0.35 
 ^{85}Kr = 8.3 #pm 3.5 
 ^{210}Po = 80.3 #pm 1.0 
 #nu(^{8}B) = 0.46  [Fixed]
 #nu(^{7}Be) = 52.4 #pm 2.6 
 #nu(CNO) = 4.92  [Fixed]
 #nu(pep) = 3.33 #pm 0.65 
 ^{210}MCscalePo = 1  [Fixed]
 ^{210}MCshiftPo = 0.85 #pm 0.17 
 ^{10}C 2 = 0.00  [Railed]
 ^{11}C 2 = 64.3 #pm 1.1 
 ^{6}He 2 = 4.7 #pm 1.2 
 ^{210}Po 2 = 80.8 #pm 1.3 

 chi^2                             = 1354.8
 chi^2/N-DOF                       = 1.0202
 p-value                           = 0.298
 Minimized -2Ln(Likelihood)        = 9606.57
 Likelihood p-value                = 0.000 ± 0.000
SimplePlotManager::groupByName <default.Major> appedned to <default>
SimplePlotManager::groupByName <default.TFCtagged> appedned to <default>
