[GPUManager]() registered
regV registering [npe] as [0x1923180]
regV registering [npe_short] as [0x19232b0]
regV registering [Po218:peak] as [6002]
regV registering [Rn222:peak] as [5490]
regV registering [Po210:peak] as [5305]
Loaded path: </p/project/cjikp20/jikp2013/bx-GooStats-dingxf_dev/bx-GooStats/data>
RawSpectrumProvider::registerSpecies Register [nu(pep)]
RawSpectrumProvider::registerSpecies Register [nu(Be7)_sunT]
RawSpectrumProvider::registerSpecies Register [nu(Be7)_nosunT]
RawSpectrumProvider::registerSpecies Register [nu(CNO)]
RawSpectrumProvider::registerSpecies Register [nu(pp)_oleg]
RawSpectrumProvider::registerSpecies Register [nu(pp)_aldo]
RawSpectrumProvider::registerSpecies Register [nu(pp)]
RawSpectrumProvider::registerSpecies Register [nu(B8)]
RawSpectrumProvider::registerSpecies Register [C14_universal]
Warning: c14_shape_factor is taken as 1.24
RawSpectrumProvider::registerSpecies Register [C14]
RawSpectrumProvider::registerSpecies Register [C11]
RawSpectrumProvider::registerSpecies Register [C10]
RawSpectrumProvider::registerSpecies Register [Kr85]
RawSpectrumProvider::registerSpecies Register [B12]
RawSpectrumProvider::registerSpecies Register [He6]
RawSpectrumProvider::registerSpecies Register [Pa234m]
RawSpectrumProvider::registerSpecies Register [K40]
RawSpectrumProvider::registerSpecies Register [La138]
RawSpectrumProvider::registerSpecies Register [Bi210_mach4]
RawSpectrumProvider::registerSpecies Register [Bi210_oleg]
RawSpectrumProvider::registerSpecies Register [Bi210_aldo]
RawSpectrumProvider::registerSpecies Register [Bi210_daniel]
RawSpectrumProvider::registerSpecies Register [Bi210_flothmann]
RawSpectrumProvider::registerSpecies Register [Bi210_grau]
RawSpectrumProvider::registerSpecies Register [Pb214_KM]
RawSpectrumProvider::registerSpecies Register [Pb214_aldo_1]
RawSpectrumProvider::registerSpecies Register [Pb214_aldo_2]
RawSpectrumProvider::registerSpecies Register [Pb214_aldo_3]
RawSpectrumProvider::registerSpecies Register [Pb214_aldo_4]
RawSpectrumProvider::registerSpecies Register [Pb214_aldo_5]
RawSpectrumProvider::registerSpecies Register [Pb214_aldo_6]
RawSpectrumProvider::registerSpecies Register [Pb214_aldo_7]
RawSpectrumProvider::registerSpecies Register [Ext_Tl208]
RawSpectrumProvider::registerSpecies Register [Ext_Bi214]
RawSpectrumProvider::registerSpecies Register [Ext_K40]
RawSpectrumProvider::registerSpecies Register [U238_chain]
RawSpectrumProvider::registerSpecies Register [Th232_chain]
RawSpectrumProvider::registerSpecies Register [C14_pileup]
[InputManager]() registered
[PrepareData]() registered
[SimpleFit]() registered
[CNOTest]() registered
[HMLMTest]() registered
[ScanPar]() registered
[CorrelationManager]() registered
[ContourManager]() registered
[OutputManager]() registered
Checking GPU [0]/[1]
Running on [Tesla K80] with compute capability of 3.7
Warning: BatchOutputManager not set, default are used.
LOG: Getting data from file input_files/Period2015_FVpep_TFCMI_c19.root
Searching final_nhits_pp_0 in pp
LOG: fitting histogram final_nhits_pp_0
WARNING: chain_counts_cum not TH1D, trying other TH1
WARNING: No chain_counts_cum in input directory, trying in the main directory of the file
chain_counts_cum: mean 23.242
[default] adopt [global] as its parent.
Inserting period [default,input_files/Period2015_FVpep_TFCMI_c19.root,pp/final_nhits_pp_0,fitoptions/fitoptions_cno-mv-2015-pdfs_TAUP2017-nhits-emin140_Po210-shift.cfg,species_list/species-fit-cno-mvCNO-hm.icc]
ARG[1] <icc> = [species_list/species-fit-cno-mvCNO-hm.icc]
InputManager::registerConfigset(default)
Loading from <fitoptions/fitoptions_cno-mv-2015-pdfs_TAUP2017-nhits-emin140_Po210-shift.cfg>
h_n_used_pmts: mean 1454.92
h_n_used_pmts_weighted: mean 1458.17
h_n_used_pmts0: mean 1455.48
h_n_used_pmts_weighted0: mean 1458.8
h_n_used_pmts1: mean 1454.03
h_n_used_pmts_weighted1: mean 1457.2
option <n_used_charge_histo_name> not set, default value [h_n_used_charge] used
h_n_used_charge: mean 1450.98
option <n_used_charge_po210_histo_name> not set, default value [h_n_used_charge_weighted] used
h_n_used_charge_weighted: mean 1453.99
feq_inv: mean 1.37496
Mask [mask_2] from [h_n_used_pmts] Mean <999.502> RMS <576.953>
Mask [mask_3] from [h_n_used_pmts_weighted] Mean <999.502> RMS <576.954>
Mask [mask_4] from [h_n_used_pmts0] Mean <999.502> RMS <576.954>
Mask [mask_5] from [h_n_used_pmts_weighted0] Mean <999.502> RMS <576.954>
Mask [mask_6] from [h_n_used_pmts1] Mean <999.502> RMS <576.953>
Mask [mask_7] from [h_n_used_pmts_weighted1] Mean <999.502> RMS <576.954>
*********Dump options parsed*********************************
MC_ext_bkg => <true>
alpha_response_function => <scaled_poisson>
alpha_subtracted => <false>
apply_radiochemical_constraints => <false>
applying_mask => <true>
beta_response_function => <scaled_poisson>
bi210_spectrum => <aldo>
c11_quenching_fixed => <false>
c11_subtracted => <true>
complementary_histo_fit => <true>
complementary_histo_name => <pp/final_nhits_pp_1>
convolve_dark_noise => <false>
dark_noise_window => <win1>
fit_results_output => <fit_results.root>
fit_variable => <nhits>
fit_variable_MC => <nhits>
freeMCshiftPo210 => <true>
geometric_correction_on => <false>
icc => <species_list/species-fit-cno-mvCNO-hm.icc>
ly_fixed => <false>
meantime_cut => <no>
minimization_method => <likelihood>
minimization_routine => <minuit>
montecarlo_interpolation => <off>
montecarlo_spectra_file => <pdfs_TAUP2017/MCspectra_pp_FVpep_2015_emin1_masked.root>
multivariate_ps_fit => <true>
multivariate_rdist_fit => <true>
n_used_pmts_histo_name => <h_n_used_pmts>
n_used_pmts_po210_histo_name => <h_n_used_pmts_weighted>
n_used_pmts_po210_tfc0_histo_name => <h_n_used_pmts_weighted0>
n_used_pmts_po210_tfc1_histo_name => <h_n_used_pmts_weighted1>
n_used_pmts_tfc0_histo_name => <h_n_used_pmts0>
n_used_pmts_tfc1_histo_name => <h_n_used_pmts1>
neutrino_magnetic_moment => <no>
no_lead_cut => <no>
norm_variable => <true>
npe_offset_fixed => <true>
pb214_spectrum => <aldo>
pileup_eff_ly_fixed => <true>
plot_filename => <plot.root>
po210_quenching_fixed => <false>
quenching_parameterization => <echidna>
save_fit_results => <false>
scale_poisson => <true>
show_only_c14_c14 => <false>
spectra_pdfs => <montecarlo>
synthpup_file => <P91011_Synthetic_Spectra.root>
synthpup_hist => <h_synth_spec_5_dt1>
use_alpha_response_function => <false>
use_remaining_pb214 => <false>
weighted_response => <false>
alpha_resolution_0_guess => float: [1.2]
alpha_resolution_0_max => float: [20]
alpha_resolution_0_min => float: [0]
alpha_resolution_1_guess => float: [0]
alpha_resolution_1_max => float: [0]
alpha_resolution_1_min => float: [0]
alpha_resolution_2_guess => float: [0]
alpha_resolution_2_max => float: [0]
alpha_resolution_2_min => float: [0]
beta_resolution_0_guess => float: [3]
beta_resolution_0_max => float: [20]
beta_resolution_0_min => float: [0]
beta_resolution_1_guess => float: [3]
beta_resolution_1_max => float: [20]
beta_resolution_1_min => float: [0]
beta_resolution_2_guess => float: [7]
beta_resolution_2_max => float: [7]
beta_resolution_2_min => float: [7]
beta_resolution_3_guess => float: [2]
beta_resolution_3_max => float: [10]
beta_resolution_3_min => float: [0]
beta_resolution_4_guess => float: [0]
beta_resolution_4_max => float: [0]
beta_resolution_4_min => float: [0]
beta_resolution_5_guess => float: [0]
beta_resolution_5_max => float: [0]
beta_resolution_5_min => float: [0]
c11_quenching => float: [0.8828]
c14_shape_factor => float: [1.24]
c14_threshold => float: [100]
dark_noise_threshold => float: [100]
ext_bckgd_eff_ly => float: [1.0228]
fCher => float: [2]
fit_verbosity => float: [0]
geometric_correction => float: [0.112]
histogram_binwidth => float: [1]
kb => float: [0.0109]
ly_guess => float: [0.49]
maximum_energy => float: [950]
meantime_cut_correction_c1 => float: [0.974]
meantime_cut_correction_c2 => float: [-0.00211]
minimum_energy => float: [140]
multivariate_ps_fit_bins => float: [1]
multivariate_ps_fit_max => float: [650]
multivariate_ps_fit_min => float: [400]
multivariate_ps_fit_smooth => float: [0]
multivariate_rdist_fit_bins => float: [16]
multivariate_rdist_fit_max => float: [900]
multivariate_rdist_fit_min => float: [500]
multivariate_rdist_fit_smooth => float: [0]
npe_offset => float: [0]
number_of_bins_for_weighted_response => float: [10]
pileup_eff_ly => float: [0.935]
po210_quenching => float: [0.07879]
poisson_factor => float: [15]
poisson_threshold => float: [100]
ser_under_threshold => float: [0.12]
sys_errors_scale => float: [0]
unequalization_factor => float: [1]
*************************************************************
Inserting Constant name [compute_likelihood_p_value] value [0]
regV registering [compute_likelihood_p_value] as [0]
Inserting [C11_qch] to [global]
Inserting [Po210_qch] to [default]
Inserting [extly_qch] to [global]
Linking [Ext_Tl208_qch] with [extly_qch] in [global]
Linking [Ext_Bi214_qch] with [extly_qch] in [global]
Linking [Ext_K40_qch] with [extly_qch] in [global]
Inserting [Po218_qch] to [global]
Inserting [Rn222_qch] to [global]
Inserting [C10_qch] to [global]
Bad programming style of using const_cast!!!
regV registering [NL] as [0x7ffcd9fd0600]
Inserting [beta_ly] to [default]
810
Inserting [beta_resolution_0] to [global]
Inserting [beta_resolution_1] to [global]
Inserting [beta_resolution_2] to [global]
Inserting [beta_resolution_3] to [global]
Inserting [beta_resolution_4] to [global]
Inserting [beta_resolution_5] to [global]
Inserting [alpha_resolution_0] to [default]
Inserting [alpha_resolution_1] to [default]
Inserting [alpha_resolution_2] to [default]
Inserting [alpha_resolution_3] to [default]
Inserting [alpha_resolution_4] to [default]
Inserting [alpha_resolution_5] to [default]
Inserting [mlp_correction_0] to [default]
Inserting [mlp_correction_1] to [default]
Inserting [mlp_correction_2] to [default]
Inserting [mlp_correction_3] to [default]
Integral: 11.6405, sum = 1.17605e+06, endpoint = 671.809
Integral: 76.3209, sum = 1.81556e+07, endpoint = 264.064
RawSpectrumProvider::registerSpecies Register [nu(Be7+munu)]
RawSpectrumProvider::registerSpecies Register [nu(pp+munu)]
RawSpectrumProvider::registerSpecies Register [Bi210]
RawSpectrumProvider::registerSpecies Register [nu(Be7)]
feq: 1.37464 feq_po: 1.37158
Inserting [default] to default feq: 1.37464 0
Inserting [Po210] to default feq: 1.37158 0
Dumping pre-created rates:
INFO: loading species from file species_list/species-fit-cno-mvCNO-hm.icc
Inserting [Bi210] to [default]
Inserting [C10_2] to [default]
Inserting [C11] to [default]
Inserting [C11_2] to [default]
Inserting [Ext_Bi214] to [global]
Inserting [Ext_K40] to [global]
Inserting [Ext_Tl208] to [global]
Inserting [He6_2] to [global]
Inserting [Kr85] to [default]
Inserting [Po210] to [default]
Inserting [Po210_2] to [default]
Inserting [nu(B8)] to [default]
Inserting [nu(Be7)] to [global]
Inserting [nu(CNO)] to [global]
Inserting [nu(pep)] to [global]
 [global] : (C10_qch, global.C10_qch) 
 [global] : (C11_qch, global.C11_qch) 
 [global] : (Ext_Bi214, global.Ext_Bi214) 
 [global] : (Ext_Bi214_qch, global.extly_qch) 
 [global] : (Ext_K40, global.Ext_K40) 
 [global] : (Ext_K40_qch, global.extly_qch) 
 [global] : (Ext_Tl208, global.Ext_Tl208) 
 [global] : (Ext_Tl208_qch, global.extly_qch) 
 [global] : (He6_2, global.He6_2) 
 [global] : (Po218_qch, global.Po218_qch) 
 [global] : (Rn222_qch, global.Rn222_qch) 
 [global] : (beta_resolution_0, global.beta_resolution_0) 
 [global] : (beta_resolution_1, global.beta_resolution_1) 
 [global] : (beta_resolution_2, global.beta_resolution_2) 
 [global] : (beta_resolution_3, global.beta_resolution_3) 
 [global] : (beta_resolution_4, global.beta_resolution_4) 
 [global] : (beta_resolution_5, global.beta_resolution_5) 
 [global] : (extly_qch, global.extly_qch) 
 [global] : (nu(Be7), global.nu(Be7)) 
 [global] : (nu(CNO), global.nu(CNO)) 
 [global] : (nu(pep), global.nu(pep)) 
default>-- [default] : (Bi210, default.Bi210) 
default>-- [default] : (C10_2, default.C10_2) 
default>-- [default] : (C11, default.C11) 
default>-- [default] : (C11_2, default.C11_2) 
default>-- [default] : (Kr85, default.Kr85) 
default>-- [default] : (Po210, default.Po210) 
default>-- [default] : (Po210_2, default.Po210_2) 
default>-- [default] : (Po210_qch, default.Po210_qch) 
default>-- [default] : (alpha_resolution_0, default.alpha_resolution_0) 
default>-- [default] : (alpha_resolution_1, default.alpha_resolution_1) 
default>-- [default] : (alpha_resolution_2, default.alpha_resolution_2) 
default>-- [default] : (alpha_resolution_3, default.alpha_resolution_3) 
default>-- [default] : (alpha_resolution_4, default.alpha_resolution_4) 
default>-- [default] : (alpha_resolution_5, default.alpha_resolution_5) 
default>-- [default] : (beta_ly, default.beta_ly) 
default>-- [default] : (mlp_correction_0, default.mlp_correction_0) 
default>-- [default] : (mlp_correction_1, default.mlp_correction_1) 
default>-- [default] : (mlp_correction_2, default.mlp_correction_2) 
default>-- [default] : (mlp_correction_3, default.mlp_correction_3) 
default>-- [default] : (nu(B8), default.nu(B8)) 
InputManager::registerDataset(default.Major)
InputManager::registerDataset(default.TFCtagged)
Inserting period full [default.Major]
Inserting period full [default.TFCtagged]
Livetime: 180.907 days (c11 subtracted)
computing mass from input_files/Period2015_FVpep_TFCMI_c19.root
Mass: 71.3 tons
Inserting [default.Major] exposure : [12898.7 (day x tons)]
computing mass from input_files/Period2015_FVpep_TFCMI_c19.root
Inserting [default.TFCtagged] exposure : [8145.44 (day x tons)]
Inserting type [remaining_pb214] name [default] value [0.0106785]
Remaining Pb214 [default] : 0.0106785 cpd/100 tons
WARNING: pp/final_nhits_pp_1 not TH1D, trying other TH1
WARNING: No pp/final_nhits_pp_1 in input directory, trying in the main directory of the file
pp/final_nhits_pp_1: mean 51.8507
WARNING: the spectrum of [Major] had not Sumw2 set. Setting it now.
WARNING: the spectrum of [TFCtagged] had not Sumw2 set. Setting it now.
Inserting [default.Major] data set
Inserting [default.TFCtagged] data set
INFO: loading species from file species_list/species-fit-cno-mvCNO-hm.icc
Loading [Bi210] from [pdfs_TAUP2017/MCspectra_pp_FVpep_2015_emin1_masked.root/bi210_nhits]
bad programing style, const_cast!!
creating MC species [Bi210] in [default]
Warning: quenching [Bi210_qch] not found in [default].
[Bi210] loaded for [default]
Inserting species (Bi210)[Bi210] to [default.Major] 
Inserting species (Bi210)[Bi210] to [default.TFCtagged] 
Loading [C10] from [pdfs_TAUP2017/MCspectra_pp_FVpep_2015_emin1_masked.root/c10_nhits]
bad programing style, const_cast!!
creating MC species [C10] in [default]
[C10] loaded for [default]
Inserting species (C10_2)[C10] to [default.TFCtagged] 
Loading [C11] from [pdfs_TAUP2017/MCspectra_pp_FVpep_2015_emin1_masked.root/c11_nhits]
bad programing style, const_cast!!
creating MC species [C11] in [default]
[C11] loaded for [default]
Inserting species (C11)[C11] to [default.Major] 
creating MC species [C11] in [default]
[C11] loaded for [default]
Inserting species (C11_2)[C11] to [default.TFCtagged] 
Loading [Ext_Bi214] from [pdfs_TAUP2017/MCspectra_pp_FVpep_2015_emin1_masked.root/ext_bi214_nhits]
bad programing style, const_cast!!
creating MC species [Ext_Bi214] in [default]
[Ext_Bi214] loaded for [default]
Inserting species (Ext_Bi214)[Ext_Bi214] to [default.Major] 
Inserting species (Ext_Bi214)[Ext_Bi214] to [default.TFCtagged] 
Loading [Ext_K40] from [pdfs_TAUP2017/MCspectra_pp_FVpep_2015_emin1_masked.root/ext_k40_nhits]
bad programing style, const_cast!!
creating MC species [Ext_K40] in [default]
[Ext_K40] loaded for [default]
Inserting species (Ext_K40)[Ext_K40] to [default.Major] 
Inserting species (Ext_K40)[Ext_K40] to [default.TFCtagged] 
Loading [Ext_Tl208] from [pdfs_TAUP2017/MCspectra_pp_FVpep_2015_emin1_masked.root/ext_tl208_nhits]
bad programing style, const_cast!!
creating MC species [Ext_Tl208] in [default]
[Ext_Tl208] loaded for [default]
Inserting species (Ext_Tl208)[Ext_Tl208] to [default.Major] 
Inserting species (Ext_Tl208)[Ext_Tl208] to [default.TFCtagged] 
Loading [He6] from [pdfs_TAUP2017/MCspectra_pp_FVpep_2015_emin1_masked.root/he6_nhits]
bad programing style, const_cast!!
creating MC species [He6] in [default]
Warning: quenching [He6_qch] not found in [default].
[He6] loaded for [default]
Inserting species (He6_2)[He6] to [default.TFCtagged] 
Loading [Kr85] from [pdfs_TAUP2017/MCspectra_pp_FVpep_2015_emin1_masked.root/kr85_nhits]
bad programing style, const_cast!!
creating MC species [Kr85] in [default]
Warning: quenching [Kr85_qch] not found in [default].
[Kr85] loaded for [default]
Inserting species (Kr85)[Kr85] to [default.Major] 
Inserting species (Kr85)[Kr85] to [default.TFCtagged] 
Loading [Po210] from [pdfs_TAUP2017/MCspectra_pp_FVpep_2015_emin1_masked.root/po210_nhits]
bad programing style, const_cast!!
creating MC species [Po210] in [default]
bad programming! const_cast used!
Inserting [MCscalePo210] to [default]
Inserting [MCshiftPo210] to [default]
[Po210] loaded for [default]
Inserting species (Po210)[Po210] to [default.Major] 
creating MC species [Po210] in [default]
bad programming! const_cast used!
[Po210] loaded for [default]
Inserting species (Po210_2)[Po210] to [default.TFCtagged] 
Loading [nu(B8)] from [pdfs_TAUP2017/MCspectra_pp_FVpep_2015_emin1_masked.root/b8_nhits]
bad programing style, const_cast!!
creating MC species [nu(B8)] in [default]
Warning: quenching [nu(B8)_qch] not found in [default].
[nu(B8)] loaded for [default]
Inserting species (nu(B8))[nu(B8)] to [default.Major] 
Inserting species (nu(B8))[nu(B8)] to [default.TFCtagged] 
Loading [nu(Be7)] from [pdfs_TAUP2017/MCspectra_pp_FVpep_2015_emin1_masked.root/be7_nhits]
bad programing style, const_cast!!
creating MC species [nu(Be7)] in [default]
Warning: quenching [nu(Be7)_qch] not found in [default].
[nu(Be7)] loaded for [default]
Inserting species (nu(Be7))[nu(Be7)] to [default.Major] 
Inserting species (nu(Be7))[nu(Be7)] to [default.TFCtagged] 
Loading [nu(CNO)] from [pdfs_TAUP2017/MCspectra_pp_FVpep_2015_emin1_masked.root/cno_nhits]
bad programing style, const_cast!!
creating MC species [nu(CNO)] in [default]
Warning: quenching [nu(CNO)_qch] not found in [default].
[nu(CNO)] loaded for [default]
Inserting species (nu(CNO))[nu(CNO)] to [default.Major] 
Inserting species (nu(CNO))[nu(CNO)] to [default.TFCtagged] 
Loading [nu(pep)] from [pdfs_TAUP2017/MCspectra_pp_FVpep_2015_emin1_masked.root/pep_nhits]
bad programing style, const_cast!!
creating MC species [nu(pep)] in [default]
Warning: quenching [nu(pep)_qch] not found in [default].
[nu(pep)] loaded for [default]
Inserting species (nu(pep))[nu(pep)] to [default.Major] 
Inserting species (nu(pep))[nu(pep)] to [default.TFCtagged] 
Inserting [default.Major] species vector
searching for [Bi210_sys]..
searching for [C11_sys]..
searching for [Ext_Bi214_sys]..
searching for [Ext_K40_sys]..
searching for [Ext_Tl208_sys]..
searching for [Kr85_sys]..
searching for [Po210_sys]..
searching for [nu(B8)_sys]..
searching for [nu(Be7)_sys]..
searching for [nu(CNO)_sys]..
searching for [nu(pep)_sys]..
Inserting [default.TFCtagged] species vector
searching for [Bi210_sys]..
searching for [C10_2_sys]..
searching for [C11_2_sys]..
searching for [Ext_Bi214_sys]..
searching for [Ext_K40_sys]..
searching for [Ext_Tl208_sys]..
searching for [He6_2_sys]..
searching for [Kr85_sys]..
searching for [Po210_2_sys]..
searching for [nu(B8)_sys]..
searching for [nu(Be7)_sys]..
searching for [nu(CNO)_sys]..
searching for [nu(pep)_sys]..
setting quenching of [Po210] to [0.07879]
Pb214 not implemented in bx-GooStats, it's ignored
setting quenching of [C11] to [0.8828]
INFO: 210Po PMTs used: 2000,0
RawSpectrumProvider::registerSpecies Register [default.Major]
type: [default.Major][0][1]
You have chosen SeparateSumPdfFactory<DnType<NoDn> MLPType<no> MaskType<Mask> DnAfterMask <no>>
SumPdf::registerFunc register [Bi210] as [0]
SumPdf::registerFunc register [C11] as [1]
SumPdf::registerFunc register [Ext_Bi214] as [2]
SumPdf::registerFunc register [Ext_K40] as [3]
SumPdf::registerFunc register [Ext_Tl208] as [4]
SumPdf::registerFunc register [Kr85] as [5]
SumPdf::registerFunc register [Po210] as [6]
SumPdf::registerFunc register [nu(B8)] as [7]
SumPdf::registerFunc register [nu(Be7)] as [8]
SumPdf::registerFunc register [nu(CNO)] as [9]
SumPdf::registerFunc register [nu(pep)] as [10]
SumPdf::registerFunc register [Bi210] as [11]
SumPdf::registerFunc register [C11] as [12]
SumPdf::registerFunc register [Ext_Bi214] as [13]
SumPdf::registerFunc register [Ext_K40] as [14]
SumPdf::registerFunc register [Ext_Tl208] as [15]
SumPdf::registerFunc register [Kr85] as [16]
SumPdf::registerFunc register [Po210] as [17]
SumPdf::registerFunc register [nu(B8)] as [18]
SumPdf::registerFunc register [nu(Be7)] as [19]
SumPdf::registerFunc register [nu(CNO)] as [20]
SumPdf::registerFunc register [nu(pep)] as [21]
Inserting [default.Major] sum pdf
Checking [Bi210] for <User> found? [1] is class<0>? [1]
Checking [C11] for <User> found? [1] is class<0>? [0]
Checking [Ext_Bi214] for <User> found? [1] is class<0>? [1]
Checking [Ext_K40] for <User> found? [1] is class<0>? [1]
Checking [Ext_Tl208] for <User> found? [1] is class<0>? [1]
Checking [Kr85] for <User> found? [1] is class<0>? [1]
Checking [Po210] for <User> found? [1] is class<0>? [1]
Checking [nu(B8)] for <User> found? [1] is class<0>? [1]
Checking [nu(Be7)] for <User> found? [1] is class<0>? [1]
Checking [nu(CNO)] for <User> found? [1] is class<0>? [1]
Checking [nu(pep)] for <User> found? [1] is class<0>? [1]
Checking [Bi210] for <User> found? [1] is class<1>? [0]
Checking [C11] for <User> found? [1] is class<1>? [1]
Checking [Ext_Bi214] for <User> found? [1] is class<1>? [0]
Checking [Ext_K40] for <User> found? [1] is class<1>? [0]
Checking [Ext_Tl208] for <User> found? [1] is class<1>? [0]
Checking [Kr85] for <User> found? [1] is class<1>? [0]
Checking [Po210] for <User> found? [1] is class<1>? [0]
Checking [nu(B8)] for <User> found? [1] is class<1>? [0]
Checking [nu(Be7)] for <User> found? [1] is class<1>? [0]
Checking [nu(CNO)] for <User> found? [1] is class<1>? [0]
Checking [nu(pep)] for <User> found? [1] is class<1>? [0]
Inserting [default]-[default] MV term
Checking [Bi210] for <Rdist> found? [1] is class<0>? [1]
Checking [C11] for <Rdist> found? [1] is class<0>? [1]
Checking [Ext_Bi214] for <Rdist> found? [1] is class<0>? [0]
Checking [Ext_K40] for <Rdist> found? [1] is class<0>? [0]
Checking [Ext_Tl208] for <Rdist> found? [1] is class<0>? [0]
Checking [Kr85] for <Rdist> found? [1] is class<0>? [1]
Checking [Po210] for <Rdist> found? [1] is class<0>? [1]
Checking [nu(B8)] for <Rdist> found? [1] is class<0>? [1]
Checking [nu(Be7)] for <Rdist> found? [1] is class<0>? [1]
Checking [nu(CNO)] for <Rdist> found? [1] is class<0>? [1]
Checking [nu(pep)] for <Rdist> found? [1] is class<0>? [1]
Checking [Bi210] for <Rdist> found? [1] is class<1>? [0]
Checking [C11] for <Rdist> found? [1] is class<1>? [0]
Checking [Ext_Bi214] for <Rdist> found? [1] is class<1>? [1]
Checking [Ext_K40] for <Rdist> found? [1] is class<1>? [1]
Checking [Ext_Tl208] for <Rdist> found? [1] is class<1>? [1]
Checking [Kr85] for <Rdist> found? [1] is class<1>? [0]
Checking [Po210] for <Rdist> found? [1] is class<1>? [0]
Checking [nu(B8)] for <Rdist> found? [1] is class<1>? [0]
Checking [nu(Be7)] for <Rdist> found? [1] is class<1>? [0]
Checking [nu(CNO)] for <Rdist> found? [1] is class<1>? [0]
Checking [nu(pep)] for <Rdist> found? [1] is class<1>? [0]
Inserting [default]-[default] MV term
Inserting [default]-[default] MV term
Inserting [default]-[default] MV term
Inserting [default]-[default] MV term
Inserting [default]-[default] MV term
Inserting [default]-[default] MV term
Inserting [default]-[default] MV term
Inserting [default]-[default] MV term
Inserting [default]-[default] MV term
Inserting [default]-[default] MV term
Inserting [default]-[default] MV term
Inserting [default]-[default] MV term
Inserting [default]-[default] MV term
Inserting [default]-[default] MV term
Inserting [default]-[default] MV term
Inserting [default]-[default] MV term
Pb214 not implemented in bx-GooStats, it's ignored
RawSpectrumProvider::registerSpecies Register [default.TFCtagged]
type: [default.TFCtagged][0][1]
You have chosen SeparateSumPdfFactory<DnType<NoDn> MLPType<no> MaskType<Mask> DnAfterMask <no>>
SumPdf::registerFunc register [C10] as [22]
SumPdf::registerFunc register [C11] as [23]
SumPdf::registerFunc register [He6] as [24]
SumPdf::registerFunc register [Po210] as [25]
SumPdf::registerFunc register [Bi210] as [26]
SumPdf::registerFunc register [C10] as [27]
SumPdf::registerFunc register [C11] as [28]
SumPdf::registerFunc register [Ext_Bi214] as [29]
SumPdf::registerFunc register [Ext_K40] as [30]
SumPdf::registerFunc register [Ext_Tl208] as [31]
SumPdf::registerFunc register [He6] as [32]
SumPdf::registerFunc register [Kr85] as [33]
SumPdf::registerFunc register [Po210] as [34]
SumPdf::registerFunc register [nu(B8)] as [35]
SumPdf::registerFunc register [nu(Be7)] as [36]
SumPdf::registerFunc register [nu(CNO)] as [37]
SumPdf::registerFunc register [nu(pep)] as [38]
Inserting [default.TFCtagged] sum pdf
Inserting (Datasets:default.Major)<default.Major>
Inserting (Datasets:default.TFCtagged)<default.TFCtagged>
Inserting (LikelihoodFactory)<default>
Inserting (LikelihoodFactory)<default>
Inserting (LikelihoodFactory)<default>
Inserting (LikelihoodFactory)<default>
Inserting (LikelihoodFactory)<default>
Inserting (LikelihoodFactory)<default>
Inserting (LikelihoodFactory)<default>
Inserting (LikelihoodFactory)<default>
Inserting (LikelihoodFactory)<default>
Inserting (LikelihoodFactory)<default>
Inserting (LikelihoodFactory)<default>
Inserting (LikelihoodFactory)<default>
Inserting (LikelihoodFactory)<default>
Inserting (LikelihoodFactory)<default>
Inserting (LikelihoodFactory)<default>
Inserting (LikelihoodFactory)<default>
Inserting (LikelihoodFactory)<default>
Debug: LL size 19
 PARAMETER DEFINITIONS:
    NO.   NAME         VALUE      STEP SIZE      LIMITS
     1 default.Bi210   2.00000e+01  1.00000e+00    0.00000e+00  1.00000e+02
     2 default.C11   2.80000e+01  1.00000e+00    0.00000e+00  1.00000e+02
     3 global.Ext_Bi214   5.00000e-01  1.00000e-01    0.00000e+00  1.00000e+01
     4 global.Ext_K40   1.50000e-01  1.00000e-01    0.00000e+00  1.00000e+01
 **********
 **    1 **FIX           4
 **********
 PARAMETER DEFINITIONS:
    NO.   NAME         VALUE      STEP SIZE      LIMITS
     5 global.Ext_Tl208   1.90000e+00  1.00000e-01    0.00000e+00  1.00000e+01
     6 default.Kr85   5.00000e+00  3.00000e-01    0.00000e+00  3.00000e+01
     7 default.Po210   3.00000e+02  2.99999e+01    1.00000e-02  3.00000e+03
     8 default.nu(B8)   4.60000e-01  1.00000e-01    0.00000e+00  1.00000e+01
 **********
 **    2 **FIX           8
 **********
 PARAMETER DEFINITIONS:
    NO.   NAME         VALUE      STEP SIZE      LIMITS
     9 global.nu(Be7)   4.85000e+01  5.00000e-01    2.00000e+01  7.00000e+01
    10 global.nu(CNO)   4.92000e+00  constant
 **********
 **    3 **FIX          10
 **********
 PARAMETER   10  IS CONSTANT.   IGNORED.
 PARAMETER DEFINITIONS:
    NO.   NAME         VALUE      STEP SIZE      LIMITS
    11 global.nu(pep)   2.20000e+00  1.00000e-01    0.00000e+00  1.00000e+01
    12 default.MCscalePo210   1.00000e+00  constant
    13 default.MCshiftPo210   0.00000e+00  1.00000e-03   -5.00000e+01  5.00000e+01
    14 default.C10_2   1.10000e+00  1.00000e-01    0.00000e+00  1.00000e+01
    15 default.C11_2   5.00000e+01  2.00000e+00    0.00000e+00  2.00000e+02
    16 global.He6_2   4.00000e-01  2.00000e-01    0.00000e+00  2.00000e+01
    17 default.Po210_2   3.00000e+02  2.99999e+01    1.00000e-02  3.00000e+03
 **********
 **    4 **SET ERRDEF         0.5
 **********
 PARAMETER DEFINITIONS:
    NO.   NAME         VALUE      STEP SIZE      LIMITS
     1 default.Bi210   2.00000e+01  1.00000e+00    0.00000e+00  1.00000e+02
     2 default.C11   2.80000e+01  1.00000e+00    0.00000e+00  1.00000e+02
     3 global.Ext_Bi214   5.00000e-01  1.00000e-01    0.00000e+00  1.00000e+01
     4 global.Ext_K40   1.50000e-01  1.00000e-01    0.00000e+00  1.00000e+01
 **********
 **    1 **FIX           4
 **********
 PARAMETER DEFINITIONS:
    NO.   NAME         VALUE      STEP SIZE      LIMITS
     5 global.Ext_Tl208   1.90000e+00  1.00000e-01    0.00000e+00  1.00000e+01
     6 default.Kr85   5.00000e+00  3.00000e-01    0.00000e+00  3.00000e+01
     7 default.Po210   3.00000e+02  2.99999e+01    1.00000e-02  3.00000e+03
     8 default.nu(B8)   4.60000e-01  1.00000e-01    0.00000e+00  1.00000e+01
 **********
 **    2 **FIX           8
 **********
 PARAMETER DEFINITIONS:
    NO.   NAME         VALUE      STEP SIZE      LIMITS
     9 global.nu(Be7)   4.85000e+01  5.00000e-01    2.00000e+01  7.00000e+01
    10 global.nu(CNO)   4.92000e+00  constant
 **********
 **    3 **FIX          10
 **********
 PARAMETER   10  IS CONSTANT.   IGNORED.
 PARAMETER DEFINITIONS:
    NO.   NAME         VALUE      STEP SIZE      LIMITS
    11 global.nu(pep)   2.20000e+00  1.00000e-01    0.00000e+00  1.00000e+01
    12 default.MCscalePo210   1.00000e+00  constant
    13 default.MCshiftPo210   0.00000e+00  1.00000e-03   -5.00000e+01  5.00000e+01
    14 default.C10_2   1.10000e+00  1.00000e-01    0.00000e+00  1.00000e+01
    15 default.C11_2   5.00000e+01  2.00000e+00    0.00000e+00  2.00000e+02
    16 global.He6_2   4.00000e-01  2.00000e-01    0.00000e+00  2.00000e+01
    17 default.Po210_2   3.00000e+02  2.99999e+01    1.00000e-02  3.00000e+03
 **********
 **    4 **SET ERRDEF         0.5
 **********
 **********
 **    5 **MINIMIZE       2e+04
 **********
 FIRST CALL TO USER FUNCTION AT NEW START POINT, WITH IFLAG=4.
 START MIGRAD MINIMIZATION.  STRATEGY  1.  CONVERGENCE WHEN EDM .LT. 5.00e-05
 FCN=28031.8 FROM MIGRAD    STATUS=INITIATE      110 CALLS         111 TOTAL
                     EDM= unknown      STRATEGY= 1      NO ERROR MATRIX       
  EXT PARAMETER               CURRENT GUESS       STEP         FIRST   
  NO.   NAME      VALUE            ERROR          SIZE      DERIVATIVE 
   1  default.Bi210   2.00000e+01   1.00000e+00   0.00000e+00   1.56830e+03
   2  default.C11   2.80000e+01   1.00000e+00   0.00000e+00   4.98100e+03
   3  global.Ext_Bi214   2.79750e+00   1.00000e-01   0.00000e+00   4.13464e+01
   4  global.Ext_K40   1.50000e-01     fixed    
   5  global.Ext_Tl208   1.90000e+00   1.00000e-01   0.00000e+00  -8.91238e+01
   6  default.Kr85   5.00000e+00   3.00000e-01   0.00000e+00   4.45691e+02
   7  default.Po210   3.00000e+02   2.99999e+01   0.00000e+00   7.57433e+04
   8  default.nu(B8)   4.60000e-01     fixed    
   9  global.nu(Be7)   4.85000e+01   5.00000e-01   0.00000e+00   1.04707e+03
  10  global.nu(CNO)   4.92000e+00   constant   
  11  global.nu(pep)   2.20000e+00   1.00000e-01   0.00000e+00   2.26917e+02
  12  default.MCscalePo210   1.00000e+00   constant   
  13  default.MCshiftPo210   0.00000e+00   1.00000e-03   0.00000e+00  -1.00294e+03
  14  default.C10_2   1.10000e+00   1.00000e-01   0.00000e+00   3.64590e+01
  15  default.C11_2   5.00000e+01   2.00000e+00   0.00000e+00  -1.64358e+03
  16  global.He6_2   7.70530e+00   2.00000e-01   1.05547e+00   2.63874e+01
  17  default.Po210_2   3.00000e+02   2.99999e+01   0.00000e+00   4.77303e+04
                               ERR DEF= 0.5
 MIGRAD MINIMIZATION HAS CONVERGED.
 MIGRAD WILL VERIFY CONVERGENCE AND ERROR MATRIX.
 COVARIANCE MATRIX CALCULATED SUCCESSFULLY
 FCN=4770.76 FROM MIGRAD    STATUS=CONVERGED    1540 CALLS        1541 TOTAL
                     EDM=9.40788e-07    STRATEGY= 1      ERROR MATRIX ACCURATE 
  EXT PARAMETER                                   STEP         FIRST   
  NO.   NAME      VALUE            ERROR          SIZE      DERIVATIVE 
   1  default.Bi210   7.02750e+00   2.84237e+00   2.03162e-03  -4.00197e-03
   2  default.C11   1.43722e+00   1.56863e-01   5.59317e-04  -1.43007e-02
   3  global.Ext_Bi214   1.99528e+00   7.40783e-01   6.18958e-03   1.34984e-03
   4  global.Ext_K40   1.50000e-01     fixed    
   5  global.Ext_Tl208   4.31863e+00   3.84406e-01   2.53088e-03   1.16048e-03
   6  default.Kr85   1.26392e+01   3.45644e+00   5.20813e-03  -1.81116e-03
   7  default.Po210   8.06203e+01   1.04566e+00   8.82976e-05   4.83482e-02
   8  default.nu(B8)   4.60000e-01     fixed    
   9  global.nu(Be7)   4.91884e+01   2.53669e+00   2.10182e-03  -2.15168e-05
  10  global.nu(CNO)   4.92000e+00   constant   
  11  global.nu(pep)   4.13554e+00   6.64812e-01   3.76172e-03   9.27084e-04
  12  default.MCscalePo210   1.00000e+00   constant   
  13  default.MCshiftPo210   8.00395e-01   1.70772e-01   1.55433e-04   1.10055e-01
  14  default.C10_2   4.26080e-01   8.97357e-01   6.70678e-03  -3.33111e-03
  15  default.C11_2   6.48021e+01   1.20482e+00   4.71931e-04  -1.95774e-02
  16  global.He6_2   3.19995e+00   1.93075e+00   3.77695e-03  -5.50551e-03
  17  default.Po210_2   8.11058e+01   1.25436e+00   1.11104e-04   1.27243e-01
                               ERR DEF= 0.5
 EXTERNAL ERROR MATRIX.    NDIM=  25    NPAR= 13    ERR DEF=0.5
 ELEMENTS ABOVE DIAGONAL ARE NOT PRINTED.
  8.113e+00 
 -9.898e-02  2.461e-02 
  2.301e-01  2.713e-02  5.552e-01 
 -7.400e-02 -4.614e-03 -1.782e-01  1.481e-01 
  1.740e+00 -3.244e-02  9.391e-02 -3.195e-02  1.217e+01 
 -5.456e-02 -3.045e-04 -4.360e-03  1.770e-03  1.501e+00  1.093e+00 
 -4.066e+00  3.101e-02 -4.627e-02  1.456e-02  4.935e+00  4.003e-01  6.458e+00 
  1.417e+00 -3.573e-02  6.890e-02 -1.639e-02  4.372e-01 -1.602e-03 -4.909e-01  4.447e-01 
  3.977e-02 -2.899e-04  4.872e-04 -1.499e-04 -1.596e-01 -2.076e-02 -1.091e-01  4.692e-03  2.916e-02 
 -7.031e-01 -2.914e-03 -1.437e-01  1.039e-01 -3.467e-01  2.212e-02  1.305e-01 -5.494e-02 -1.330e-03  8.646e-01 
  8.011e-01 -6.867e-03  7.218e-02 -3.455e-02  3.787e-01 -1.820e-02 -1.489e-01  1.349e-01  1.475e-03 -6.444e-01  1.452e+00 
  1.594e+00  1.102e-02  3.229e-01 -1.278e-01  7.839e-01 -4.951e-02 -2.961e-01  1.335e-01  3.020e-03 -1.702e+00  1.471e+00 
  1.594e+00  1.102e-02  3.229e-01 -1.278e-01  7.839e-01 -4.951e-02 -2.961e-01  1.335e-01  3.020e-03 -1.702e+00  1.471e+00  3.817e+00 
  7.240e-03  1.675e-04  8.627e-03 -3.369e-03  1.534e+00  2.849e-01  3.916e-01  3.391e-03 -2.097e-02 -4.632e-02  4.088e-02 
  7.240e-03  1.675e-04  8.627e-03 -3.369e-03  1.534e+00  2.849e-01  3.916e-01  3.391e-03 -2.097e-02 -4.632e-02  4.088e-02  1.040e-01  1.573e+00 
 PARAMETER  CORRELATION COEFFICIENTS  
       NO.  GLOBAL      1      2      3      5      6      7      9     11     13     14     15     16     17
        1  0.92400   1.000 -0.222  0.108 -0.068  0.175 -0.018 -0.562  0.746  0.082 -0.265  0.233  0.287  0.002
        2  0.45654  -0.222  1.000  0.232 -0.076 -0.059 -0.002  0.078 -0.342 -0.011 -0.020 -0.036  0.036  0.001
        3  0.71794   0.108  0.232  1.000 -0.622  0.036 -0.006 -0.024  0.139  0.004 -0.207  0.080  0.222  0.009
        5  0.73039  -0.068 -0.076 -0.622  1.000 -0.024  0.004  0.015 -0.064 -0.002  0.290 -0.075 -0.170 -0.007
        6  0.88604   0.175 -0.059  0.036 -0.024  1.000  0.411  0.557  0.188 -0.268 -0.107  0.090  0.115  0.351
        7  0.51229  -0.018 -0.002 -0.006  0.004  0.411  1.000  0.151 -0.002 -0.116  0.023 -0.014 -0.024  0.217
        9  0.90406  -0.562  0.078 -0.024  0.015  0.557  0.151  1.000 -0.290 -0.251  0.055 -0.049 -0.060  0.123
       11  0.81289   0.746 -0.342  0.139 -0.064  0.188 -0.002 -0.290  1.000  0.041 -0.089  0.168  0.102  0.004
       13  0.29982   0.082 -0.011  0.004 -0.002 -0.268 -0.116 -0.251  0.041  1.000 -0.008  0.007  0.009 -0.098
       14  0.95177  -0.265 -0.020 -0.207  0.290 -0.107  0.023  0.055 -0.089 -0.008  1.000 -0.575 -0.937 -0.040
       15  0.63967   0.233 -0.036  0.080 -0.075  0.090 -0.014 -0.049  0.168  0.007 -0.575  1.000  0.625  0.027
       16  0.95491   0.287  0.036  0.222 -0.170  0.115 -0.024 -0.060  0.102  0.009 -0.937  0.625  1.000  0.042
       17  0.42864   0.002  0.001  0.009 -0.007  0.351  0.217  0.123  0.004 -0.098 -0.040  0.027  0.042  1.000
 **********
 **    6 **HESSE
 **********
 COVARIANCE MATRIX CALCULATED SUCCESSFULLY
 FCN=4770.76 FROM HESSE     STATUS=OK            131 CALLS        1672 TOTAL
                     EDM=9.44013e-07    STRATEGY= 1      ERROR MATRIX ACCURATE 
  EXT PARAMETER                                INTERNAL      INTERNAL  
  NO.   NAME      VALUE            ERROR       STEP SIZE       VALUE   
   1  default.Bi210   7.02750e+00   2.83233e+00   8.12646e-05  -1.03419e+00
   2  default.C11   1.43722e+00   1.56736e-01   1.11863e-04  -1.81114e+00
   3  global.Ext_Bi214   1.99528e+00   7.42279e-01   2.47583e-04  -6.44682e-01
   4  global.Ext_K40   1.50000e-01     fixed    
   5  global.Ext_Tl208   4.31863e+00   3.86329e-01   1.01235e-04  -1.36699e-01
   6  default.Kr85   1.26392e+01   3.46044e+00   1.04163e-03  -2.98355e+00
   7  default.Po210   8.06203e+01   1.04591e+00   1.76595e-05  -1.24147e+00
   8  default.nu(B8)   4.60000e-01     fixed    
   9  global.nu(Be7)   4.91884e+01   2.53811e+00   8.40730e-05  -6.11485e+00
  10  global.nu(CNO)   4.92000e+00   constant   
  11  global.nu(pep)   4.13554e+00   6.61340e-01   1.50469e-04  -2.96783e+00
  12  default.MCscalePo210   1.00000e+00   constant   
  13  default.MCshiftPo210   8.00395e-01   1.70786e-01   3.10866e-05   1.60086e-02
  14  default.C10_2   4.26080e-01   9.30704e-01   2.68271e-04  -1.98662e+00
  15  default.C11_2   6.48021e+01   1.22313e+00   9.43861e-05  -3.59685e-01
  16  global.He6_2   3.19995e+00   2.00330e+00   1.51078e-04  -2.39382e+00
  17  default.Po210_2   8.11058e+01   1.25466e+00   2.22208e-05  -1.24047e+00
                               ERR DEF= 0.5
 EXTERNAL ERROR MATRIX.    NDIM=  25    NPAR= 13    ERR DEF=0.5
 ELEMENTS ABOVE DIAGONAL ARE NOT PRINTED.
  8.055e+00 
 -9.696e-02  2.457e-02 
  2.333e-01  2.726e-02  5.574e-01 
 -7.868e-02 -4.705e-03 -1.802e-01  1.496e-01 
  1.706e+00 -3.160e-02  9.691e-02 -3.505e-02  1.220e+01 
 -5.750e-02 -3.060e-04 -4.670e-03  2.019e-03  1.504e+00  1.094e+00 
 -4.039e+00  3.025e-02 -4.493e-02  1.442e-02  4.979e+00  4.034e-01  6.465e+00 
  1.397e+00 -3.530e-02  6.821e-02 -1.630e-02  4.291e-01 -1.811e-03 -4.824e-01  4.400e-01 
  3.982e-02 -2.853e-04  4.801e-04 -1.509e-04 -1.601e-01 -2.078e-02 -1.095e-01  4.651e-03  2.917e-02 
 -7.529e-01 -3.293e-03 -1.557e-01  1.135e-01 -3.730e-01  2.407e-02  1.363e-01 -5.734e-02 -1.408e-03  9.356e-01 
  8.376e-01 -6.506e-03  8.123e-02 -4.181e-02  3.984e-01 -1.975e-02 -1.521e-01  1.361e-01  1.529e-03 -7.004e-01  1.496e+00 
  1.696e+00  1.177e-02  3.466e-01 -1.471e-01  8.376e-01 -5.353e-02 -3.077e-01  1.382e-01  3.181e-03 -1.848e+00  1.586e+00 
  1.696e+00  1.177e-02  3.466e-01 -1.471e-01  8.376e-01 -5.353e-02 -3.077e-01  1.382e-01  3.181e-03 -1.848e+00  1.586e+00  4.117e+00 
  8.533e-03  1.968e-04  9.299e-03 -3.910e-03  1.539e+00  2.853e-01  3.943e-01  3.388e-03 -2.098e-02 -5.038e-02  4.410e-02 
  8.533e-03  1.968e-04  9.299e-03 -3.910e-03  1.539e+00  2.853e-01  3.943e-01  3.388e-03 -2.098e-02 -5.038e-02  4.410e-02  1.123e-01  1.574e+00 
 PARAMETER  CORRELATION COEFFICIENTS  
       NO.  GLOBAL      1      2      3      5      6      7      9     11     13     14     15     16     17
        1  0.92345   1.000 -0.218  0.110 -0.072  0.172 -0.019 -0.560  0.742  0.082 -0.274  0.241  0.295  0.002
        2  0.45515  -0.218  1.000  0.233 -0.078 -0.058 -0.002  0.076 -0.340 -0.011 -0.022 -0.034  0.037  0.001
        3  0.71932   0.110  0.233  1.000 -0.624  0.037 -0.006 -0.024  0.138  0.004 -0.216  0.089  0.229  0.010
        5  0.73365  -0.072 -0.078 -0.624  1.000 -0.026  0.005  0.015 -0.064 -0.002  0.303 -0.088 -0.188 -0.008
        6  0.88632   0.172 -0.058  0.037 -0.026  1.000  0.412  0.561  0.185 -0.268 -0.110  0.093  0.118  0.351
        7  0.51263  -0.019 -0.002 -0.006  0.005  0.412  1.000  0.152 -0.003 -0.116  0.024 -0.015 -0.025  0.217
        9  0.90417  -0.560  0.076 -0.024  0.015  0.561  0.152  1.000 -0.286 -0.252  0.055 -0.049 -0.060  0.124
       11  0.81076   0.742 -0.340  0.138 -0.064  0.185 -0.003 -0.286  1.000  0.041 -0.089  0.168  0.103  0.004
       13  0.30007   0.082 -0.011  0.004 -0.002 -0.268 -0.116 -0.252  0.041  1.000 -0.009  0.007  0.009 -0.098
       14  0.95552  -0.274 -0.022 -0.216  0.303 -0.110  0.024  0.055 -0.089 -0.009  1.000 -0.592 -0.942 -0.042
       15  0.65325   0.241 -0.034  0.089 -0.088  0.093 -0.015 -0.049  0.168  0.007 -0.592  1.000  0.639  0.029
       16  0.95826   0.295  0.037  0.229 -0.188  0.118 -0.025 -0.060  0.103  0.009 -0.942  0.639  1.000  0.044
       17  0.42909   0.002  0.001  0.010 -0.008  0.351  0.217  0.124  0.004 -0.098 -0.042  0.029  0.044  1.000
Wallclock time  : 24.6896 seconds.
CPU time: 0.002469
Total CPU time: 0.002469
Processor time: 0.002133

FIT PARAMETERS
 ^{210}Bi = 7.0 #pm 2.8 
 ^{11}C = 1.44 #pm 0.16 
 Ext ^{214}Bi = 2.00 #pm 0.74 
 Ext ^{40}K = 0.15  [Fixed]
 Ext ^{208}Tl = 4.32 #pm 0.39 
 ^{85}Kr = 12.6 #pm 3.5 
 ^{210}Po = 80.6 #pm 1.0 
 #nu(^{8}B) = 0.46  [Fixed]
 #nu(^{7}Be) = 49.2 #pm 2.5 
 #nu(CNO) = 4.92  [Fixed]
 #nu(pep) = 4.14 #pm 0.66 
 ^{210}MCscalePo = 1  [Fixed]
 ^{210}MCshiftPo = 0.80 #pm 0.17 
 ^{10}C 2 = 0.43 #pm 0.93 
 ^{11}C 2 = 64.8 #pm 1.2 
 ^{6}He 2 = 3.2 #pm 2.0 
 ^{210}Po 2 = 81.1 #pm 1.3 

 chi^2                             = 1266.3
 chi^2/N-DOF                       = 0.9536
 p-value                           = 0.885
 Minimized -2Ln(Likelihood)        = 9541.51
 Likelihood p-value                = 0.000 ± 0.000
SimplePlotManager::groupByName <default.Major> appedned to <default>
SimplePlotManager::groupByName <default.TFCtagged> appedned to <default>
