[GPUManager]() registered
regV registering [npe] as [0x1f1b180]
regV registering [npe_short] as [0x1f1b2b0]
regV registering [Po218:peak] as [6002]
regV registering [Rn222:peak] as [5490]
regV registering [Po210:peak] as [5305]
Loaded path: </p/project/cjikp20/jikp2013/bx-GooStats-dingxf_dev/bx-GooStats/data>
RawSpectrumProvider::registerSpecies Register [nu(pep)]
RawSpectrumProvider::registerSpecies Register [nu(Be7)_sunT]
RawSpectrumProvider::registerSpecies Register [nu(Be7)_nosunT]
RawSpectrumProvider::registerSpecies Register [nu(CNO)]
RawSpectrumProvider::registerSpecies Register [nu(pp)_oleg]
RawSpectrumProvider::registerSpecies Register [nu(pp)_aldo]
RawSpectrumProvider::registerSpecies Register [nu(pp)]
RawSpectrumProvider::registerSpecies Register [nu(B8)]
RawSpectrumProvider::registerSpecies Register [C14_universal]
Warning: c14_shape_factor is taken as 1.24
RawSpectrumProvider::registerSpecies Register [C14]
RawSpectrumProvider::registerSpecies Register [C11]
RawSpectrumProvider::registerSpecies Register [C10]
RawSpectrumProvider::registerSpecies Register [Kr85]
RawSpectrumProvider::registerSpecies Register [B12]
RawSpectrumProvider::registerSpecies Register [He6]
RawSpectrumProvider::registerSpecies Register [Pa234m]
RawSpectrumProvider::registerSpecies Register [K40]
RawSpectrumProvider::registerSpecies Register [La138]
RawSpectrumProvider::registerSpecies Register [Bi210_mach4]
RawSpectrumProvider::registerSpecies Register [Bi210_oleg]
RawSpectrumProvider::registerSpecies Register [Bi210_aldo]
RawSpectrumProvider::registerSpecies Register [Bi210_daniel]
RawSpectrumProvider::registerSpecies Register [Bi210_flothmann]
RawSpectrumProvider::registerSpecies Register [Bi210_grau]
RawSpectrumProvider::registerSpecies Register [Pb214_KM]
RawSpectrumProvider::registerSpecies Register [Pb214_aldo_1]
RawSpectrumProvider::registerSpecies Register [Pb214_aldo_2]
RawSpectrumProvider::registerSpecies Register [Pb214_aldo_3]
RawSpectrumProvider::registerSpecies Register [Pb214_aldo_4]
RawSpectrumProvider::registerSpecies Register [Pb214_aldo_5]
RawSpectrumProvider::registerSpecies Register [Pb214_aldo_6]
RawSpectrumProvider::registerSpecies Register [Pb214_aldo_7]
RawSpectrumProvider::registerSpecies Register [Ext_Tl208]
RawSpectrumProvider::registerSpecies Register [Ext_Bi214]
RawSpectrumProvider::registerSpecies Register [Ext_K40]
RawSpectrumProvider::registerSpecies Register [U238_chain]
RawSpectrumProvider::registerSpecies Register [Th232_chain]
RawSpectrumProvider::registerSpecies Register [C14_pileup]
[InputManager]() registered
[PrepareData]() registered
[SimpleFit]() registered
[CNOTest]() registered
[HMLMTest]() registered
[ScanPar]() registered
[CorrelationManager]() registered
[ContourManager]() registered
[OutputManager]() registered
Checking GPU [0]/[1]
Running on [Tesla K80] with compute capability of 3.7
Warning: BatchOutputManager not set, default are used.
LOG: Getting data from file input_files/Period2016_FVpep_TFCMI_c19.root
Searching final_nhits_pp_0 in pp
LOG: fitting histogram final_nhits_pp_0
WARNING: chain_counts_cum not TH1D, trying other TH1
WARNING: No chain_counts_cum in input directory, trying in the main directory of the file
chain_counts_cum: mean 23.2772
[default] adopt [global] as its parent.
Inserting period [default,input_files/Period2016_FVpep_TFCMI_c19.root,pp/final_nhits_pp_0,fitoptions/fitoptions_cno-mv-2016-pdfs_TAUP2017-nhits-emin140_Po210-shift.cfg,species_list/species-fit-cno-mvCNO-hm.icc]
ARG[1] <icc> = [species_list/species-fit-cno-mvCNO-hm.icc]
InputManager::registerConfigset(default)
Loading from <fitoptions/fitoptions_cno-mv-2016-pdfs_TAUP2017-nhits-emin140_Po210-shift.cfg>
h_n_used_pmts: mean 1367.32
h_n_used_pmts_weighted: mean 1368.15
h_n_used_pmts0: mean 1366.95
h_n_used_pmts_weighted0: mean 1368.22
h_n_used_pmts1: mean 1367.95
h_n_used_pmts_weighted1: mean 1368.04
option <n_used_charge_histo_name> not set, default value [h_n_used_charge] used
h_n_used_charge: mean 1365.08
option <n_used_charge_po210_histo_name> not set, default value [h_n_used_charge_weighted] used
h_n_used_charge_weighted: mean 1365.93
feq_inv: mean 1.46327
Mask [mask_2] from [h_n_used_pmts] Mean <999.503> RMS <576.928>
Mask [mask_3] from [h_n_used_pmts_weighted] Mean <999.503> RMS <576.928>
Mask [mask_4] from [h_n_used_pmts0] Mean <999.503> RMS <576.928>
Mask [mask_5] from [h_n_used_pmts_weighted0] Mean <999.503> RMS <576.928>
Mask [mask_6] from [h_n_used_pmts1] Mean <999.503> RMS <576.929>
Mask [mask_7] from [h_n_used_pmts_weighted1] Mean <999.503> RMS <576.929>
*********Dump options parsed*********************************
MC_ext_bkg => <true>
alpha_response_function => <scaled_poisson>
alpha_subtracted => <false>
apply_radiochemical_constraints => <false>
applying_mask => <true>
beta_response_function => <scaled_poisson>
bi210_spectrum => <aldo>
c11_quenching_fixed => <false>
c11_subtracted => <true>
complementary_histo_fit => <true>
complementary_histo_name => <pp/final_nhits_pp_1>
convolve_dark_noise => <false>
dark_noise_window => <win1>
fit_results_output => <fit_results.root>
fit_variable => <nhits>
fit_variable_MC => <nhits>
freeMCshiftPo210 => <true>
geometric_correction_on => <false>
icc => <species_list/species-fit-cno-mvCNO-hm.icc>
ly_fixed => <false>
meantime_cut => <no>
minimization_method => <likelihood>
minimization_routine => <minuit>
montecarlo_interpolation => <off>
montecarlo_spectra_file => <pdfs_TAUP2017/MCspectra_pp_FVpep_2016_emin1_masked.root>
multivariate_ps_fit => <true>
multivariate_rdist_fit => <true>
n_used_pmts_histo_name => <h_n_used_pmts>
n_used_pmts_po210_histo_name => <h_n_used_pmts_weighted>
n_used_pmts_po210_tfc0_histo_name => <h_n_used_pmts_weighted0>
n_used_pmts_po210_tfc1_histo_name => <h_n_used_pmts_weighted1>
n_used_pmts_tfc0_histo_name => <h_n_used_pmts0>
n_used_pmts_tfc1_histo_name => <h_n_used_pmts1>
neutrino_magnetic_moment => <no>
no_lead_cut => <no>
norm_variable => <true>
npe_offset_fixed => <true>
pb214_spectrum => <aldo>
pileup_eff_ly_fixed => <true>
plot_filename => <plot.root>
po210_quenching_fixed => <false>
quenching_parameterization => <echidna>
save_fit_results => <false>
scale_poisson => <true>
show_only_c14_c14 => <false>
spectra_pdfs => <montecarlo>
synthpup_file => <P91011_Synthetic_Spectra.root>
synthpup_hist => <h_synth_spec_5_dt1>
use_alpha_response_function => <false>
use_remaining_pb214 => <false>
weighted_response => <false>
alpha_resolution_0_guess => float: [1.2]
alpha_resolution_0_max => float: [20]
alpha_resolution_0_min => float: [0]
alpha_resolution_1_guess => float: [0]
alpha_resolution_1_max => float: [0]
alpha_resolution_1_min => float: [0]
alpha_resolution_2_guess => float: [0]
alpha_resolution_2_max => float: [0]
alpha_resolution_2_min => float: [0]
beta_resolution_0_guess => float: [3]
beta_resolution_0_max => float: [20]
beta_resolution_0_min => float: [0]
beta_resolution_1_guess => float: [3]
beta_resolution_1_max => float: [20]
beta_resolution_1_min => float: [0]
beta_resolution_2_guess => float: [7]
beta_resolution_2_max => float: [7]
beta_resolution_2_min => float: [7]
beta_resolution_3_guess => float: [2]
beta_resolution_3_max => float: [10]
beta_resolution_3_min => float: [0]
beta_resolution_4_guess => float: [0]
beta_resolution_4_max => float: [0]
beta_resolution_4_min => float: [0]
beta_resolution_5_guess => float: [0]
beta_resolution_5_max => float: [0]
beta_resolution_5_min => float: [0]
c11_quenching => float: [0.8828]
c14_shape_factor => float: [1.24]
c14_threshold => float: [100]
dark_noise_threshold => float: [100]
ext_bckgd_eff_ly => float: [1.0228]
fCher => float: [2]
fit_verbosity => float: [0]
geometric_correction => float: [0.112]
histogram_binwidth => float: [1]
kb => float: [0.0109]
ly_guess => float: [0.49]
maximum_energy => float: [950]
meantime_cut_correction_c1 => float: [0.974]
meantime_cut_correction_c2 => float: [-0.00211]
minimum_energy => float: [140]
multivariate_ps_fit_bins => float: [1]
multivariate_ps_fit_max => float: [650]
multivariate_ps_fit_min => float: [400]
multivariate_ps_fit_smooth => float: [0]
multivariate_rdist_fit_bins => float: [16]
multivariate_rdist_fit_max => float: [900]
multivariate_rdist_fit_min => float: [500]
multivariate_rdist_fit_smooth => float: [0]
npe_offset => float: [0]
number_of_bins_for_weighted_response => float: [10]
pileup_eff_ly => float: [0.935]
po210_quenching => float: [0.07879]
poisson_factor => float: [15]
poisson_threshold => float: [100]
ser_under_threshold => float: [0.12]
sys_errors_scale => float: [0]
unequalization_factor => float: [1]
*************************************************************
Inserting Constant name [compute_likelihood_p_value] value [0]
regV registering [compute_likelihood_p_value] as [0]
Inserting [C11_qch] to [global]
Inserting [Po210_qch] to [default]
Inserting [extly_qch] to [global]
Linking [Ext_Tl208_qch] with [extly_qch] in [global]
Linking [Ext_Bi214_qch] with [extly_qch] in [global]
Linking [Ext_K40_qch] with [extly_qch] in [global]
Inserting [Po218_qch] to [global]
Inserting [Rn222_qch] to [global]
Inserting [C10_qch] to [global]
Bad programming style of using const_cast!!!
regV registering [NL] as [0x7ffcfce4fc10]
Inserting [beta_ly] to [default]
810
Inserting [beta_resolution_0] to [global]
Inserting [beta_resolution_1] to [global]
Inserting [beta_resolution_2] to [global]
Inserting [beta_resolution_3] to [global]
Inserting [beta_resolution_4] to [global]
Inserting [beta_resolution_5] to [global]
Inserting [alpha_resolution_0] to [default]
Inserting [alpha_resolution_1] to [default]
Inserting [alpha_resolution_2] to [default]
Inserting [alpha_resolution_3] to [default]
Inserting [alpha_resolution_4] to [default]
Inserting [alpha_resolution_5] to [default]
Inserting [mlp_correction_0] to [default]
Inserting [mlp_correction_1] to [default]
Inserting [mlp_correction_2] to [default]
Inserting [mlp_correction_3] to [default]
Integral: 11.6405, sum = 1.17605e+06, endpoint = 671.809
Integral: 76.3209, sum = 1.81556e+07, endpoint = 264.064
RawSpectrumProvider::registerSpecies Register [nu(Be7+munu)]
RawSpectrumProvider::registerSpecies Register [nu(pp+munu)]
RawSpectrumProvider::registerSpecies Register [Bi210]
RawSpectrumProvider::registerSpecies Register [nu(Be7)]
feq: 1.46272 feq_po: 1.46183
Inserting [default] to default feq: 1.46272 0
Inserting [Po210] to default feq: 1.46183 0
Dumping pre-created rates:
INFO: loading species from file species_list/species-fit-cno-mvCNO-hm.icc
Inserting [Bi210] to [default]
Inserting [C10_2] to [default]
Inserting [C11] to [default]
Inserting [C11_2] to [default]
Inserting [Ext_Bi214] to [global]
Inserting [Ext_K40] to [global]
Inserting [Ext_Tl208] to [global]
Inserting [He6_2] to [global]
Inserting [Kr85] to [default]
Inserting [Po210] to [default]
Inserting [Po210_2] to [default]
Inserting [nu(B8)] to [default]
Inserting [nu(Be7)] to [global]
Inserting [nu(CNO)] to [global]
Inserting [nu(pep)] to [global]
 [global] : (C10_qch, global.C10_qch) 
 [global] : (C11_qch, global.C11_qch) 
 [global] : (Ext_Bi214, global.Ext_Bi214) 
 [global] : (Ext_Bi214_qch, global.extly_qch) 
 [global] : (Ext_K40, global.Ext_K40) 
 [global] : (Ext_K40_qch, global.extly_qch) 
 [global] : (Ext_Tl208, global.Ext_Tl208) 
 [global] : (Ext_Tl208_qch, global.extly_qch) 
 [global] : (He6_2, global.He6_2) 
 [global] : (Po218_qch, global.Po218_qch) 
 [global] : (Rn222_qch, global.Rn222_qch) 
 [global] : (beta_resolution_0, global.beta_resolution_0) 
 [global] : (beta_resolution_1, global.beta_resolution_1) 
 [global] : (beta_resolution_2, global.beta_resolution_2) 
 [global] : (beta_resolution_3, global.beta_resolution_3) 
 [global] : (beta_resolution_4, global.beta_resolution_4) 
 [global] : (beta_resolution_5, global.beta_resolution_5) 
 [global] : (extly_qch, global.extly_qch) 
 [global] : (nu(Be7), global.nu(Be7)) 
 [global] : (nu(CNO), global.nu(CNO)) 
 [global] : (nu(pep), global.nu(pep)) 
default>-- [default] : (Bi210, default.Bi210) 
default>-- [default] : (C10_2, default.C10_2) 
default>-- [default] : (C11, default.C11) 
default>-- [default] : (C11_2, default.C11_2) 
default>-- [default] : (Kr85, default.Kr85) 
default>-- [default] : (Po210, default.Po210) 
default>-- [default] : (Po210_2, default.Po210_2) 
default>-- [default] : (Po210_qch, default.Po210_qch) 
default>-- [default] : (alpha_resolution_0, default.alpha_resolution_0) 
default>-- [default] : (alpha_resolution_1, default.alpha_resolution_1) 
default>-- [default] : (alpha_resolution_2, default.alpha_resolution_2) 
default>-- [default] : (alpha_resolution_3, default.alpha_resolution_3) 
default>-- [default] : (alpha_resolution_4, default.alpha_resolution_4) 
default>-- [default] : (alpha_resolution_5, default.alpha_resolution_5) 
default>-- [default] : (beta_ly, default.beta_ly) 
default>-- [default] : (mlp_correction_0, default.mlp_correction_0) 
default>-- [default] : (mlp_correction_1, default.mlp_correction_1) 
default>-- [default] : (mlp_correction_2, default.mlp_correction_2) 
default>-- [default] : (mlp_correction_3, default.mlp_correction_3) 
default>-- [default] : (nu(B8), default.nu(B8)) 
InputManager::registerDataset(default.Major)
InputManager::registerDataset(default.TFCtagged)
Inserting period full [default.Major]
Inserting period full [default.TFCtagged]
Livetime: 152 days (c11 subtracted)
computing mass from input_files/Period2016_FVpep_TFCMI_c19.root
Mass: 71.3 tons
Inserting [default.Major] exposure : [10837.6 (day x tons)]
computing mass from input_files/Period2016_FVpep_TFCMI_c19.root
Inserting [default.TFCtagged] exposure : [6266.81 (day x tons)]
Inserting type [remaining_pb214] name [default] value [0.0131381]
Remaining Pb214 [default] : 0.0131381 cpd/100 tons
WARNING: pp/final_nhits_pp_1 not TH1D, trying other TH1
WARNING: No pp/final_nhits_pp_1 in input directory, trying in the main directory of the file
pp/final_nhits_pp_1: mean 51.7909
WARNING: the spectrum of [Major] had not Sumw2 set. Setting it now.
WARNING: the spectrum of [TFCtagged] had not Sumw2 set. Setting it now.
Inserting [default.Major] data set
Inserting [default.TFCtagged] data set
INFO: loading species from file species_list/species-fit-cno-mvCNO-hm.icc
Loading [Bi210] from [pdfs_TAUP2017/MCspectra_pp_FVpep_2016_emin1_masked.root/bi210_nhits]
bad programing style, const_cast!!
creating MC species [Bi210] in [default]
Warning: quenching [Bi210_qch] not found in [default].
[Bi210] loaded for [default]
Inserting species (Bi210)[Bi210] to [default.Major] 
Inserting species (Bi210)[Bi210] to [default.TFCtagged] 
Loading [C10] from [pdfs_TAUP2017/MCspectra_pp_FVpep_2016_emin1_masked.root/c10_nhits]
bad programing style, const_cast!!
creating MC species [C10] in [default]
[C10] loaded for [default]
Inserting species (C10_2)[C10] to [default.TFCtagged] 
Loading [C11] from [pdfs_TAUP2017/MCspectra_pp_FVpep_2016_emin1_masked.root/c11_nhits]
bad programing style, const_cast!!
creating MC species [C11] in [default]
[C11] loaded for [default]
Inserting species (C11)[C11] to [default.Major] 
creating MC species [C11] in [default]
[C11] loaded for [default]
Inserting species (C11_2)[C11] to [default.TFCtagged] 
Loading [Ext_Bi214] from [pdfs_TAUP2017/MCspectra_pp_FVpep_2016_emin1_masked.root/ext_bi214_nhits]
bad programing style, const_cast!!
creating MC species [Ext_Bi214] in [default]
[Ext_Bi214] loaded for [default]
Inserting species (Ext_Bi214)[Ext_Bi214] to [default.Major] 
Inserting species (Ext_Bi214)[Ext_Bi214] to [default.TFCtagged] 
Loading [Ext_K40] from [pdfs_TAUP2017/MCspectra_pp_FVpep_2016_emin1_masked.root/ext_k40_nhits]
bad programing style, const_cast!!
creating MC species [Ext_K40] in [default]
[Ext_K40] loaded for [default]
Inserting species (Ext_K40)[Ext_K40] to [default.Major] 
Inserting species (Ext_K40)[Ext_K40] to [default.TFCtagged] 
Loading [Ext_Tl208] from [pdfs_TAUP2017/MCspectra_pp_FVpep_2016_emin1_masked.root/ext_tl208_nhits]
bad programing style, const_cast!!
creating MC species [Ext_Tl208] in [default]
[Ext_Tl208] loaded for [default]
Inserting species (Ext_Tl208)[Ext_Tl208] to [default.Major] 
Inserting species (Ext_Tl208)[Ext_Tl208] to [default.TFCtagged] 
Loading [He6] from [pdfs_TAUP2017/MCspectra_pp_FVpep_2016_emin1_masked.root/he6_nhits]
bad programing style, const_cast!!
creating MC species [He6] in [default]
Warning: quenching [He6_qch] not found in [default].
[He6] loaded for [default]
Inserting species (He6_2)[He6] to [default.TFCtagged] 
Loading [Kr85] from [pdfs_TAUP2017/MCspectra_pp_FVpep_2016_emin1_masked.root/kr85_nhits]
bad programing style, const_cast!!
creating MC species [Kr85] in [default]
Warning: quenching [Kr85_qch] not found in [default].
[Kr85] loaded for [default]
Inserting species (Kr85)[Kr85] to [default.Major] 
Inserting species (Kr85)[Kr85] to [default.TFCtagged] 
Loading [Po210] from [pdfs_TAUP2017/MCspectra_pp_FVpep_2016_emin1_masked.root/po210_nhits]
bad programing style, const_cast!!
creating MC species [Po210] in [default]
bad programming! const_cast used!
Inserting [MCscalePo210] to [default]
Inserting [MCshiftPo210] to [default]
[Po210] loaded for [default]
Inserting species (Po210)[Po210] to [default.Major] 
creating MC species [Po210] in [default]
bad programming! const_cast used!
[Po210] loaded for [default]
Inserting species (Po210_2)[Po210] to [default.TFCtagged] 
Loading [nu(B8)] from [pdfs_TAUP2017/MCspectra_pp_FVpep_2016_emin1_masked.root/b8_nhits]
bad programing style, const_cast!!
creating MC species [nu(B8)] in [default]
Warning: quenching [nu(B8)_qch] not found in [default].
[nu(B8)] loaded for [default]
Inserting species (nu(B8))[nu(B8)] to [default.Major] 
Inserting species (nu(B8))[nu(B8)] to [default.TFCtagged] 
Loading [nu(Be7)] from [pdfs_TAUP2017/MCspectra_pp_FVpep_2016_emin1_masked.root/be7_nhits]
bad programing style, const_cast!!
creating MC species [nu(Be7)] in [default]
Warning: quenching [nu(Be7)_qch] not found in [default].
[nu(Be7)] loaded for [default]
Inserting species (nu(Be7))[nu(Be7)] to [default.Major] 
Inserting species (nu(Be7))[nu(Be7)] to [default.TFCtagged] 
Loading [nu(CNO)] from [pdfs_TAUP2017/MCspectra_pp_FVpep_2016_emin1_masked.root/cno_nhits]
bad programing style, const_cast!!
creating MC species [nu(CNO)] in [default]
Warning: quenching [nu(CNO)_qch] not found in [default].
[nu(CNO)] loaded for [default]
Inserting species (nu(CNO))[nu(CNO)] to [default.Major] 
Inserting species (nu(CNO))[nu(CNO)] to [default.TFCtagged] 
Loading [nu(pep)] from [pdfs_TAUP2017/MCspectra_pp_FVpep_2016_emin1_masked.root/pep_nhits]
bad programing style, const_cast!!
creating MC species [nu(pep)] in [default]
Warning: quenching [nu(pep)_qch] not found in [default].
[nu(pep)] loaded for [default]
Inserting species (nu(pep))[nu(pep)] to [default.Major] 
Inserting species (nu(pep))[nu(pep)] to [default.TFCtagged] 
Inserting [default.Major] species vector
searching for [Bi210_sys]..
searching for [C11_sys]..
searching for [Ext_Bi214_sys]..
searching for [Ext_K40_sys]..
searching for [Ext_Tl208_sys]..
searching for [Kr85_sys]..
searching for [Po210_sys]..
searching for [nu(B8)_sys]..
searching for [nu(Be7)_sys]..
searching for [nu(CNO)_sys]..
searching for [nu(pep)_sys]..
Inserting [default.TFCtagged] species vector
searching for [Bi210_sys]..
searching for [C10_2_sys]..
searching for [C11_2_sys]..
searching for [Ext_Bi214_sys]..
searching for [Ext_K40_sys]..
searching for [Ext_Tl208_sys]..
searching for [He6_2_sys]..
searching for [Kr85_sys]..
searching for [Po210_2_sys]..
searching for [nu(B8)_sys]..
searching for [nu(Be7)_sys]..
searching for [nu(CNO)_sys]..
searching for [nu(pep)_sys]..
setting quenching of [Po210] to [0.07879]
Pb214 not implemented in bx-GooStats, it's ignored
setting quenching of [C11] to [0.8828]
INFO: 210Po PMTs used: 2000,0
RawSpectrumProvider::registerSpecies Register [default.Major]
type: [default.Major][0][1]
You have chosen SeparateSumPdfFactory<DnType<NoDn> MLPType<no> MaskType<Mask> DnAfterMask <no>>
SumPdf::registerFunc register [Bi210] as [0]
SumPdf::registerFunc register [C11] as [1]
SumPdf::registerFunc register [Ext_Bi214] as [2]
SumPdf::registerFunc register [Ext_K40] as [3]
SumPdf::registerFunc register [Ext_Tl208] as [4]
SumPdf::registerFunc register [Kr85] as [5]
SumPdf::registerFunc register [Po210] as [6]
SumPdf::registerFunc register [nu(B8)] as [7]
SumPdf::registerFunc register [nu(Be7)] as [8]
SumPdf::registerFunc register [nu(CNO)] as [9]
SumPdf::registerFunc register [nu(pep)] as [10]
SumPdf::registerFunc register [Bi210] as [11]
SumPdf::registerFunc register [C11] as [12]
SumPdf::registerFunc register [Ext_Bi214] as [13]
SumPdf::registerFunc register [Ext_K40] as [14]
SumPdf::registerFunc register [Ext_Tl208] as [15]
SumPdf::registerFunc register [Kr85] as [16]
SumPdf::registerFunc register [Po210] as [17]
SumPdf::registerFunc register [nu(B8)] as [18]
SumPdf::registerFunc register [nu(Be7)] as [19]
SumPdf::registerFunc register [nu(CNO)] as [20]
SumPdf::registerFunc register [nu(pep)] as [21]
Inserting [default.Major] sum pdf
Checking [Bi210] for <User> found? [1] is class<0>? [1]
Checking [C11] for <User> found? [1] is class<0>? [0]
Checking [Ext_Bi214] for <User> found? [1] is class<0>? [1]
Checking [Ext_K40] for <User> found? [1] is class<0>? [1]
Checking [Ext_Tl208] for <User> found? [1] is class<0>? [1]
Checking [Kr85] for <User> found? [1] is class<0>? [1]
Checking [Po210] for <User> found? [1] is class<0>? [1]
Checking [nu(B8)] for <User> found? [1] is class<0>? [1]
Checking [nu(Be7)] for <User> found? [1] is class<0>? [1]
Checking [nu(CNO)] for <User> found? [1] is class<0>? [1]
Checking [nu(pep)] for <User> found? [1] is class<0>? [1]
Checking [Bi210] for <User> found? [1] is class<1>? [0]
Checking [C11] for <User> found? [1] is class<1>? [1]
Checking [Ext_Bi214] for <User> found? [1] is class<1>? [0]
Checking [Ext_K40] for <User> found? [1] is class<1>? [0]
Checking [Ext_Tl208] for <User> found? [1] is class<1>? [0]
Checking [Kr85] for <User> found? [1] is class<1>? [0]
Checking [Po210] for <User> found? [1] is class<1>? [0]
Checking [nu(B8)] for <User> found? [1] is class<1>? [0]
Checking [nu(Be7)] for <User> found? [1] is class<1>? [0]
Checking [nu(CNO)] for <User> found? [1] is class<1>? [0]
Checking [nu(pep)] for <User> found? [1] is class<1>? [0]
Inserting [default]-[default] MV term
Checking [Bi210] for <Rdist> found? [1] is class<0>? [1]
Checking [C11] for <Rdist> found? [1] is class<0>? [1]
Checking [Ext_Bi214] for <Rdist> found? [1] is class<0>? [0]
Checking [Ext_K40] for <Rdist> found? [1] is class<0>? [0]
Checking [Ext_Tl208] for <Rdist> found? [1] is class<0>? [0]
Checking [Kr85] for <Rdist> found? [1] is class<0>? [1]
Checking [Po210] for <Rdist> found? [1] is class<0>? [1]
Checking [nu(B8)] for <Rdist> found? [1] is class<0>? [1]
Checking [nu(Be7)] for <Rdist> found? [1] is class<0>? [1]
Checking [nu(CNO)] for <Rdist> found? [1] is class<0>? [1]
Checking [nu(pep)] for <Rdist> found? [1] is class<0>? [1]
Checking [Bi210] for <Rdist> found? [1] is class<1>? [0]
Checking [C11] for <Rdist> found? [1] is class<1>? [0]
Checking [Ext_Bi214] for <Rdist> found? [1] is class<1>? [1]
Checking [Ext_K40] for <Rdist> found? [1] is class<1>? [1]
Checking [Ext_Tl208] for <Rdist> found? [1] is class<1>? [1]
Checking [Kr85] for <Rdist> found? [1] is class<1>? [0]
Checking [Po210] for <Rdist> found? [1] is class<1>? [0]
Checking [nu(B8)] for <Rdist> found? [1] is class<1>? [0]
Checking [nu(Be7)] for <Rdist> found? [1] is class<1>? [0]
Checking [nu(CNO)] for <Rdist> found? [1] is class<1>? [0]
Checking [nu(pep)] for <Rdist> found? [1] is class<1>? [0]
Inserting [default]-[default] MV term
Inserting [default]-[default] MV term
Inserting [default]-[default] MV term
Inserting [default]-[default] MV term
Inserting [default]-[default] MV term
Inserting [default]-[default] MV term
Inserting [default]-[default] MV term
Inserting [default]-[default] MV term
Inserting [default]-[default] MV term
Inserting [default]-[default] MV term
Inserting [default]-[default] MV term
Inserting [default]-[default] MV term
Inserting [default]-[default] MV term
Inserting [default]-[default] MV term
Inserting [default]-[default] MV term
Inserting [default]-[default] MV term
Pb214 not implemented in bx-GooStats, it's ignored
RawSpectrumProvider::registerSpecies Register [default.TFCtagged]
type: [default.TFCtagged][0][1]
You have chosen SeparateSumPdfFactory<DnType<NoDn> MLPType<no> MaskType<Mask> DnAfterMask <no>>
SumPdf::registerFunc register [C10] as [22]
SumPdf::registerFunc register [C11] as [23]
SumPdf::registerFunc register [He6] as [24]
SumPdf::registerFunc register [Po210] as [25]
SumPdf::registerFunc register [Bi210] as [26]
SumPdf::registerFunc register [C10] as [27]
SumPdf::registerFunc register [C11] as [28]
SumPdf::registerFunc register [Ext_Bi214] as [29]
SumPdf::registerFunc register [Ext_K40] as [30]
SumPdf::registerFunc register [Ext_Tl208] as [31]
SumPdf::registerFunc register [He6] as [32]
SumPdf::registerFunc register [Kr85] as [33]
SumPdf::registerFunc register [Po210] as [34]
SumPdf::registerFunc register [nu(B8)] as [35]
SumPdf::registerFunc register [nu(Be7)] as [36]
SumPdf::registerFunc register [nu(CNO)] as [37]
SumPdf::registerFunc register [nu(pep)] as [38]
Inserting [default.TFCtagged] sum pdf
Inserting (Datasets:default.Major)<default.Major>
Inserting (Datasets:default.TFCtagged)<default.TFCtagged>
Inserting (LikelihoodFactory)<default>
Inserting (LikelihoodFactory)<default>
Inserting (LikelihoodFactory)<default>
Inserting (LikelihoodFactory)<default>
Inserting (LikelihoodFactory)<default>
Inserting (LikelihoodFactory)<default>
Inserting (LikelihoodFactory)<default>
Inserting (LikelihoodFactory)<default>
Inserting (LikelihoodFactory)<default>
Inserting (LikelihoodFactory)<default>
Inserting (LikelihoodFactory)<default>
Inserting (LikelihoodFactory)<default>
Inserting (LikelihoodFactory)<default>
Inserting (LikelihoodFactory)<default>
Inserting (LikelihoodFactory)<default>
Inserting (LikelihoodFactory)<default>
Inserting (LikelihoodFactory)<default>
Debug: LL size 19
 PARAMETER DEFINITIONS:
    NO.   NAME         VALUE      STEP SIZE      LIMITS
     1 default.Bi210   2.00000e+01  1.00000e+00    0.00000e+00  1.00000e+02
     2 default.C11   2.80000e+01  1.00000e+00    0.00000e+00  1.00000e+02
     3 global.Ext_Bi214   5.00000e-01  1.00000e-01    0.00000e+00  1.00000e+01
     4 global.Ext_K40   1.50000e-01  1.00000e-01    0.00000e+00  1.00000e+01
 **********
 **    1 **FIX           4
 **********
 PARAMETER DEFINITIONS:
    NO.   NAME         VALUE      STEP SIZE      LIMITS
     5 global.Ext_Tl208   1.90000e+00  1.00000e-01    0.00000e+00  1.00000e+01
     6 default.Kr85   5.00000e+00  3.00000e-01    0.00000e+00  3.00000e+01
     7 default.Po210   3.00000e+02  2.99999e+01    1.00000e-02  3.00000e+03
     8 default.nu(B8)   4.60000e-01  1.00000e-01    0.00000e+00  1.00000e+01
 **********
 **    2 **FIX           8
 **********
 PARAMETER DEFINITIONS:
    NO.   NAME         VALUE      STEP SIZE      LIMITS
     9 global.nu(Be7)   4.85000e+01  5.00000e-01    2.00000e+01  7.00000e+01
    10 global.nu(CNO)   4.92000e+00  constant
 **********
 **    3 **FIX          10
 **********
 PARAMETER   10  IS CONSTANT.   IGNORED.
 PARAMETER DEFINITIONS:
    NO.   NAME         VALUE      STEP SIZE      LIMITS
    11 global.nu(pep)   2.20000e+00  1.00000e-01    0.00000e+00  1.00000e+01
    12 default.MCscalePo210   1.00000e+00  constant
    13 default.MCshiftPo210   0.00000e+00  1.00000e-03   -5.00000e+01  5.00000e+01
    14 default.C10_2   1.10000e+00  1.00000e-01    0.00000e+00  1.00000e+01
    15 default.C11_2   5.00000e+01  2.00000e+00    0.00000e+00  2.00000e+02
    16 global.He6_2   4.00000e-01  2.00000e-01    0.00000e+00  2.00000e+01
    17 default.Po210_2   3.00000e+02  2.99999e+01    1.00000e-02  3.00000e+03
 **********
 **    4 **SET ERRDEF         0.5
 **********
 PARAMETER DEFINITIONS:
    NO.   NAME         VALUE      STEP SIZE      LIMITS
     1 default.Bi210   2.00000e+01  1.00000e+00    0.00000e+00  1.00000e+02
     2 default.C11   2.80000e+01  1.00000e+00    0.00000e+00  1.00000e+02
     3 global.Ext_Bi214   5.00000e-01  1.00000e-01    0.00000e+00  1.00000e+01
     4 global.Ext_K40   1.50000e-01  1.00000e-01    0.00000e+00  1.00000e+01
 **********
 **    1 **FIX           4
 **********
 PARAMETER DEFINITIONS:
    NO.   NAME         VALUE      STEP SIZE      LIMITS
     5 global.Ext_Tl208   1.90000e+00  1.00000e-01    0.00000e+00  1.00000e+01
     6 default.Kr85   5.00000e+00  3.00000e-01    0.00000e+00  3.00000e+01
     7 default.Po210   3.00000e+02  2.99999e+01    1.00000e-02  3.00000e+03
     8 default.nu(B8)   4.60000e-01  1.00000e-01    0.00000e+00  1.00000e+01
 **********
 **    2 **FIX           8
 **********
 PARAMETER DEFINITIONS:
    NO.   NAME         VALUE      STEP SIZE      LIMITS
     9 global.nu(Be7)   4.85000e+01  5.00000e-01    2.00000e+01  7.00000e+01
    10 global.nu(CNO)   4.92000e+00  constant
 **********
 **    3 **FIX          10
 **********
 PARAMETER   10  IS CONSTANT.   IGNORED.
 PARAMETER DEFINITIONS:
    NO.   NAME         VALUE      STEP SIZE      LIMITS
    11 global.nu(pep)   2.20000e+00  1.00000e-01    0.00000e+00  1.00000e+01
    12 default.MCscalePo210   1.00000e+00  constant
    13 default.MCshiftPo210   0.00000e+00  1.00000e-03   -5.00000e+01  5.00000e+01
    14 default.C10_2   1.10000e+00  1.00000e-01    0.00000e+00  1.00000e+01
    15 default.C11_2   5.00000e+01  2.00000e+00    0.00000e+00  2.00000e+02
    16 global.He6_2   4.00000e-01  2.00000e-01    0.00000e+00  2.00000e+01
    17 default.Po210_2   3.00000e+02  2.99999e+01    1.00000e-02  3.00000e+03
 **********
 **    4 **SET ERRDEF         0.5
 **********
 **********
 **    5 **MINIMIZE       2e+04
 **********
 FIRST CALL TO USER FUNCTION AT NEW START POINT, WITH IFLAG=4.
 START MIGRAD MINIMIZATION.  STRATEGY  1.  CONVERGENCE WHEN EDM .LT. 5.00e-05
 FCN=27854.1 FROM MIGRAD    STATUS=INITIATE      112 CALLS         113 TOTAL
                     EDM= unknown      STRATEGY= 1      NO ERROR MATRIX       
  EXT PARAMETER               CURRENT GUESS       STEP         FIRST   
  NO.   NAME      VALUE            ERROR          SIZE      DERIVATIVE 
   1  default.Bi210   2.00000e+01   1.00000e+00   0.00000e+00   1.50751e+03
   2  default.C11   2.80000e+01   1.00000e+00   0.00000e+00   4.18468e+03
   3  global.Ext_Bi214   3.20216e+00   1.00000e-01   0.00000e+00   3.65988e+01
   4  global.Ext_K40   1.50000e-01     fixed    
   5  global.Ext_Tl208   1.90000e+00   1.00000e-01   0.00000e+00  -5.94299e+01
   6  default.Kr85   5.00000e+00   3.00000e-01   0.00000e+00   4.20086e+02
   7  default.Po210   3.00000e+02   2.99999e+01   0.00000e+00   6.79875e+04
   8  default.nu(B8)   4.60000e-01     fixed    
   9  global.nu(Be7)   4.85000e+01   5.00000e-01   0.00000e+00   1.01139e+03
  10  global.nu(CNO)   4.92000e+00   constant   
  11  global.nu(pep)   2.20000e+00   1.00000e-01   0.00000e+00   1.99064e+02
  12  default.MCscalePo210   1.00000e+00   constant   
  13  default.MCshiftPo210   0.00000e+00   1.00000e-03   0.00000e+00   2.57550e+02
  14  default.C10_2   1.10000e+00   1.00000e-01   0.00000e+00   4.40379e+01
  15  default.C11_2   5.00000e+01   2.00000e+00   0.00000e+00  -1.78794e+03
  16  global.He6_2   8.90969e+00   2.00000e-01   1.17775e+00   2.24945e+01
  17  default.Po210_2   3.00000e+02   2.99999e+01   0.00000e+00   3.92778e+04
                               ERR DEF= 0.5
 MIGRAD MINIMIZATION HAS CONVERGED.
 MIGRAD WILL VERIFY CONVERGENCE AND ERROR MATRIX.
 COVARIANCE MATRIX CALCULATED SUCCESSFULLY
 FCN=4383.82 FROM MIGRAD    STATUS=CONVERGED    1103 CALLS        1104 TOTAL
                     EDM=3.23768e-06    STRATEGY= 1      ERROR MATRIX ACCURATE 
  EXT PARAMETER                                   STEP         FIRST   
  NO.   NAME      VALUE            ERROR          SIZE      DERIVATIVE 
   1  default.Bi210   5.92554e+00   3.02313e+00   2.23846e-03   6.72742e-04
   2  default.C11   1.35867e+00   1.65861e-01   5.88975e-04  -3.10749e-02
   3  global.Ext_Bi214   3.56810e+00   7.38107e-01   5.25316e-03   3.36223e-03
   4  global.Ext_K40   1.50000e-01     fixed    
   5  global.Ext_Tl208   3.85675e+00   3.81488e-01   2.63931e-03   1.19898e-02
   6  default.Kr85   2.42898e+01   4.13127e+00   6.60999e-03   7.60530e-04
   7  default.Po210   5.50604e+01   1.11069e+00   9.83890e-05   5.70563e-02
   8  default.nu(B8)   4.60000e-01     fixed    
   9  global.nu(Be7)   4.02505e+01   2.86937e+00   2.10380e-03  -8.13250e-03
  10  global.nu(CNO)   4.92000e+00   constant   
  11  global.nu(pep)   4.05364e+00   7.37192e-01   3.97960e-03  -1.44177e-03
  12  default.MCscalePo210   1.00000e+00   constant   
  13  default.MCshiftPo210   4.69509e-01   2.57673e-01   2.24157e-04  -2.18091e-01
  14  default.C10_2   4.34861e-07   8.83740e-01   2.72349e-02** at limit **
  15  default.C11_2   7.09882e+01   1.17363e+00   5.27728e-04   4.92404e-02
  16  global.He6_2   3.22161e+00   7.78168e-01   4.09770e-03   7.95046e-03
  17  default.Po210_2   5.51911e+01   1.33463e+00   1.29567e-04   1.03482e-01
                               ERR DEF= 0.5
 EXTERNAL ERROR MATRIX.    NDIM=  25    NPAR= 13    ERR DEF=0.5
 ELEMENTS ABOVE DIAGONAL ARE NOT PRINTED.
  9.190e+00 
 -1.107e-01  2.751e-02 
  9.382e-02  2.948e-02  5.492e-01 
  2.698e-02 -5.179e-03 -1.600e-01  1.458e-01 
  1.375e+00 -3.572e-02  3.288e-02  1.301e-02  1.782e+01 
 -1.513e-01  2.722e-04 -3.094e-04 -1.537e-03  2.550e+00  1.234e+00 
 -4.905e+00  3.309e-02 -2.024e-02 -5.727e-03  7.575e+00  8.793e-01  8.271e+00 
  1.706e+00 -4.028e-02  5.227e-02 -4.303e-03  4.764e-01 -1.121e-02 -6.088e-01  5.476e-01 
  7.406e-02 -5.274e-04  4.425e-04  1.289e-04 -3.043e-01 -4.999e-02 -1.963e-01  9.605e-03  6.640e-02 
  4.150e-05  1.713e-07  7.161e-06 -5.577e-06  1.882e-05 -1.542e-06 -8.516e-06  3.366e-06  2.204e-07  1.585e-06 
  3.565e-01 -1.143e-02 -4.379e-02  5.380e-02  1.537e-01 -2.825e-03 -6.134e-02  1.277e-01  1.283e-03  4.174e-05  1.377e+00 
 -2.593e-01 -5.208e-03 -4.088e-02 -9.613e-02 -1.148e-01  8.794e-03  5.337e-02 -3.266e-02 -1.318e-03 -1.072e-04 -2.695e-01 
 -2.593e-01 -5.208e-03 -4.088e-02 -9.613e-02 -1.148e-01  8.794e-03  5.337e-02 -3.266e-02 -1.318e-03 -1.072e-04 -2.695e-01  6.078e-01 
 -1.320e-01  4.230e-04  1.402e-03  2.397e-03  2.527e+00  4.790e-01  8.551e-01 -8.761e-03 -4.546e-02  2.849e-06  8.296e-03 
 -1.320e-01  4.230e-04  1.402e-03  2.397e-03  2.527e+00  4.790e-01  8.551e-01 -8.761e-03 -4.546e-02  2.849e-06  8.296e-03 -1.612e-02  1.781e+00 
 PARAMETER  CORRELATION COEFFICIENTS  
       NO.  GLOBAL      1      2      3      5      6      7      9     11     13     14     15     16     17
        1  0.92438   1.000 -0.220  0.042  0.023  0.107 -0.045 -0.563  0.760  0.095  0.011  0.100 -0.110 -0.033
        2  0.43781  -0.220  1.000  0.240 -0.082 -0.051  0.001  0.069 -0.328 -0.012  0.001 -0.059 -0.040  0.002
        3  0.66957   0.042  0.240  1.000 -0.565  0.011 -0.000 -0.009  0.095  0.002  0.008 -0.050 -0.071  0.001
        5  0.67718   0.023 -0.082 -0.565  1.000  0.008 -0.004 -0.005 -0.015  0.001 -0.012  0.120 -0.323  0.005
        6  0.91498   0.107 -0.051  0.011  0.008  1.000  0.544  0.624  0.153 -0.280  0.004  0.031 -0.035  0.449
        7  0.62568  -0.045  0.001 -0.000 -0.004  0.544  1.000  0.275 -0.014 -0.175 -0.001 -0.002  0.010  0.323
        9  0.91968  -0.563  0.069 -0.009 -0.005  0.624  0.275  1.000 -0.286 -0.265 -0.002 -0.018  0.024  0.223
       11  0.81645   0.760 -0.328  0.095 -0.015  0.153 -0.014 -0.286  1.000  0.050  0.004  0.147 -0.057 -0.009
       13  0.30838   0.095 -0.012  0.002  0.001 -0.280 -0.175 -0.265  0.050  1.000  0.001  0.004 -0.007 -0.132
       14  0.12634   0.011  0.001  0.008 -0.012  0.004 -0.001 -0.002  0.004  0.001  1.000  0.028 -0.109  0.002
       15  0.33810   0.100 -0.059 -0.050  0.120  0.031 -0.002 -0.018  0.147  0.004  0.028  1.000 -0.294  0.005
       16  0.53415  -0.110 -0.040 -0.071 -0.323 -0.035  0.010  0.024 -0.057 -0.007 -0.109 -0.294  1.000 -0.015
       17  0.51714  -0.033  0.002  0.001  0.005  0.449  0.323  0.223 -0.009 -0.132  0.002  0.005 -0.015  1.000
 **********
 **    6 **HESSE
 **********
 COVARIANCE MATRIX CALCULATED SUCCESSFULLY
 FCN=4383.82 FROM HESSE     STATUS=OK            131 CALLS        1235 TOTAL
                     EDM=3.31227e-06    STRATEGY= 1      ERROR MATRIX ACCURATE 
  EXT PARAMETER                                INTERNAL      INTERNAL  
  NO.   NAME      VALUE            ERROR       STEP SIZE       VALUE   
   1  default.Bi210   5.92554e+00   2.99360e+00   8.95385e-05  -1.07901e+00
   2  default.C11   1.35867e+00   1.65717e-01   1.17795e-04  -1.80445e+00
   3  global.Ext_Bi214   3.56810e+00   7.39092e-01   1.05063e-03  -2.90446e-01
   4  global.Ext_K40   1.50000e-01     fixed    
   5  global.Ext_Tl208   3.85675e+00   3.82121e-01   5.27862e-04  -2.30692e-01
   6  default.Kr85   2.42898e+01   4.07509e+00   2.64399e-04  -3.80947e+00
   7  default.Po210   5.50604e+01   1.10535e+00   1.96778e-05  -1.29904e+00
   8  default.nu(B8)   4.60000e-01     fixed    
   9  global.nu(Be7)   4.02505e+01   2.84488e+00   4.20760e-04  -1.27575e+01
  10  global.nu(CNO)   4.92000e+00   constant   
  11  global.nu(pep)   4.05364e+00   7.31404e-01   1.59184e-04  -2.95117e+00
  12  default.MCscalePo210   1.00000e+00   constant   
  13  default.MCshiftPo210   4.69509e-01   2.57287e-01   4.48314e-05   9.39032e-03
  14  default.C10_2   4.34861e-07   8.84367e-01   5.44698e-03  -1.57038e+00
                                 WARNING -   - ABOVE PARAMETER IS AT LIMIT.
  15  default.C11_2   7.09882e+01   1.17298e+00   1.05546e-04  -2.94350e-01
  16  global.He6_2   3.22161e+00   7.73885e-01   1.63908e-04  -7.44819e-01
  17  default.Po210_2   5.51911e+01   1.33030e+00   2.59134e-05  -1.29871e+00
                               ERR DEF= 0.5
 EXTERNAL ERROR MATRIX.    NDIM=  25    NPAR= 13    ERR DEF=0.5
 ELEMENTS ABOVE DIAGONAL ARE NOT PRINTED.
  9.010e+00 
 -1.078e-01  2.746e-02 
  9.082e-02  2.962e-02  5.506e-01 
  2.661e-02 -5.222e-03 -1.609e-01  1.463e-01 
  1.275e+00 -3.384e-02  3.103e-02  1.257e-02  1.732e+01 
 -1.573e-01  4.208e-04 -4.250e-04 -1.604e-03  2.474e+00  1.222e+00 
 -4.844e+00  3.226e-02 -1.941e-02 -5.683e-03  7.377e+00  8.437e-01  8.130e+00 
  1.667e+00 -3.961e-02  5.167e-02 -4.443e-03  4.508e-01 -1.321e-02 -5.972e-01  5.390e-01 
  7.387e-02 -5.303e-04  4.431e-04  1.338e-04 -2.948e-01 -4.841e-02 -1.914e-01  9.642e-03  6.620e-02 
  9.123e-06  4.216e-08  1.617e-06 -1.248e-06  4.041e-06 -3.641e-07 -1.886e-06  7.175e-07  5.073e-08  1.586e-06 
  3.470e-01 -1.131e-02 -4.448e-02  5.415e-02  1.464e-01 -3.435e-03 -5.934e-02  1.258e-01  1.313e-03  9.344e-06  1.376e+00 
 -2.511e-01 -5.262e-03 -3.985e-02 -9.688e-02 -1.087e-01  9.187e-03  5.191e-02 -3.125e-02 -1.336e-03 -2.403e-05 -2.664e-01 
 -2.511e-01 -5.262e-03 -3.985e-02 -9.688e-02 -1.087e-01  9.187e-03  5.191e-02 -3.125e-02 -1.336e-03 -2.403e-05 -2.664e-01  6.011e-01 
 -1.385e-01  5.737e-04  1.241e-03  2.355e-03  2.452e+00  4.673e-01  8.201e-01 -1.083e-02 -4.390e-02  6.193e-07  7.549e-03 
 -1.385e-01  5.737e-04  1.241e-03  2.355e-03  2.452e+00  4.673e-01  8.201e-01 -1.083e-02 -4.390e-02  6.193e-07  7.549e-03 -1.542e-02  1.770e+00 
 PARAMETER  CORRELATION COEFFICIENTS  
       NO.  GLOBAL      1      2      3      5      6      7      9     11     13     14     15     16     17
        1  0.92282   1.000 -0.217  0.041  0.023  0.102 -0.047 -0.566  0.756  0.096  0.002  0.099 -0.108 -0.035
        2  0.43620  -0.217  1.000  0.241 -0.082 -0.049  0.002  0.068 -0.326 -0.012  0.000 -0.058 -0.041  0.003
        3  0.67068   0.041  0.241  1.000 -0.567  0.010 -0.001 -0.009  0.095  0.002  0.002 -0.051 -0.069  0.001
        5  0.67851   0.023 -0.082 -0.567  1.000  0.008 -0.004 -0.005 -0.016  0.001 -0.003  0.121 -0.327  0.005
        6  0.91239   0.102 -0.049  0.010  0.008  1.000  0.538  0.622  0.148 -0.275  0.001  0.030 -0.034  0.443
        7  0.62095  -0.047  0.002 -0.001 -0.004  0.538  1.000  0.268 -0.016 -0.170 -0.000 -0.003  0.011  0.318
        9  0.91822  -0.566  0.068 -0.009 -0.005  0.622  0.268  1.000 -0.285 -0.261 -0.001 -0.018  0.023  0.216
       11  0.81320   0.756 -0.326  0.095 -0.016  0.148 -0.016 -0.285  1.000  0.051  0.001  0.146 -0.055 -0.011
       13  0.30394   0.096 -0.012  0.002  0.001 -0.275 -0.170 -0.261  0.051  1.000  0.000  0.004 -0.007 -0.128
       14  0.02854   0.002  0.000  0.002 -0.003  0.001 -0.000 -0.001  0.001  0.000  1.000  0.006 -0.025  0.000
       15  0.33664   0.099 -0.058 -0.051  0.121  0.030 -0.003 -0.018  0.146  0.004  0.006  1.000 -0.293  0.005
       16  0.52665  -0.108 -0.041 -0.069 -0.327 -0.034  0.011  0.023 -0.055 -0.007 -0.025 -0.293  1.000 -0.015
       17  0.51251  -0.035  0.003  0.001  0.005  0.443  0.318  0.216 -0.011 -0.128  0.000  0.005 -0.015  1.000
Wallclock time  : 17.8245 seconds.
CPU time: 0.001782
Total CPU time: 0.001782
Processor time: 0.001532

FIT PARAMETERS
 ^{210}Bi = 5.9 #pm 3.0 
 ^{11}C = 1.36 #pm 0.17 
 Ext ^{214}Bi = 3.57 #pm 0.74 
 Ext ^{40}K = 0.15  [Fixed]
 Ext ^{208}Tl = 3.86 #pm 0.38 
 ^{85}Kr = 24.3 #pm 4.1 
 ^{210}Po = 55.1 #pm 1.1 
 #nu(^{8}B) = 0.46  [Fixed]
 #nu(^{7}Be) = 40.3 #pm 2.8 
 #nu(CNO) = 4.92  [Fixed]
 #nu(pep) = 4.05 #pm 0.73 
 ^{210}MCscalePo = 1  [Fixed]
 ^{210}MCshiftPo = 0.47 #pm 0.26 
 ^{10}C 2 = 0.00  [Railed]
 ^{11}C 2 = 71.0 #pm 1.2 
 ^{6}He 2 = 3.22 #pm 0.77 
 ^{210}Po 2 = 55.2 #pm 1.3 

 chi^2                             = 1090.2
 chi^2/N-DOF                       = 0.8571
 p-value                           = 1.000
 Minimized -2Ln(Likelihood)        = 8767.63
 Likelihood p-value                = 0.670 ± 0.047
SimplePlotManager::groupByName <default.Major> appedned to <default>
SimplePlotManager::groupByName <default.TFCtagged> appedned to <default>
