[GPUManager]() registered
regV registering [npe] as [0x23d1180]
regV registering [npe_short] as [0x23d12b0]
regV registering [Po218:peak] as [6002]
regV registering [Rn222:peak] as [5490]
regV registering [Po210:peak] as [5305]
Loaded path: </p/project/cjikp20/jikp2013/bx-GooStats-dingxf_dev/bx-GooStats/data>
RawSpectrumProvider::registerSpecies Register [nu(pep)]
RawSpectrumProvider::registerSpecies Register [nu(Be7)_sunT]
RawSpectrumProvider::registerSpecies Register [nu(Be7)_nosunT]
RawSpectrumProvider::registerSpecies Register [nu(CNO)]
RawSpectrumProvider::registerSpecies Register [nu(pp)_oleg]
RawSpectrumProvider::registerSpecies Register [nu(pp)_aldo]
RawSpectrumProvider::registerSpecies Register [nu(pp)]
RawSpectrumProvider::registerSpecies Register [nu(B8)]
RawSpectrumProvider::registerSpecies Register [C14_universal]
Warning: c14_shape_factor is taken as 1.24
RawSpectrumProvider::registerSpecies Register [C14]
RawSpectrumProvider::registerSpecies Register [C11]
RawSpectrumProvider::registerSpecies Register [C10]
RawSpectrumProvider::registerSpecies Register [Kr85]
RawSpectrumProvider::registerSpecies Register [B12]
RawSpectrumProvider::registerSpecies Register [He6]
RawSpectrumProvider::registerSpecies Register [Pa234m]
RawSpectrumProvider::registerSpecies Register [K40]
RawSpectrumProvider::registerSpecies Register [La138]
RawSpectrumProvider::registerSpecies Register [Bi210_mach4]
RawSpectrumProvider::registerSpecies Register [Bi210_oleg]
RawSpectrumProvider::registerSpecies Register [Bi210_aldo]
RawSpectrumProvider::registerSpecies Register [Bi210_daniel]
RawSpectrumProvider::registerSpecies Register [Bi210_flothmann]
RawSpectrumProvider::registerSpecies Register [Bi210_grau]
RawSpectrumProvider::registerSpecies Register [Pb214_KM]
RawSpectrumProvider::registerSpecies Register [Pb214_aldo_1]
RawSpectrumProvider::registerSpecies Register [Pb214_aldo_2]
RawSpectrumProvider::registerSpecies Register [Pb214_aldo_3]
RawSpectrumProvider::registerSpecies Register [Pb214_aldo_4]
RawSpectrumProvider::registerSpecies Register [Pb214_aldo_5]
RawSpectrumProvider::registerSpecies Register [Pb214_aldo_6]
RawSpectrumProvider::registerSpecies Register [Pb214_aldo_7]
RawSpectrumProvider::registerSpecies Register [Ext_Tl208]
RawSpectrumProvider::registerSpecies Register [Ext_Bi214]
RawSpectrumProvider::registerSpecies Register [Ext_K40]
RawSpectrumProvider::registerSpecies Register [U238_chain]
RawSpectrumProvider::registerSpecies Register [Th232_chain]
RawSpectrumProvider::registerSpecies Register [C14_pileup]
[InputManager]() registered
[PrepareData]() registered
[SimpleFit]() registered
[CNOTest]() registered
[HMLMTest]() registered
[ScanPar]() registered
[CorrelationManager]() registered
[ContourManager]() registered
[OutputManager]() registered
Checking GPU [0]/[1]
Running on [Tesla K80] with compute capability of 3.7
Warning: BatchOutputManager not set, default are used.
LOG: Getting data from file input_files/PeriodPhase2_FVpep_TFCMI_c19.root
Searching final_nhits_pp_0 in pp
LOG: fitting histogram final_nhits_pp_0
WARNING: chain_counts_cum not TH1D, trying other TH1
WARNING: No chain_counts_cum in input directory, trying in the main directory of the file
chain_counts_cum: mean 23.3425
[default] adopt [global] as its parent.
Inserting period [default,input_files/PeriodPhase2_FVpep_TFCMI_c19.root,pp/final_nhits_pp_0,fitoptions/fitoptions_mv-Phase2-pdfs_new-nhits-emin140_C11-Po210-shift.cfg,species_list/species-fit-mvCNO-hm.icc]
ARG[1] <icc> = [species_list/species-fit-mvCNO-hm.icc]
InputManager::registerConfigset(default)
Loading from <fitoptions/fitoptions_mv-Phase2-pdfs_new-nhits-emin140_C11-Po210-shift.cfg>
h_n_used_pmts: mean 1564.15
h_n_used_pmts_weighted: mean 1675.51
h_n_used_pmts0: mean 1557.43
h_n_used_pmts_weighted0: mean 1667.71
h_n_used_pmts1: mean 1574.13
h_n_used_pmts_weighted1: mean 1684.93
option <n_used_charge_histo_name> not set, default value [h_n_used_charge] used
h_n_used_charge: mean 1561.08
option <n_used_charge_po210_histo_name> not set, default value [h_n_used_charge_weighted] used
h_n_used_charge_weighted: mean 1671.67
feq_inv: mean 1.28509
Mask [mask_2] from [h_n_used_pmts] Mean <999.503> RMS <576.981>
Mask [mask_3] from [h_n_used_pmts_weighted] Mean <999.502> RMS <577.005>
Mask [mask_4] from [h_n_used_pmts0] Mean <999.503> RMS <576.979>
Mask [mask_5] from [h_n_used_pmts_weighted0] Mean <999.502> RMS <577.003>
Mask [mask_6] from [h_n_used_pmts1] Mean <999.503> RMS <576.983>
Mask [mask_7] from [h_n_used_pmts_weighted1] Mean <999.502> RMS <577.007>
*********Dump options parsed*********************************
MC_ext_bkg => <true>
alpha_response_function => <scaled_poisson>
alpha_subtracted => <false>
apply_radiochemical_constraints => <false>
applying_mask => <true>
beta_response_function => <scaled_poisson>
bi210_spectrum => <aldo>
c11_quenching_fixed => <false>
c11_subtracted => <true>
complementary_histo_fit => <true>
complementary_histo_name => <pp/final_nhits_pp_1>
convolve_dark_noise => <false>
dark_noise_window => <win1>
fit_results_output => <fit_results.root>
fit_variable => <nhits>
fit_variable_MC => <nhits>
freeMCshiftC11 => <true>
freeMCshiftPo210 => <true>
geometric_correction_on => <false>
icc => <species_list/species-fit-mvCNO-hm.icc>
ly_fixed => <false>
meantime_cut => <no>
minimization_method => <likelihood>
minimization_routine => <minuit>
montecarlo_interpolation => <off>
montecarlo_spectra_file => <pdfs_new/MCspectra_FVpep_Period_Phase2_unmasked.root>
multivariate_ps_fit => <true>
multivariate_rdist_fit => <true>
n_used_pmts_histo_name => <h_n_used_pmts>
n_used_pmts_po210_histo_name => <h_n_used_pmts_weighted>
n_used_pmts_po210_tfc0_histo_name => <h_n_used_pmts_weighted0>
n_used_pmts_po210_tfc1_histo_name => <h_n_used_pmts_weighted1>
n_used_pmts_tfc0_histo_name => <h_n_used_pmts0>
n_used_pmts_tfc1_histo_name => <h_n_used_pmts1>
neutrino_magnetic_moment => <no>
no_lead_cut => <no>
norm_variable => <true>
npe_offset_fixed => <true>
pb214_spectrum => <aldo>
pileup_eff_ly_fixed => <true>
plot_filename => <plot.root>
po210_quenching_fixed => <false>
quenching_parameterization => <echidna>
save_fit_results => <false>
scale_poisson => <true>
show_only_c14_c14 => <false>
spectra_pdfs => <montecarlo>
synthpup_file => <P91011_Synthetic_Spectra.root>
synthpup_hist => <h_synth_spec_5_dt1>
use_alpha_response_function => <false>
use_remaining_pb214 => <false>
weighted_response => <false>
alpha_resolution_0_guess => float: [1.2]
alpha_resolution_0_max => float: [20]
alpha_resolution_0_min => float: [0]
alpha_resolution_1_guess => float: [0]
alpha_resolution_1_max => float: [0]
alpha_resolution_1_min => float: [0]
alpha_resolution_2_guess => float: [0]
alpha_resolution_2_max => float: [0]
alpha_resolution_2_min => float: [0]
beta_resolution_0_guess => float: [3]
beta_resolution_0_max => float: [20]
beta_resolution_0_min => float: [0]
beta_resolution_1_guess => float: [3]
beta_resolution_1_max => float: [20]
beta_resolution_1_min => float: [0]
beta_resolution_2_guess => float: [7]
beta_resolution_2_max => float: [7]
beta_resolution_2_min => float: [7]
beta_resolution_3_guess => float: [2]
beta_resolution_3_max => float: [10]
beta_resolution_3_min => float: [0]
beta_resolution_4_guess => float: [0]
beta_resolution_4_max => float: [0]
beta_resolution_4_min => float: [0]
beta_resolution_5_guess => float: [0]
beta_resolution_5_max => float: [0]
beta_resolution_5_min => float: [0]
c11_quenching => float: [0.8828]
c14_shape_factor => float: [1.24]
c14_threshold => float: [100]
dark_noise_threshold => float: [100]
ext_bckgd_eff_ly => float: [1.0228]
fCher => float: [2]
fit_verbosity => float: [0]
geometric_correction => float: [0.112]
histogram_binwidth => float: [1]
kb => float: [0.0109]
ly_guess => float: [0.49]
maximum_energy => float: [950]
meantime_cut_correction_c1 => float: [0.974]
meantime_cut_correction_c2 => float: [-0.00211]
minimum_energy => float: [140]
multivariate_ps_fit_bins => float: [1]
multivariate_ps_fit_max => float: [650]
multivariate_ps_fit_min => float: [400]
multivariate_ps_fit_smooth => float: [0]
multivariate_rdist_fit_bins => float: [16]
multivariate_rdist_fit_max => float: [900]
multivariate_rdist_fit_min => float: [500]
multivariate_rdist_fit_smooth => float: [0]
npe_offset => float: [0]
number_of_bins_for_weighted_response => float: [10]
pileup_eff_ly => float: [0.935]
po210_quenching => float: [0.07879]
poisson_factor => float: [15]
poisson_threshold => float: [100]
ser_under_threshold => float: [0.12]
sys_errors_scale => float: [0]
unequalization_factor => float: [1]
*************************************************************
Inserting Constant name [compute_likelihood_p_value] value [0]
regV registering [compute_likelihood_p_value] as [0]
Inserting [C11_qch] to [global]
Inserting [Po210_qch] to [default]
Inserting [extly_qch] to [global]
Linking [Ext_Tl208_qch] with [extly_qch] in [global]
Linking [Ext_Bi214_qch] with [extly_qch] in [global]
Linking [Ext_K40_qch] with [extly_qch] in [global]
Inserting [Po218_qch] to [global]
Inserting [Rn222_qch] to [global]
Inserting [C10_qch] to [global]
Bad programming style of using const_cast!!!
regV registering [NL] as [0x7ffd5897d8b0]
Inserting [beta_ly] to [default]
810
Inserting [beta_resolution_0] to [global]
Inserting [beta_resolution_1] to [global]
Inserting [beta_resolution_2] to [global]
Inserting [beta_resolution_3] to [global]
Inserting [beta_resolution_4] to [global]
Inserting [beta_resolution_5] to [global]
Inserting [alpha_resolution_0] to [default]
Inserting [alpha_resolution_1] to [default]
Inserting [alpha_resolution_2] to [default]
Inserting [alpha_resolution_3] to [default]
Inserting [alpha_resolution_4] to [default]
Inserting [alpha_resolution_5] to [default]
Inserting [mlp_correction_0] to [default]
Inserting [mlp_correction_1] to [default]
Inserting [mlp_correction_2] to [default]
Inserting [mlp_correction_3] to [default]
Integral: 11.6405, sum = 1.17605e+06, endpoint = 671.809
Integral: 76.3209, sum = 1.81556e+07, endpoint = 264.064
RawSpectrumProvider::registerSpecies Register [nu(Be7+munu)]
RawSpectrumProvider::registerSpecies Register [nu(pp+munu)]
RawSpectrumProvider::registerSpecies Register [Bi210]
RawSpectrumProvider::registerSpecies Register [nu(Be7)]
feq: 1.27865 feq_po: 1.19367
Inserting [default] to default feq: 1.27865 0
Inserting [Po210] to default feq: 1.19367 0
Dumping pre-created rates:
INFO: loading species from file species_list/species-fit-mvCNO-hm.icc
Inserting [Bi210] to [default]
Inserting [C10_2] to [default]
Inserting [C11] to [default]
Inserting [C11_2] to [default]
Inserting [Ext_Bi214] to [global]
Inserting [Ext_K40] to [global]
Inserting [Ext_Tl208] to [global]
Inserting [He6_2] to [global]
Inserting [Kr85] to [default]
Inserting [Po210] to [default]
Inserting [Po210_2] to [default]
Inserting [nu(B8)] to [default]
Inserting [nu(Be7)] to [global]
Inserting [nu(CNO)] to [global]
Inserting [nu(pep)] to [global]
 [global] : (C10_qch, global.C10_qch) 
 [global] : (C11_qch, global.C11_qch) 
 [global] : (Ext_Bi214, global.Ext_Bi214) 
 [global] : (Ext_Bi214_qch, global.extly_qch) 
 [global] : (Ext_K40, global.Ext_K40) 
 [global] : (Ext_K40_qch, global.extly_qch) 
 [global] : (Ext_Tl208, global.Ext_Tl208) 
 [global] : (Ext_Tl208_qch, global.extly_qch) 
 [global] : (He6_2, global.He6_2) 
 [global] : (Po218_qch, global.Po218_qch) 
 [global] : (Rn222_qch, global.Rn222_qch) 
 [global] : (beta_resolution_0, global.beta_resolution_0) 
 [global] : (beta_resolution_1, global.beta_resolution_1) 
 [global] : (beta_resolution_2, global.beta_resolution_2) 
 [global] : (beta_resolution_3, global.beta_resolution_3) 
 [global] : (beta_resolution_4, global.beta_resolution_4) 
 [global] : (beta_resolution_5, global.beta_resolution_5) 
 [global] : (extly_qch, global.extly_qch) 
 [global] : (nu(Be7), global.nu(Be7)) 
 [global] : (nu(CNO), global.nu(CNO)) 
 [global] : (nu(pep), global.nu(pep)) 
default>-- [default] : (Bi210, default.Bi210) 
default>-- [default] : (C10_2, default.C10_2) 
default>-- [default] : (C11, default.C11) 
default>-- [default] : (C11_2, default.C11_2) 
default>-- [default] : (Kr85, default.Kr85) 
default>-- [default] : (Po210, default.Po210) 
default>-- [default] : (Po210_2, default.Po210_2) 
default>-- [default] : (Po210_qch, default.Po210_qch) 
default>-- [default] : (alpha_resolution_0, default.alpha_resolution_0) 
default>-- [default] : (alpha_resolution_1, default.alpha_resolution_1) 
default>-- [default] : (alpha_resolution_2, default.alpha_resolution_2) 
default>-- [default] : (alpha_resolution_3, default.alpha_resolution_3) 
default>-- [default] : (alpha_resolution_4, default.alpha_resolution_4) 
default>-- [default] : (alpha_resolution_5, default.alpha_resolution_5) 
default>-- [default] : (beta_ly, default.beta_ly) 
default>-- [default] : (mlp_correction_0, default.mlp_correction_0) 
default>-- [default] : (mlp_correction_1, default.mlp_correction_1) 
default>-- [default] : (mlp_correction_2, default.mlp_correction_2) 
default>-- [default] : (mlp_correction_3, default.mlp_correction_3) 
default>-- [default] : (nu(B8), default.nu(B8)) 
InputManager::registerDataset(default.Major)
InputManager::registerDataset(default.TFCtagged)
Inserting period full [default.Major]
Inserting period full [default.TFCtagged]
Livetime: 752.049 days (c11 subtracted)
computing mass from input_files/PeriodPhase2_FVpep_TFCMI_c19.root
Mass: 71.3 tons
Inserting [default.Major] exposure : [53621.1 (day x tons)]
computing mass from input_files/PeriodPhase2_FVpep_TFCMI_c19.root
Inserting [default.TFCtagged] exposure : [36107.7 (day x tons)]
Inserting type [remaining_pb214] name [default] value [0.0200354]
Remaining Pb214 [default] : 0.0200354 cpd/100 tons
WARNING: pp/final_nhits_pp_1 not TH1D, trying other TH1
WARNING: No pp/final_nhits_pp_1 in input directory, trying in the main directory of the file
pp/final_nhits_pp_1: mean 51.2663
WARNING: the spectrum of [Major] had not Sumw2 set. Setting it now.
WARNING: the spectrum of [TFCtagged] had not Sumw2 set. Setting it now.
Inserting [default.Major] data set
Inserting [default.TFCtagged] data set
INFO: loading species from file species_list/species-fit-mvCNO-hm.icc
Loading [Bi210] from [pdfs_new/MCspectra_FVpep_Period_Phase2_unmasked.root/bi210_nhits]
bad programing style, const_cast!!
creating MC species [Bi210] in [default]
Warning: quenching [Bi210_qch] not found in [default].
[Bi210] loaded for [default]
Inserting species (Bi210)[Bi210] to [default.Major] 
Inserting species (Bi210)[Bi210] to [default.TFCtagged] 
Loading [C10] from [pdfs_new/MCspectra_FVpep_Period_Phase2_unmasked.root/c10_nhits]
bad programing style, const_cast!!
creating MC species [C10] in [default]
[C10] loaded for [default]
Inserting species (C10_2)[C10] to [default.TFCtagged] 
Loading [C11] from [pdfs_new/MCspectra_FVpep_Period_Phase2_unmasked.root/c11_nhits]
bad programing style, const_cast!!
creating MC species [C11] in [default]
bad programming! const_cast used!
Inserting [MCscaleC11] to [default]
Inserting [MCshiftC11] to [default]
[C11] loaded for [default]
Inserting species (C11)[C11] to [default.Major] 
creating MC species [C11] in [default]
bad programming! const_cast used!
[C11] loaded for [default]
Inserting species (C11_2)[C11] to [default.TFCtagged] 
Loading [Ext_Bi214] from [pdfs_new/MCspectra_FVpep_Period_Phase2_unmasked.root/ext_bi214_nhits]
bad programing style, const_cast!!
creating MC species [Ext_Bi214] in [default]
[Ext_Bi214] loaded for [default]
Inserting species (Ext_Bi214)[Ext_Bi214] to [default.Major] 
Inserting species (Ext_Bi214)[Ext_Bi214] to [default.TFCtagged] 
Loading [Ext_K40] from [pdfs_new/MCspectra_FVpep_Period_Phase2_unmasked.root/ext_k40_nhits]
bad programing style, const_cast!!
creating MC species [Ext_K40] in [default]
[Ext_K40] loaded for [default]
Inserting species (Ext_K40)[Ext_K40] to [default.Major] 
Inserting species (Ext_K40)[Ext_K40] to [default.TFCtagged] 
Loading [Ext_Tl208] from [pdfs_new/MCspectra_FVpep_Period_Phase2_unmasked.root/ext_tl208_nhits]
bad programing style, const_cast!!
creating MC species [Ext_Tl208] in [default]
[Ext_Tl208] loaded for [default]
Inserting species (Ext_Tl208)[Ext_Tl208] to [default.Major] 
Inserting species (Ext_Tl208)[Ext_Tl208] to [default.TFCtagged] 
Loading [He6] from [pdfs_new/MCspectra_FVpep_Period_Phase2_unmasked.root/he6_nhits]
bad programing style, const_cast!!
creating MC species [He6] in [default]
Warning: quenching [He6_qch] not found in [default].
[He6] loaded for [default]
Inserting species (He6_2)[He6] to [default.TFCtagged] 
Loading [Kr85] from [pdfs_new/MCspectra_FVpep_Period_Phase2_unmasked.root/kr85_nhits]
bad programing style, const_cast!!
creating MC species [Kr85] in [default]
Warning: quenching [Kr85_qch] not found in [default].
[Kr85] loaded for [default]
Inserting species (Kr85)[Kr85] to [default.Major] 
Inserting species (Kr85)[Kr85] to [default.TFCtagged] 
Loading [Po210] from [pdfs_new/MCspectra_FVpep_Period_Phase2_unmasked.root/po210_nhits]
bad programing style, const_cast!!
creating MC species [Po210] in [default]
bad programming! const_cast used!
Inserting [MCscalePo210] to [default]
Inserting [MCshiftPo210] to [default]
[Po210] loaded for [default]
Inserting species (Po210)[Po210] to [default.Major] 
creating MC species [Po210] in [default]
bad programming! const_cast used!
[Po210] loaded for [default]
Inserting species (Po210_2)[Po210] to [default.TFCtagged] 
Loading [nu(B8)] from [pdfs_new/MCspectra_FVpep_Period_Phase2_unmasked.root/b8_nhits]
bad programing style, const_cast!!
creating MC species [nu(B8)] in [default]
Warning: quenching [nu(B8)_qch] not found in [default].
[nu(B8)] loaded for [default]
Inserting species (nu(B8))[nu(B8)] to [default.Major] 
Inserting species (nu(B8))[nu(B8)] to [default.TFCtagged] 
Loading [nu(Be7)] from [pdfs_new/MCspectra_FVpep_Period_Phase2_unmasked.root/be7_nhits]
bad programing style, const_cast!!
creating MC species [nu(Be7)] in [default]
Warning: quenching [nu(Be7)_qch] not found in [default].
[nu(Be7)] loaded for [default]
Inserting species (nu(Be7))[nu(Be7)] to [default.Major] 
Inserting species (nu(Be7))[nu(Be7)] to [default.TFCtagged] 
Loading [nu(CNO)] from [pdfs_new/MCspectra_FVpep_Period_Phase2_unmasked.root/cno_nhits]
bad programing style, const_cast!!
creating MC species [nu(CNO)] in [default]
Warning: quenching [nu(CNO)_qch] not found in [default].
[nu(CNO)] loaded for [default]
Inserting species (nu(CNO))[nu(CNO)] to [default.Major] 
Inserting species (nu(CNO))[nu(CNO)] to [default.TFCtagged] 
Loading [nu(pep)] from [pdfs_new/MCspectra_FVpep_Period_Phase2_unmasked.root/pep_nhits]
bad programing style, const_cast!!
creating MC species [nu(pep)] in [default]
Warning: quenching [nu(pep)_qch] not found in [default].
[nu(pep)] loaded for [default]
Inserting species (nu(pep))[nu(pep)] to [default.Major] 
Inserting species (nu(pep))[nu(pep)] to [default.TFCtagged] 
Inserting [default.Major] species vector
searching for [Bi210_sys]..
searching for [C11_sys]..
searching for [Ext_Bi214_sys]..
searching for [Ext_K40_sys]..
searching for [Ext_Tl208_sys]..
searching for [Kr85_sys]..
searching for [Po210_sys]..
searching for [nu(B8)_sys]..
searching for [nu(Be7)_sys]..
searching for [nu(CNO)_sys]..
searching for [nu(pep)_sys]..
Inserting [default.TFCtagged] species vector
searching for [Bi210_sys]..
searching for [C10_2_sys]..
searching for [C11_2_sys]..
searching for [Ext_Bi214_sys]..
searching for [Ext_K40_sys]..
searching for [Ext_Tl208_sys]..
searching for [He6_2_sys]..
searching for [Kr85_sys]..
searching for [Po210_2_sys]..
searching for [nu(B8)_sys]..
searching for [nu(Be7)_sys]..
searching for [nu(CNO)_sys]..
searching for [nu(pep)_sys]..
setting quenching of [Po210] to [0.07879]
Pb214 not implemented in bx-GooStats, it's ignored
setting quenching of [C11] to [0.8828]
INFO: 210Po PMTs used: 2000,0
RawSpectrumProvider::registerSpecies Register [default.Major]
type: [default.Major][0][1]
You have chosen SeparateSumPdfFactory<DnType<NoDn> MLPType<no> MaskType<Mask> DnAfterMask <no>>
SumPdf::registerFunc register [Bi210] as [0]
SumPdf::registerFunc register [C11] as [1]
SumPdf::registerFunc register [Ext_Bi214] as [2]
SumPdf::registerFunc register [Ext_K40] as [3]
SumPdf::registerFunc register [Ext_Tl208] as [4]
SumPdf::registerFunc register [Kr85] as [5]
SumPdf::registerFunc register [Po210] as [6]
SumPdf::registerFunc register [nu(B8)] as [7]
SumPdf::registerFunc register [nu(Be7)] as [8]
SumPdf::registerFunc register [nu(CNO)] as [9]
SumPdf::registerFunc register [nu(pep)] as [10]
SumPdf::registerFunc register [Bi210] as [11]
SumPdf::registerFunc register [C11] as [12]
SumPdf::registerFunc register [Ext_Bi214] as [13]
SumPdf::registerFunc register [Ext_K40] as [14]
SumPdf::registerFunc register [Ext_Tl208] as [15]
SumPdf::registerFunc register [Kr85] as [16]
SumPdf::registerFunc register [Po210] as [17]
SumPdf::registerFunc register [nu(B8)] as [18]
SumPdf::registerFunc register [nu(Be7)] as [19]
SumPdf::registerFunc register [nu(CNO)] as [20]
SumPdf::registerFunc register [nu(pep)] as [21]
Inserting [default.Major] sum pdf
Checking [Bi210] for <User> found? [1] is class<0>? [1]
Checking [C11] for <User> found? [1] is class<0>? [0]
Checking [Ext_Bi214] for <User> found? [1] is class<0>? [1]
Checking [Ext_K40] for <User> found? [1] is class<0>? [1]
Checking [Ext_Tl208] for <User> found? [1] is class<0>? [1]
Checking [Kr85] for <User> found? [1] is class<0>? [1]
Checking [Po210] for <User> found? [1] is class<0>? [1]
Checking [nu(B8)] for <User> found? [1] is class<0>? [1]
Checking [nu(Be7)] for <User> found? [1] is class<0>? [1]
Checking [nu(CNO)] for <User> found? [1] is class<0>? [1]
Checking [nu(pep)] for <User> found? [1] is class<0>? [1]
Checking [Bi210] for <User> found? [1] is class<1>? [0]
Checking [C11] for <User> found? [1] is class<1>? [1]
Checking [Ext_Bi214] for <User> found? [1] is class<1>? [0]
Checking [Ext_K40] for <User> found? [1] is class<1>? [0]
Checking [Ext_Tl208] for <User> found? [1] is class<1>? [0]
Checking [Kr85] for <User> found? [1] is class<1>? [0]
Checking [Po210] for <User> found? [1] is class<1>? [0]
Checking [nu(B8)] for <User> found? [1] is class<1>? [0]
Checking [nu(Be7)] for <User> found? [1] is class<1>? [0]
Checking [nu(CNO)] for <User> found? [1] is class<1>? [0]
Checking [nu(pep)] for <User> found? [1] is class<1>? [0]
Inserting [default]-[default] MV term
Checking [Bi210] for <Rdist> found? [1] is class<0>? [1]
Checking [C11] for <Rdist> found? [1] is class<0>? [1]
Checking [Ext_Bi214] for <Rdist> found? [1] is class<0>? [0]
Checking [Ext_K40] for <Rdist> found? [1] is class<0>? [0]
Checking [Ext_Tl208] for <Rdist> found? [1] is class<0>? [0]
Checking [Kr85] for <Rdist> found? [1] is class<0>? [1]
Checking [Po210] for <Rdist> found? [1] is class<0>? [1]
Checking [nu(B8)] for <Rdist> found? [1] is class<0>? [1]
Checking [nu(Be7)] for <Rdist> found? [1] is class<0>? [1]
Checking [nu(CNO)] for <Rdist> found? [1] is class<0>? [1]
Checking [nu(pep)] for <Rdist> found? [1] is class<0>? [1]
Checking [Bi210] for <Rdist> found? [1] is class<1>? [0]
Checking [C11] for <Rdist> found? [1] is class<1>? [0]
Checking [Ext_Bi214] for <Rdist> found? [1] is class<1>? [1]
Checking [Ext_K40] for <Rdist> found? [1] is class<1>? [1]
Checking [Ext_Tl208] for <Rdist> found? [1] is class<1>? [1]
Checking [Kr85] for <Rdist> found? [1] is class<1>? [0]
Checking [Po210] for <Rdist> found? [1] is class<1>? [0]
Checking [nu(B8)] for <Rdist> found? [1] is class<1>? [0]
Checking [nu(Be7)] for <Rdist> found? [1] is class<1>? [0]
Checking [nu(CNO)] for <Rdist> found? [1] is class<1>? [0]
Checking [nu(pep)] for <Rdist> found? [1] is class<1>? [0]
Inserting [default]-[default] MV term
Inserting [default]-[default] MV term
Inserting [default]-[default] MV term
Inserting [default]-[default] MV term
Inserting [default]-[default] MV term
Inserting [default]-[default] MV term
Inserting [default]-[default] MV term
Inserting [default]-[default] MV term
Inserting [default]-[default] MV term
Inserting [default]-[default] MV term
Inserting [default]-[default] MV term
Inserting [default]-[default] MV term
Inserting [default]-[default] MV term
Inserting [default]-[default] MV term
Inserting [default]-[default] MV term
Inserting [default]-[default] MV term
Pb214 not implemented in bx-GooStats, it's ignored
RawSpectrumProvider::registerSpecies Register [default.TFCtagged]
type: [default.TFCtagged][0][1]
You have chosen SeparateSumPdfFactory<DnType<NoDn> MLPType<no> MaskType<Mask> DnAfterMask <no>>
SumPdf::registerFunc register [C10] as [22]
SumPdf::registerFunc register [C11] as [23]
SumPdf::registerFunc register [He6] as [24]
SumPdf::registerFunc register [Po210] as [25]
SumPdf::registerFunc register [Bi210] as [26]
SumPdf::registerFunc register [C10] as [27]
SumPdf::registerFunc register [C11] as [28]
SumPdf::registerFunc register [Ext_Bi214] as [29]
SumPdf::registerFunc register [Ext_K40] as [30]
SumPdf::registerFunc register [Ext_Tl208] as [31]
SumPdf::registerFunc register [He6] as [32]
SumPdf::registerFunc register [Kr85] as [33]
SumPdf::registerFunc register [Po210] as [34]
SumPdf::registerFunc register [nu(B8)] as [35]
SumPdf::registerFunc register [nu(Be7)] as [36]
SumPdf::registerFunc register [nu(CNO)] as [37]
SumPdf::registerFunc register [nu(pep)] as [38]
Inserting [default.TFCtagged] sum pdf
Inserting (Datasets:default.Major)<default.Major>
Inserting (Datasets:default.TFCtagged)<default.TFCtagged>
Inserting (LikelihoodFactory)<default>
Inserting (LikelihoodFactory)<default>
Inserting (LikelihoodFactory)<default>
Inserting (LikelihoodFactory)<default>
Inserting (LikelihoodFactory)<default>
Inserting (LikelihoodFactory)<default>
Inserting (LikelihoodFactory)<default>
Inserting (LikelihoodFactory)<default>
Inserting (LikelihoodFactory)<default>
Inserting (LikelihoodFactory)<default>
Inserting (LikelihoodFactory)<default>
Inserting (LikelihoodFactory)<default>
Inserting (LikelihoodFactory)<default>
Inserting (LikelihoodFactory)<default>
Inserting (LikelihoodFactory)<default>
Inserting (LikelihoodFactory)<default>
Inserting (LikelihoodFactory)<default>
Debug: LL size 19
 PARAMETER DEFINITIONS:
    NO.   NAME         VALUE      STEP SIZE      LIMITS
     1 default.Bi210   2.00000e+01  1.00000e+00    0.00000e+00  1.00000e+02
     2 default.C11   2.80000e+01  1.00000e+00    0.00000e+00  1.00000e+02
     3 global.Ext_Bi214   5.00000e-01  1.00000e-01    0.00000e+00  1.00000e+01
     4 global.Ext_K40   1.50000e-01  1.00000e-01    0.00000e+00  1.00000e+01
 **********
 **    1 **FIX           4
 **********
 PARAMETER DEFINITIONS:
    NO.   NAME         VALUE      STEP SIZE      LIMITS
     5 global.Ext_Tl208   1.90000e+00  1.00000e-01    0.00000e+00  1.00000e+01
     6 default.Kr85   5.00000e+00  3.00000e-01    0.00000e+00  3.00000e+01
     7 default.Po210   3.00000e+02  2.99999e+01    1.00000e-02  3.00000e+03
     8 default.nu(B8)   4.60000e-01  1.00000e-01    0.00000e+00  1.00000e+01
 **********
 **    2 **FIX           8
 **********
 PARAMETER DEFINITIONS:
    NO.   NAME         VALUE      STEP SIZE      LIMITS
     9 global.nu(Be7)   4.85000e+01  5.00000e-01    2.00000e+01  7.00000e+01
    10 global.nu(CNO)   4.92000e+00  constant
 **********
 **    3 **FIX          10
 **********
 PARAMETER   10  IS CONSTANT.   IGNORED.
 PARAMETER DEFINITIONS:
    NO.   NAME         VALUE      STEP SIZE      LIMITS
    11 global.nu(pep)   2.20000e+00  1.00000e-01    0.00000e+00  1.00000e+01
    12 default.MCscaleC11   1.00000e+00  constant
    13 default.MCshiftC11   0.00000e+00  1.00000e-03   -5.00000e+01  5.00000e+01
    14 default.MCscalePo210   1.00000e+00  constant
    15 default.MCshiftPo210   0.00000e+00  1.00000e-03   -5.00000e+01  5.00000e+01
    16 default.C10_2   1.10000e+00  1.00000e-01    0.00000e+00  1.00000e+01
    17 default.C11_2   5.00000e+01  2.00000e+00    0.00000e+00  2.00000e+02
    18 global.He6_2   4.00000e-01  2.00000e-01    0.00000e+00  2.00000e+01
    19 default.Po210_2   3.00000e+02  2.99999e+01    1.00000e-02  3.00000e+03
 **********
 **    4 **SET ERRDEF         0.5
 **********
 PARAMETER DEFINITIONS:
    NO.   NAME         VALUE      STEP SIZE      LIMITS
     1 default.Bi210   2.00000e+01  1.00000e+00    0.00000e+00  1.00000e+02
     2 default.C11   2.80000e+01  1.00000e+00    0.00000e+00  1.00000e+02
     3 global.Ext_Bi214   5.00000e-01  1.00000e-01    0.00000e+00  1.00000e+01
     4 global.Ext_K40   1.50000e-01  1.00000e-01    0.00000e+00  1.00000e+01
 **********
 **    1 **FIX           4
 **********
 PARAMETER DEFINITIONS:
    NO.   NAME         VALUE      STEP SIZE      LIMITS
     5 global.Ext_Tl208   1.90000e+00  1.00000e-01    0.00000e+00  1.00000e+01
     6 default.Kr85   5.00000e+00  3.00000e-01    0.00000e+00  3.00000e+01
     7 default.Po210   3.00000e+02  2.99999e+01    1.00000e-02  3.00000e+03
     8 default.nu(B8)   4.60000e-01  1.00000e-01    0.00000e+00  1.00000e+01
 **********
 **    2 **FIX           8
 **********
 PARAMETER DEFINITIONS:
    NO.   NAME         VALUE      STEP SIZE      LIMITS
     9 global.nu(Be7)   4.85000e+01  5.00000e-01    2.00000e+01  7.00000e+01
    10 global.nu(CNO)   4.92000e+00  constant
 **********
 **    3 **FIX          10
 **********
 PARAMETER   10  IS CONSTANT.   IGNORED.
 PARAMETER DEFINITIONS:
    NO.   NAME         VALUE      STEP SIZE      LIMITS
    11 global.nu(pep)   2.20000e+00  1.00000e-01    0.00000e+00  1.00000e+01
    12 default.MCscaleC11   1.00000e+00  constant
    13 default.MCshiftC11   0.00000e+00  1.00000e-03   -5.00000e+01  5.00000e+01
    14 default.MCscalePo210   1.00000e+00  constant
    15 default.MCshiftPo210   0.00000e+00  1.00000e-03   -5.00000e+01  5.00000e+01
    16 default.C10_2   1.10000e+00  1.00000e-01    0.00000e+00  1.00000e+01
    17 default.C11_2   5.00000e+01  2.00000e+00    0.00000e+00  2.00000e+02
    18 global.He6_2   4.00000e-01  2.00000e-01    0.00000e+00  2.00000e+01
    19 default.Po210_2   3.00000e+02  2.99999e+01    1.00000e-02  3.00000e+03
 **********
 **    4 **SET ERRDEF         0.5
 **********
 **********
 **    5 **MINIMIZE       2e+04
 **********
 FIRST CALL TO USER FUNCTION AT NEW START POINT, WITH IFLAG=4.
 START MIGRAD MINIMIZATION.  STRATEGY  1.  CONVERGENCE WHEN EDM .LT. 5.00e-05
 FCN=20328.8 FROM MIGRAD    STATUS=INITIATE      125 CALLS         126 TOTAL
                     EDM= unknown      STRATEGY= 1      NO ERROR MATRIX       
  EXT PARAMETER               CURRENT GUESS       STEP         FIRST   
  NO.   NAME      VALUE            ERROR          SIZE      DERIVATIVE 
   1  default.Bi210   2.00000e+01   1.00000e+00   0.00000e+00   1.16581e+03
   2  default.C11   2.80000e+01   1.00000e+00   0.00000e+00   2.04801e+04
   3  global.Ext_Bi214   1.98718e+00   1.00000e-01   0.00000e+00   2.09091e+02
   4  global.Ext_K40   1.50000e-01     fixed    
   5  global.Ext_Tl208   1.90000e+00   1.00000e-01   0.00000e+00  -1.77597e+02
   6  default.Kr85   5.00000e+00   3.00000e-01   0.00000e+00   2.52154e+02
   7  default.Po210   3.00000e+02   2.99999e+01   0.00000e+00   8.04473e+04
   8  default.nu(B8)   4.60000e-01     fixed    
   9  global.nu(Be7)   4.85000e+01   5.00000e-01   0.00000e+00   5.51697e+02
  10  global.nu(CNO)   4.92000e+00   constant   
  11  global.nu(pep)   2.20000e+00   1.00000e-01   0.00000e+00   5.38621e+02
  12  default.MCscaleC11   1.00000e+00   constant   
  13  default.MCshiftC11   0.00000e+00   1.00000e-03   0.00000e+00  -8.34903e+02
  14  default.MCscalePo210   1.00000e+00   constant   
  15  default.MCshiftPo210   0.00000e+00   1.00000e-03   0.00000e+00  -9.78969e+03
  16  default.C10_2   1.10000e+00   1.00000e-01   0.00000e+00   1.72597e+02
  17  default.C11_2   5.00000e+01   2.00000e+00   0.00000e+00  -6.76534e+03
  18  global.He6_2   7.53960e+00   2.00000e-01   1.03841e+00  -2.45577e+00
  19  default.Po210_2   3.00000e+02   2.99999e+01   0.00000e+00  -1.75634e+03
                               ERR DEF= 0.5
 MIGRAD MINIMIZATION HAS CONVERGED.
 MIGRAD WILL VERIFY CONVERGENCE AND ERROR MATRIX.
 COVARIANCE MATRIX CALCULATED SUCCESSFULLY
 FCN=7512.19 FROM MIGRAD    STATUS=CONVERGED    1068 CALLS        1069 TOTAL
                     EDM=1.38639e-06    STRATEGY= 1      ERROR MATRIX ACCURATE 
  EXT PARAMETER                                   STEP         FIRST   
  NO.   NAME      VALUE            ERROR          SIZE      DERIVATIVE 
   1  default.Bi210   1.98613e+01   1.52110e+00   9.14349e-04   3.02873e-02
   2  default.C11   1.93369e+00   9.05686e-02   3.31027e-04   2.31023e-02
   3  global.Ext_Bi214   1.74844e+00   2.72822e-01   2.99841e-03   1.98169e-03
   4  global.Ext_K40   1.50000e-01     fixed    
   5  global.Ext_Tl208   3.32675e+00   1.54383e-01   1.32870e-03   9.98649e-03
   6  default.Kr85   6.61174e+00   1.87525e+00   4.65561e-03   2.63590e-03
   7  default.Po210   2.45130e+02   7.70710e-01   5.17213e-05   5.68119e-01
   8  default.nu(B8)   4.60000e-01     fixed    
   9  global.nu(Be7)   4.84814e+01   1.30237e+00   1.42169e-03   2.26675e-02
  10  global.nu(CNO)   4.92000e+00   constant   
  11  global.nu(pep)   2.58803e+00   3.45396e-01   2.68086e-03  -4.06334e-04
  12  default.MCscaleC11   1.00000e+00   constant   
  13  default.MCshiftC11   6.28253e+00   3.88246e-01   4.52975e-04  -2.16463e-02
  14  default.MCscalePo210   1.00000e+00   constant   
  15  default.MCshiftPo210   2.37494e-01   3.52497e-02   4.08854e-05  -1.29982e-01
  16  default.C10_2   8.87689e-01   4.83417e-01   2.79546e-03   6.37086e-03
  17  default.C11_2   6.43485e+01   5.90655e-01   2.79057e-04   2.69509e-03
  18  global.He6_2   1.98332e+00   1.02080e+00   2.71677e-03   3.91501e-03
  19  default.Po210_2   3.01539e+02   1.00177e+00   6.32853e-05  -2.35183e-01
                               ERR DEF= 0.5
 EXTERNAL ERROR MATRIX.    NDIM=  25    NPAR= 14    ERR DEF=0.5
 ELEMENTS ABOVE DIAGONAL ARE NOT PRINTED.
  2.315e+00 
 -3.926e-02  8.203e-03 
  3.242e-02  5.580e-03  7.456e-02 
 -1.451e-02 -1.100e-03 -2.638e-02  2.384e-02 
 -4.684e-01  1.231e-02 -1.506e-02  6.728e-03  3.544e+00 
 -1.984e-02 -8.569e-05 -8.480e-04  3.828e-04 -4.646e-01  5.940e-01 
 -1.102e+00  1.113e-02 -4.456e-03  2.354e-03 -1.391e+00  1.274e-01  1.698e+00 
  3.833e-01 -1.445e-02  7.036e-03 -2.288e-03 -1.124e-01 -6.629e-04 -1.242e-01  1.195e-01 
 -9.287e-03  3.046e-03 -9.017e-03  3.308e-03  1.519e-02 -7.634e-04 -1.781e-02 -2.201e-02  1.507e-01 
  3.430e-03 -3.601e-05  2.059e-05 -9.275e-06  1.493e-02 -2.211e-03 -9.090e-03  3.995e-04  4.858e-05  1.243e-03 
  2.147e-01  1.237e-03  3.088e-02 -2.270e-02 -9.759e-02 -6.454e-03 -4.460e-02  1.325e-02 -1.386e-03  1.619e-04  2.360e-01 
  2.375e-01 -2.524e-03  1.587e-02 -8.414e-03 -1.034e-01 -5.252e-03 -4.853e-02  3.522e-02 -3.654e-03  1.742e-04  1.768e-01 
  2.375e-01 -2.524e-03  1.587e-02 -8.414e-03 -1.034e-01 -5.252e-03 -4.853e-02  3.522e-02 -3.654e-03  1.742e-04  1.768e-01  3.489e-01 
 -4.784e-01 -4.025e-03 -6.766e-02  3.027e-02  2.165e-01  1.440e-02  1.006e-01 -2.916e-02 -8.093e-03 -3.650e-04 -4.730e-01 
 -4.784e-01 -4.025e-03 -6.766e-02  3.027e-02  2.165e-01  1.440e-02  1.006e-01 -2.916e-02 -8.093e-03 -3.650e-04 -4.730e-01 -3.993e-01  1.052e+00 
 -1.381e-04  8.608e-05  1.997e-03 -8.897e-04 -4.824e-01  9.085e-02  1.254e-01  5.094e-04 -4.227e-04 -2.250e-03  1.343e-02 
 -1.381e-04  8.608e-05  1.997e-03 -8.897e-04 -4.824e-01  9.085e-02  1.254e-01  5.094e-04 -4.227e-04 -2.250e-03  1.343e-02  1.151e-02 -2.982e-02  1.004e+00 
 PARAMETER  CORRELATION COEFFICIENTS  
       NO.  GLOBAL      1      2      3      5      6      7      9     11     13     15     16     17     18     19
        1  0.91625   1.000 -0.285  0.078 -0.062 -0.164 -0.017 -0.556  0.729 -0.016  0.064  0.291  0.264 -0.307 -0.000
        2  0.54116  -0.285  1.000  0.226 -0.079  0.072 -0.001  0.094 -0.462  0.087 -0.011  0.028 -0.047 -0.043  0.001
        3  0.71718   0.078  0.226  1.000 -0.626 -0.029 -0.004 -0.013  0.075 -0.085  0.002  0.233  0.098 -0.242  0.007
        5  0.73560  -0.062 -0.079 -0.626  1.000  0.023  0.003  0.012 -0.043  0.055 -0.002 -0.303 -0.092  0.191 -0.006
        6  0.85790  -0.164  0.072 -0.029  0.023  1.000 -0.320 -0.567 -0.173  0.021  0.225 -0.107 -0.093  0.112 -0.256
        7  0.38868  -0.017 -0.001 -0.004  0.003 -0.320  1.000  0.127 -0.002 -0.003 -0.081 -0.017 -0.012  0.018  0.118
        9  0.89237  -0.556  0.094 -0.013  0.012 -0.567  0.127  1.000 -0.276 -0.035 -0.198 -0.070 -0.063  0.075  0.096
       11  0.82347   0.729 -0.462  0.075 -0.043 -0.173 -0.002 -0.276  1.000 -0.164  0.033  0.079  0.172 -0.082  0.001
       13  0.25495  -0.016  0.087 -0.085  0.055  0.021 -0.003 -0.035 -0.164  1.000  0.004 -0.007 -0.016 -0.020 -0.001
       15  0.24731   0.064 -0.011  0.002 -0.002  0.225 -0.081 -0.198  0.033  0.004  1.000  0.009  0.008 -0.010 -0.064
       16  0.96189   0.291  0.028  0.233 -0.303 -0.107 -0.017 -0.070  0.079 -0.007  0.009  1.000  0.616 -0.949  0.028
       17  0.67536   0.264 -0.047  0.098 -0.092 -0.093 -0.012 -0.063  0.172 -0.016  0.008  0.616  1.000 -0.659  0.019
       18  0.96441  -0.307 -0.043 -0.242  0.191  0.112  0.018  0.075 -0.082 -0.020 -0.010 -0.949 -0.659  1.000 -0.029
       19  0.30583  -0.000  0.001  0.007 -0.006 -0.256  0.118  0.096  0.001 -0.001 -0.064  0.028  0.019 -0.029  1.000
 **********
 **    6 **HESSE
 **********
 COVARIANCE MATRIX CALCULATED SUCCESSFULLY
 FCN=7512.19 FROM HESSE     STATUS=OK            150 CALLS        1219 TOTAL
                     EDM=1.38224e-06    STRATEGY= 1      ERROR MATRIX ACCURATE 
  EXT PARAMETER                                INTERNAL      INTERNAL  
  NO.   NAME      VALUE            ERROR       STEP SIZE       VALUE   
   1  default.Bi210   1.98613e+01   1.52093e+00   1.82870e-04  -6.46974e-01
   2  default.C11   1.93369e+00   9.05556e-02   6.62054e-05  -1.84982e+00
   3  global.Ext_Bi214   1.74844e+00   2.72959e-01   1.19936e-04  -7.07996e-01
   4  global.Ext_K40   1.50000e-01     fixed    
   5  global.Ext_Tl208   3.32675e+00   1.54557e-01   5.31481e-05  -3.41234e-01
   6  default.Kr85   6.61174e+00   1.86991e+00   1.86224e-04  -5.93442e-01
   7  default.Po210   2.45130e+02   7.70372e-01   1.03443e-05  -9.91021e-01
   8  default.nu(B8)   4.60000e-01     fixed    
   9  global.nu(Be7)   4.84814e+01   1.30236e+00   2.84338e-04   1.39708e-01
  10  global.nu(CNO)   4.92000e+00   constant   
  11  global.nu(pep)   2.58803e+00   3.45455e-01   1.07234e-04  -2.63821e+00
  12  default.MCscaleC11   1.00000e+00   constant   
  13  default.MCshiftC11   6.28253e+00   3.88250e-01   9.05951e-05   1.25984e-01
  14  default.MCscalePo210   1.00000e+00   constant   
  15  default.MCshiftPo210   2.37494e-01   3.52447e-02   8.17708e-06   4.74989e-03
  16  default.C10_2   8.87689e-01   4.80252e-01   1.11819e-04  -9.65726e-01
  17  default.C11_2   6.43485e+01   5.88596e-01   1.11623e-05  -3.64535e-01
  18  global.He6_2   1.98332e+00   1.01382e+00   1.08671e-04  -9.30080e-01
  19  default.Po210_2   3.01539e+02   1.00147e+00   1.26571e-05  -9.25597e-01
                               ERR DEF= 0.5
 EXTERNAL ERROR MATRIX.    NDIM=  25    NPAR= 14    ERR DEF=0.5
 ELEMENTS ABOVE DIAGONAL ARE NOT PRINTED.
  2.314e+00 
 -3.927e-02  8.200e-03 
  3.251e-02  5.570e-03  7.464e-02 
 -1.468e-02 -1.095e-03 -2.646e-02  2.390e-02 
 -4.597e-01  1.218e-02 -1.487e-02  6.677e-03  3.523e+00 
 -2.085e-02 -5.931e-05 -8.211e-04  3.526e-04 -4.612e-01  5.935e-01 
 -1.106e+00  1.120e-02 -4.643e-03  2.486e-03 -1.386e+00  1.262e-01  1.698e+00 
  3.835e-01 -1.445e-02  7.132e-03 -2.375e-03 -1.110e-01 -8.893e-04 -1.250e-01  1.196e-01 
 -9.206e-03  3.043e-03 -9.043e-03  3.325e-03  1.510e-02 -7.521e-04 -1.781e-02 -2.200e-02  1.507e-01 
  3.478e-03 -3.698e-05  2.489e-05 -1.224e-05  1.483e-02 -2.195e-03 -9.069e-03  4.096e-04  4.728e-05  1.242e-03 
  2.118e-01  1.216e-03  3.060e-02 -2.256e-02 -9.527e-02 -6.458e-03 -4.461e-02  1.315e-02 -1.312e-03  1.669e-04  2.329e-01 
  2.349e-01 -2.543e-03  1.558e-02 -8.274e-03 -1.012e-01 -5.308e-03 -4.860e-02  3.511e-02 -3.583e-03  1.788e-04  1.741e-01 
  2.349e-01 -2.543e-03  1.558e-02 -8.274e-03 -1.012e-01 -5.308e-03 -4.860e-02  3.511e-02 -3.583e-03  1.788e-04  1.741e-01  3.465e-01 
 -4.720e-01 -3.979e-03 -6.694e-02  2.991e-02  2.114e-01  1.445e-02  1.006e-01 -2.886e-02 -8.274e-03 -3.742e-04 -4.663e-01 
 -4.720e-01 -3.979e-03 -6.694e-02  2.991e-02  2.114e-01  1.445e-02  1.006e-01 -2.886e-02 -8.274e-03 -3.742e-04 -4.663e-01 -3.933e-01  1.038e+00 
 -1.264e-03  1.038e-04  1.954e-03 -8.704e-04 -4.788e-01  9.031e-02  1.241e-01  3.176e-04 -4.038e-04 -2.233e-03  1.308e-02 
 -1.264e-03  1.038e-04  1.954e-03 -8.704e-04 -4.788e-01  9.031e-02  1.241e-01  3.176e-04 -4.038e-04 -2.233e-03  1.308e-02  1.118e-02 -2.907e-02  1.003e+00 
 PARAMETER  CORRELATION COEFFICIENTS  
       NO.  GLOBAL      1      2      3      5      6      7      9     11     13     15     16     17     18     19
        1  0.91623   1.000 -0.285  0.078 -0.062 -0.161 -0.018 -0.558  0.729 -0.016  0.065  0.289  0.262 -0.305 -0.001
        2  0.54095  -0.285  1.000  0.225 -0.078  0.072 -0.001  0.095 -0.461  0.087 -0.012  0.028 -0.048 -0.043  0.001
        3  0.71760   0.078  0.225  1.000 -0.626 -0.029 -0.004 -0.013  0.075 -0.085  0.003  0.232  0.097 -0.241  0.007
        5  0.73619  -0.062 -0.078 -0.626  1.000  0.023  0.003  0.012 -0.044  0.055 -0.002 -0.302 -0.091  0.190 -0.006
        6  0.85702  -0.161  0.072 -0.029  0.023  1.000 -0.319 -0.567 -0.171  0.021  0.224 -0.105 -0.092  0.111 -0.255
        7  0.38770  -0.018 -0.001 -0.004  0.003 -0.319  1.000  0.126 -0.003 -0.003 -0.081 -0.017 -0.012  0.018  0.117
        9  0.89237  -0.558  0.095 -0.013  0.012 -0.567  0.126  1.000 -0.277 -0.035 -0.197 -0.071 -0.063  0.076  0.095
       11  0.82351   0.729 -0.461  0.075 -0.044 -0.171 -0.003 -0.277  1.000 -0.164  0.034  0.079  0.172 -0.082  0.001
       13  0.25501  -0.016  0.087 -0.085  0.055  0.021 -0.003 -0.035 -0.164  1.000  0.003 -0.007 -0.016 -0.021 -0.001
       15  0.24669   0.065 -0.012  0.003 -0.002  0.224 -0.081 -0.197  0.034  0.003  1.000  0.010  0.009 -0.010 -0.063
       16  0.96137   0.289  0.028  0.232 -0.302 -0.105 -0.017 -0.071  0.079 -0.007  0.010  1.000  0.613 -0.948  0.027
       17  0.67253   0.262 -0.048  0.097 -0.091 -0.092 -0.012 -0.063  0.172 -0.016  0.009  0.613  1.000 -0.656  0.019
       18  0.96391  -0.305 -0.043 -0.241  0.190  0.111  0.018  0.076 -0.082 -0.021 -0.010 -0.948 -0.656  1.000 -0.028
       19  0.30495  -0.001  0.001  0.007 -0.006 -0.255  0.117  0.095  0.001 -0.001 -0.063  0.027  0.019 -0.028  1.000
Wallclock time  : 19.7721 seconds.
CPU time: 0.001977
Total CPU time: 0.001977
Processor time: 0.001677

FIT PARAMETERS
 ^{210}Bi = 19.9 #pm 1.5 
 ^{11}C = 1.934 #pm 0.091 
 Ext ^{214}Bi = 1.75 #pm 0.27 
 Ext ^{40}K = 0.15  [Fixed]
 Ext ^{208}Tl = 3.33 #pm 0.15 
 ^{85}Kr = 6.6 #pm 1.9 
 ^{210}Po = 245.13 #pm 0.77 
 #nu(^{8}B) = 0.46  [Fixed]
 #nu(^{7}Be) = 48.5 #pm 1.3 
 #nu(CNO) = 4.92  [Fixed]
 #nu(pep) = 2.59 #pm 0.35 
 ^{11}MCscaleC = 1  [Fixed]
 ^{11}MCshiftC = 6.28 #pm 0.39 
 ^{210}MCscalePo = 1  [Fixed]
 ^{210}MCshiftPo = 0.237 #pm 0.035 
 ^{10}C 2 = 0.89 #pm 0.48 
 ^{11}C 2 = 64.35 #pm 0.59 
 ^{6}He 2 = 2.0 #pm 1.0 
 ^{210}Po 2 = 301.5 #pm 1.0 

 chi^2                             = 2010.2
 chi^2/N-DOF                       = 1.2683
 p-value                           = 0.000
 Minimized -2Ln(Likelihood)        = 15024.38
 Likelihood p-value                = 0.200 ± 0.040
SimplePlotManager::groupByName <default.Major> appedned to <default>
SimplePlotManager::groupByName <default.TFCtagged> appedned to <default>
