[GPUManager]() registered
regV registering [npe] as [0x2cb4180]
regV registering [npe_short] as [0x2cb42b0]
regV registering [Po218:peak] as [6002]
regV registering [Rn222:peak] as [5490]
regV registering [Po210:peak] as [5305]
Loaded path: </p/project/cjikp20/jikp2013/bx-GooStats-dingxf_dev/bx-GooStats/data>
RawSpectrumProvider::registerSpecies Register [nu(pep)]
RawSpectrumProvider::registerSpecies Register [nu(Be7)_sunT]
RawSpectrumProvider::registerSpecies Register [nu(Be7)_nosunT]
RawSpectrumProvider::registerSpecies Register [nu(CNO)]
RawSpectrumProvider::registerSpecies Register [nu(pp)_oleg]
RawSpectrumProvider::registerSpecies Register [nu(pp)_aldo]
RawSpectrumProvider::registerSpecies Register [nu(pp)]
RawSpectrumProvider::registerSpecies Register [nu(B8)]
RawSpectrumProvider::registerSpecies Register [C14_universal]
Warning: c14_shape_factor is taken as 1.24
RawSpectrumProvider::registerSpecies Register [C14]
RawSpectrumProvider::registerSpecies Register [C11]
RawSpectrumProvider::registerSpecies Register [C10]
RawSpectrumProvider::registerSpecies Register [Kr85]
RawSpectrumProvider::registerSpecies Register [B12]
RawSpectrumProvider::registerSpecies Register [He6]
RawSpectrumProvider::registerSpecies Register [Pa234m]
RawSpectrumProvider::registerSpecies Register [K40]
RawSpectrumProvider::registerSpecies Register [La138]
RawSpectrumProvider::registerSpecies Register [Bi210_mach4]
RawSpectrumProvider::registerSpecies Register [Bi210_oleg]
RawSpectrumProvider::registerSpecies Register [Bi210_aldo]
RawSpectrumProvider::registerSpecies Register [Bi210_daniel]
RawSpectrumProvider::registerSpecies Register [Bi210_flothmann]
RawSpectrumProvider::registerSpecies Register [Bi210_grau]
RawSpectrumProvider::registerSpecies Register [Pb214_KM]
RawSpectrumProvider::registerSpecies Register [Pb214_aldo_1]
RawSpectrumProvider::registerSpecies Register [Pb214_aldo_2]
RawSpectrumProvider::registerSpecies Register [Pb214_aldo_3]
RawSpectrumProvider::registerSpecies Register [Pb214_aldo_4]
RawSpectrumProvider::registerSpecies Register [Pb214_aldo_5]
RawSpectrumProvider::registerSpecies Register [Pb214_aldo_6]
RawSpectrumProvider::registerSpecies Register [Pb214_aldo_7]
RawSpectrumProvider::registerSpecies Register [Ext_Tl208]
RawSpectrumProvider::registerSpecies Register [Ext_Bi214]
RawSpectrumProvider::registerSpecies Register [Ext_K40]
RawSpectrumProvider::registerSpecies Register [U238_chain]
RawSpectrumProvider::registerSpecies Register [Th232_chain]
RawSpectrumProvider::registerSpecies Register [C14_pileup]
[InputManager]() registered
[PrepareData]() registered
[SimpleFit]() registered
[CNOTest]() registered
[HMLMTest]() registered
[ScanPar]() registered
[CorrelationManager]() registered
[ContourManager]() registered
[OutputManager]() registered
Checking GPU [0]/[1]
Running on [Tesla K80] with compute capability of 3.7
Warning: BatchOutputManager not set, default are used.
LOG: Getting data from file input_files/Period2018_FVpep_TFCMI_c19.root
Searching final_nhits_pp_0 in pp
LOG: fitting histogram final_nhits_pp_0
WARNING: chain_counts_cum not TH1D, trying other TH1
WARNING: No chain_counts_cum in input directory, trying in the main directory of the file
chain_counts_cum: mean 22.9392
[default] adopt [global] as its parent.
Inserting period [default,input_files/Period2018_FVpep_TFCMI_c19.root,pp/final_nhits_pp_0,fitoptions/fitoptions_cno-mv-2018-pdfs_new-nhits-emin140_Po210-shift.cfg,species_list/species-fit-cno-mvCNO-hm.icc]
ARG[1] <icc> = [species_list/species-fit-cno-mvCNO-hm.icc]
InputManager::registerConfigset(default)
Loading from <fitoptions/fitoptions_cno-mv-2018-pdfs_new-nhits-emin140_Po210-shift.cfg>
h_n_used_pmts: mean 1226.88
h_n_used_pmts_weighted: mean 1228.13
h_n_used_pmts0: mean 1226.88
h_n_used_pmts_weighted0: mean 1228.16
h_n_used_pmts1: mean 1226.87
h_n_used_pmts_weighted1: mean 1228.09
option <n_used_charge_histo_name> not set, default value [h_n_used_charge] used
h_n_used_charge: mean 1222.19
option <n_used_charge_po210_histo_name> not set, default value [h_n_used_charge_weighted] used
h_n_used_charge_weighted: mean 1223.33
feq_inv: mean 1.63063
Mask [mask_2] from [h_n_used_pmts] Mean <999.503> RMS <576.88>
Mask [mask_3] from [h_n_used_pmts_weighted] Mean <999.504> RMS <576.88>
Mask [mask_4] from [h_n_used_pmts0] Mean <999.503> RMS <576.88>
Mask [mask_5] from [h_n_used_pmts_weighted0] Mean <999.504> RMS <576.88>
Mask [mask_6] from [h_n_used_pmts1] Mean <999.504> RMS <576.88>
Mask [mask_7] from [h_n_used_pmts_weighted1] Mean <999.504> RMS <576.88>
*********Dump options parsed*********************************
MC_ext_bkg => <true>
alpha_response_function => <scaled_poisson>
alpha_subtracted => <false>
apply_radiochemical_constraints => <false>
applying_mask => <true>
beta_response_function => <scaled_poisson>
bi210_spectrum => <aldo>
c11_quenching_fixed => <false>
c11_subtracted => <true>
complementary_histo_fit => <true>
complementary_histo_name => <pp/final_nhits_pp_1>
convolve_dark_noise => <false>
dark_noise_window => <win1>
fit_results_output => <fit_results.root>
fit_variable => <nhits>
fit_variable_MC => <nhits>
freeMCshiftPo210 => <true>
geometric_correction_on => <false>
icc => <species_list/species-fit-cno-mvCNO-hm.icc>
ly_fixed => <false>
meantime_cut => <no>
minimization_method => <likelihood>
minimization_routine => <minuit>
montecarlo_interpolation => <off>
montecarlo_spectra_file => <pdfs_new/MCspectra_FVpep_Period_2018_unmasked.root>
multivariate_ps_fit => <true>
multivariate_rdist_fit => <true>
n_used_pmts_histo_name => <h_n_used_pmts>
n_used_pmts_po210_histo_name => <h_n_used_pmts_weighted>
n_used_pmts_po210_tfc0_histo_name => <h_n_used_pmts_weighted0>
n_used_pmts_po210_tfc1_histo_name => <h_n_used_pmts_weighted1>
n_used_pmts_tfc0_histo_name => <h_n_used_pmts0>
n_used_pmts_tfc1_histo_name => <h_n_used_pmts1>
neutrino_magnetic_moment => <no>
no_lead_cut => <no>
norm_variable => <true>
npe_offset_fixed => <true>
pb214_spectrum => <aldo>
pileup_eff_ly_fixed => <true>
plot_filename => <plot.root>
po210_quenching_fixed => <false>
quenching_parameterization => <echidna>
save_fit_results => <false>
scale_poisson => <true>
show_only_c14_c14 => <false>
spectra_pdfs => <montecarlo>
synthpup_file => <P91011_Synthetic_Spectra.root>
synthpup_hist => <h_synth_spec_5_dt1>
use_alpha_response_function => <false>
use_remaining_pb214 => <false>
weighted_response => <false>
alpha_resolution_0_guess => float: [1.2]
alpha_resolution_0_max => float: [20]
alpha_resolution_0_min => float: [0]
alpha_resolution_1_guess => float: [0]
alpha_resolution_1_max => float: [0]
alpha_resolution_1_min => float: [0]
alpha_resolution_2_guess => float: [0]
alpha_resolution_2_max => float: [0]
alpha_resolution_2_min => float: [0]
beta_resolution_0_guess => float: [3]
beta_resolution_0_max => float: [20]
beta_resolution_0_min => float: [0]
beta_resolution_1_guess => float: [3]
beta_resolution_1_max => float: [20]
beta_resolution_1_min => float: [0]
beta_resolution_2_guess => float: [7]
beta_resolution_2_max => float: [7]
beta_resolution_2_min => float: [7]
beta_resolution_3_guess => float: [2]
beta_resolution_3_max => float: [10]
beta_resolution_3_min => float: [0]
beta_resolution_4_guess => float: [0]
beta_resolution_4_max => float: [0]
beta_resolution_4_min => float: [0]
beta_resolution_5_guess => float: [0]
beta_resolution_5_max => float: [0]
beta_resolution_5_min => float: [0]
c11_quenching => float: [0.8828]
c14_shape_factor => float: [1.24]
c14_threshold => float: [100]
dark_noise_threshold => float: [100]
ext_bckgd_eff_ly => float: [1.0228]
fCher => float: [2]
fit_verbosity => float: [0]
geometric_correction => float: [0.112]
histogram_binwidth => float: [1]
kb => float: [0.0109]
ly_guess => float: [0.49]
maximum_energy => float: [950]
meantime_cut_correction_c1 => float: [0.974]
meantime_cut_correction_c2 => float: [-0.00211]
minimum_energy => float: [140]
multivariate_ps_fit_bins => float: [1]
multivariate_ps_fit_max => float: [650]
multivariate_ps_fit_min => float: [400]
multivariate_ps_fit_smooth => float: [0]
multivariate_rdist_fit_bins => float: [16]
multivariate_rdist_fit_max => float: [900]
multivariate_rdist_fit_min => float: [500]
multivariate_rdist_fit_smooth => float: [0]
npe_offset => float: [0]
number_of_bins_for_weighted_response => float: [10]
pileup_eff_ly => float: [0.935]
po210_quenching => float: [0.07879]
poisson_factor => float: [15]
poisson_threshold => float: [100]
ser_under_threshold => float: [0.12]
sys_errors_scale => float: [0]
unequalization_factor => float: [1]
*************************************************************
Inserting Constant name [compute_likelihood_p_value] value [0]
regV registering [compute_likelihood_p_value] as [0]
Inserting [C11_qch] to [global]
Inserting [Po210_qch] to [default]
Inserting [extly_qch] to [global]
Linking [Ext_Tl208_qch] with [extly_qch] in [global]
Linking [Ext_Bi214_qch] with [extly_qch] in [global]
Linking [Ext_K40_qch] with [extly_qch] in [global]
Inserting [Po218_qch] to [global]
Inserting [Rn222_qch] to [global]
Inserting [C10_qch] to [global]
Bad programming style of using const_cast!!!
regV registering [NL] as [0x7ffec75d46a0]
Inserting [beta_ly] to [default]
810
Inserting [beta_resolution_0] to [global]
Inserting [beta_resolution_1] to [global]
Inserting [beta_resolution_2] to [global]
Inserting [beta_resolution_3] to [global]
Inserting [beta_resolution_4] to [global]
Inserting [beta_resolution_5] to [global]
Inserting [alpha_resolution_0] to [default]
Inserting [alpha_resolution_1] to [default]
Inserting [alpha_resolution_2] to [default]
Inserting [alpha_resolution_3] to [default]
Inserting [alpha_resolution_4] to [default]
Inserting [alpha_resolution_5] to [default]
Inserting [mlp_correction_0] to [default]
Inserting [mlp_correction_1] to [default]
Inserting [mlp_correction_2] to [default]
Inserting [mlp_correction_3] to [default]
Integral: 11.6405, sum = 1.17605e+06, endpoint = 671.809
Integral: 76.3209, sum = 1.81556e+07, endpoint = 264.064
RawSpectrumProvider::registerSpecies Register [nu(Be7+munu)]
RawSpectrumProvider::registerSpecies Register [nu(pp+munu)]
RawSpectrumProvider::registerSpecies Register [Bi210]
RawSpectrumProvider::registerSpecies Register [nu(Be7)]
feq: 1.63015 feq_po: 1.62849
Inserting [default] to default feq: 1.63015 0
Inserting [Po210] to default feq: 1.62849 0
Dumping pre-created rates:
INFO: loading species from file species_list/species-fit-cno-mvCNO-hm.icc
Inserting [Bi210] to [default]
Inserting [C10_2] to [default]
Inserting [C11] to [default]
Inserting [C11_2] to [default]
Inserting [Ext_Bi214] to [global]
Inserting [Ext_K40] to [global]
Inserting [Ext_Tl208] to [global]
Inserting [He6_2] to [global]
Inserting [Kr85] to [default]
Inserting [Po210] to [default]
Inserting [Po210_2] to [default]
Inserting [nu(B8)] to [default]
Inserting [nu(Be7)] to [global]
Inserting [nu(CNO)] to [global]
Inserting [nu(pep)] to [global]
 [global] : (C10_qch, global.C10_qch) 
 [global] : (C11_qch, global.C11_qch) 
 [global] : (Ext_Bi214, global.Ext_Bi214) 
 [global] : (Ext_Bi214_qch, global.extly_qch) 
 [global] : (Ext_K40, global.Ext_K40) 
 [global] : (Ext_K40_qch, global.extly_qch) 
 [global] : (Ext_Tl208, global.Ext_Tl208) 
 [global] : (Ext_Tl208_qch, global.extly_qch) 
 [global] : (He6_2, global.He6_2) 
 [global] : (Po218_qch, global.Po218_qch) 
 [global] : (Rn222_qch, global.Rn222_qch) 
 [global] : (beta_resolution_0, global.beta_resolution_0) 
 [global] : (beta_resolution_1, global.beta_resolution_1) 
 [global] : (beta_resolution_2, global.beta_resolution_2) 
 [global] : (beta_resolution_3, global.beta_resolution_3) 
 [global] : (beta_resolution_4, global.beta_resolution_4) 
 [global] : (beta_resolution_5, global.beta_resolution_5) 
 [global] : (extly_qch, global.extly_qch) 
 [global] : (nu(Be7), global.nu(Be7)) 
 [global] : (nu(CNO), global.nu(CNO)) 
 [global] : (nu(pep), global.nu(pep)) 
default>-- [default] : (Bi210, default.Bi210) 
default>-- [default] : (C10_2, default.C10_2) 
default>-- [default] : (C11, default.C11) 
default>-- [default] : (C11_2, default.C11_2) 
default>-- [default] : (Kr85, default.Kr85) 
default>-- [default] : (Po210, default.Po210) 
default>-- [default] : (Po210_2, default.Po210_2) 
default>-- [default] : (Po210_qch, default.Po210_qch) 
default>-- [default] : (alpha_resolution_0, default.alpha_resolution_0) 
default>-- [default] : (alpha_resolution_1, default.alpha_resolution_1) 
default>-- [default] : (alpha_resolution_2, default.alpha_resolution_2) 
default>-- [default] : (alpha_resolution_3, default.alpha_resolution_3) 
default>-- [default] : (alpha_resolution_4, default.alpha_resolution_4) 
default>-- [default] : (alpha_resolution_5, default.alpha_resolution_5) 
default>-- [default] : (beta_ly, default.beta_ly) 
default>-- [default] : (mlp_correction_0, default.mlp_correction_0) 
default>-- [default] : (mlp_correction_1, default.mlp_correction_1) 
default>-- [default] : (mlp_correction_2, default.mlp_correction_2) 
default>-- [default] : (mlp_correction_3, default.mlp_correction_3) 
default>-- [default] : (nu(B8), default.nu(B8)) 
InputManager::registerDataset(default.Major)
InputManager::registerDataset(default.TFCtagged)
Inserting period full [default.Major]
Inserting period full [default.TFCtagged]
Livetime: 199.018 days (c11 subtracted)
computing mass from input_files/Period2018_FVpep_TFCMI_c19.root
Mass: 71.3 tons
Inserting [default.Major] exposure : [14190 (day x tons)]
computing mass from input_files/Period2018_FVpep_TFCMI_c19.root
Inserting [default.TFCtagged] exposure : [9299.89 (day x tons)]
Inserting type [remaining_pb214] name [default] value [0]
Remaining Pb214 [default] : 0 cpd/100 tons
WARNING: pp/final_nhits_pp_1 not TH1D, trying other TH1
WARNING: No pp/final_nhits_pp_1 in input directory, trying in the main directory of the file
pp/final_nhits_pp_1: mean 53.6636
WARNING: the spectrum of [Major] had not Sumw2 set. Setting it now.
WARNING: the spectrum of [TFCtagged] had not Sumw2 set. Setting it now.
Inserting [default.Major] data set
Inserting [default.TFCtagged] data set
INFO: loading species from file species_list/species-fit-cno-mvCNO-hm.icc
Loading [Bi210] from [pdfs_new/MCspectra_FVpep_Period_2018_unmasked.root/bi210_nhits]
bad programing style, const_cast!!
creating MC species [Bi210] in [default]
Warning: quenching [Bi210_qch] not found in [default].
[Bi210] loaded for [default]
Inserting species (Bi210)[Bi210] to [default.Major] 
Inserting species (Bi210)[Bi210] to [default.TFCtagged] 
Loading [C10] from [pdfs_new/MCspectra_FVpep_Period_2018_unmasked.root/c10_nhits]
bad programing style, const_cast!!
creating MC species [C10] in [default]
[C10] loaded for [default]
Inserting species (C10_2)[C10] to [default.TFCtagged] 
Loading [C11] from [pdfs_new/MCspectra_FVpep_Period_2018_unmasked.root/c11_nhits]
bad programing style, const_cast!!
creating MC species [C11] in [default]
[C11] loaded for [default]
Inserting species (C11)[C11] to [default.Major] 
creating MC species [C11] in [default]
[C11] loaded for [default]
Inserting species (C11_2)[C11] to [default.TFCtagged] 
Loading [Ext_Bi214] from [pdfs_new/MCspectra_FVpep_Period_2018_unmasked.root/ext_bi214_nhits]
bad programing style, const_cast!!
creating MC species [Ext_Bi214] in [default]
[Ext_Bi214] loaded for [default]
Inserting species (Ext_Bi214)[Ext_Bi214] to [default.Major] 
Inserting species (Ext_Bi214)[Ext_Bi214] to [default.TFCtagged] 
Loading [Ext_K40] from [pdfs_new/MCspectra_FVpep_Period_2018_unmasked.root/ext_k40_nhits]
bad programing style, const_cast!!
creating MC species [Ext_K40] in [default]
[Ext_K40] loaded for [default]
Inserting species (Ext_K40)[Ext_K40] to [default.Major] 
Inserting species (Ext_K40)[Ext_K40] to [default.TFCtagged] 
Loading [Ext_Tl208] from [pdfs_new/MCspectra_FVpep_Period_2018_unmasked.root/ext_tl208_nhits]
bad programing style, const_cast!!
creating MC species [Ext_Tl208] in [default]
[Ext_Tl208] loaded for [default]
Inserting species (Ext_Tl208)[Ext_Tl208] to [default.Major] 
Inserting species (Ext_Tl208)[Ext_Tl208] to [default.TFCtagged] 
Loading [He6] from [pdfs_new/MCspectra_FVpep_Period_2018_unmasked.root/he6_nhits]
bad programing style, const_cast!!
creating MC species [He6] in [default]
Warning: quenching [He6_qch] not found in [default].
[He6] loaded for [default]
Inserting species (He6_2)[He6] to [default.TFCtagged] 
Loading [Kr85] from [pdfs_new/MCspectra_FVpep_Period_2018_unmasked.root/kr85_nhits]
bad programing style, const_cast!!
creating MC species [Kr85] in [default]
Warning: quenching [Kr85_qch] not found in [default].
[Kr85] loaded for [default]
Inserting species (Kr85)[Kr85] to [default.Major] 
Inserting species (Kr85)[Kr85] to [default.TFCtagged] 
Loading [Po210] from [pdfs_new/MCspectra_FVpep_Period_2018_unmasked.root/po210_nhits]
bad programing style, const_cast!!
creating MC species [Po210] in [default]
bad programming! const_cast used!
Inserting [MCscalePo210] to [default]
Inserting [MCshiftPo210] to [default]
[Po210] loaded for [default]
Inserting species (Po210)[Po210] to [default.Major] 
creating MC species [Po210] in [default]
bad programming! const_cast used!
[Po210] loaded for [default]
Inserting species (Po210_2)[Po210] to [default.TFCtagged] 
Loading [nu(B8)] from [pdfs_new/MCspectra_FVpep_Period_2018_unmasked.root/b8_nhits]
bad programing style, const_cast!!
creating MC species [nu(B8)] in [default]
Warning: quenching [nu(B8)_qch] not found in [default].
[nu(B8)] loaded for [default]
Inserting species (nu(B8))[nu(B8)] to [default.Major] 
Inserting species (nu(B8))[nu(B8)] to [default.TFCtagged] 
Loading [nu(Be7)] from [pdfs_new/MCspectra_FVpep_Period_2018_unmasked.root/be7_nhits]
bad programing style, const_cast!!
creating MC species [nu(Be7)] in [default]
Warning: quenching [nu(Be7)_qch] not found in [default].
[nu(Be7)] loaded for [default]
Inserting species (nu(Be7))[nu(Be7)] to [default.Major] 
Inserting species (nu(Be7))[nu(Be7)] to [default.TFCtagged] 
Loading [nu(CNO)] from [pdfs_new/MCspectra_FVpep_Period_2018_unmasked.root/cno_nhits]
bad programing style, const_cast!!
creating MC species [nu(CNO)] in [default]
Warning: quenching [nu(CNO)_qch] not found in [default].
[nu(CNO)] loaded for [default]
Inserting species (nu(CNO))[nu(CNO)] to [default.Major] 
Inserting species (nu(CNO))[nu(CNO)] to [default.TFCtagged] 
Loading [nu(pep)] from [pdfs_new/MCspectra_FVpep_Period_2018_unmasked.root/pep_nhits]
bad programing style, const_cast!!
creating MC species [nu(pep)] in [default]
Warning: quenching [nu(pep)_qch] not found in [default].
[nu(pep)] loaded for [default]
Inserting species (nu(pep))[nu(pep)] to [default.Major] 
Inserting species (nu(pep))[nu(pep)] to [default.TFCtagged] 
Inserting [default.Major] species vector
searching for [Bi210_sys]..
searching for [C11_sys]..
searching for [Ext_Bi214_sys]..
searching for [Ext_K40_sys]..
searching for [Ext_Tl208_sys]..
searching for [Kr85_sys]..
searching for [Po210_sys]..
searching for [nu(B8)_sys]..
searching for [nu(Be7)_sys]..
searching for [nu(CNO)_sys]..
searching for [nu(pep)_sys]..
Inserting [default.TFCtagged] species vector
searching for [Bi210_sys]..
searching for [C10_2_sys]..
searching for [C11_2_sys]..
searching for [Ext_Bi214_sys]..
searching for [Ext_K40_sys]..
searching for [Ext_Tl208_sys]..
searching for [He6_2_sys]..
searching for [Kr85_sys]..
searching for [Po210_2_sys]..
searching for [nu(B8)_sys]..
searching for [nu(Be7)_sys]..
searching for [nu(CNO)_sys]..
searching for [nu(pep)_sys]..
setting quenching of [Po210] to [0.07879]
Pb214 not implemented in bx-GooStats, it's ignored
setting quenching of [C11] to [0.8828]
INFO: 210Po PMTs used: 2000,0
RawSpectrumProvider::registerSpecies Register [default.Major]
type: [default.Major][0][1]
You have chosen SeparateSumPdfFactory<DnType<NoDn> MLPType<no> MaskType<Mask> DnAfterMask <no>>
SumPdf::registerFunc register [Bi210] as [0]
SumPdf::registerFunc register [C11] as [1]
SumPdf::registerFunc register [Ext_Bi214] as [2]
SumPdf::registerFunc register [Ext_K40] as [3]
SumPdf::registerFunc register [Ext_Tl208] as [4]
SumPdf::registerFunc register [Kr85] as [5]
SumPdf::registerFunc register [Po210] as [6]
SumPdf::registerFunc register [nu(B8)] as [7]
SumPdf::registerFunc register [nu(Be7)] as [8]
SumPdf::registerFunc register [nu(CNO)] as [9]
SumPdf::registerFunc register [nu(pep)] as [10]
SumPdf::registerFunc register [Bi210] as [11]
SumPdf::registerFunc register [C11] as [12]
SumPdf::registerFunc register [Ext_Bi214] as [13]
SumPdf::registerFunc register [Ext_K40] as [14]
SumPdf::registerFunc register [Ext_Tl208] as [15]
SumPdf::registerFunc register [Kr85] as [16]
SumPdf::registerFunc register [Po210] as [17]
SumPdf::registerFunc register [nu(B8)] as [18]
SumPdf::registerFunc register [nu(Be7)] as [19]
SumPdf::registerFunc register [nu(CNO)] as [20]
SumPdf::registerFunc register [nu(pep)] as [21]
Inserting [default.Major] sum pdf
Checking [Bi210] for <User> found? [1] is class<0>? [1]
Checking [C11] for <User> found? [1] is class<0>? [0]
Checking [Ext_Bi214] for <User> found? [1] is class<0>? [1]
Checking [Ext_K40] for <User> found? [1] is class<0>? [1]
Checking [Ext_Tl208] for <User> found? [1] is class<0>? [1]
Checking [Kr85] for <User> found? [1] is class<0>? [1]
Checking [Po210] for <User> found? [1] is class<0>? [1]
Checking [nu(B8)] for <User> found? [1] is class<0>? [1]
Checking [nu(Be7)] for <User> found? [1] is class<0>? [1]
Checking [nu(CNO)] for <User> found? [1] is class<0>? [1]
Checking [nu(pep)] for <User> found? [1] is class<0>? [1]
Checking [Bi210] for <User> found? [1] is class<1>? [0]
Checking [C11] for <User> found? [1] is class<1>? [1]
Checking [Ext_Bi214] for <User> found? [1] is class<1>? [0]
Checking [Ext_K40] for <User> found? [1] is class<1>? [0]
Checking [Ext_Tl208] for <User> found? [1] is class<1>? [0]
Checking [Kr85] for <User> found? [1] is class<1>? [0]
Checking [Po210] for <User> found? [1] is class<1>? [0]
Checking [nu(B8)] for <User> found? [1] is class<1>? [0]
Checking [nu(Be7)] for <User> found? [1] is class<1>? [0]
Checking [nu(CNO)] for <User> found? [1] is class<1>? [0]
Checking [nu(pep)] for <User> found? [1] is class<1>? [0]
Inserting [default]-[default] MV term
Checking [Bi210] for <Rdist> found? [1] is class<0>? [1]
Checking [C11] for <Rdist> found? [1] is class<0>? [1]
Checking [Ext_Bi214] for <Rdist> found? [1] is class<0>? [0]
Checking [Ext_K40] for <Rdist> found? [1] is class<0>? [0]
Checking [Ext_Tl208] for <Rdist> found? [1] is class<0>? [0]
Checking [Kr85] for <Rdist> found? [1] is class<0>? [1]
Checking [Po210] for <Rdist> found? [1] is class<0>? [1]
Checking [nu(B8)] for <Rdist> found? [1] is class<0>? [1]
Checking [nu(Be7)] for <Rdist> found? [1] is class<0>? [1]
Checking [nu(CNO)] for <Rdist> found? [1] is class<0>? [1]
Checking [nu(pep)] for <Rdist> found? [1] is class<0>? [1]
Checking [Bi210] for <Rdist> found? [1] is class<1>? [0]
Checking [C11] for <Rdist> found? [1] is class<1>? [0]
Checking [Ext_Bi214] for <Rdist> found? [1] is class<1>? [1]
Checking [Ext_K40] for <Rdist> found? [1] is class<1>? [1]
Checking [Ext_Tl208] for <Rdist> found? [1] is class<1>? [1]
Checking [Kr85] for <Rdist> found? [1] is class<1>? [0]
Checking [Po210] for <Rdist> found? [1] is class<1>? [0]
Checking [nu(B8)] for <Rdist> found? [1] is class<1>? [0]
Checking [nu(Be7)] for <Rdist> found? [1] is class<1>? [0]
Checking [nu(CNO)] for <Rdist> found? [1] is class<1>? [0]
Checking [nu(pep)] for <Rdist> found? [1] is class<1>? [0]
Inserting [default]-[default] MV term
Inserting [default]-[default] MV term
Inserting [default]-[default] MV term
Inserting [default]-[default] MV term
Inserting [default]-[default] MV term
Inserting [default]-[default] MV term
Inserting [default]-[default] MV term
Inserting [default]-[default] MV term
Inserting [default]-[default] MV term
Inserting [default]-[default] MV term
Inserting [default]-[default] MV term
Inserting [default]-[default] MV term
Inserting [default]-[default] MV term
Inserting [default]-[default] MV term
Inserting [default]-[default] MV term
Inserting [default]-[default] MV term
Pb214 not implemented in bx-GooStats, it's ignored
RawSpectrumProvider::registerSpecies Register [default.TFCtagged]
type: [default.TFCtagged][0][1]
You have chosen SeparateSumPdfFactory<DnType<NoDn> MLPType<no> MaskType<Mask> DnAfterMask <no>>
SumPdf::registerFunc register [C10] as [22]
SumPdf::registerFunc register [C11] as [23]
SumPdf::registerFunc register [He6] as [24]
SumPdf::registerFunc register [Po210] as [25]
SumPdf::registerFunc register [Bi210] as [26]
SumPdf::registerFunc register [C10] as [27]
SumPdf::registerFunc register [C11] as [28]
SumPdf::registerFunc register [Ext_Bi214] as [29]
SumPdf::registerFunc register [Ext_K40] as [30]
SumPdf::registerFunc register [Ext_Tl208] as [31]
SumPdf::registerFunc register [He6] as [32]
SumPdf::registerFunc register [Kr85] as [33]
SumPdf::registerFunc register [Po210] as [34]
SumPdf::registerFunc register [nu(B8)] as [35]
SumPdf::registerFunc register [nu(Be7)] as [36]
SumPdf::registerFunc register [nu(CNO)] as [37]
SumPdf::registerFunc register [nu(pep)] as [38]
Inserting [default.TFCtagged] sum pdf
Inserting (Datasets:default.Major)<default.Major>
Inserting (Datasets:default.TFCtagged)<default.TFCtagged>
Inserting (LikelihoodFactory)<default>
Inserting (LikelihoodFactory)<default>
Inserting (LikelihoodFactory)<default>
Inserting (LikelihoodFactory)<default>
Inserting (LikelihoodFactory)<default>
Inserting (LikelihoodFactory)<default>
Inserting (LikelihoodFactory)<default>
Inserting (LikelihoodFactory)<default>
Inserting (LikelihoodFactory)<default>
Inserting (LikelihoodFactory)<default>
Inserting (LikelihoodFactory)<default>
Inserting (LikelihoodFactory)<default>
Inserting (LikelihoodFactory)<default>
Inserting (LikelihoodFactory)<default>
Inserting (LikelihoodFactory)<default>
Inserting (LikelihoodFactory)<default>
Inserting (LikelihoodFactory)<default>
Debug: LL size 19
 PARAMETER DEFINITIONS:
    NO.   NAME         VALUE      STEP SIZE      LIMITS
     1 default.Bi210   2.00000e+01  1.00000e+00    0.00000e+00  1.00000e+02
     2 default.C11   2.80000e+01  1.00000e+00    0.00000e+00  1.00000e+02
     3 global.Ext_Bi214   5.00000e-01  1.00000e-01    0.00000e+00  1.00000e+01
     4 global.Ext_K40   1.50000e-01  1.00000e-01    0.00000e+00  1.00000e+01
 **********
 **    1 **FIX           4
 **********
 PARAMETER DEFINITIONS:
    NO.   NAME         VALUE      STEP SIZE      LIMITS
     5 global.Ext_Tl208   1.90000e+00  1.00000e-01    0.00000e+00  1.00000e+01
     6 default.Kr85   5.00000e+00  3.00000e-01    0.00000e+00  3.00000e+01
     7 default.Po210   3.00000e+02  2.99999e+01    1.00000e-02  3.00000e+03
     8 default.nu(B8)   4.60000e-01  1.00000e-01    0.00000e+00  1.00000e+01
 **********
 **    2 **FIX           8
 **********
 PARAMETER DEFINITIONS:
    NO.   NAME         VALUE      STEP SIZE      LIMITS
     9 global.nu(Be7)   4.85000e+01  5.00000e-01    2.00000e+01  7.00000e+01
    10 global.nu(CNO)   4.92000e+00  constant
 **********
 **    3 **FIX          10
 **********
 PARAMETER   10  IS CONSTANT.   IGNORED.
 PARAMETER DEFINITIONS:
    NO.   NAME         VALUE      STEP SIZE      LIMITS
    11 global.nu(pep)   2.20000e+00  1.00000e-01    0.00000e+00  1.00000e+01
    12 default.MCscalePo210   1.00000e+00  constant
    13 default.MCshiftPo210   0.00000e+00  1.00000e-03   -5.00000e+01  5.00000e+01
    14 default.C10_2   1.10000e+00  1.00000e-01    0.00000e+00  1.00000e+01
    15 default.C11_2   5.00000e+01  2.00000e+00    0.00000e+00  2.00000e+02
    16 global.He6_2   4.00000e-01  2.00000e-01    0.00000e+00  2.00000e+01
    17 default.Po210_2   3.00000e+02  2.99999e+01    1.00000e-02  3.00000e+03
 **********
 **    4 **SET ERRDEF         0.5
 **********
 PARAMETER DEFINITIONS:
    NO.   NAME         VALUE      STEP SIZE      LIMITS
     1 default.Bi210   2.00000e+01  1.00000e+00    0.00000e+00  1.00000e+02
     2 default.C11   2.80000e+01  1.00000e+00    0.00000e+00  1.00000e+02
     3 global.Ext_Bi214   5.00000e-01  1.00000e-01    0.00000e+00  1.00000e+01
     4 global.Ext_K40   1.50000e-01  1.00000e-01    0.00000e+00  1.00000e+01
 **********
 **    1 **FIX           4
 **********
 PARAMETER DEFINITIONS:
    NO.   NAME         VALUE      STEP SIZE      LIMITS
     5 global.Ext_Tl208   1.90000e+00  1.00000e-01    0.00000e+00  1.00000e+01
     6 default.Kr85   5.00000e+00  3.00000e-01    0.00000e+00  3.00000e+01
     7 default.Po210   3.00000e+02  2.99999e+01    1.00000e-02  3.00000e+03
     8 default.nu(B8)   4.60000e-01  1.00000e-01    0.00000e+00  1.00000e+01
 **********
 **    2 **FIX           8
 **********
 PARAMETER DEFINITIONS:
    NO.   NAME         VALUE      STEP SIZE      LIMITS
     9 global.nu(Be7)   4.85000e+01  5.00000e-01    2.00000e+01  7.00000e+01
    10 global.nu(CNO)   4.92000e+00  constant
 **********
 **    3 **FIX          10
 **********
 PARAMETER   10  IS CONSTANT.   IGNORED.
 PARAMETER DEFINITIONS:
    NO.   NAME         VALUE      STEP SIZE      LIMITS
    11 global.nu(pep)   2.20000e+00  1.00000e-01    0.00000e+00  1.00000e+01
    12 default.MCscalePo210   1.00000e+00  constant
    13 default.MCshiftPo210   0.00000e+00  1.00000e-03   -5.00000e+01  5.00000e+01
    14 default.C10_2   1.10000e+00  1.00000e-01    0.00000e+00  1.00000e+01
    15 default.C11_2   5.00000e+01  2.00000e+00    0.00000e+00  2.00000e+02
    16 global.He6_2   4.00000e-01  2.00000e-01    0.00000e+00  2.00000e+01
    17 default.Po210_2   3.00000e+02  2.99999e+01    1.00000e-02  3.00000e+03
 **********
 **    4 **SET ERRDEF         0.5
 **********
 **********
 **    5 **MINIMIZE       2e+04
 **********
 FIRST CALL TO USER FUNCTION AT NEW START POINT, WITH IFLAG=4.
 START MIGRAD MINIMIZATION.  STRATEGY  1.  CONVERGENCE WHEN EDM .LT. 5.00e-05
 FCN=37528.2 FROM MIGRAD    STATUS=INITIATE      111 CALLS         112 TOTAL
                     EDM= unknown      STRATEGY= 1      NO ERROR MATRIX       
  EXT PARAMETER               CURRENT GUESS       STEP         FIRST   
  NO.   NAME      VALUE            ERROR          SIZE      DERIVATIVE 
   1  default.Bi210   2.00000e+01   1.00000e+00   0.00000e+00   1.96637e+03
   2  default.C11   2.80000e+01   1.00000e+00   0.00000e+00   5.44170e+03
   3  global.Ext_Bi214   6.59446e+00   1.00000e-01   0.00000e+00   3.88105e+01
   4  global.Ext_K40   1.50000e-01     fixed    
   5  global.Ext_Tl208   1.90000e+00   1.00000e-01   0.00000e+00  -7.68988e+01
   6  default.Kr85   5.00000e+00   3.00000e-01   0.00000e+00   5.90718e+02
   7  default.Po210   3.00000e+02   2.99999e+01   0.00000e+00   8.62574e+04
   8  default.nu(B8)   4.60000e-01     fixed    
   9  global.nu(Be7)   4.85000e+01   5.00000e-01   0.00000e+00   1.39738e+03
  10  global.nu(CNO)   4.92000e+00   constant   
  11  global.nu(pep)   2.20000e+00   1.00000e-01   0.00000e+00   2.70966e+02
  12  default.MCscalePo210   1.00000e+00   constant   
  13  default.MCshiftPo210   0.00000e+00   1.00000e-03   0.00000e+00   2.10857e+02
  14  default.C10_2   1.10000e+00   1.00000e-01   0.00000e+00   1.75845e+01
  15  default.C11_2   5.00000e+01   2.00000e+00   0.00000e+00  -2.08082e+03
  16  global.He6_2   6.04148e+00   2.00000e-01   8.80007e-01  -2.70916e+00
  17  default.Po210_2   3.00000e+02   2.99999e+01   0.00000e+00   5.69358e+04
                               ERR DEF= 0.5
 MIGRAD MINIMIZATION HAS CONVERGED.
 MIGRAD WILL VERIFY CONVERGENCE AND ERROR MATRIX.
 COVARIANCE MATRIX CALCULATED SUCCESSFULLY
 FCN=5024.25 FROM MIGRAD    STATUS=CONVERGED    1393 CALLS        1394 TOTAL
                     EDM=5.3683e-07    STRATEGY= 1      ERROR MATRIX ACCURATE 
  EXT PARAMETER                                   STEP         FIRST   
  NO.   NAME      VALUE            ERROR          SIZE      DERIVATIVE 
   1  default.Bi210   9.85629e+00   2.86895e+00   1.73407e-03   6.91020e-03
   2  default.C11   1.50654e+00   1.53679e-01   5.48517e-04   7.43727e-04
   3  global.Ext_Bi214   5.17402e+00   9.24480e-01   6.46735e-03   1.04484e-03
   4  global.Ext_K40   1.50000e-01     fixed    
   5  global.Ext_Tl208   4.73089e+00   4.47573e-01   2.98989e-03  -1.40336e-03
   6  default.Kr85   7.74148e+00   3.56985e+00   5.32594e-03  -1.04110e-03
   7  default.Po210   4.90325e+01   9.81614e-01   9.65279e-05   3.44915e-02
   8  default.nu(B8)   4.60000e-01     fixed    
   9  global.nu(Be7)   4.94968e+01   2.60708e+00   1.97476e-03  -6.40453e-03
  10  global.nu(CNO)   4.92000e+00   constant   
  11  global.nu(pep)   3.62111e+00   6.63765e-01   3.84151e-03  -1.35546e-03
  12  default.MCscalePo210   1.00000e+00   constant   
  13  default.MCshiftPo210  -1.98042e-01   2.42790e-01   2.24475e-04  -1.99606e-02
  14  default.C10_2   1.80488e+00   3.18476e-01   3.51991e-03  -3.72594e-03
  15  default.C11_2   6.68394e+01   8.88408e-01   4.52574e-04   3.77751e-03
  16  global.He6_2   2.06374e-07   8.05570e-01   1.96767e-02** at limit **
  17  default.Po210_2   4.75369e+01   1.10730e+00   1.19501e-04   2.69706e-02
                               ERR DEF= 0.5
 EXTERNAL ERROR MATRIX.    NDIM=  25    NPAR= 13    ERR DEF=0.5
 ELEMENTS ABOVE DIAGONAL ARE NOT PRINTED.
  8.256e+00 
 -1.131e-01  2.362e-02 
 -1.413e-01 -2.674e-02  8.646e-01 
 -2.193e-02 -4.334e-03  2.577e-01  2.009e-01 
  1.032e+00 -3.300e-02 -4.175e-02 -6.758e-03  1.307e+01 
 -1.022e-01  2.774e-04  2.052e-05  8.224e-05  1.931e+00  9.636e-01 
  4.472e+00 -3.471e-02 -3.405e-02 -4.046e-03 -5.625e+00 -5.986e-01  6.822e+00 
  1.452e+00 -3.866e-02 -8.056e-02 -1.376e-02  3.592e-01 -7.200e-03  5.338e-01  4.434e-01 
  7.857e-02 -6.478e-04 -8.837e-04 -9.578e-05 -2.580e-01 -3.793e-02  1.812e-01  9.817e-03  5.895e-02 
  1.126e-02  1.326e-03  4.620e-03  5.660e-02  3.515e-03  5.839e-05  2.995e-03  5.616e-03  7.953e-05  1.017e-01 
  1.749e-01 -1.102e-02  7.292e-02  2.023e-02  6.855e-02  5.956e-04  2.780e-02  7.908e-02  6.070e-04  1.308e-02  7.893e-01 
 -1.278e-05 -5.838e-08  3.549e-06  1.336e-06 -6.562e-06  5.137e-07 -1.369e-06 -1.276e-06 -3.749e-08  1.486e-05 -1.301e-05 
 -1.278e-05 -5.838e-08  3.549e-06  1.336e-06 -6.562e-06  5.137e-07 -1.369e-06 -1.276e-06 -3.749e-08  1.486e-05 -1.301e-05  6.741e-07 
 -1.005e-01  2.711e-04 -5.118e-05  6.467e-05  1.904e+00  3.954e-01 -5.901e-01 -7.050e-03 -3.722e-02  2.714e-05  6.008e-04 
 -1.005e-01  2.711e-04 -5.118e-05  6.467e-05  1.904e+00  3.954e-01 -5.901e-01 -7.050e-03 -3.722e-02  2.714e-05  6.008e-04 -9.761e-07  1.226e+00 
 PARAMETER  CORRELATION COEFFICIENTS  
       NO.  GLOBAL      1      2      3      5      6      7      9     11     13     14     15     16     17
        1  0.93005   1.000 -0.256 -0.053 -0.017  0.099 -0.036  0.596  0.759  0.113  0.012  0.069 -0.005 -0.032
        2  0.45945  -0.256  1.000 -0.187 -0.063 -0.059  0.002 -0.086 -0.378 -0.017  0.027 -0.081 -0.000  0.002
        3  0.70422  -0.053 -0.187  1.000  0.618 -0.012  0.000 -0.014 -0.130 -0.004  0.016  0.088  0.005 -0.000
        5  0.73284  -0.017 -0.063  0.618  1.000 -0.004  0.000 -0.003 -0.046 -0.001  0.396  0.051  0.004  0.000
        6  0.91861   0.099 -0.059 -0.012 -0.004  1.000  0.544 -0.596  0.149 -0.294  0.003  0.021 -0.002  0.476
        7  0.64511  -0.036  0.002  0.000  0.000  0.544  1.000 -0.233 -0.011 -0.159  0.000  0.001  0.001  0.364
        9  0.92506   0.596 -0.086 -0.014 -0.003 -0.596 -0.233  1.000  0.307  0.286  0.004  0.012 -0.001 -0.204
       11  0.82410   0.759 -0.378 -0.130 -0.046  0.149 -0.011  0.307  1.000  0.061  0.026  0.134 -0.002 -0.010
       13  0.32885   0.113 -0.017 -0.004 -0.001 -0.294 -0.159  0.286  0.061  1.000  0.001  0.003 -0.000 -0.138
       14  0.49759   0.012  0.027  0.016  0.396  0.003  0.000  0.004  0.026  0.001  1.000  0.046  0.057  0.000
       15  0.18984   0.069 -0.081  0.088  0.051  0.021  0.001  0.012  0.134  0.003  0.046  1.000 -0.018  0.001
       16  0.06891  -0.005 -0.000  0.005  0.004 -0.002  0.001 -0.001 -0.002 -0.000  0.057 -0.018  1.000 -0.001
       17  0.56384  -0.032  0.002 -0.000  0.000  0.476  0.364 -0.204 -0.010 -0.138  0.000  0.001 -0.001  1.000
 **********
 **    6 **HESSE
 **********
 COVARIANCE MATRIX CALCULATED SUCCESSFULLY
 FCN=5024.25 FROM HESSE     STATUS=OK            131 CALLS        1525 TOTAL
                     EDM=5.52791e-07    STRATEGY= 1      ERROR MATRIX ACCURATE 
  EXT PARAMETER                                INTERNAL      INTERNAL  
  NO.   NAME      VALUE            ERROR       STEP SIZE       VALUE   
   1  default.Bi210   9.85629e+00   2.84905e+00   6.93629e-05  -9.32101e-01
   2  default.C11   1.50654e+00   1.53550e-01   1.09703e-04  -1.81690e+00
   3  global.Ext_Bi214   5.17402e+00   9.23921e-01   2.58694e-04   3.10678e+00
   4  global.Ext_K40   1.50000e-01     fixed    
   5  global.Ext_Tl208   4.73089e+00   4.47576e-01   1.19596e-04  -5.38490e-02
   6  default.Kr85   7.74148e+00   3.58244e+00   2.13038e-04  -2.63649e+00
   7  default.Po210   4.90325e+01   9.83363e-01   1.93056e-05  -1.31443e+00
   8  default.nu(B8)   4.60000e-01     fixed    
   9  global.nu(Be7)   4.94968e+01   2.59750e+00   7.89903e-05  -9.60563e+00
  10  global.nu(CNO)   4.92000e+00   constant   
  11  global.nu(pep)   3.62111e+00   6.61090e-01   7.68302e-04  -2.86219e+00
  12  default.MCscalePo210   1.00000e+00   constant   
  13  default.MCshiftPo210  -1.98042e-01   2.42766e-01   4.48950e-05  -3.96086e-03
  14  default.C10_2   1.80488e+00   3.18007e-01   1.40796e-04  -2.44837e+00
  15  default.C11_2   6.68394e+01   8.88272e-01   1.81029e-05  -3.38006e-01
  16  global.He6_2   2.06374e-07   8.05702e-01   3.93534e-03  -1.57059e+00
                                 WARNING -   - ABOVE PARAMETER IS AT LIMIT.
  17  default.Po210_2   4.75369e+01   1.10883e+00   2.39001e-05  -1.31839e+00
                               ERR DEF= 0.5
 EXTERNAL ERROR MATRIX.    NDIM=  25    NPAR= 13    ERR DEF=0.5
 ELEMENTS ABOVE DIAGONAL ARE NOT PRINTED.
  8.142e+00 
 -1.114e-01  2.358e-02 
 -1.378e-01 -2.668e-02  8.635e-01 
 -2.114e-02 -4.316e-03  2.576e-01  2.009e-01 
  1.064e+00 -3.337e-02 -4.192e-02 -6.746e-03  1.317e+01 
 -9.452e-02  1.610e-04 -1.271e-04  5.569e-05  1.950e+00  9.670e-01 
  4.380e+00 -3.345e-02 -3.195e-02 -3.614e-03 -5.649e+00 -6.026e-01  6.772e+00 
  1.432e+00 -3.834e-02 -7.975e-02 -1.356e-02  3.645e-01 -5.745e-03  5.181e-01  4.398e-01 
  7.647e-02 -6.203e-04 -8.121e-04 -7.391e-05 -2.592e-01 -3.811e-02  1.804e-01  9.462e-03  5.894e-02 
  1.137e-02  1.320e-03  4.858e-03  5.668e-02  3.681e-03  5.837e-05  2.910e-03  5.601e-03  8.000e-05  1.014e-01 
  1.728e-01 -1.098e-02  7.304e-02  2.029e-02  6.913e-02  7.927e-04  2.618e-02  7.876e-02  5.723e-04  1.340e-02  7.891e-01 
 -2.734e-06 -1.302e-08  7.640e-07  2.828e-07 -1.432e-06  1.078e-07 -2.706e-07 -2.712e-07 -7.458e-09  3.208e-06 -2.814e-06 
 -2.734e-06 -1.302e-08  7.640e-07  2.828e-07 -1.432e-06  1.078e-07 -2.706e-07 -2.712e-07 -7.458e-09  3.208e-06 -2.814e-06  6.742e-07 
 -9.305e-02  1.574e-04 -1.993e-04  3.778e-05  1.923e+00  3.988e-01 -5.942e-01 -5.636e-03 -3.740e-02  5.793e-05  7.640e-04 
 -9.305e-02  1.574e-04 -1.993e-04  3.778e-05  1.923e+00  3.988e-01 -5.942e-01 -5.636e-03 -3.740e-02  5.793e-05  7.640e-04 -2.144e-07  1.230e+00 
 PARAMETER  CORRELATION COEFFICIENTS  
       NO.  GLOBAL      1      2      3      5      6      7      9     11     13     14     15     16     17
        1  0.92905   1.000 -0.254 -0.052 -0.017  0.103 -0.034  0.590  0.757  0.110  0.013  0.068 -0.001 -0.029
        2  0.45800  -0.254  1.000 -0.187 -0.063 -0.060  0.001 -0.084 -0.376 -0.017  0.027 -0.080 -0.000  0.001
        3  0.70383  -0.052 -0.187  1.000  0.618 -0.012 -0.000 -0.013 -0.129 -0.004  0.016  0.088  0.001 -0.000
        5  0.73284  -0.017 -0.063  0.618  1.000 -0.004  0.000 -0.003 -0.046 -0.001  0.397  0.051  0.001  0.000
        6  0.91922   0.103 -0.060 -0.012 -0.004  1.000  0.546 -0.598  0.151 -0.294  0.003  0.021 -0.000  0.478
        7  0.64672  -0.034  0.001 -0.000  0.000  0.546  1.000 -0.235 -0.009 -0.160  0.000  0.001  0.000  0.366
        9  0.92448   0.590 -0.084 -0.013 -0.003 -0.598 -0.235  1.000  0.300  0.286  0.004  0.011 -0.000 -0.206
       11  0.82251   0.757 -0.376 -0.129 -0.046  0.151 -0.009  0.300  1.000  0.059  0.027  0.134 -0.000 -0.008
       13  0.32861   0.110 -0.017 -0.004 -0.001 -0.294 -0.160  0.286  0.059  1.000  0.001  0.003 -0.000 -0.139
       14  0.49535   0.013  0.027  0.016  0.397  0.003  0.000  0.004  0.027  0.001  1.000  0.047  0.012  0.000
       15  0.18906   0.068 -0.080  0.088  0.051  0.021  0.001  0.011  0.134  0.003  0.047  1.000 -0.004  0.001
       16  0.01492  -0.001 -0.000  0.001  0.001 -0.000  0.000 -0.000 -0.000 -0.000  0.012 -0.004  1.000 -0.000
       17  0.56551  -0.029  0.001 -0.000  0.000  0.478  0.366 -0.206 -0.008 -0.139  0.000  0.001 -0.000  1.000
Wallclock time  : 21.4138 seconds.
CPU time: 0.002141
Total CPU time: 0.002141
Processor time: 0.001833

FIT PARAMETERS
 ^{210}Bi = 9.9 #pm 2.8 
 ^{11}C = 1.51 #pm 0.15 
 Ext ^{214}Bi = 5.17 #pm 0.92 
 Ext ^{40}K = 0.15  [Fixed]
 Ext ^{208}Tl = 4.73 #pm 0.45 
 ^{85}Kr = 7.7 #pm 3.6 
 ^{210}Po = 49.03 #pm 0.98 
 #nu(^{8}B) = 0.46  [Fixed]
 #nu(^{7}Be) = 49.5 #pm 2.6 
 #nu(CNO) = 4.92  [Fixed]
 #nu(pep) = 3.62 #pm 0.66 
 ^{210}MCscalePo = 1  [Fixed]
 ^{210}MCshiftPo = -0.20 #pm 0.24 
 ^{10}C 2 = 1.80 #pm 0.32 
 ^{11}C 2 = 66.84 #pm 0.89 
 ^{6}He 2 = 0.00  [Railed]
 ^{210}Po 2 = 47.5 #pm 1.1 

 chi^2                             = 1292.0
 chi^2/N-DOF                       = 0.9417
 p-value                           = 0.939
 Minimized -2Ln(Likelihood)        = 10048.50
 Likelihood p-value                = 0.040 ± 0.020
SimplePlotManager::groupByName <default.Major> appedned to <default>
SimplePlotManager::groupByName <default.TFCtagged> appedned to <default>
