[GPUManager]() registered
regV registering [npe] as [0x319f180]
regV registering [npe_short] as [0x319f2b0]
regV registering [Po218:peak] as [6002]
regV registering [Rn222:peak] as [5490]
regV registering [Po210:peak] as [5305]
Loaded path: </p/project/cjikp20/jikp2013/bx-GooStats-dingxf_dev/bx-GooStats/data>
RawSpectrumProvider::registerSpecies Register [nu(pep)]
RawSpectrumProvider::registerSpecies Register [nu(Be7)_sunT]
RawSpectrumProvider::registerSpecies Register [nu(Be7)_nosunT]
RawSpectrumProvider::registerSpecies Register [nu(CNO)]
RawSpectrumProvider::registerSpecies Register [nu(pp)_oleg]
RawSpectrumProvider::registerSpecies Register [nu(pp)_aldo]
RawSpectrumProvider::registerSpecies Register [nu(pp)]
RawSpectrumProvider::registerSpecies Register [nu(B8)]
RawSpectrumProvider::registerSpecies Register [C14_universal]
Warning: c14_shape_factor is taken as 1.24
RawSpectrumProvider::registerSpecies Register [C14]
RawSpectrumProvider::registerSpecies Register [C11]
RawSpectrumProvider::registerSpecies Register [C10]
RawSpectrumProvider::registerSpecies Register [Kr85]
RawSpectrumProvider::registerSpecies Register [B12]
RawSpectrumProvider::registerSpecies Register [He6]
RawSpectrumProvider::registerSpecies Register [Pa234m]
RawSpectrumProvider::registerSpecies Register [K40]
RawSpectrumProvider::registerSpecies Register [La138]
RawSpectrumProvider::registerSpecies Register [Bi210_mach4]
RawSpectrumProvider::registerSpecies Register [Bi210_oleg]
RawSpectrumProvider::registerSpecies Register [Bi210_aldo]
RawSpectrumProvider::registerSpecies Register [Bi210_daniel]
RawSpectrumProvider::registerSpecies Register [Bi210_flothmann]
RawSpectrumProvider::registerSpecies Register [Bi210_grau]
RawSpectrumProvider::registerSpecies Register [Pb214_KM]
RawSpectrumProvider::registerSpecies Register [Pb214_aldo_1]
RawSpectrumProvider::registerSpecies Register [Pb214_aldo_2]
RawSpectrumProvider::registerSpecies Register [Pb214_aldo_3]
RawSpectrumProvider::registerSpecies Register [Pb214_aldo_4]
RawSpectrumProvider::registerSpecies Register [Pb214_aldo_5]
RawSpectrumProvider::registerSpecies Register [Pb214_aldo_6]
RawSpectrumProvider::registerSpecies Register [Pb214_aldo_7]
RawSpectrumProvider::registerSpecies Register [Ext_Tl208]
RawSpectrumProvider::registerSpecies Register [Ext_Bi214]
RawSpectrumProvider::registerSpecies Register [Ext_K40]
RawSpectrumProvider::registerSpecies Register [U238_chain]
RawSpectrumProvider::registerSpecies Register [Th232_chain]
RawSpectrumProvider::registerSpecies Register [C14_pileup]
[InputManager]() registered
[PrepareData]() registered
[SimpleFit]() registered
[CNOTest]() registered
[HMLMTest]() registered
[ScanPar]() registered
[CorrelationManager]() registered
[ContourManager]() registered
[OutputManager]() registered
Checking GPU [0]/[1]
Running on [Tesla K80] with compute capability of 3.7
Warning: BatchOutputManager not set, default are used.
LOG: Getting data from file input_files/Period2017_FVpep_TFCMI_c19.root
Searching final_nhits_pp_0 in pp
LOG: fitting histogram final_nhits_pp_0
WARNING: chain_counts_cum not TH1D, trying other TH1
WARNING: No chain_counts_cum in input directory, trying in the main directory of the file
chain_counts_cum: mean 23.149
[default] adopt [global] as its parent.
Inserting period [default,input_files/Period2017_FVpep_TFCMI_c19.root,pp/final_nhits_pp_0,fitoptions/fitoptions_cno-mv-2017-pdfs_new-nhits-emin140_Po210-shift.cfg,species_list/species-fit-cno-mvCNO-hm.icc]
ARG[1] <icc> = [species_list/species-fit-cno-mvCNO-hm.icc]
InputManager::registerConfigset(default)
Loading from <fitoptions/fitoptions_cno-mv-2017-pdfs_new-nhits-emin140_Po210-shift.cfg>
h_n_used_pmts: mean 1294.48
h_n_used_pmts_weighted: mean 1296.62
h_n_used_pmts0: mean 1294.69
h_n_used_pmts_weighted0: mean 1296.92
h_n_used_pmts1: mean 1294.15
h_n_used_pmts_weighted1: mean 1296.14
option <n_used_charge_histo_name> not set, default value [h_n_used_charge] used
h_n_used_charge: mean 1290.39
option <n_used_charge_po210_histo_name> not set, default value [h_n_used_charge_weighted] used
h_n_used_charge_weighted: mean 1292.53
feq_inv: mean 1.54572
Mask [mask_2] from [h_n_used_pmts] Mean <999.503> RMS <576.902>
Mask [mask_3] from [h_n_used_pmts_weighted] Mean <999.503> RMS <576.903>
Mask [mask_4] from [h_n_used_pmts0] Mean <999.503> RMS <576.902>
Mask [mask_5] from [h_n_used_pmts_weighted0] Mean <999.503> RMS <576.903>
Mask [mask_6] from [h_n_used_pmts1] Mean <999.503> RMS <576.903>
Mask [mask_7] from [h_n_used_pmts_weighted1] Mean <999.503> RMS <576.903>
*********Dump options parsed*********************************
MC_ext_bkg => <true>
alpha_response_function => <scaled_poisson>
alpha_subtracted => <false>
apply_radiochemical_constraints => <false>
applying_mask => <true>
beta_response_function => <scaled_poisson>
bi210_spectrum => <aldo>
c11_quenching_fixed => <false>
c11_subtracted => <true>
complementary_histo_fit => <true>
complementary_histo_name => <pp/final_nhits_pp_1>
convolve_dark_noise => <false>
dark_noise_window => <win1>
fit_results_output => <fit_results.root>
fit_variable => <nhits>
fit_variable_MC => <nhits>
freeMCshiftPo210 => <true>
geometric_correction_on => <false>
icc => <species_list/species-fit-cno-mvCNO-hm.icc>
ly_fixed => <false>
meantime_cut => <no>
minimization_method => <likelihood>
minimization_routine => <minuit>
montecarlo_interpolation => <off>
montecarlo_spectra_file => <pdfs_new/MCspectra_FVpep_Period_2017_unmasked.root>
multivariate_ps_fit => <true>
multivariate_rdist_fit => <true>
n_used_pmts_histo_name => <h_n_used_pmts>
n_used_pmts_po210_histo_name => <h_n_used_pmts_weighted>
n_used_pmts_po210_tfc0_histo_name => <h_n_used_pmts_weighted0>
n_used_pmts_po210_tfc1_histo_name => <h_n_used_pmts_weighted1>
n_used_pmts_tfc0_histo_name => <h_n_used_pmts0>
n_used_pmts_tfc1_histo_name => <h_n_used_pmts1>
neutrino_magnetic_moment => <no>
no_lead_cut => <no>
norm_variable => <true>
npe_offset_fixed => <true>
pb214_spectrum => <aldo>
pileup_eff_ly_fixed => <true>
plot_filename => <plot.root>
po210_quenching_fixed => <false>
quenching_parameterization => <echidna>
save_fit_results => <false>
scale_poisson => <true>
show_only_c14_c14 => <false>
spectra_pdfs => <montecarlo>
synthpup_file => <P91011_Synthetic_Spectra.root>
synthpup_hist => <h_synth_spec_5_dt1>
use_alpha_response_function => <false>
use_remaining_pb214 => <false>
weighted_response => <false>
alpha_resolution_0_guess => float: [1.2]
alpha_resolution_0_max => float: [20]
alpha_resolution_0_min => float: [0]
alpha_resolution_1_guess => float: [0]
alpha_resolution_1_max => float: [0]
alpha_resolution_1_min => float: [0]
alpha_resolution_2_guess => float: [0]
alpha_resolution_2_max => float: [0]
alpha_resolution_2_min => float: [0]
beta_resolution_0_guess => float: [3]
beta_resolution_0_max => float: [20]
beta_resolution_0_min => float: [0]
beta_resolution_1_guess => float: [3]
beta_resolution_1_max => float: [20]
beta_resolution_1_min => float: [0]
beta_resolution_2_guess => float: [7]
beta_resolution_2_max => float: [7]
beta_resolution_2_min => float: [7]
beta_resolution_3_guess => float: [2]
beta_resolution_3_max => float: [10]
beta_resolution_3_min => float: [0]
beta_resolution_4_guess => float: [0]
beta_resolution_4_max => float: [0]
beta_resolution_4_min => float: [0]
beta_resolution_5_guess => float: [0]
beta_resolution_5_max => float: [0]
beta_resolution_5_min => float: [0]
c11_quenching => float: [0.8828]
c14_shape_factor => float: [1.24]
c14_threshold => float: [100]
dark_noise_threshold => float: [100]
ext_bckgd_eff_ly => float: [1.0228]
fCher => float: [2]
fit_verbosity => float: [0]
geometric_correction => float: [0.112]
histogram_binwidth => float: [1]
kb => float: [0.0109]
ly_guess => float: [0.49]
maximum_energy => float: [950]
meantime_cut_correction_c1 => float: [0.974]
meantime_cut_correction_c2 => float: [-0.00211]
minimum_energy => float: [140]
multivariate_ps_fit_bins => float: [1]
multivariate_ps_fit_max => float: [650]
multivariate_ps_fit_min => float: [400]
multivariate_ps_fit_smooth => float: [0]
multivariate_rdist_fit_bins => float: [16]
multivariate_rdist_fit_max => float: [900]
multivariate_rdist_fit_min => float: [500]
multivariate_rdist_fit_smooth => float: [0]
npe_offset => float: [0]
number_of_bins_for_weighted_response => float: [10]
pileup_eff_ly => float: [0.935]
po210_quenching => float: [0.07879]
poisson_factor => float: [15]
poisson_threshold => float: [100]
ser_under_threshold => float: [0.12]
sys_errors_scale => float: [0]
unequalization_factor => float: [1]
*************************************************************
Inserting Constant name [compute_likelihood_p_value] value [0]
regV registering [compute_likelihood_p_value] as [0]
Inserting [C11_qch] to [global]
Inserting [Po210_qch] to [default]
Inserting [extly_qch] to [global]
Linking [Ext_Tl208_qch] with [extly_qch] in [global]
Linking [Ext_Bi214_qch] with [extly_qch] in [global]
Linking [Ext_K40_qch] with [extly_qch] in [global]
Inserting [Po218_qch] to [global]
Inserting [Rn222_qch] to [global]
Inserting [C10_qch] to [global]
Bad programming style of using const_cast!!!
regV registering [NL] as [0x7ffc8ec946c0]
Inserting [beta_ly] to [default]
810
Inserting [beta_resolution_0] to [global]
Inserting [beta_resolution_1] to [global]
Inserting [beta_resolution_2] to [global]
Inserting [beta_resolution_3] to [global]
Inserting [beta_resolution_4] to [global]
Inserting [beta_resolution_5] to [global]
Inserting [alpha_resolution_0] to [default]
Inserting [alpha_resolution_1] to [default]
Inserting [alpha_resolution_2] to [default]
Inserting [alpha_resolution_3] to [default]
Inserting [alpha_resolution_4] to [default]
Inserting [alpha_resolution_5] to [default]
Inserting [mlp_correction_0] to [default]
Inserting [mlp_correction_1] to [default]
Inserting [mlp_correction_2] to [default]
Inserting [mlp_correction_3] to [default]
Integral: 11.6405, sum = 1.17605e+06, endpoint = 671.809
Integral: 76.3209, sum = 1.81556e+07, endpoint = 264.064
RawSpectrumProvider::registerSpecies Register [nu(Be7+munu)]
RawSpectrumProvider::registerSpecies Register [nu(pp+munu)]
RawSpectrumProvider::registerSpecies Register [Bi210]
RawSpectrumProvider::registerSpecies Register [nu(Be7)]
feq: 1.54502 feq_po: 1.54247
Inserting [default] to default feq: 1.54502 0
Inserting [Po210] to default feq: 1.54247 0
Dumping pre-created rates:
INFO: loading species from file species_list/species-fit-cno-mvCNO-hm.icc
Inserting [Bi210] to [default]
Inserting [C10_2] to [default]
Inserting [C11] to [default]
Inserting [C11_2] to [default]
Inserting [Ext_Bi214] to [global]
Inserting [Ext_K40] to [global]
Inserting [Ext_Tl208] to [global]
Inserting [He6_2] to [global]
Inserting [Kr85] to [default]
Inserting [Po210] to [default]
Inserting [Po210_2] to [default]
Inserting [nu(B8)] to [default]
Inserting [nu(Be7)] to [global]
Inserting [nu(CNO)] to [global]
Inserting [nu(pep)] to [global]
 [global] : (C10_qch, global.C10_qch) 
 [global] : (C11_qch, global.C11_qch) 
 [global] : (Ext_Bi214, global.Ext_Bi214) 
 [global] : (Ext_Bi214_qch, global.extly_qch) 
 [global] : (Ext_K40, global.Ext_K40) 
 [global] : (Ext_K40_qch, global.extly_qch) 
 [global] : (Ext_Tl208, global.Ext_Tl208) 
 [global] : (Ext_Tl208_qch, global.extly_qch) 
 [global] : (He6_2, global.He6_2) 
 [global] : (Po218_qch, global.Po218_qch) 
 [global] : (Rn222_qch, global.Rn222_qch) 
 [global] : (beta_resolution_0, global.beta_resolution_0) 
 [global] : (beta_resolution_1, global.beta_resolution_1) 
 [global] : (beta_resolution_2, global.beta_resolution_2) 
 [global] : (beta_resolution_3, global.beta_resolution_3) 
 [global] : (beta_resolution_4, global.beta_resolution_4) 
 [global] : (beta_resolution_5, global.beta_resolution_5) 
 [global] : (extly_qch, global.extly_qch) 
 [global] : (nu(Be7), global.nu(Be7)) 
 [global] : (nu(CNO), global.nu(CNO)) 
 [global] : (nu(pep), global.nu(pep)) 
default>-- [default] : (Bi210, default.Bi210) 
default>-- [default] : (C10_2, default.C10_2) 
default>-- [default] : (C11, default.C11) 
default>-- [default] : (C11_2, default.C11_2) 
default>-- [default] : (Kr85, default.Kr85) 
default>-- [default] : (Po210, default.Po210) 
default>-- [default] : (Po210_2, default.Po210_2) 
default>-- [default] : (Po210_qch, default.Po210_qch) 
default>-- [default] : (alpha_resolution_0, default.alpha_resolution_0) 
default>-- [default] : (alpha_resolution_1, default.alpha_resolution_1) 
default>-- [default] : (alpha_resolution_2, default.alpha_resolution_2) 
default>-- [default] : (alpha_resolution_3, default.alpha_resolution_3) 
default>-- [default] : (alpha_resolution_4, default.alpha_resolution_4) 
default>-- [default] : (alpha_resolution_5, default.alpha_resolution_5) 
default>-- [default] : (beta_ly, default.beta_ly) 
default>-- [default] : (mlp_correction_0, default.mlp_correction_0) 
default>-- [default] : (mlp_correction_1, default.mlp_correction_1) 
default>-- [default] : (mlp_correction_2, default.mlp_correction_2) 
default>-- [default] : (mlp_correction_3, default.mlp_correction_3) 
default>-- [default] : (nu(B8), default.nu(B8)) 
InputManager::registerDataset(default.Major)
InputManager::registerDataset(default.TFCtagged)
Inserting period full [default.Major]
Inserting period full [default.TFCtagged]
Livetime: 184.279 days (c11 subtracted)
computing mass from input_files/Period2017_FVpep_TFCMI_c19.root
Mass: 71.3 tons
Inserting [default.Major] exposure : [13139.1 (day x tons)]
computing mass from input_files/Period2017_FVpep_TFCMI_c19.root
Inserting [default.TFCtagged] exposure : [8261.6 (day x tons)]
Inserting type [remaining_pb214] name [default] value [0]
Remaining Pb214 [default] : 0 cpd/100 tons
WARNING: pp/final_nhits_pp_1 not TH1D, trying other TH1
WARNING: No pp/final_nhits_pp_1 in input directory, trying in the main directory of the file
pp/final_nhits_pp_1: mean 52.6028
WARNING: the spectrum of [Major] had not Sumw2 set. Setting it now.
WARNING: the spectrum of [TFCtagged] had not Sumw2 set. Setting it now.
Inserting [default.Major] data set
Inserting [default.TFCtagged] data set
INFO: loading species from file species_list/species-fit-cno-mvCNO-hm.icc
Loading [Bi210] from [pdfs_new/MCspectra_FVpep_Period_2017_unmasked.root/bi210_nhits]
bad programing style, const_cast!!
creating MC species [Bi210] in [default]
Warning: quenching [Bi210_qch] not found in [default].
[Bi210] loaded for [default]
Inserting species (Bi210)[Bi210] to [default.Major] 
Inserting species (Bi210)[Bi210] to [default.TFCtagged] 
Loading [C10] from [pdfs_new/MCspectra_FVpep_Period_2017_unmasked.root/c10_nhits]
bad programing style, const_cast!!
creating MC species [C10] in [default]
[C10] loaded for [default]
Inserting species (C10_2)[C10] to [default.TFCtagged] 
Loading [C11] from [pdfs_new/MCspectra_FVpep_Period_2017_unmasked.root/c11_nhits]
bad programing style, const_cast!!
creating MC species [C11] in [default]
[C11] loaded for [default]
Inserting species (C11)[C11] to [default.Major] 
creating MC species [C11] in [default]
[C11] loaded for [default]
Inserting species (C11_2)[C11] to [default.TFCtagged] 
Loading [Ext_Bi214] from [pdfs_new/MCspectra_FVpep_Period_2017_unmasked.root/ext_bi214_nhits]
bad programing style, const_cast!!
creating MC species [Ext_Bi214] in [default]
[Ext_Bi214] loaded for [default]
Inserting species (Ext_Bi214)[Ext_Bi214] to [default.Major] 
Inserting species (Ext_Bi214)[Ext_Bi214] to [default.TFCtagged] 
Loading [Ext_K40] from [pdfs_new/MCspectra_FVpep_Period_2017_unmasked.root/ext_k40_nhits]
bad programing style, const_cast!!
creating MC species [Ext_K40] in [default]
[Ext_K40] loaded for [default]
Inserting species (Ext_K40)[Ext_K40] to [default.Major] 
Inserting species (Ext_K40)[Ext_K40] to [default.TFCtagged] 
Loading [Ext_Tl208] from [pdfs_new/MCspectra_FVpep_Period_2017_unmasked.root/ext_tl208_nhits]
bad programing style, const_cast!!
creating MC species [Ext_Tl208] in [default]
[Ext_Tl208] loaded for [default]
Inserting species (Ext_Tl208)[Ext_Tl208] to [default.Major] 
Inserting species (Ext_Tl208)[Ext_Tl208] to [default.TFCtagged] 
Loading [He6] from [pdfs_new/MCspectra_FVpep_Period_2017_unmasked.root/he6_nhits]
bad programing style, const_cast!!
creating MC species [He6] in [default]
Warning: quenching [He6_qch] not found in [default].
[He6] loaded for [default]
Inserting species (He6_2)[He6] to [default.TFCtagged] 
Loading [Kr85] from [pdfs_new/MCspectra_FVpep_Period_2017_unmasked.root/kr85_nhits]
bad programing style, const_cast!!
creating MC species [Kr85] in [default]
Warning: quenching [Kr85_qch] not found in [default].
[Kr85] loaded for [default]
Inserting species (Kr85)[Kr85] to [default.Major] 
Inserting species (Kr85)[Kr85] to [default.TFCtagged] 
Loading [Po210] from [pdfs_new/MCspectra_FVpep_Period_2017_unmasked.root/po210_nhits]
bad programing style, const_cast!!
creating MC species [Po210] in [default]
bad programming! const_cast used!
Inserting [MCscalePo210] to [default]
Inserting [MCshiftPo210] to [default]
[Po210] loaded for [default]
Inserting species (Po210)[Po210] to [default.Major] 
creating MC species [Po210] in [default]
bad programming! const_cast used!
[Po210] loaded for [default]
Inserting species (Po210_2)[Po210] to [default.TFCtagged] 
Loading [nu(B8)] from [pdfs_new/MCspectra_FVpep_Period_2017_unmasked.root/b8_nhits]
bad programing style, const_cast!!
creating MC species [nu(B8)] in [default]
Warning: quenching [nu(B8)_qch] not found in [default].
[nu(B8)] loaded for [default]
Inserting species (nu(B8))[nu(B8)] to [default.Major] 
Inserting species (nu(B8))[nu(B8)] to [default.TFCtagged] 
Loading [nu(Be7)] from [pdfs_new/MCspectra_FVpep_Period_2017_unmasked.root/be7_nhits]
bad programing style, const_cast!!
creating MC species [nu(Be7)] in [default]
Warning: quenching [nu(Be7)_qch] not found in [default].
[nu(Be7)] loaded for [default]
Inserting species (nu(Be7))[nu(Be7)] to [default.Major] 
Inserting species (nu(Be7))[nu(Be7)] to [default.TFCtagged] 
Loading [nu(CNO)] from [pdfs_new/MCspectra_FVpep_Period_2017_unmasked.root/cno_nhits]
bad programing style, const_cast!!
creating MC species [nu(CNO)] in [default]
Warning: quenching [nu(CNO)_qch] not found in [default].
[nu(CNO)] loaded for [default]
Inserting species (nu(CNO))[nu(CNO)] to [default.Major] 
Inserting species (nu(CNO))[nu(CNO)] to [default.TFCtagged] 
Loading [nu(pep)] from [pdfs_new/MCspectra_FVpep_Period_2017_unmasked.root/pep_nhits]
bad programing style, const_cast!!
creating MC species [nu(pep)] in [default]
Warning: quenching [nu(pep)_qch] not found in [default].
[nu(pep)] loaded for [default]
Inserting species (nu(pep))[nu(pep)] to [default.Major] 
Inserting species (nu(pep))[nu(pep)] to [default.TFCtagged] 
Inserting [default.Major] species vector
searching for [Bi210_sys]..
searching for [C11_sys]..
searching for [Ext_Bi214_sys]..
searching for [Ext_K40_sys]..
searching for [Ext_Tl208_sys]..
searching for [Kr85_sys]..
searching for [Po210_sys]..
searching for [nu(B8)_sys]..
searching for [nu(Be7)_sys]..
searching for [nu(CNO)_sys]..
searching for [nu(pep)_sys]..
Inserting [default.TFCtagged] species vector
searching for [Bi210_sys]..
searching for [C10_2_sys]..
searching for [C11_2_sys]..
searching for [Ext_Bi214_sys]..
searching for [Ext_K40_sys]..
searching for [Ext_Tl208_sys]..
searching for [He6_2_sys]..
searching for [Kr85_sys]..
searching for [Po210_2_sys]..
searching for [nu(B8)_sys]..
searching for [nu(Be7)_sys]..
searching for [nu(CNO)_sys]..
searching for [nu(pep)_sys]..
setting quenching of [Po210] to [0.07879]
Pb214 not implemented in bx-GooStats, it's ignored
setting quenching of [C11] to [0.8828]
INFO: 210Po PMTs used: 2000,0
RawSpectrumProvider::registerSpecies Register [default.Major]
type: [default.Major][0][1]
You have chosen SeparateSumPdfFactory<DnType<NoDn> MLPType<no> MaskType<Mask> DnAfterMask <no>>
SumPdf::registerFunc register [Bi210] as [0]
SumPdf::registerFunc register [C11] as [1]
SumPdf::registerFunc register [Ext_Bi214] as [2]
SumPdf::registerFunc register [Ext_K40] as [3]
SumPdf::registerFunc register [Ext_Tl208] as [4]
SumPdf::registerFunc register [Kr85] as [5]
SumPdf::registerFunc register [Po210] as [6]
SumPdf::registerFunc register [nu(B8)] as [7]
SumPdf::registerFunc register [nu(Be7)] as [8]
SumPdf::registerFunc register [nu(CNO)] as [9]
SumPdf::registerFunc register [nu(pep)] as [10]
SumPdf::registerFunc register [Bi210] as [11]
SumPdf::registerFunc register [C11] as [12]
SumPdf::registerFunc register [Ext_Bi214] as [13]
SumPdf::registerFunc register [Ext_K40] as [14]
SumPdf::registerFunc register [Ext_Tl208] as [15]
SumPdf::registerFunc register [Kr85] as [16]
SumPdf::registerFunc register [Po210] as [17]
SumPdf::registerFunc register [nu(B8)] as [18]
SumPdf::registerFunc register [nu(Be7)] as [19]
SumPdf::registerFunc register [nu(CNO)] as [20]
SumPdf::registerFunc register [nu(pep)] as [21]
Inserting [default.Major] sum pdf
Checking [Bi210] for <User> found? [1] is class<0>? [1]
Checking [C11] for <User> found? [1] is class<0>? [0]
Checking [Ext_Bi214] for <User> found? [1] is class<0>? [1]
Checking [Ext_K40] for <User> found? [1] is class<0>? [1]
Checking [Ext_Tl208] for <User> found? [1] is class<0>? [1]
Checking [Kr85] for <User> found? [1] is class<0>? [1]
Checking [Po210] for <User> found? [1] is class<0>? [1]
Checking [nu(B8)] for <User> found? [1] is class<0>? [1]
Checking [nu(Be7)] for <User> found? [1] is class<0>? [1]
Checking [nu(CNO)] for <User> found? [1] is class<0>? [1]
Checking [nu(pep)] for <User> found? [1] is class<0>? [1]
Checking [Bi210] for <User> found? [1] is class<1>? [0]
Checking [C11] for <User> found? [1] is class<1>? [1]
Checking [Ext_Bi214] for <User> found? [1] is class<1>? [0]
Checking [Ext_K40] for <User> found? [1] is class<1>? [0]
Checking [Ext_Tl208] for <User> found? [1] is class<1>? [0]
Checking [Kr85] for <User> found? [1] is class<1>? [0]
Checking [Po210] for <User> found? [1] is class<1>? [0]
Checking [nu(B8)] for <User> found? [1] is class<1>? [0]
Checking [nu(Be7)] for <User> found? [1] is class<1>? [0]
Checking [nu(CNO)] for <User> found? [1] is class<1>? [0]
Checking [nu(pep)] for <User> found? [1] is class<1>? [0]
Inserting [default]-[default] MV term
Checking [Bi210] for <Rdist> found? [1] is class<0>? [1]
Checking [C11] for <Rdist> found? [1] is class<0>? [1]
Checking [Ext_Bi214] for <Rdist> found? [1] is class<0>? [0]
Checking [Ext_K40] for <Rdist> found? [1] is class<0>? [0]
Checking [Ext_Tl208] for <Rdist> found? [1] is class<0>? [0]
Checking [Kr85] for <Rdist> found? [1] is class<0>? [1]
Checking [Po210] for <Rdist> found? [1] is class<0>? [1]
Checking [nu(B8)] for <Rdist> found? [1] is class<0>? [1]
Checking [nu(Be7)] for <Rdist> found? [1] is class<0>? [1]
Checking [nu(CNO)] for <Rdist> found? [1] is class<0>? [1]
Checking [nu(pep)] for <Rdist> found? [1] is class<0>? [1]
Checking [Bi210] for <Rdist> found? [1] is class<1>? [0]
Checking [C11] for <Rdist> found? [1] is class<1>? [0]
Checking [Ext_Bi214] for <Rdist> found? [1] is class<1>? [1]
Checking [Ext_K40] for <Rdist> found? [1] is class<1>? [1]
Checking [Ext_Tl208] for <Rdist> found? [1] is class<1>? [1]
Checking [Kr85] for <Rdist> found? [1] is class<1>? [0]
Checking [Po210] for <Rdist> found? [1] is class<1>? [0]
Checking [nu(B8)] for <Rdist> found? [1] is class<1>? [0]
Checking [nu(Be7)] for <Rdist> found? [1] is class<1>? [0]
Checking [nu(CNO)] for <Rdist> found? [1] is class<1>? [0]
Checking [nu(pep)] for <Rdist> found? [1] is class<1>? [0]
Inserting [default]-[default] MV term
Inserting [default]-[default] MV term
Inserting [default]-[default] MV term
Inserting [default]-[default] MV term
Inserting [default]-[default] MV term
Inserting [default]-[default] MV term
Inserting [default]-[default] MV term
Inserting [default]-[default] MV term
Inserting [default]-[default] MV term
Inserting [default]-[default] MV term
Inserting [default]-[default] MV term
Inserting [default]-[default] MV term
Inserting [default]-[default] MV term
Inserting [default]-[default] MV term
Inserting [default]-[default] MV term
Inserting [default]-[default] MV term
Pb214 not implemented in bx-GooStats, it's ignored
RawSpectrumProvider::registerSpecies Register [default.TFCtagged]
type: [default.TFCtagged][0][1]
You have chosen SeparateSumPdfFactory<DnType<NoDn> MLPType<no> MaskType<Mask> DnAfterMask <no>>
SumPdf::registerFunc register [C10] as [22]
SumPdf::registerFunc register [C11] as [23]
SumPdf::registerFunc register [He6] as [24]
SumPdf::registerFunc register [Po210] as [25]
SumPdf::registerFunc register [Bi210] as [26]
SumPdf::registerFunc register [C10] as [27]
SumPdf::registerFunc register [C11] as [28]
SumPdf::registerFunc register [Ext_Bi214] as [29]
SumPdf::registerFunc register [Ext_K40] as [30]
SumPdf::registerFunc register [Ext_Tl208] as [31]
SumPdf::registerFunc register [He6] as [32]
SumPdf::registerFunc register [Kr85] as [33]
SumPdf::registerFunc register [Po210] as [34]
SumPdf::registerFunc register [nu(B8)] as [35]
SumPdf::registerFunc register [nu(Be7)] as [36]
SumPdf::registerFunc register [nu(CNO)] as [37]
SumPdf::registerFunc register [nu(pep)] as [38]
Inserting [default.TFCtagged] sum pdf
Inserting (Datasets:default.Major)<default.Major>
Inserting (Datasets:default.TFCtagged)<default.TFCtagged>
Inserting (LikelihoodFactory)<default>
Inserting (LikelihoodFactory)<default>
Inserting (LikelihoodFactory)<default>
Inserting (LikelihoodFactory)<default>
Inserting (LikelihoodFactory)<default>
Inserting (LikelihoodFactory)<default>
Inserting (LikelihoodFactory)<default>
Inserting (LikelihoodFactory)<default>
Inserting (LikelihoodFactory)<default>
Inserting (LikelihoodFactory)<default>
Inserting (LikelihoodFactory)<default>
Inserting (LikelihoodFactory)<default>
Inserting (LikelihoodFactory)<default>
Inserting (LikelihoodFactory)<default>
Inserting (LikelihoodFactory)<default>
Inserting (LikelihoodFactory)<default>
Inserting (LikelihoodFactory)<default>
Debug: LL size 19
 PARAMETER DEFINITIONS:
    NO.   NAME         VALUE      STEP SIZE      LIMITS
     1 default.Bi210   2.00000e+01  1.00000e+00    0.00000e+00  1.00000e+02
     2 default.C11   2.80000e+01  1.00000e+00    0.00000e+00  1.00000e+02
     3 global.Ext_Bi214   5.00000e-01  1.00000e-01    0.00000e+00  1.00000e+01
     4 global.Ext_K40   1.50000e-01  1.00000e-01    0.00000e+00  1.00000e+01
 **********
 **    1 **FIX           4
 **********
 PARAMETER DEFINITIONS:
    NO.   NAME         VALUE      STEP SIZE      LIMITS
     5 global.Ext_Tl208   1.90000e+00  1.00000e-01    0.00000e+00  1.00000e+01
     6 default.Kr85   5.00000e+00  3.00000e-01    0.00000e+00  3.00000e+01
     7 default.Po210   3.00000e+02  2.99999e+01    1.00000e-02  3.00000e+03
     8 default.nu(B8)   4.60000e-01  1.00000e-01    0.00000e+00  1.00000e+01
 **********
 **    2 **FIX           8
 **********
 PARAMETER DEFINITIONS:
    NO.   NAME         VALUE      STEP SIZE      LIMITS
     9 global.nu(Be7)   4.85000e+01  5.00000e-01    2.00000e+01  7.00000e+01
    10 global.nu(CNO)   4.92000e+00  constant
 **********
 **    3 **FIX          10
 **********
 PARAMETER   10  IS CONSTANT.   IGNORED.
 PARAMETER DEFINITIONS:
    NO.   NAME         VALUE      STEP SIZE      LIMITS
    11 global.nu(pep)   2.20000e+00  1.00000e-01    0.00000e+00  1.00000e+01
    12 default.MCscalePo210   1.00000e+00  constant
    13 default.MCshiftPo210   0.00000e+00  1.00000e-03   -5.00000e+01  5.00000e+01
    14 default.C10_2   1.10000e+00  1.00000e-01    0.00000e+00  1.00000e+01
    15 default.C11_2   5.00000e+01  2.00000e+00    0.00000e+00  2.00000e+02
    16 global.He6_2   4.00000e-01  2.00000e-01    0.00000e+00  2.00000e+01
    17 default.Po210_2   3.00000e+02  2.99999e+01    1.00000e-02  3.00000e+03
 **********
 **    4 **SET ERRDEF         0.5
 **********
 PARAMETER DEFINITIONS:
    NO.   NAME         VALUE      STEP SIZE      LIMITS
     1 default.Bi210   2.00000e+01  1.00000e+00    0.00000e+00  1.00000e+02
     2 default.C11   2.80000e+01  1.00000e+00    0.00000e+00  1.00000e+02
     3 global.Ext_Bi214   5.00000e-01  1.00000e-01    0.00000e+00  1.00000e+01
     4 global.Ext_K40   1.50000e-01  1.00000e-01    0.00000e+00  1.00000e+01
 **********
 **    1 **FIX           4
 **********
 PARAMETER DEFINITIONS:
    NO.   NAME         VALUE      STEP SIZE      LIMITS
     5 global.Ext_Tl208   1.90000e+00  1.00000e-01    0.00000e+00  1.00000e+01
     6 default.Kr85   5.00000e+00  3.00000e-01    0.00000e+00  3.00000e+01
     7 default.Po210   3.00000e+02  2.99999e+01    1.00000e-02  3.00000e+03
     8 default.nu(B8)   4.60000e-01  1.00000e-01    0.00000e+00  1.00000e+01
 **********
 **    2 **FIX           8
 **********
 PARAMETER DEFINITIONS:
    NO.   NAME         VALUE      STEP SIZE      LIMITS
     9 global.nu(Be7)   4.85000e+01  5.00000e-01    2.00000e+01  7.00000e+01
    10 global.nu(CNO)   4.92000e+00  constant
 **********
 **    3 **FIX          10
 **********
 PARAMETER   10  IS CONSTANT.   IGNORED.
 PARAMETER DEFINITIONS:
    NO.   NAME         VALUE      STEP SIZE      LIMITS
    11 global.nu(pep)   2.20000e+00  1.00000e-01    0.00000e+00  1.00000e+01
    12 default.MCscalePo210   1.00000e+00  constant
    13 default.MCshiftPo210   0.00000e+00  1.00000e-03   -5.00000e+01  5.00000e+01
    14 default.C10_2   1.10000e+00  1.00000e-01    0.00000e+00  1.00000e+01
    15 default.C11_2   5.00000e+01  2.00000e+00    0.00000e+00  2.00000e+02
    16 global.He6_2   4.00000e-01  2.00000e-01    0.00000e+00  2.00000e+01
    17 default.Po210_2   3.00000e+02  2.99999e+01    1.00000e-02  3.00000e+03
 **********
 **    4 **SET ERRDEF         0.5
 **********
 **********
 **    5 **MINIMIZE       2e+04
 **********
 FIRST CALL TO USER FUNCTION AT NEW START POINT, WITH IFLAG=4.
 START MIGRAD MINIMIZATION.  STRATEGY  1.  CONVERGENCE WHEN EDM .LT. 5.00e-05
 FCN=33760.3 FROM MIGRAD    STATUS=INITIATE      111 CALLS         112 TOTAL
                     EDM= unknown      STRATEGY= 1      NO ERROR MATRIX       
  EXT PARAMETER               CURRENT GUESS       STEP         FIRST   
  NO.   NAME      VALUE            ERROR          SIZE      DERIVATIVE 
   1  default.Bi210   2.00000e+01   1.00000e+00   0.00000e+00   1.73449e+03
   2  default.C11   2.80000e+01   1.00000e+00   0.00000e+00   5.08634e+03
   3  global.Ext_Bi214   6.31760e+00   1.00000e-01   0.00000e+00   4.10153e+01
   4  global.Ext_K40   1.50000e-01     fixed    
   5  global.Ext_Tl208   1.90000e+00   1.00000e-01   0.00000e+00  -8.64563e+01
   6  default.Kr85   5.00000e+00   3.00000e-01   0.00000e+00   5.15318e+02
   7  default.Po210   3.00000e+02   2.99999e+01   0.00000e+00   8.06898e+04
   8  default.nu(B8)   4.60000e-01     fixed    
   9  global.nu(Be7)   4.85000e+01   5.00000e-01   0.00000e+00   1.20645e+03
  10  global.nu(CNO)   4.92000e+00   constant   
  11  global.nu(pep)   2.20000e+00   1.00000e-01   0.00000e+00   2.53970e+02
  12  default.MCscalePo210   1.00000e+00   constant   
  13  default.MCshiftPo210   0.00000e+00   1.00000e-03   0.00000e+00   1.81124e+03
  14  default.C10_2   1.10000e+00   1.00000e-01   0.00000e+00   2.02747e+01
  15  default.C11_2   5.00000e+01   2.00000e+00   0.00000e+00  -1.77351e+03
  16  global.He6_2   6.78854e+00   2.00000e-01   9.60063e-01  -2.17149e+00
  17  default.Po210_2   3.00000e+02   2.99999e+01   0.00000e+00   5.07113e+04
                               ERR DEF= 0.5
 MIGRAD MINIMIZATION HAS CONVERGED.
 MIGRAD WILL VERIFY CONVERGENCE AND ERROR MATRIX.
 COVARIANCE MATRIX CALCULATED SUCCESSFULLY
 FCN=4840.83 FROM MIGRAD    STATUS=CONVERGED    1314 CALLS        1315 TOTAL
                     EDM=7.30187e-06    STRATEGY= 1      ERROR MATRIX ACCURATE 
  EXT PARAMETER                                   STEP         FIRST   
  NO.   NAME      VALUE            ERROR          SIZE      DERIVATIVE 
   1  default.Bi210   5.71211e+00   2.92343e+00   2.27859e-03  -2.17695e-02
   2  default.C11   1.25690e+00   1.51164e-01   5.80453e-04   9.79682e-02
   3  global.Ext_Bi214   4.68899e+00   8.80288e-01   6.02761e-03  -2.40419e-03
   4  global.Ext_K40   1.50000e-01     fixed    
   5  global.Ext_Tl208   4.66025e+00   4.24129e-01   2.87714e-03   2.16112e-03
   6  default.Kr85   8.39202e+00   3.78922e+00   5.51123e-03   1.11943e-02
   7  default.Po210   5.40043e+01   1.02517e+00   9.53550e-05  -6.33175e-01
   8  default.nu(B8)   4.60000e-01     fixed    
   9  global.nu(Be7)   5.27323e+01   2.69347e+00   2.13669e-03   2.90455e-02
  10  global.nu(CNO)   4.92000e+00   constant   
  11  global.nu(pep)   3.91582e+00   6.60461e-01   3.74891e-03  -5.73706e-03
  12  default.MCscalePo210   1.00000e+00   constant   
  13  default.MCshiftPo210  -5.82128e-01   2.21399e-01   2.00029e-04  -8.94791e-02
  14  default.C10_2   5.77000e-01   9.28278e-01   6.11321e-03  -3.63920e-03
  15  default.C11_2   6.53863e+01   1.22936e+00   4.73404e-04  -4.38561e-02
  16  global.He6_2   3.33274e+00   2.00827e+00   3.90354e-03  -1.43433e-03
  17  default.Po210_2   5.42599e+01   1.19177e+00   1.20210e-04  -4.66271e-01
                               ERR DEF= 0.5
 EXTERNAL ERROR MATRIX.    NDIM=  25    NPAR= 13    ERR DEF=0.5
 ELEMENTS ABOVE DIAGONAL ARE NOT PRINTED.
  8.592e+00 
  1.008e-01  2.285e-02 
 -2.684e-01  2.599e-02  7.831e-01 
 -6.855e-02  4.200e-03  2.317e-01  1.803e-01 
  1.150e+00  2.950e-02 -1.075e-01 -2.926e-02  1.475e+01 
 -1.451e-01 -2.478e-04  5.549e-03  1.692e-03  2.114e+00  1.051e+00 
  4.491e+00  2.991e-02 -4.712e-02 -1.071e-02 -6.367e+00 -6.817e-01  7.286e+00 
 -1.458e+00 -3.644e-02  8.658e-02  1.862e-02 -3.684e-01  1.177e-02 -5.190e-01  4.389e-01 
  6.656e-02  4.484e-04 -1.010e-03 -2.162e-04 -2.654e-01 -4.321e-02  1.687e-01 -7.897e-03  4.902e-02 
 -6.303e-01  2.303e-03  1.688e-01  1.002e-01 -3.472e-01  2.442e-02 -4.332e-02  6.088e-02 -1.093e-03  9.115e-01 
  7.387e-01  7.253e-03 -8.326e-02 -2.826e-02  3.764e-01 -2.133e-02  6.916e-02 -1.347e-01  1.488e-03 -6.951e-01  1.511e+00 
 -1.453e+00  8.578e-03  3.901e-01  1.184e-01 -7.954e-01  5.545e-02 -1.032e-01  1.495e-01 -2.594e-03  1.820e+00 -1.613e+00 
 -1.453e+00  8.578e-03  3.901e-01  1.184e-01 -7.954e-01  5.545e-02 -1.032e-01  1.495e-01 -2.594e-03  1.820e+00 -1.613e+00  4.135e+00 
 -8.003e-02 -6.106e-04 -1.138e-02 -3.439e-03  2.128e+00  4.183e-01 -6.687e-01  5.117e-03 -4.166e-02 -5.448e-02  4.858e-02 
 -8.003e-02 -6.106e-04 -1.138e-02 -3.439e-03  2.128e+00  4.183e-01 -6.687e-01  5.117e-03 -4.166e-02 -5.448e-02  4.858e-02 -1.238e-01  1.420e+00 
 PARAMETER  CORRELATION COEFFICIENTS  
       NO.  GLOBAL      1      2      3      5      6      7      9     11     13     14     15     16     17
        1  0.92672   1.000  0.228 -0.103 -0.055  0.102 -0.048  0.568 -0.751  0.103 -0.225  0.205 -0.244 -0.023
        2  0.45536   0.228  1.000  0.194  0.065  0.051 -0.002  0.073 -0.364  0.013  0.016  0.039  0.028 -0.003
        3  0.70676  -0.103  0.194  1.000  0.617 -0.032  0.006 -0.020  0.148 -0.005  0.200 -0.077  0.217 -0.011
        5  0.71075  -0.055  0.065  0.617  1.000 -0.018  0.004 -0.009  0.066 -0.002  0.247 -0.054  0.137 -0.007
        6  0.91558   0.102  0.051 -0.032 -0.018  1.000  0.537 -0.614 -0.145 -0.312 -0.095  0.080 -0.102  0.465
        7  0.63552  -0.048 -0.002  0.006  0.004  0.537  1.000 -0.246  0.017 -0.190  0.025 -0.017  0.027  0.342
        9  0.92010   0.568  0.073 -0.020 -0.009 -0.614 -0.246  1.000 -0.290  0.282 -0.017  0.021 -0.019 -0.208
       11  0.81827  -0.751 -0.364  0.148  0.066 -0.145  0.017 -0.290  1.000 -0.054  0.096 -0.165  0.111  0.006
       13  0.34082   0.103  0.013 -0.005 -0.002 -0.312 -0.190  0.282 -0.054  1.000 -0.005  0.005 -0.006 -0.158
       14  0.95009  -0.225  0.016  0.200  0.247 -0.095  0.025 -0.017  0.096 -0.005  1.000 -0.592  0.937 -0.048
       15  0.65927   0.205  0.039 -0.077 -0.054  0.080 -0.017  0.021 -0.165  0.005 -0.592  1.000 -0.645  0.033
       16  0.95471  -0.244  0.028  0.217  0.137 -0.102  0.027 -0.019  0.111 -0.006  0.937 -0.645  1.000 -0.051
       17  0.54379  -0.023 -0.003 -0.011 -0.007  0.465  0.342 -0.208  0.006 -0.158 -0.048  0.033 -0.051  1.000
 **********
 **    6 **HESSE
 **********
 COVARIANCE MATRIX CALCULATED SUCCESSFULLY
 FCN=4840.83 FROM HESSE     STATUS=OK            131 CALLS        1446 TOTAL
                     EDM=7.39163e-06    STRATEGY= 1      ERROR MATRIX ACCURATE 
  EXT PARAMETER                                INTERNAL      INTERNAL  
  NO.   NAME      VALUE            ERROR       STEP SIZE       VALUE   
   1  default.Bi210   5.71211e+00   2.90645e+00   9.11435e-05  -1.08812e+00
   2  default.C11   1.25690e+00   1.51142e-01   1.16091e-04  -1.34610e+00
   3  global.Ext_Bi214   4.68899e+00   8.81169e-01   2.41104e-04   3.20383e+00
   4  global.Ext_K40   1.50000e-01     fixed    
   5  global.Ext_Tl208   4.66025e+00   4.25017e-01   1.15086e-04  -6.80026e-02
   6  default.Kr85   8.39202e+00   3.79754e+00   1.10225e-03  -2.68540e+00
   7  default.Po210   5.40043e+01   1.02634e+00   1.90710e-05  -1.30167e+00
   8  default.nu(B8)   4.60000e-01     fixed    
   9  global.nu(Be7)   5.27323e+01   2.68015e+00   4.27339e-04  -3.45604e+00
  10  global.nu(CNO)   4.92000e+00   constant   
  11  global.nu(pep)   3.91582e+00   6.58564e-01   7.49782e-04  -2.18573e-01
  12  default.MCscalePo210   1.00000e+00   constant   
  13  default.MCshiftPo210  -5.82128e-01   2.21350e-01   4.00059e-05  -1.16428e-02
  14  default.C10_2   5.77000e-01   9.57799e-01   2.44528e-04  -2.05596e+00
  15  default.C11_2   6.53863e+01   1.24476e+00   9.46809e-05  -3.53450e-01
  16  global.He6_2   3.33274e+00   2.07257e+00   1.56142e-04  -7.29807e-01
  17  default.Po210_2   5.42599e+01   1.19292e+00   2.40420e-05  -1.30103e+00
                               ERR DEF= 0.5
 EXTERNAL ERROR MATRIX.    NDIM=  25    NPAR= 13    ERR DEF=0.5
 ELEMENTS ABOVE DIAGONAL ARE NOT PRINTED.
  8.492e+00 
  9.958e-02  2.285e-02 
 -2.773e-01  2.590e-02  7.847e-01 
 -7.354e-02  4.171e-03  2.328e-01  1.811e-01 
  1.198e+00  2.982e-02 -1.134e-01 -3.225e-02  1.482e+01 
 -1.381e-01 -1.497e-04  5.684e-03  1.825e-03  2.126e+00  1.053e+00 
  4.385e+00  2.885e-02 -4.696e-02 -1.089e-02 -6.372e+00 -6.822e-01  7.214e+00 
 -1.441e+00 -3.630e-02  8.753e-02  1.912e-02 -3.749e-01  1.051e-02 -5.027e-01  4.364e-01 
  6.448e-02  4.265e-04 -1.010e-03 -2.228e-04 -2.658e-01 -4.327e-02  1.675e-01 -7.578e-03  4.900e-02 
 -6.668e-01  2.545e-03  1.808e-01  1.070e-01 -3.741e-01  2.545e-02 -3.941e-02  6.386e-02 -1.034e-03  9.742e-01 
  7.643e-01  7.046e-03 -9.255e-02 -3.355e-02  3.982e-01 -2.190e-02  6.362e-02 -1.366e-01  1.391e-03 -7.441e-01  1.550e+00 
 -1.528e+00  9.098e-03  4.149e-01  1.324e-01 -8.521e-01  5.748e-02 -9.371e-02  1.555e-01 -2.441e-03  1.952e+00 -1.716e+00 
 -1.528e+00  9.098e-03  4.149e-01  1.324e-01 -8.521e-01  5.748e-02 -9.371e-02  1.555e-01 -2.441e-03  1.952e+00 -1.716e+00  4.411e+00 
 -6.988e-02 -5.346e-04 -1.230e-02 -3.906e-03  2.143e+00  4.206e-01 -6.697e-01  3.614e-03 -4.173e-02 -5.904e-02  5.236e-02 
 -6.988e-02 -5.346e-04 -1.230e-02 -3.906e-03  2.143e+00  4.206e-01 -6.697e-01  3.614e-03 -4.173e-02 -5.904e-02  5.236e-02 -1.335e-01  1.423e+00 
 PARAMETER  CORRELATION COEFFICIENTS  
       NO.  GLOBAL      1      2      3      5      6      7      9     11     13     14     15     16     17
        1  0.92582   1.000  0.226 -0.107 -0.059  0.107 -0.046  0.560 -0.749  0.100 -0.232  0.211 -0.250 -0.020
        2  0.45509   0.226  1.000  0.193  0.065  0.051 -0.001  0.071 -0.364  0.013  0.017  0.037  0.029 -0.003
        3  0.70742  -0.107  0.193  1.000  0.617 -0.033  0.006 -0.020  0.150 -0.005  0.207 -0.084  0.223 -0.012
        5  0.71210  -0.059  0.065  0.617  1.000 -0.020  0.004 -0.010  0.068 -0.002  0.255 -0.063  0.148 -0.008
        6  0.91597   0.107  0.051 -0.033 -0.020  1.000  0.538 -0.616 -0.147 -0.312 -0.098  0.083 -0.105  0.467
        7  0.63658  -0.046 -0.001  0.006  0.004  0.538  1.000 -0.247  0.015 -0.190  0.025 -0.017  0.027  0.344
        9  0.91927   0.560  0.071 -0.020 -0.010 -0.616 -0.247  1.000 -0.283  0.282 -0.015  0.019 -0.017 -0.209
       11  0.81709  -0.749 -0.364  0.150  0.068 -0.147  0.015 -0.283  1.000 -0.052  0.098 -0.166  0.112  0.005
       13  0.34023   0.100  0.013 -0.005 -0.002 -0.312 -0.190  0.282 -0.052  1.000 -0.005  0.005 -0.005 -0.158
       14  0.95338  -0.232  0.017  0.207  0.255 -0.098  0.025 -0.015  0.098 -0.005  1.000 -0.606  0.941 -0.050
       15  0.66973   0.211  0.037 -0.084 -0.063  0.083 -0.017  0.019 -0.166  0.005 -0.606  1.000 -0.656  0.035
       16  0.95761  -0.250  0.029  0.223  0.148 -0.105  0.027 -0.017  0.112 -0.005  0.941 -0.656  1.000 -0.053
       17  0.54504  -0.020 -0.003 -0.012 -0.008  0.467  0.344 -0.209  0.005 -0.158 -0.050  0.035 -0.053  1.000
Wallclock time  : 20.3524 seconds.
CPU time: 0.002036
Total CPU time: 0.002036
Processor time: 0.001753

FIT PARAMETERS
 ^{210}Bi = 5.7 #pm 2.9 
 ^{11}C = 1.26 #pm 0.15 
 Ext ^{214}Bi = 4.69 #pm 0.88 
 Ext ^{40}K = 0.15  [Fixed]
 Ext ^{208}Tl = 4.66 #pm 0.43 
 ^{85}Kr = 8.4 #pm 3.8 
 ^{210}Po = 54.0 #pm 1.0 
 #nu(^{8}B) = 0.46  [Fixed]
 #nu(^{7}Be) = 52.7 #pm 2.7 
 #nu(CNO) = 4.92  [Fixed]
 #nu(pep) = 3.92 #pm 0.66 
 ^{210}MCscalePo = 1  [Fixed]
 ^{210}MCshiftPo = -0.58 #pm 0.22 
 ^{10}C 2 = 0.58 #pm 0.96 
 ^{11}C 2 = 65.4 #pm 1.2 
 ^{6}He 2 = 3.3 #pm 2.1 
 ^{210}Po 2 = 54.3 #pm 1.2 

 chi^2                             = 1223.4
 chi^2/N-DOF                       = 0.8962
 p-value                           = 0.997
 Minimized -2Ln(Likelihood)        = 9681.65
 Likelihood p-value                = 0.180 ± 0.038
SimplePlotManager::groupByName <default.Major> appedned to <default>
SimplePlotManager::groupByName <default.TFCtagged> appedned to <default>
