[GPUManager]() registered
regV registering [npe] as [0x285c180]
regV registering [npe_short] as [0x285c2b0]
regV registering [Po218:peak] as [6002]
regV registering [Rn222:peak] as [5490]
regV registering [Po210:peak] as [5305]
Loaded path: </p/project/cjikp20/jikp2013/bx-GooStats-dingxf_dev/bx-GooStats/data>
RawSpectrumProvider::registerSpecies Register [nu(pep)]
RawSpectrumProvider::registerSpecies Register [nu(Be7)_sunT]
RawSpectrumProvider::registerSpecies Register [nu(Be7)_nosunT]
RawSpectrumProvider::registerSpecies Register [nu(CNO)]
RawSpectrumProvider::registerSpecies Register [nu(pp)_oleg]
RawSpectrumProvider::registerSpecies Register [nu(pp)_aldo]
RawSpectrumProvider::registerSpecies Register [nu(pp)]
RawSpectrumProvider::registerSpecies Register [nu(B8)]
RawSpectrumProvider::registerSpecies Register [C14_universal]
Warning: c14_shape_factor is taken as 1.24
RawSpectrumProvider::registerSpecies Register [C14]
RawSpectrumProvider::registerSpecies Register [C11]
RawSpectrumProvider::registerSpecies Register [C10]
RawSpectrumProvider::registerSpecies Register [Kr85]
RawSpectrumProvider::registerSpecies Register [B12]
RawSpectrumProvider::registerSpecies Register [He6]
RawSpectrumProvider::registerSpecies Register [Pa234m]
RawSpectrumProvider::registerSpecies Register [K40]
RawSpectrumProvider::registerSpecies Register [La138]
RawSpectrumProvider::registerSpecies Register [Bi210_mach4]
RawSpectrumProvider::registerSpecies Register [Bi210_oleg]
RawSpectrumProvider::registerSpecies Register [Bi210_aldo]
RawSpectrumProvider::registerSpecies Register [Bi210_daniel]
RawSpectrumProvider::registerSpecies Register [Bi210_flothmann]
RawSpectrumProvider::registerSpecies Register [Bi210_grau]
RawSpectrumProvider::registerSpecies Register [Pb214_KM]
RawSpectrumProvider::registerSpecies Register [Pb214_aldo_1]
RawSpectrumProvider::registerSpecies Register [Pb214_aldo_2]
RawSpectrumProvider::registerSpecies Register [Pb214_aldo_3]
RawSpectrumProvider::registerSpecies Register [Pb214_aldo_4]
RawSpectrumProvider::registerSpecies Register [Pb214_aldo_5]
RawSpectrumProvider::registerSpecies Register [Pb214_aldo_6]
RawSpectrumProvider::registerSpecies Register [Pb214_aldo_7]
RawSpectrumProvider::registerSpecies Register [Ext_Tl208]
RawSpectrumProvider::registerSpecies Register [Ext_Bi214]
RawSpectrumProvider::registerSpecies Register [Ext_K40]
RawSpectrumProvider::registerSpecies Register [U238_chain]
RawSpectrumProvider::registerSpecies Register [Th232_chain]
RawSpectrumProvider::registerSpecies Register [C14_pileup]
[InputManager]() registered
[PrepareData]() registered
[SimpleFit]() registered
[CNOTest]() registered
[HMLMTest]() registered
[ScanPar]() registered
[CorrelationManager]() registered
[ContourManager]() registered
[OutputManager]() registered
Checking GPU [0]/[1]
Running on [Tesla K80] with compute capability of 3.7
Warning: BatchOutputManager not set, default are used.
LOG: Getting data from file input_files/Period2016_FVpep_TFCMI_c19.root
Searching final_nhits_pp_0 in pp
LOG: fitting histogram final_nhits_pp_0
WARNING: chain_counts_cum not TH1D, trying other TH1
WARNING: No chain_counts_cum in input directory, trying in the main directory of the file
chain_counts_cum: mean 23.2772
[default] adopt [global] as its parent.
Inserting period [default,input_files/Period2016_FVpep_TFCMI_c19.root,pp/final_nhits_pp_0,fitoptions/fitoptions_cno-mv-2016-pdfs_new-nhits-emin140_Po210-shift.cfg,species_list/species-fit-cno-mvCNO-hm.icc]
ARG[1] <icc> = [species_list/species-fit-cno-mvCNO-hm.icc]
InputManager::registerConfigset(default)
Loading from <fitoptions/fitoptions_cno-mv-2016-pdfs_new-nhits-emin140_Po210-shift.cfg>
h_n_used_pmts: mean 1367.32
h_n_used_pmts_weighted: mean 1368.15
h_n_used_pmts0: mean 1366.95
h_n_used_pmts_weighted0: mean 1368.22
h_n_used_pmts1: mean 1367.95
h_n_used_pmts_weighted1: mean 1368.04
option <n_used_charge_histo_name> not set, default value [h_n_used_charge] used
h_n_used_charge: mean 1365.08
option <n_used_charge_po210_histo_name> not set, default value [h_n_used_charge_weighted] used
h_n_used_charge_weighted: mean 1365.93
feq_inv: mean 1.46327
Mask [mask_2] from [h_n_used_pmts] Mean <999.503> RMS <576.928>
Mask [mask_3] from [h_n_used_pmts_weighted] Mean <999.503> RMS <576.928>
Mask [mask_4] from [h_n_used_pmts0] Mean <999.503> RMS <576.928>
Mask [mask_5] from [h_n_used_pmts_weighted0] Mean <999.503> RMS <576.928>
Mask [mask_6] from [h_n_used_pmts1] Mean <999.503> RMS <576.929>
Mask [mask_7] from [h_n_used_pmts_weighted1] Mean <999.503> RMS <576.929>
*********Dump options parsed*********************************
MC_ext_bkg => <true>
alpha_response_function => <scaled_poisson>
alpha_subtracted => <false>
apply_radiochemical_constraints => <false>
applying_mask => <true>
beta_response_function => <scaled_poisson>
bi210_spectrum => <aldo>
c11_quenching_fixed => <false>
c11_subtracted => <true>
complementary_histo_fit => <true>
complementary_histo_name => <pp/final_nhits_pp_1>
convolve_dark_noise => <false>
dark_noise_window => <win1>
fit_results_output => <fit_results.root>
fit_variable => <nhits>
fit_variable_MC => <nhits>
freeMCshiftPo210 => <true>
geometric_correction_on => <false>
icc => <species_list/species-fit-cno-mvCNO-hm.icc>
ly_fixed => <false>
meantime_cut => <no>
minimization_method => <likelihood>
minimization_routine => <minuit>
montecarlo_interpolation => <off>
montecarlo_spectra_file => <pdfs_new/MCspectra_FVpep_Period_2016_unmasked.root>
multivariate_ps_fit => <true>
multivariate_rdist_fit => <true>
n_used_pmts_histo_name => <h_n_used_pmts>
n_used_pmts_po210_histo_name => <h_n_used_pmts_weighted>
n_used_pmts_po210_tfc0_histo_name => <h_n_used_pmts_weighted0>
n_used_pmts_po210_tfc1_histo_name => <h_n_used_pmts_weighted1>
n_used_pmts_tfc0_histo_name => <h_n_used_pmts0>
n_used_pmts_tfc1_histo_name => <h_n_used_pmts1>
neutrino_magnetic_moment => <no>
no_lead_cut => <no>
norm_variable => <true>
npe_offset_fixed => <true>
pb214_spectrum => <aldo>
pileup_eff_ly_fixed => <true>
plot_filename => <plot.root>
po210_quenching_fixed => <false>
quenching_parameterization => <echidna>
save_fit_results => <false>
scale_poisson => <true>
show_only_c14_c14 => <false>
spectra_pdfs => <montecarlo>
synthpup_file => <P91011_Synthetic_Spectra.root>
synthpup_hist => <h_synth_spec_5_dt1>
use_alpha_response_function => <false>
use_remaining_pb214 => <false>
weighted_response => <false>
alpha_resolution_0_guess => float: [1.2]
alpha_resolution_0_max => float: [20]
alpha_resolution_0_min => float: [0]
alpha_resolution_1_guess => float: [0]
alpha_resolution_1_max => float: [0]
alpha_resolution_1_min => float: [0]
alpha_resolution_2_guess => float: [0]
alpha_resolution_2_max => float: [0]
alpha_resolution_2_min => float: [0]
beta_resolution_0_guess => float: [3]
beta_resolution_0_max => float: [20]
beta_resolution_0_min => float: [0]
beta_resolution_1_guess => float: [3]
beta_resolution_1_max => float: [20]
beta_resolution_1_min => float: [0]
beta_resolution_2_guess => float: [7]
beta_resolution_2_max => float: [7]
beta_resolution_2_min => float: [7]
beta_resolution_3_guess => float: [2]
beta_resolution_3_max => float: [10]
beta_resolution_3_min => float: [0]
beta_resolution_4_guess => float: [0]
beta_resolution_4_max => float: [0]
beta_resolution_4_min => float: [0]
beta_resolution_5_guess => float: [0]
beta_resolution_5_max => float: [0]
beta_resolution_5_min => float: [0]
c11_quenching => float: [0.8828]
c14_shape_factor => float: [1.24]
c14_threshold => float: [100]
dark_noise_threshold => float: [100]
ext_bckgd_eff_ly => float: [1.0228]
fCher => float: [2]
fit_verbosity => float: [0]
geometric_correction => float: [0.112]
histogram_binwidth => float: [1]
kb => float: [0.0109]
ly_guess => float: [0.49]
maximum_energy => float: [950]
meantime_cut_correction_c1 => float: [0.974]
meantime_cut_correction_c2 => float: [-0.00211]
minimum_energy => float: [140]
multivariate_ps_fit_bins => float: [1]
multivariate_ps_fit_max => float: [650]
multivariate_ps_fit_min => float: [400]
multivariate_ps_fit_smooth => float: [0]
multivariate_rdist_fit_bins => float: [16]
multivariate_rdist_fit_max => float: [900]
multivariate_rdist_fit_min => float: [500]
multivariate_rdist_fit_smooth => float: [0]
npe_offset => float: [0]
number_of_bins_for_weighted_response => float: [10]
pileup_eff_ly => float: [0.935]
po210_quenching => float: [0.07879]
poisson_factor => float: [15]
poisson_threshold => float: [100]
ser_under_threshold => float: [0.12]
sys_errors_scale => float: [0]
unequalization_factor => float: [1]
*************************************************************
Inserting Constant name [compute_likelihood_p_value] value [0]
regV registering [compute_likelihood_p_value] as [0]
Inserting [C11_qch] to [global]
Inserting [Po210_qch] to [default]
Inserting [extly_qch] to [global]
Linking [Ext_Tl208_qch] with [extly_qch] in [global]
Linking [Ext_Bi214_qch] with [extly_qch] in [global]
Linking [Ext_K40_qch] with [extly_qch] in [global]
Inserting [Po218_qch] to [global]
Inserting [Rn222_qch] to [global]
Inserting [C10_qch] to [global]
Bad programming style of using const_cast!!!
regV registering [NL] as [0x7ffdd1c187c0]
Inserting [beta_ly] to [default]
810
Inserting [beta_resolution_0] to [global]
Inserting [beta_resolution_1] to [global]
Inserting [beta_resolution_2] to [global]
Inserting [beta_resolution_3] to [global]
Inserting [beta_resolution_4] to [global]
Inserting [beta_resolution_5] to [global]
Inserting [alpha_resolution_0] to [default]
Inserting [alpha_resolution_1] to [default]
Inserting [alpha_resolution_2] to [default]
Inserting [alpha_resolution_3] to [default]
Inserting [alpha_resolution_4] to [default]
Inserting [alpha_resolution_5] to [default]
Inserting [mlp_correction_0] to [default]
Inserting [mlp_correction_1] to [default]
Inserting [mlp_correction_2] to [default]
Inserting [mlp_correction_3] to [default]
Integral: 11.6405, sum = 1.17605e+06, endpoint = 671.809
Integral: 76.3209, sum = 1.81556e+07, endpoint = 264.064
RawSpectrumProvider::registerSpecies Register [nu(Be7+munu)]
RawSpectrumProvider::registerSpecies Register [nu(pp+munu)]
RawSpectrumProvider::registerSpecies Register [Bi210]
RawSpectrumProvider::registerSpecies Register [nu(Be7)]
feq: 1.46272 feq_po: 1.46183
Inserting [default] to default feq: 1.46272 0
Inserting [Po210] to default feq: 1.46183 0
Dumping pre-created rates:
INFO: loading species from file species_list/species-fit-cno-mvCNO-hm.icc
Inserting [Bi210] to [default]
Inserting [C10_2] to [default]
Inserting [C11] to [default]
Inserting [C11_2] to [default]
Inserting [Ext_Bi214] to [global]
Inserting [Ext_K40] to [global]
Inserting [Ext_Tl208] to [global]
Inserting [He6_2] to [global]
Inserting [Kr85] to [default]
Inserting [Po210] to [default]
Inserting [Po210_2] to [default]
Inserting [nu(B8)] to [default]
Inserting [nu(Be7)] to [global]
Inserting [nu(CNO)] to [global]
Inserting [nu(pep)] to [global]
 [global] : (C10_qch, global.C10_qch) 
 [global] : (C11_qch, global.C11_qch) 
 [global] : (Ext_Bi214, global.Ext_Bi214) 
 [global] : (Ext_Bi214_qch, global.extly_qch) 
 [global] : (Ext_K40, global.Ext_K40) 
 [global] : (Ext_K40_qch, global.extly_qch) 
 [global] : (Ext_Tl208, global.Ext_Tl208) 
 [global] : (Ext_Tl208_qch, global.extly_qch) 
 [global] : (He6_2, global.He6_2) 
 [global] : (Po218_qch, global.Po218_qch) 
 [global] : (Rn222_qch, global.Rn222_qch) 
 [global] : (beta_resolution_0, global.beta_resolution_0) 
 [global] : (beta_resolution_1, global.beta_resolution_1) 
 [global] : (beta_resolution_2, global.beta_resolution_2) 
 [global] : (beta_resolution_3, global.beta_resolution_3) 
 [global] : (beta_resolution_4, global.beta_resolution_4) 
 [global] : (beta_resolution_5, global.beta_resolution_5) 
 [global] : (extly_qch, global.extly_qch) 
 [global] : (nu(Be7), global.nu(Be7)) 
 [global] : (nu(CNO), global.nu(CNO)) 
 [global] : (nu(pep), global.nu(pep)) 
default>-- [default] : (Bi210, default.Bi210) 
default>-- [default] : (C10_2, default.C10_2) 
default>-- [default] : (C11, default.C11) 
default>-- [default] : (C11_2, default.C11_2) 
default>-- [default] : (Kr85, default.Kr85) 
default>-- [default] : (Po210, default.Po210) 
default>-- [default] : (Po210_2, default.Po210_2) 
default>-- [default] : (Po210_qch, default.Po210_qch) 
default>-- [default] : (alpha_resolution_0, default.alpha_resolution_0) 
default>-- [default] : (alpha_resolution_1, default.alpha_resolution_1) 
default>-- [default] : (alpha_resolution_2, default.alpha_resolution_2) 
default>-- [default] : (alpha_resolution_3, default.alpha_resolution_3) 
default>-- [default] : (alpha_resolution_4, default.alpha_resolution_4) 
default>-- [default] : (alpha_resolution_5, default.alpha_resolution_5) 
default>-- [default] : (beta_ly, default.beta_ly) 
default>-- [default] : (mlp_correction_0, default.mlp_correction_0) 
default>-- [default] : (mlp_correction_1, default.mlp_correction_1) 
default>-- [default] : (mlp_correction_2, default.mlp_correction_2) 
default>-- [default] : (mlp_correction_3, default.mlp_correction_3) 
default>-- [default] : (nu(B8), default.nu(B8)) 
InputManager::registerDataset(default.Major)
InputManager::registerDataset(default.TFCtagged)
Inserting period full [default.Major]
Inserting period full [default.TFCtagged]
Livetime: 152 days (c11 subtracted)
computing mass from input_files/Period2016_FVpep_TFCMI_c19.root
Mass: 71.3 tons
Inserting [default.Major] exposure : [10837.6 (day x tons)]
computing mass from input_files/Period2016_FVpep_TFCMI_c19.root
Inserting [default.TFCtagged] exposure : [6266.81 (day x tons)]
Inserting type [remaining_pb214] name [default] value [0.0131381]
Remaining Pb214 [default] : 0.0131381 cpd/100 tons
WARNING: pp/final_nhits_pp_1 not TH1D, trying other TH1
WARNING: No pp/final_nhits_pp_1 in input directory, trying in the main directory of the file
pp/final_nhits_pp_1: mean 51.7909
WARNING: the spectrum of [Major] had not Sumw2 set. Setting it now.
WARNING: the spectrum of [TFCtagged] had not Sumw2 set. Setting it now.
Inserting [default.Major] data set
Inserting [default.TFCtagged] data set
INFO: loading species from file species_list/species-fit-cno-mvCNO-hm.icc
Loading [Bi210] from [pdfs_new/MCspectra_FVpep_Period_2016_unmasked.root/bi210_nhits]
bad programing style, const_cast!!
creating MC species [Bi210] in [default]
Warning: quenching [Bi210_qch] not found in [default].
[Bi210] loaded for [default]
Inserting species (Bi210)[Bi210] to [default.Major] 
Inserting species (Bi210)[Bi210] to [default.TFCtagged] 
Loading [C10] from [pdfs_new/MCspectra_FVpep_Period_2016_unmasked.root/c10_nhits]
bad programing style, const_cast!!
creating MC species [C10] in [default]
[C10] loaded for [default]
Inserting species (C10_2)[C10] to [default.TFCtagged] 
Loading [C11] from [pdfs_new/MCspectra_FVpep_Period_2016_unmasked.root/c11_nhits]
bad programing style, const_cast!!
creating MC species [C11] in [default]
[C11] loaded for [default]
Inserting species (C11)[C11] to [default.Major] 
creating MC species [C11] in [default]
[C11] loaded for [default]
Inserting species (C11_2)[C11] to [default.TFCtagged] 
Loading [Ext_Bi214] from [pdfs_new/MCspectra_FVpep_Period_2016_unmasked.root/ext_bi214_nhits]
bad programing style, const_cast!!
creating MC species [Ext_Bi214] in [default]
[Ext_Bi214] loaded for [default]
Inserting species (Ext_Bi214)[Ext_Bi214] to [default.Major] 
Inserting species (Ext_Bi214)[Ext_Bi214] to [default.TFCtagged] 
Loading [Ext_K40] from [pdfs_new/MCspectra_FVpep_Period_2016_unmasked.root/ext_k40_nhits]
bad programing style, const_cast!!
creating MC species [Ext_K40] in [default]
[Ext_K40] loaded for [default]
Inserting species (Ext_K40)[Ext_K40] to [default.Major] 
Inserting species (Ext_K40)[Ext_K40] to [default.TFCtagged] 
Loading [Ext_Tl208] from [pdfs_new/MCspectra_FVpep_Period_2016_unmasked.root/ext_tl208_nhits]
bad programing style, const_cast!!
creating MC species [Ext_Tl208] in [default]
[Ext_Tl208] loaded for [default]
Inserting species (Ext_Tl208)[Ext_Tl208] to [default.Major] 
Inserting species (Ext_Tl208)[Ext_Tl208] to [default.TFCtagged] 
Loading [He6] from [pdfs_new/MCspectra_FVpep_Period_2016_unmasked.root/he6_nhits]
bad programing style, const_cast!!
creating MC species [He6] in [default]
Warning: quenching [He6_qch] not found in [default].
[He6] loaded for [default]
Inserting species (He6_2)[He6] to [default.TFCtagged] 
Loading [Kr85] from [pdfs_new/MCspectra_FVpep_Period_2016_unmasked.root/kr85_nhits]
bad programing style, const_cast!!
creating MC species [Kr85] in [default]
Warning: quenching [Kr85_qch] not found in [default].
[Kr85] loaded for [default]
Inserting species (Kr85)[Kr85] to [default.Major] 
Inserting species (Kr85)[Kr85] to [default.TFCtagged] 
Loading [Po210] from [pdfs_new/MCspectra_FVpep_Period_2016_unmasked.root/po210_nhits]
bad programing style, const_cast!!
creating MC species [Po210] in [default]
bad programming! const_cast used!
Inserting [MCscalePo210] to [default]
Inserting [MCshiftPo210] to [default]
[Po210] loaded for [default]
Inserting species (Po210)[Po210] to [default.Major] 
creating MC species [Po210] in [default]
bad programming! const_cast used!
[Po210] loaded for [default]
Inserting species (Po210_2)[Po210] to [default.TFCtagged] 
Loading [nu(B8)] from [pdfs_new/MCspectra_FVpep_Period_2016_unmasked.root/b8_nhits]
bad programing style, const_cast!!
creating MC species [nu(B8)] in [default]
Warning: quenching [nu(B8)_qch] not found in [default].
[nu(B8)] loaded for [default]
Inserting species (nu(B8))[nu(B8)] to [default.Major] 
Inserting species (nu(B8))[nu(B8)] to [default.TFCtagged] 
Loading [nu(Be7)] from [pdfs_new/MCspectra_FVpep_Period_2016_unmasked.root/be7_nhits]
bad programing style, const_cast!!
creating MC species [nu(Be7)] in [default]
Warning: quenching [nu(Be7)_qch] not found in [default].
[nu(Be7)] loaded for [default]
Inserting species (nu(Be7))[nu(Be7)] to [default.Major] 
Inserting species (nu(Be7))[nu(Be7)] to [default.TFCtagged] 
Loading [nu(CNO)] from [pdfs_new/MCspectra_FVpep_Period_2016_unmasked.root/cno_nhits]
bad programing style, const_cast!!
creating MC species [nu(CNO)] in [default]
Warning: quenching [nu(CNO)_qch] not found in [default].
[nu(CNO)] loaded for [default]
Inserting species (nu(CNO))[nu(CNO)] to [default.Major] 
Inserting species (nu(CNO))[nu(CNO)] to [default.TFCtagged] 
Loading [nu(pep)] from [pdfs_new/MCspectra_FVpep_Period_2016_unmasked.root/pep_nhits]
bad programing style, const_cast!!
creating MC species [nu(pep)] in [default]
Warning: quenching [nu(pep)_qch] not found in [default].
[nu(pep)] loaded for [default]
Inserting species (nu(pep))[nu(pep)] to [default.Major] 
Inserting species (nu(pep))[nu(pep)] to [default.TFCtagged] 
Inserting [default.Major] species vector
searching for [Bi210_sys]..
searching for [C11_sys]..
searching for [Ext_Bi214_sys]..
searching for [Ext_K40_sys]..
searching for [Ext_Tl208_sys]..
searching for [Kr85_sys]..
searching for [Po210_sys]..
searching for [nu(B8)_sys]..
searching for [nu(Be7)_sys]..
searching for [nu(CNO)_sys]..
searching for [nu(pep)_sys]..
Inserting [default.TFCtagged] species vector
searching for [Bi210_sys]..
searching for [C10_2_sys]..
searching for [C11_2_sys]..
searching for [Ext_Bi214_sys]..
searching for [Ext_K40_sys]..
searching for [Ext_Tl208_sys]..
searching for [He6_2_sys]..
searching for [Kr85_sys]..
searching for [Po210_2_sys]..
searching for [nu(B8)_sys]..
searching for [nu(Be7)_sys]..
searching for [nu(CNO)_sys]..
searching for [nu(pep)_sys]..
setting quenching of [Po210] to [0.07879]
Pb214 not implemented in bx-GooStats, it's ignored
setting quenching of [C11] to [0.8828]
INFO: 210Po PMTs used: 2000,0
RawSpectrumProvider::registerSpecies Register [default.Major]
type: [default.Major][0][1]
You have chosen SeparateSumPdfFactory<DnType<NoDn> MLPType<no> MaskType<Mask> DnAfterMask <no>>
SumPdf::registerFunc register [Bi210] as [0]
SumPdf::registerFunc register [C11] as [1]
SumPdf::registerFunc register [Ext_Bi214] as [2]
SumPdf::registerFunc register [Ext_K40] as [3]
SumPdf::registerFunc register [Ext_Tl208] as [4]
SumPdf::registerFunc register [Kr85] as [5]
SumPdf::registerFunc register [Po210] as [6]
SumPdf::registerFunc register [nu(B8)] as [7]
SumPdf::registerFunc register [nu(Be7)] as [8]
SumPdf::registerFunc register [nu(CNO)] as [9]
SumPdf::registerFunc register [nu(pep)] as [10]
SumPdf::registerFunc register [Bi210] as [11]
SumPdf::registerFunc register [C11] as [12]
SumPdf::registerFunc register [Ext_Bi214] as [13]
SumPdf::registerFunc register [Ext_K40] as [14]
SumPdf::registerFunc register [Ext_Tl208] as [15]
SumPdf::registerFunc register [Kr85] as [16]
SumPdf::registerFunc register [Po210] as [17]
SumPdf::registerFunc register [nu(B8)] as [18]
SumPdf::registerFunc register [nu(Be7)] as [19]
SumPdf::registerFunc register [nu(CNO)] as [20]
SumPdf::registerFunc register [nu(pep)] as [21]
Inserting [default.Major] sum pdf
Checking [Bi210] for <User> found? [1] is class<0>? [1]
Checking [C11] for <User> found? [1] is class<0>? [0]
Checking [Ext_Bi214] for <User> found? [1] is class<0>? [1]
Checking [Ext_K40] for <User> found? [1] is class<0>? [1]
Checking [Ext_Tl208] for <User> found? [1] is class<0>? [1]
Checking [Kr85] for <User> found? [1] is class<0>? [1]
Checking [Po210] for <User> found? [1] is class<0>? [1]
Checking [nu(B8)] for <User> found? [1] is class<0>? [1]
Checking [nu(Be7)] for <User> found? [1] is class<0>? [1]
Checking [nu(CNO)] for <User> found? [1] is class<0>? [1]
Checking [nu(pep)] for <User> found? [1] is class<0>? [1]
Checking [Bi210] for <User> found? [1] is class<1>? [0]
Checking [C11] for <User> found? [1] is class<1>? [1]
Checking [Ext_Bi214] for <User> found? [1] is class<1>? [0]
Checking [Ext_K40] for <User> found? [1] is class<1>? [0]
Checking [Ext_Tl208] for <User> found? [1] is class<1>? [0]
Checking [Kr85] for <User> found? [1] is class<1>? [0]
Checking [Po210] for <User> found? [1] is class<1>? [0]
Checking [nu(B8)] for <User> found? [1] is class<1>? [0]
Checking [nu(Be7)] for <User> found? [1] is class<1>? [0]
Checking [nu(CNO)] for <User> found? [1] is class<1>? [0]
Checking [nu(pep)] for <User> found? [1] is class<1>? [0]
Inserting [default]-[default] MV term
Checking [Bi210] for <Rdist> found? [1] is class<0>? [1]
Checking [C11] for <Rdist> found? [1] is class<0>? [1]
Checking [Ext_Bi214] for <Rdist> found? [1] is class<0>? [0]
Checking [Ext_K40] for <Rdist> found? [1] is class<0>? [0]
Checking [Ext_Tl208] for <Rdist> found? [1] is class<0>? [0]
Checking [Kr85] for <Rdist> found? [1] is class<0>? [1]
Checking [Po210] for <Rdist> found? [1] is class<0>? [1]
Checking [nu(B8)] for <Rdist> found? [1] is class<0>? [1]
Checking [nu(Be7)] for <Rdist> found? [1] is class<0>? [1]
Checking [nu(CNO)] for <Rdist> found? [1] is class<0>? [1]
Checking [nu(pep)] for <Rdist> found? [1] is class<0>? [1]
Checking [Bi210] for <Rdist> found? [1] is class<1>? [0]
Checking [C11] for <Rdist> found? [1] is class<1>? [0]
Checking [Ext_Bi214] for <Rdist> found? [1] is class<1>? [1]
Checking [Ext_K40] for <Rdist> found? [1] is class<1>? [1]
Checking [Ext_Tl208] for <Rdist> found? [1] is class<1>? [1]
Checking [Kr85] for <Rdist> found? [1] is class<1>? [0]
Checking [Po210] for <Rdist> found? [1] is class<1>? [0]
Checking [nu(B8)] for <Rdist> found? [1] is class<1>? [0]
Checking [nu(Be7)] for <Rdist> found? [1] is class<1>? [0]
Checking [nu(CNO)] for <Rdist> found? [1] is class<1>? [0]
Checking [nu(pep)] for <Rdist> found? [1] is class<1>? [0]
Inserting [default]-[default] MV term
Inserting [default]-[default] MV term
Inserting [default]-[default] MV term
Inserting [default]-[default] MV term
Inserting [default]-[default] MV term
Inserting [default]-[default] MV term
Inserting [default]-[default] MV term
Inserting [default]-[default] MV term
Inserting [default]-[default] MV term
Inserting [default]-[default] MV term
Inserting [default]-[default] MV term
Inserting [default]-[default] MV term
Inserting [default]-[default] MV term
Inserting [default]-[default] MV term
Inserting [default]-[default] MV term
Inserting [default]-[default] MV term
Pb214 not implemented in bx-GooStats, it's ignored
RawSpectrumProvider::registerSpecies Register [default.TFCtagged]
type: [default.TFCtagged][0][1]
You have chosen SeparateSumPdfFactory<DnType<NoDn> MLPType<no> MaskType<Mask> DnAfterMask <no>>
SumPdf::registerFunc register [C10] as [22]
SumPdf::registerFunc register [C11] as [23]
SumPdf::registerFunc register [He6] as [24]
SumPdf::registerFunc register [Po210] as [25]
SumPdf::registerFunc register [Bi210] as [26]
SumPdf::registerFunc register [C10] as [27]
SumPdf::registerFunc register [C11] as [28]
SumPdf::registerFunc register [Ext_Bi214] as [29]
SumPdf::registerFunc register [Ext_K40] as [30]
SumPdf::registerFunc register [Ext_Tl208] as [31]
SumPdf::registerFunc register [He6] as [32]
SumPdf::registerFunc register [Kr85] as [33]
SumPdf::registerFunc register [Po210] as [34]
SumPdf::registerFunc register [nu(B8)] as [35]
SumPdf::registerFunc register [nu(Be7)] as [36]
SumPdf::registerFunc register [nu(CNO)] as [37]
SumPdf::registerFunc register [nu(pep)] as [38]
Inserting [default.TFCtagged] sum pdf
Inserting (Datasets:default.Major)<default.Major>
Inserting (Datasets:default.TFCtagged)<default.TFCtagged>
Inserting (LikelihoodFactory)<default>
Inserting (LikelihoodFactory)<default>
Inserting (LikelihoodFactory)<default>
Inserting (LikelihoodFactory)<default>
Inserting (LikelihoodFactory)<default>
Inserting (LikelihoodFactory)<default>
Inserting (LikelihoodFactory)<default>
Inserting (LikelihoodFactory)<default>
Inserting (LikelihoodFactory)<default>
Inserting (LikelihoodFactory)<default>
Inserting (LikelihoodFactory)<default>
Inserting (LikelihoodFactory)<default>
Inserting (LikelihoodFactory)<default>
Inserting (LikelihoodFactory)<default>
Inserting (LikelihoodFactory)<default>
Inserting (LikelihoodFactory)<default>
Inserting (LikelihoodFactory)<default>
Debug: LL size 19
 PARAMETER DEFINITIONS:
    NO.   NAME         VALUE      STEP SIZE      LIMITS
     1 default.Bi210   2.00000e+01  1.00000e+00    0.00000e+00  1.00000e+02
     2 default.C11   2.80000e+01  1.00000e+00    0.00000e+00  1.00000e+02
     3 global.Ext_Bi214   5.00000e-01  1.00000e-01    0.00000e+00  1.00000e+01
     4 global.Ext_K40   1.50000e-01  1.00000e-01    0.00000e+00  1.00000e+01
 **********
 **    1 **FIX           4
 **********
 PARAMETER DEFINITIONS:
    NO.   NAME         VALUE      STEP SIZE      LIMITS
     5 global.Ext_Tl208   1.90000e+00  1.00000e-01    0.00000e+00  1.00000e+01
     6 default.Kr85   5.00000e+00  3.00000e-01    0.00000e+00  3.00000e+01
     7 default.Po210   3.00000e+02  2.99999e+01    1.00000e-02  3.00000e+03
     8 default.nu(B8)   4.60000e-01  1.00000e-01    0.00000e+00  1.00000e+01
 **********
 **    2 **FIX           8
 **********
 PARAMETER DEFINITIONS:
    NO.   NAME         VALUE      STEP SIZE      LIMITS
     9 global.nu(Be7)   4.85000e+01  5.00000e-01    2.00000e+01  7.00000e+01
    10 global.nu(CNO)   4.92000e+00  constant
 **********
 **    3 **FIX          10
 **********
 PARAMETER   10  IS CONSTANT.   IGNORED.
 PARAMETER DEFINITIONS:
    NO.   NAME         VALUE      STEP SIZE      LIMITS
    11 global.nu(pep)   2.20000e+00  1.00000e-01    0.00000e+00  1.00000e+01
    12 default.MCscalePo210   1.00000e+00  constant
    13 default.MCshiftPo210   0.00000e+00  1.00000e-03   -5.00000e+01  5.00000e+01
    14 default.C10_2   1.10000e+00  1.00000e-01    0.00000e+00  1.00000e+01
    15 default.C11_2   5.00000e+01  2.00000e+00    0.00000e+00  2.00000e+02
    16 global.He6_2   4.00000e-01  2.00000e-01    0.00000e+00  2.00000e+01
    17 default.Po210_2   3.00000e+02  2.99999e+01    1.00000e-02  3.00000e+03
 **********
 **    4 **SET ERRDEF         0.5
 **********
 PARAMETER DEFINITIONS:
    NO.   NAME         VALUE      STEP SIZE      LIMITS
     1 default.Bi210   2.00000e+01  1.00000e+00    0.00000e+00  1.00000e+02
     2 default.C11   2.80000e+01  1.00000e+00    0.00000e+00  1.00000e+02
     3 global.Ext_Bi214   5.00000e-01  1.00000e-01    0.00000e+00  1.00000e+01
     4 global.Ext_K40   1.50000e-01  1.00000e-01    0.00000e+00  1.00000e+01
 **********
 **    1 **FIX           4
 **********
 PARAMETER DEFINITIONS:
    NO.   NAME         VALUE      STEP SIZE      LIMITS
     5 global.Ext_Tl208   1.90000e+00  1.00000e-01    0.00000e+00  1.00000e+01
     6 default.Kr85   5.00000e+00  3.00000e-01    0.00000e+00  3.00000e+01
     7 default.Po210   3.00000e+02  2.99999e+01    1.00000e-02  3.00000e+03
     8 default.nu(B8)   4.60000e-01  1.00000e-01    0.00000e+00  1.00000e+01
 **********
 **    2 **FIX           8
 **********
 PARAMETER DEFINITIONS:
    NO.   NAME         VALUE      STEP SIZE      LIMITS
     9 global.nu(Be7)   4.85000e+01  5.00000e-01    2.00000e+01  7.00000e+01
    10 global.nu(CNO)   4.92000e+00  constant
 **********
 **    3 **FIX          10
 **********
 PARAMETER   10  IS CONSTANT.   IGNORED.
 PARAMETER DEFINITIONS:
    NO.   NAME         VALUE      STEP SIZE      LIMITS
    11 global.nu(pep)   2.20000e+00  1.00000e-01    0.00000e+00  1.00000e+01
    12 default.MCscalePo210   1.00000e+00  constant
    13 default.MCshiftPo210   0.00000e+00  1.00000e-03   -5.00000e+01  5.00000e+01
    14 default.C10_2   1.10000e+00  1.00000e-01    0.00000e+00  1.00000e+01
    15 default.C11_2   5.00000e+01  2.00000e+00    0.00000e+00  2.00000e+02
    16 global.He6_2   4.00000e-01  2.00000e-01    0.00000e+00  2.00000e+01
    17 default.Po210_2   3.00000e+02  2.99999e+01    1.00000e-02  3.00000e+03
 **********
 **    4 **SET ERRDEF         0.5
 **********
 **********
 **    5 **MINIMIZE       2e+04
 **********
 FIRST CALL TO USER FUNCTION AT NEW START POINT, WITH IFLAG=4.
 START MIGRAD MINIMIZATION.  STRATEGY  1.  CONVERGENCE WHEN EDM .LT. 5.00e-05
 FCN=27802.8 FROM MIGRAD    STATUS=INITIATE      112 CALLS         113 TOTAL
                     EDM= unknown      STRATEGY= 1      NO ERROR MATRIX       
  EXT PARAMETER               CURRENT GUESS       STEP         FIRST   
  NO.   NAME      VALUE            ERROR          SIZE      DERIVATIVE 
   1  default.Bi210   2.00000e+01   1.00000e+00   0.00000e+00   1.38737e+03
   2  default.C11   2.80000e+01   1.00000e+00   0.00000e+00   4.17789e+03
   3  global.Ext_Bi214   3.97482e+00   1.00000e-01   0.00000e+00   4.71701e+01
   4  global.Ext_K40   1.50000e-01     fixed    
   5  global.Ext_Tl208   1.90000e+00   1.00000e-01   0.00000e+00  -4.63060e+01
   6  default.Kr85   5.00000e+00   3.00000e-01   0.00000e+00   4.04144e+02
   7  default.Po210   3.00000e+02   2.99999e+01   0.00000e+00   6.79289e+04
   8  default.nu(B8)   4.60000e-01     fixed    
   9  global.nu(Be7)   4.85000e+01   5.00000e-01   0.00000e+00   9.71019e+02
  10  global.nu(CNO)   4.92000e+00   constant   
  11  global.nu(pep)   2.20000e+00   1.00000e-01   0.00000e+00   2.01483e+02
  12  default.MCscalePo210   1.00000e+00   constant   
  13  default.MCshiftPo210   0.00000e+00   1.00000e-03   0.00000e+00   1.09374e+03
  14  default.C10_2   1.10000e+00   1.00000e-01   0.00000e+00   3.03214e+01
  15  default.C11_2   5.00000e+01   2.00000e+00   0.00000e+00  -1.82931e+03
  16  global.He6_2   7.97190e+00   2.00000e-01   1.08278e+00  -9.68555e-02
  17  default.Po210_2   3.00000e+02   2.99999e+01   0.00000e+00   3.92417e+04
                               ERR DEF= 0.5
 MIGRAD MINIMIZATION HAS CONVERGED.
 MIGRAD WILL VERIFY CONVERGENCE AND ERROR MATRIX.
 COVARIANCE MATRIX CALCULATED SUCCESSFULLY
 FCN=4394.53 FROM MIGRAD    STATUS=CONVERGED    1334 CALLS        1335 TOTAL
                     EDM=6.97719e-06    STRATEGY= 1      ERROR MATRIX ACCURATE 
  EXT PARAMETER                                   STEP         FIRST   
  NO.   NAME      VALUE            ERROR          SIZE      DERIVATIVE 
   1  default.Bi210   8.90713e+00   3.22879e+00   1.97463e-03  -1.72185e-02
   2  default.C11   1.53169e+00   1.78855e-01   5.86476e-04  -1.98487e-02
   3  global.Ext_Bi214   3.15303e+00   7.23704e-01   5.14676e-03  -1.87244e-03
   4  global.Ext_K40   1.50000e-01     fixed    
   5  global.Ext_Tl208   3.82589e+00   3.84963e-01   2.59977e-03  -1.42664e-02
   6  default.Kr85   1.75915e+01   4.09594e+00   5.43501e-03   5.13713e-03
   7  default.Po210   5.50074e+01   1.09493e+00   9.85403e-05  -2.97856e-01
   8  default.nu(B8)   4.60000e-01     fixed    
   9  global.nu(Be7)   4.52700e+01   2.89301e+00   2.14956e-03   3.90398e-03
  10  global.nu(CNO)   4.92000e+00   constant   
  11  global.nu(pep)   3.13634e+00   7.30154e-01   4.12698e-03  -1.04746e-02
  12  default.MCscalePo210   1.00000e+00   constant   
  13  default.MCshiftPo210   1.23929e-01   2.28537e-01   1.99716e-04  -2.62813e-01
  14  default.C10_2   2.34608e-01   9.17940e-01   9.88443e-03   2.34078e-03
  15  default.C11_2   7.11685e+01   1.38607e+00   5.28270e-04  -1.19036e-02
  16  global.He6_2   3.60093e+00   2.03862e+00   4.03401e-03  -4.07039e-03
  17  default.Po210_2   5.51092e+01   1.32317e+00   1.29772e-04   2.19477e-01
                               ERR DEF= 0.5
 EXTERNAL ERROR MATRIX.    NDIM=  25    NPAR= 13    ERR DEF=0.5
 ELEMENTS ABOVE DIAGONAL ARE NOT PRINTED.
  1.047e+01 
  1.419e-01  3.199e-02 
  1.891e-01 -2.659e-02  5.280e-01 
 -4.318e-02  4.477e-03 -1.684e-01  1.485e-01 
 -1.597e+00 -4.257e-02 -7.026e-02  1.655e-02  1.723e+01 
 -1.399e-01 -2.130e-04 -3.999e-03  1.148e-03 -2.335e+00  1.199e+00 
 -5.345e+00 -4.168e-02 -3.500e-02  6.840e-03 -7.168e+00  7.102e-01  8.407e+00 
 -1.793e+00 -5.067e-02 -6.361e-02  1.322e-02  4.655e-01  1.103e-02  6.334e-01  5.376e-01 
  6.899e-02  5.517e-04  7.494e-04 -1.630e-04  2.543e-01 -3.894e-02 -1.680e-01 -8.520e-03  5.223e-02 
 -6.273e-01  1.969e-03 -1.125e-01  7.972e-02  3.180e-01  2.410e-02  6.970e-02  5.614e-02 -1.983e-03  9.125e-01 
  8.149e-01  1.082e-02  4.969e-02 -1.323e-02 -3.832e-01 -2.181e-02 -1.061e-01 -1.561e-01  2.472e-03 -7.028e-01  1.921e+00 
 -1.493e+00  9.867e-03 -2.799e-01  7.793e-02  7.519e-01  5.627e-02  1.698e-01  1.450e-01 -4.747e-03  1.822e+00 -1.683e+00 
 -1.493e+00  9.867e-03 -2.799e-01  7.793e-02  7.519e-01  5.627e-02  1.698e-01  1.450e-01 -4.747e-03  1.822e+00 -1.683e+00  4.257e+00 
 -7.062e-02 -5.506e-04  7.553e-03 -2.062e-03 -2.347e+00  4.439e-01  6.858e-01  4.112e-03 -3.615e-02 -5.094e-02  4.759e-02 
 -7.062e-02 -5.506e-04  7.553e-03 -2.062e-03 -2.347e+00  4.439e-01  6.858e-01  4.112e-03 -3.615e-02 -5.094e-02  4.759e-02 -1.191e-01  1.751e+00 
 PARAMETER  CORRELATION COEFFICIENTS  
       NO.  GLOBAL      1      2      3      5      6      7      9     11     13     14     15     16     17
        1  0.92501   1.000  0.245  0.080 -0.035 -0.119 -0.039 -0.570 -0.756  0.093 -0.203  0.182 -0.224 -0.016
        2  0.47564   0.245  1.000 -0.205  0.065 -0.057 -0.001 -0.080 -0.386  0.013  0.012  0.044  0.027 -0.002
        3  0.69505   0.080 -0.205  1.000 -0.601 -0.023 -0.005 -0.017 -0.119  0.005 -0.162  0.049 -0.187  0.008
        5  0.69788  -0.035  0.065 -0.601  1.000  0.010  0.003  0.006  0.047 -0.002  0.217 -0.025  0.098 -0.004
        6  0.90623  -0.119 -0.057 -0.023  0.010  1.000 -0.514 -0.596  0.153  0.268  0.080 -0.067  0.088 -0.427
        7  0.61157  -0.039 -0.001 -0.005  0.003 -0.514  1.000  0.224  0.014 -0.156  0.023 -0.014  0.025  0.306
        9  0.91440  -0.570 -0.080 -0.017  0.006 -0.596  0.224  1.000  0.298 -0.254  0.025 -0.026  0.028  0.179
       11  0.82139  -0.756 -0.386 -0.119  0.047  0.153  0.014  0.298  1.000 -0.051  0.080 -0.154  0.096  0.004
       13  0.29821   0.093  0.013  0.005 -0.002  0.268 -0.156 -0.254 -0.051  1.000 -0.009  0.008 -0.010 -0.120
       14  0.93934  -0.203  0.012 -0.162  0.217  0.080  0.023  0.025  0.080 -0.009  1.000 -0.531  0.924 -0.040
       15  0.60378   0.182  0.044  0.049 -0.025 -0.067 -0.014 -0.026 -0.154  0.008 -0.531  1.000 -0.589  0.026
       16  0.94459  -0.224  0.027 -0.187  0.098  0.088  0.025  0.028  0.096 -0.010  0.924 -0.589  1.000 -0.044
       17  0.50519  -0.016 -0.002  0.008 -0.004 -0.427  0.306  0.179  0.004 -0.120 -0.040  0.026 -0.044  1.000
 **********
 **    6 **HESSE
 **********
 COVARIANCE MATRIX CALCULATED SUCCESSFULLY
 FCN=4394.53 FROM HESSE     STATUS=OK            131 CALLS        1466 TOTAL
                     EDM=7.0958e-06    STRATEGY= 1      ERROR MATRIX ACCURATE 
  EXT PARAMETER                                INTERNAL      INTERNAL  
  NO.   NAME      VALUE            ERROR       STEP SIZE       VALUE   
   1  default.Bi210   8.90713e+00   3.24212e+00   7.89852e-05  -9.64664e-01
   2  default.C11   1.53169e+00   1.78929e-01   1.17295e-04  -1.32264e+00
   3  global.Ext_Bi214   3.15303e+00   7.27531e-01   1.02935e-03  -3.78357e-01
   4  global.Ext_K40   1.50000e-01     fixed    
   5  global.Ext_Tl208   3.82589e+00   3.87993e-01   5.19953e-04  -2.37036e-01
   6  default.Kr85   1.75915e+01   4.11883e+00   1.08700e-03   1.73635e-01
   7  default.Po210   5.50074e+01   1.09654e+00   1.97081e-05  -1.29917e+00
   8  default.nu(B8)   4.60000e-01     fixed    
   9  global.nu(Be7)   4.52700e+01   2.90248e+00   8.59826e-05  -6.27238e+00
  10  global.nu(CNO)   4.92000e+00   constant   
  11  global.nu(pep)   3.13634e+00   7.30448e-01   8.25397e-04  -3.81950e-01
  12  default.MCscalePo210   1.00000e+00   constant   
  13  default.MCshiftPo210   1.23929e-01   2.28634e-01   3.99431e-05   2.47858e-03
  14  default.C10_2   2.34608e-01   1.13675e+00   3.95377e-04  -1.87835e+00
  15  default.C11_2   7.11685e+01   1.43933e+00   1.05654e-04  -2.92466e-01
  16  global.He6_2   3.60093e+00   2.26463e+00   1.61360e-04  -6.94377e-01
  17  default.Po210_2   5.51092e+01   1.32479e+00   2.59545e-05  -1.29891e+00
                               ERR DEF= 0.5
 EXTERNAL ERROR MATRIX.    NDIM=  25    NPAR= 13    ERR DEF=0.5
 ELEMENTS ABOVE DIAGONAL ARE NOT PRINTED.
  1.056e+01 
  1.414e-01  3.202e-02 
  2.114e-01 -2.677e-02  5.337e-01 
 -5.828e-02  4.576e-03 -1.720e-01  1.509e-01 
 -1.629e+00 -4.244e-02 -8.190e-02  2.432e-02  1.742e+01 
 -1.444e-01 -1.558e-04 -4.752e-03  1.697e-03 -2.357e+00  1.202e+00 
 -5.351e+00 -4.149e-02 -3.716e-02  8.421e-03 -7.271e+00  7.235e-01  8.463e+00 
 -1.799e+00 -5.069e-02 -6.574e-02  1.465e-02  4.696e-01  1.105e-02  6.317e-01  5.380e-01 
  6.945e-02  5.475e-04  8.109e-04 -2.072e-04  2.569e-01 -3.927e-02 -1.697e-01 -8.513e-03  5.227e-02 
 -7.891e-01  2.599e-03 -1.431e-01  1.004e-01  4.041e-01  2.989e-02  8.433e-02  7.054e-02 -2.429e-03  1.139e+00 
  9.457e-01  1.034e-02  7.427e-02 -2.990e-02 -4.537e-01 -2.635e-02 -1.171e-01 -1.677e-01  2.814e-03 -8.879e-01  2.072e+00 
 -1.836e+00  1.120e-02 -3.445e-01  1.216e-01  9.350e-01  6.846e-02  2.002e-01  1.754e-01 -5.679e-03  2.305e+00 -2.077e+00 
 -1.836e+00  1.120e-02 -3.445e-01  1.216e-01  9.350e-01  6.846e-02  2.002e-01  1.754e-01 -5.679e-03  2.305e+00 -2.077e+00  5.284e+00 
 -6.140e-02 -5.506e-04  9.438e-03 -3.308e-03 -2.376e+00  4.470e-01  6.980e-01  2.921e-03 -3.645e-02 -6.492e-02  5.910e-02 
 -6.140e-02 -5.506e-04  9.438e-03 -3.308e-03 -2.376e+00  4.470e-01  6.980e-01  2.921e-03 -3.645e-02 -6.492e-02  5.910e-02 -1.489e-01  1.755e+00 
 PARAMETER  CORRELATION COEFFICIENTS  
       NO.  GLOBAL      1      2      3      5      6      7      9     11     13     14     15     16     17
        1  0.92566   1.000  0.243  0.089 -0.046 -0.120 -0.041 -0.566 -0.755  0.093 -0.228  0.202 -0.246 -0.014
        2  0.47632   0.243  1.000 -0.205  0.066 -0.057 -0.001 -0.080 -0.386  0.013  0.014  0.040  0.027 -0.002
        3  0.69898   0.089 -0.205  1.000 -0.606 -0.027 -0.006 -0.017 -0.123  0.005 -0.184  0.071 -0.205  0.010
        5  0.70359  -0.046  0.066 -0.606  1.000  0.015  0.004  0.007  0.051 -0.002  0.242 -0.053  0.136 -0.006
        6  0.90735  -0.120 -0.057 -0.027  0.015  1.000 -0.515 -0.599  0.153  0.269  0.091 -0.076  0.097 -0.430
        7  0.61307  -0.041 -0.001 -0.006  0.004 -0.515  1.000  0.227  0.014 -0.157  0.026 -0.017  0.027  0.308
        9  0.91498  -0.566 -0.080 -0.017  0.007 -0.599  0.227  1.000  0.296 -0.255  0.027 -0.028  0.030  0.181
       11  0.82156  -0.755 -0.386 -0.123  0.051  0.153  0.014  0.296  1.000 -0.051  0.090 -0.159  0.104  0.003
       13  0.29952   0.093  0.013  0.005 -0.002  0.269 -0.157 -0.255 -0.051  1.000 -0.010  0.009 -0.011 -0.120
       14  0.95173  -0.228  0.014 -0.184  0.242  0.091  0.026  0.027  0.090 -0.010  1.000 -0.578  0.940 -0.046
       15  0.64087   0.202  0.040  0.071 -0.053 -0.076 -0.017 -0.028 -0.159  0.009 -0.578  1.000 -0.628  0.031
       16  0.95561  -0.246  0.027 -0.205  0.136  0.097  0.027  0.030  0.104 -0.011  0.940 -0.628  1.000 -0.049
       17  0.50699  -0.014 -0.002  0.010 -0.006 -0.430  0.308  0.181  0.003 -0.120 -0.046  0.031 -0.049  1.000
Wallclock time  : 20.5332 seconds.
CPU time: 0.002053
Total CPU time: 0.002053
Processor time: 0.001767

FIT PARAMETERS
 ^{210}Bi = 8.9 #pm 3.2 
 ^{11}C = 1.53 #pm 0.18 
 Ext ^{214}Bi = 3.15 #pm 0.73 
 Ext ^{40}K = 0.15  [Fixed]
 Ext ^{208}Tl = 3.83 #pm 0.39 
 ^{85}Kr = 17.6 #pm 4.1 
 ^{210}Po = 55.0 #pm 1.1 
 #nu(^{8}B) = 0.46  [Fixed]
 #nu(^{7}Be) = 45.3 #pm 2.9 
 #nu(CNO) = 4.92  [Fixed]
 #nu(pep) = 3.14 #pm 0.73 
 ^{210}MCscalePo = 1  [Fixed]
 ^{210}MCshiftPo = 0.12 #pm 0.23 
 ^{10}C 2 = 0.2 #pm 1.1 
 ^{11}C 2 = 71.2 #pm 1.4 
 ^{6}He 2 = 3.6 #pm 2.3 
 ^{210}Po 2 = 55.1 #pm 1.3 

 chi^2                             = 1080.1
 chi^2/N-DOF                       = 0.8491
 p-value                           = 1.000
 Minimized -2Ln(Likelihood)        = 8789.06
 Likelihood p-value                = 0.510 ± 0.050
SimplePlotManager::groupByName <default.Major> appedned to <default>
SimplePlotManager::groupByName <default.TFCtagged> appedned to <default>
