[GPUManager]() registered
regV registering [npe] as [0x16ce180]
regV registering [npe_short] as [0x16ce2b0]
regV registering [Po218:peak] as [6002]
regV registering [Rn222:peak] as [5490]
regV registering [Po210:peak] as [5305]
Loaded path: </p/project/cjikp20/jikp2013/bx-GooStats-dingxf_dev/bx-GooStats/data>
RawSpectrumProvider::registerSpecies Register [nu(pep)]
RawSpectrumProvider::registerSpecies Register [nu(Be7)_sunT]
RawSpectrumProvider::registerSpecies Register [nu(Be7)_nosunT]
RawSpectrumProvider::registerSpecies Register [nu(CNO)]
RawSpectrumProvider::registerSpecies Register [nu(pp)_oleg]
RawSpectrumProvider::registerSpecies Register [nu(pp)_aldo]
RawSpectrumProvider::registerSpecies Register [nu(pp)]
RawSpectrumProvider::registerSpecies Register [nu(B8)]
RawSpectrumProvider::registerSpecies Register [C14_universal]
Warning: c14_shape_factor is taken as 1.24
RawSpectrumProvider::registerSpecies Register [C14]
RawSpectrumProvider::registerSpecies Register [C11]
RawSpectrumProvider::registerSpecies Register [C10]
RawSpectrumProvider::registerSpecies Register [Kr85]
RawSpectrumProvider::registerSpecies Register [B12]
RawSpectrumProvider::registerSpecies Register [He6]
RawSpectrumProvider::registerSpecies Register [Pa234m]
RawSpectrumProvider::registerSpecies Register [K40]
RawSpectrumProvider::registerSpecies Register [La138]
RawSpectrumProvider::registerSpecies Register [Bi210_mach4]
RawSpectrumProvider::registerSpecies Register [Bi210_oleg]
RawSpectrumProvider::registerSpecies Register [Bi210_aldo]
RawSpectrumProvider::registerSpecies Register [Bi210_daniel]
RawSpectrumProvider::registerSpecies Register [Bi210_flothmann]
RawSpectrumProvider::registerSpecies Register [Bi210_grau]
RawSpectrumProvider::registerSpecies Register [Pb214_KM]
RawSpectrumProvider::registerSpecies Register [Pb214_aldo_1]
RawSpectrumProvider::registerSpecies Register [Pb214_aldo_2]
RawSpectrumProvider::registerSpecies Register [Pb214_aldo_3]
RawSpectrumProvider::registerSpecies Register [Pb214_aldo_4]
RawSpectrumProvider::registerSpecies Register [Pb214_aldo_5]
RawSpectrumProvider::registerSpecies Register [Pb214_aldo_6]
RawSpectrumProvider::registerSpecies Register [Pb214_aldo_7]
RawSpectrumProvider::registerSpecies Register [Ext_Tl208]
RawSpectrumProvider::registerSpecies Register [Ext_Bi214]
RawSpectrumProvider::registerSpecies Register [Ext_K40]
RawSpectrumProvider::registerSpecies Register [U238_chain]
RawSpectrumProvider::registerSpecies Register [Th232_chain]
RawSpectrumProvider::registerSpecies Register [C14_pileup]
[InputManager]() registered
[PrepareData]() registered
[SimpleFit]() registered
[CNOTest]() registered
[HMLMTest]() registered
[ScanPar]() registered
[CorrelationManager]() registered
[ContourManager]() registered
[OutputManager]() registered
Checking GPU [0]/[1]
Running on [Tesla K80] with compute capability of 3.7
Warning: BatchOutputManager not set, default are used.
LOG: Getting data from file input_files/Period2012_FVpep_TFCMI_c19.root
Searching final_nhits_pp_0 in pp
LOG: fitting histogram final_nhits_pp_0
WARNING: chain_counts_cum not TH1D, trying other TH1
WARNING: No chain_counts_cum in input directory, trying in the main directory of the file
chain_counts_cum: mean 23.1885
[default] adopt [global] as its parent.
Inserting period [default,input_files/Period2012_FVpep_TFCMI_c19.root,pp/final_nhits_pp_0,fitoptions/fitoptions_gpu-mv-2012-pdfs_TAUP2017-nhits-emin92_Po210-shift.cfg,species_list/species-fit-gpu-mvCNO-hm.icc]
ARG[1] <icc> = [species_list/species-fit-gpu-mvCNO-hm.icc]
InputManager::registerConfigset(default)
Loading from <fitoptions/fitoptions_gpu-mv-2012-pdfs_TAUP2017-nhits-emin92_Po210-shift.cfg>
h_n_used_pmts: mean 1716.18
h_n_used_pmts_weighted: mean 1728.35
h_n_used_pmts0: mean 1715.95
h_n_used_pmts_weighted0: mean 1728.16
h_n_used_pmts1: mean 1716.43
h_n_used_pmts_weighted1: mean 1728.55
option <n_used_charge_histo_name> not set, default value [h_n_used_charge] used
h_n_used_charge: mean 1713.04
option <n_used_charge_po210_histo_name> not set, default value [h_n_used_charge_weighted] used
h_n_used_charge_weighted: mean 1724.32
feq_inv: mean 1.16573
Mask [mask_2] from [h_n_used_pmts] Mean <999.502> RMS <577.013>
Mask [mask_3] from [h_n_used_pmts_weighted] Mean <999.502> RMS <577.015>
Mask [mask_4] from [h_n_used_pmts0] Mean <999.502> RMS <577.013>
Mask [mask_5] from [h_n_used_pmts_weighted0] Mean <999.502> RMS <577.015>
Mask [mask_6] from [h_n_used_pmts1] Mean <999.502> RMS <577.013>
Mask [mask_7] from [h_n_used_pmts_weighted1] Mean <999.502> RMS <577.015>
*********Dump options parsed*********************************
MC_ext_bkg => <true>
alpha_response_function => <scaled_poisson>
alpha_subtracted => <false>
apply_radiochemical_constraints => <false>
applying_mask => <true>
beta_response_function => <scaled_poisson>
bi210_spectrum => <aldo>
c11_quenching_fixed => <false>
c11_subtracted => <true>
complementary_histo_fit => <true>
complementary_histo_name => <pp/final_nhits_pp_1>
convolve_dark_noise => <false>
dark_noise_window => <win1>
fit_results_output => <fit_results.root>
fit_variable => <nhits>
fit_variable_MC => <nhits>
freeMCshiftPo210 => <true>
geometric_correction_on => <false>
icc => <species_list/species-fit-gpu-mvCNO-hm.icc>
ly_fixed => <false>
meantime_cut => <no>
minimization_method => <likelihood>
minimization_routine => <minuit>
montecarlo_interpolation => <off>
montecarlo_spectra_file => <pdfs_TAUP2017/MCspectra_pp_FVpep_2012_emin1_masked.root>
multivariate_ps_fit => <true>
multivariate_rdist_fit => <true>
n_used_pmts_histo_name => <h_n_used_pmts>
n_used_pmts_po210_histo_name => <h_n_used_pmts_weighted>
n_used_pmts_po210_tfc0_histo_name => <h_n_used_pmts_weighted0>
n_used_pmts_po210_tfc1_histo_name => <h_n_used_pmts_weighted1>
n_used_pmts_tfc0_histo_name => <h_n_used_pmts0>
n_used_pmts_tfc1_histo_name => <h_n_used_pmts1>
neutrino_magnetic_moment => <no>
no_lead_cut => <no>
norm_variable => <true>
npe_offset_fixed => <true>
pb214_spectrum => <aldo>
pileup_eff_ly_fixed => <true>
plot_filename => <plot.root>
po210_quenching_fixed => <false>
quenching_parameterization => <echidna>
save_fit_results => <false>
scale_poisson => <true>
show_only_c14_c14 => <false>
spectra_pdfs => <montecarlo>
synthpup_file => <P91011_Synthetic_Spectra.root>
synthpup_hist => <h_synth_spec_5_dt1>
use_alpha_response_function => <false>
use_remaining_pb214 => <false>
weighted_response => <false>
alpha_resolution_0_guess => float: [1.2]
alpha_resolution_0_max => float: [20]
alpha_resolution_0_min => float: [0]
alpha_resolution_1_guess => float: [0]
alpha_resolution_1_max => float: [0]
alpha_resolution_1_min => float: [0]
alpha_resolution_2_guess => float: [0]
alpha_resolution_2_max => float: [0]
alpha_resolution_2_min => float: [0]
beta_resolution_0_guess => float: [3]
beta_resolution_0_max => float: [20]
beta_resolution_0_min => float: [0]
beta_resolution_1_guess => float: [3]
beta_resolution_1_max => float: [20]
beta_resolution_1_min => float: [0]
beta_resolution_2_guess => float: [7]
beta_resolution_2_max => float: [7]
beta_resolution_2_min => float: [7]
beta_resolution_3_guess => float: [2]
beta_resolution_3_max => float: [10]
beta_resolution_3_min => float: [0]
beta_resolution_4_guess => float: [0]
beta_resolution_4_max => float: [0]
beta_resolution_4_min => float: [0]
beta_resolution_5_guess => float: [0]
beta_resolution_5_max => float: [0]
beta_resolution_5_min => float: [0]
c11_quenching => float: [0.8828]
c14_shape_factor => float: [1.24]
c14_threshold => float: [100]
dark_noise_threshold => float: [100]
ext_bckgd_eff_ly => float: [1.0228]
fCher => float: [2]
fit_verbosity => float: [0]
geometric_correction => float: [0.112]
histogram_binwidth => float: [1]
kb => float: [0.0109]
ly_guess => float: [0.49]
maximum_energy => float: [950]
meantime_cut_correction_c1 => float: [0.974]
meantime_cut_correction_c2 => float: [-0.00211]
minimum_energy => float: [92]
multivariate_ps_fit_bins => float: [1]
multivariate_ps_fit_max => float: [650]
multivariate_ps_fit_min => float: [400]
multivariate_ps_fit_smooth => float: [0]
multivariate_rdist_fit_bins => float: [16]
multivariate_rdist_fit_max => float: [900]
multivariate_rdist_fit_min => float: [500]
multivariate_rdist_fit_smooth => float: [0]
npe_offset => float: [0]
number_of_bins_for_weighted_response => float: [10]
pileup_eff_ly => float: [0.935]
pileup_penalty_max => float: [120]
pileup_penalty_mean => float: [2.1]
pileup_penalty_min => float: [100]
pileup_penalty_sigma => float: [0.04]
po210_quenching => float: [0.07879]
poisson_factor => float: [15]
poisson_threshold => float: [100]
ser_under_threshold => float: [0.12]
sys_errors_scale => float: [0]
unequalization_factor => float: [1]
*************************************************************
Inserting Constant name [compute_likelihood_p_value] value [0]
regV registering [compute_likelihood_p_value] as [0]
Inserting [C11_qch] to [global]
Inserting [Po210_qch] to [default]
Inserting [extly_qch] to [global]
Linking [Ext_Tl208_qch] with [extly_qch] in [global]
Linking [Ext_Bi214_qch] with [extly_qch] in [global]
Linking [Ext_K40_qch] with [extly_qch] in [global]
Inserting [Po218_qch] to [global]
Inserting [Rn222_qch] to [global]
Inserting [C10_qch] to [global]
Bad programming style of using const_cast!!!
regV registering [NL] as [0x7ffe72d496c0]
Inserting [beta_ly] to [default]
858
Inserting [beta_resolution_0] to [global]
Inserting [beta_resolution_1] to [global]
Inserting [beta_resolution_2] to [global]
Inserting [beta_resolution_3] to [global]
Inserting [beta_resolution_4] to [global]
Inserting [beta_resolution_5] to [global]
Inserting [alpha_resolution_0] to [default]
Inserting [alpha_resolution_1] to [default]
Inserting [alpha_resolution_2] to [default]
Inserting [alpha_resolution_3] to [default]
Inserting [alpha_resolution_4] to [default]
Inserting [alpha_resolution_5] to [default]
Inserting [mlp_correction_0] to [default]
Inserting [mlp_correction_1] to [default]
Inserting [mlp_correction_2] to [default]
Inserting [mlp_correction_3] to [default]
Integral: 11.6405, sum = 1.17605e+06, endpoint = 671.809
Integral: 76.3209, sum = 1.81556e+07, endpoint = 264.064
RawSpectrumProvider::registerSpecies Register [nu(Be7+munu)]
RawSpectrumProvider::registerSpecies Register [nu(pp+munu)]
RawSpectrumProvider::registerSpecies Register [Bi210]
RawSpectrumProvider::registerSpecies Register [nu(Be7)]
feq: 1.16538 feq_po: 1.15718
Inserting [default] to default feq: 1.16538 0
Inserting [Po210] to default feq: 1.15718 0
Dumping pre-created rates:
INFO: loading species from file species_list/species-fit-gpu-mvCNO-hm.icc
Inserting [Bi210] to [default]
Inserting [C10_2] to [default]
Inserting [C11] to [default]
Inserting [C11_2] to [default]
Inserting [C14] to [global]
Inserting [C14_pileup] to [default]
Inserting [Ext_Bi214] to [global]
Inserting [Ext_K40] to [global]
Inserting [Ext_Tl208] to [global]
Inserting [He6_2] to [global]
Inserting [Kr85] to [default]
Inserting [Po210] to [default]
Inserting [Po210_2] to [default]
Inserting [nu(B8)] to [default]
Inserting [nu(Be7)] to [global]
Inserting [nu(CNO)] to [global]
Inserting [nu(pep)] to [global]
Inserting [nu(pp)] to [global]
 [global] : (C10_qch, global.C10_qch) 
 [global] : (C11_qch, global.C11_qch) 
 [global] : (C14, global.C14) 
 [global] : (Ext_Bi214, global.Ext_Bi214) 
 [global] : (Ext_Bi214_qch, global.extly_qch) 
 [global] : (Ext_K40, global.Ext_K40) 
 [global] : (Ext_K40_qch, global.extly_qch) 
 [global] : (Ext_Tl208, global.Ext_Tl208) 
 [global] : (Ext_Tl208_qch, global.extly_qch) 
 [global] : (He6_2, global.He6_2) 
 [global] : (Po218_qch, global.Po218_qch) 
 [global] : (Rn222_qch, global.Rn222_qch) 
 [global] : (beta_resolution_0, global.beta_resolution_0) 
 [global] : (beta_resolution_1, global.beta_resolution_1) 
 [global] : (beta_resolution_2, global.beta_resolution_2) 
 [global] : (beta_resolution_3, global.beta_resolution_3) 
 [global] : (beta_resolution_4, global.beta_resolution_4) 
 [global] : (beta_resolution_5, global.beta_resolution_5) 
 [global] : (extly_qch, global.extly_qch) 
 [global] : (nu(Be7), global.nu(Be7)) 
 [global] : (nu(CNO), global.nu(CNO)) 
 [global] : (nu(pep), global.nu(pep)) 
 [global] : (nu(pp), global.nu(pp)) 
default>-- [default] : (Bi210, default.Bi210) 
default>-- [default] : (C10_2, default.C10_2) 
default>-- [default] : (C11, default.C11) 
default>-- [default] : (C11_2, default.C11_2) 
default>-- [default] : (C14_pileup, default.C14_pileup) 
default>-- [default] : (Kr85, default.Kr85) 
default>-- [default] : (Po210, default.Po210) 
default>-- [default] : (Po210_2, default.Po210_2) 
default>-- [default] : (Po210_qch, default.Po210_qch) 
default>-- [default] : (alpha_resolution_0, default.alpha_resolution_0) 
default>-- [default] : (alpha_resolution_1, default.alpha_resolution_1) 
default>-- [default] : (alpha_resolution_2, default.alpha_resolution_2) 
default>-- [default] : (alpha_resolution_3, default.alpha_resolution_3) 
default>-- [default] : (alpha_resolution_4, default.alpha_resolution_4) 
default>-- [default] : (alpha_resolution_5, default.alpha_resolution_5) 
default>-- [default] : (beta_ly, default.beta_ly) 
default>-- [default] : (mlp_correction_0, default.mlp_correction_0) 
default>-- [default] : (mlp_correction_1, default.mlp_correction_1) 
default>-- [default] : (mlp_correction_2, default.mlp_correction_2) 
default>-- [default] : (mlp_correction_3, default.mlp_correction_3) 
default>-- [default] : (nu(B8), default.nu(B8)) 
InputManager::registerDataset(default.Major)
InputManager::registerDataset(default.TFCtagged)
InputManager::registerDataset(pileupL)
Inserting period full [default.Major]
Inserting period full [default.TFCtagged]
Inserting period full [pileupL]
Livetime: 153.322 days (c11 subtracted)
computing mass from input_files/Period2012_FVpep_TFCMI_c19.root
Mass: 71.3 tons
Inserting [default.Major] exposure : [10931.8 (day x tons)]
computing mass from input_files/Period2012_FVpep_TFCMI_c19.root
Inserting [default.TFCtagged] exposure : [10074.2 (day x tons)]
Inserting type [remaining_pb214] name [default] value [0.0695359]
Remaining Pb214 [default] : 0.0695359 cpd/100 tons
WARNING: pp/final_nhits_pp_1 not TH1D, trying other TH1
WARNING: No pp/final_nhits_pp_1 in input directory, trying in the main directory of the file
pp/final_nhits_pp_1: mean 52.0901
WARNING: the spectrum of [Major] had not Sumw2 set. Setting it now.
WARNING: the spectrum of [TFCtagged] had not Sumw2 set. Setting it now.
Inserting [default.Major] data set
Inserting [default.TFCtagged] data set
INFO: loading species from file species_list/species-fit-gpu-mvCNO-hm.icc
Loading [Bi210] from [pdfs_TAUP2017/MCspectra_pp_FVpep_2012_emin1_masked.root/bi210_nhits]
bad programing style, const_cast!!
creating MC species [Bi210] in [default]
Warning: quenching [Bi210_qch] not found in [default].
[Bi210] loaded for [default]
Inserting species (Bi210)[Bi210] to [default.Major] 
Inserting species (Bi210)[Bi210] to [default.TFCtagged] 
Loading [C10] from [pdfs_TAUP2017/MCspectra_pp_FVpep_2012_emin1_masked.root/c10_nhits]
bad programing style, const_cast!!
creating MC species [C10] in [default]
[C10] loaded for [default]
Inserting species (C10_2)[C10] to [default.TFCtagged] 
Loading [C11] from [pdfs_TAUP2017/MCspectra_pp_FVpep_2012_emin1_masked.root/c11_nhits]
bad programing style, const_cast!!
creating MC species [C11] in [default]
[C11] loaded for [default]
Inserting species (C11)[C11] to [default.Major] 
creating MC species [C11] in [default]
[C11] loaded for [default]
Inserting species (C11_2)[C11] to [default.TFCtagged] 
Loading [C14] from [pdfs_TAUP2017/MCspectra_pp_FVpep_2012_emin1_masked.root/c14_nhits]
bad programing style, const_cast!!
creating MC species [C14] in [default]
Warning: quenching [C14_qch] not found in [default].
[C14] loaded for [default]
Inserting species (C14)[C14] to [default.Major] 
Inserting species (C14)[C14] to [default.TFCtagged] 
Loading [C14_pileup] from [pdfs_TAUP2017/MCspectra_pp_FVpep_2012_emin1_masked.root/MC_pileup_nhits]
bad programing style, const_cast!!
creating MC species [C14_pileup] in [default]
Warning: quenching [C14_pileup_qch] not found in [default].
[C14_pileup] loaded for [default]
Inserting species (C14_pileup)[C14_pileup] to [default.Major] 
Inserting species (C14_pileup)[C14_pileup] to [default.TFCtagged] 
Loading [Ext_Bi214] from [pdfs_TAUP2017/MCspectra_pp_FVpep_2012_emin1_masked.root/ext_bi214_nhits]
bad programing style, const_cast!!
creating MC species [Ext_Bi214] in [default]
[Ext_Bi214] loaded for [default]
Inserting species (Ext_Bi214)[Ext_Bi214] to [default.Major] 
Inserting species (Ext_Bi214)[Ext_Bi214] to [default.TFCtagged] 
Loading [Ext_K40] from [pdfs_TAUP2017/MCspectra_pp_FVpep_2012_emin1_masked.root/ext_k40_nhits]
bad programing style, const_cast!!
creating MC species [Ext_K40] in [default]
[Ext_K40] loaded for [default]
Inserting species (Ext_K40)[Ext_K40] to [default.Major] 
Inserting species (Ext_K40)[Ext_K40] to [default.TFCtagged] 
Loading [Ext_Tl208] from [pdfs_TAUP2017/MCspectra_pp_FVpep_2012_emin1_masked.root/ext_tl208_nhits]
bad programing style, const_cast!!
creating MC species [Ext_Tl208] in [default]
[Ext_Tl208] loaded for [default]
Inserting species (Ext_Tl208)[Ext_Tl208] to [default.Major] 
Inserting species (Ext_Tl208)[Ext_Tl208] to [default.TFCtagged] 
Loading [He6] from [pdfs_TAUP2017/MCspectra_pp_FVpep_2012_emin1_masked.root/he6_nhits]
bad programing style, const_cast!!
creating MC species [He6] in [default]
Warning: quenching [He6_qch] not found in [default].
[He6] loaded for [default]
Inserting species (He6_2)[He6] to [default.TFCtagged] 
Loading [Kr85] from [pdfs_TAUP2017/MCspectra_pp_FVpep_2012_emin1_masked.root/kr85_nhits]
bad programing style, const_cast!!
creating MC species [Kr85] in [default]
Warning: quenching [Kr85_qch] not found in [default].
[Kr85] loaded for [default]
Inserting species (Kr85)[Kr85] to [default.Major] 
Inserting species (Kr85)[Kr85] to [default.TFCtagged] 
Loading [Po210] from [pdfs_TAUP2017/MCspectra_pp_FVpep_2012_emin1_masked.root/po210_nhits]
bad programing style, const_cast!!
creating MC species [Po210] in [default]
bad programming! const_cast used!
Inserting [MCscalePo210] to [default]
Inserting [MCshiftPo210] to [default]
[Po210] loaded for [default]
Inserting species (Po210)[Po210] to [default.Major] 
creating MC species [Po210] in [default]
bad programming! const_cast used!
[Po210] loaded for [default]
Inserting species (Po210_2)[Po210] to [default.TFCtagged] 
Loading [nu(B8)] from [pdfs_TAUP2017/MCspectra_pp_FVpep_2012_emin1_masked.root/b8_nhits]
bad programing style, const_cast!!
creating MC species [nu(B8)] in [default]
Warning: quenching [nu(B8)_qch] not found in [default].
[nu(B8)] loaded for [default]
Inserting species (nu(B8))[nu(B8)] to [default.Major] 
Inserting species (nu(B8))[nu(B8)] to [default.TFCtagged] 
Loading [nu(Be7)] from [pdfs_TAUP2017/MCspectra_pp_FVpep_2012_emin1_masked.root/be7_nhits]
bad programing style, const_cast!!
creating MC species [nu(Be7)] in [default]
Warning: quenching [nu(Be7)_qch] not found in [default].
[nu(Be7)] loaded for [default]
Inserting species (nu(Be7))[nu(Be7)] to [default.Major] 
Inserting species (nu(Be7))[nu(Be7)] to [default.TFCtagged] 
Loading [nu(CNO)] from [pdfs_TAUP2017/MCspectra_pp_FVpep_2012_emin1_masked.root/cno_nhits]
bad programing style, const_cast!!
creating MC species [nu(CNO)] in [default]
Warning: quenching [nu(CNO)_qch] not found in [default].
[nu(CNO)] loaded for [default]
Inserting species (nu(CNO))[nu(CNO)] to [default.Major] 
Inserting species (nu(CNO))[nu(CNO)] to [default.TFCtagged] 
Loading [nu(pep)] from [pdfs_TAUP2017/MCspectra_pp_FVpep_2012_emin1_masked.root/pep_nhits]
bad programing style, const_cast!!
creating MC species [nu(pep)] in [default]
Warning: quenching [nu(pep)_qch] not found in [default].
[nu(pep)] loaded for [default]
Inserting species (nu(pep))[nu(pep)] to [default.Major] 
Inserting species (nu(pep))[nu(pep)] to [default.TFCtagged] 
Loading [nu(pp)] from [pdfs_TAUP2017/MCspectra_pp_FVpep_2012_emin1_masked.root/pp_nhits]
bad programing style, const_cast!!
creating MC species [nu(pp)] in [default]
Warning: quenching [nu(pp)_qch] not found in [default].
[nu(pp)] loaded for [default]
Inserting species (nu(pp))[nu(pp)] to [default.Major] 
Inserting species (nu(pp))[nu(pp)] to [default.TFCtagged] 
Inserting [default.Major] species vector
searching for [Bi210_sys]..
searching for [C11_sys]..
[default.Major] inserting a new pull: C14_pull
Inserting [C14_pull] to [default]
searching for [C14_sys]..
searching for [C14_pileup_sys]..
searching for [Ext_Bi214_sys]..
searching for [Ext_K40_sys]..
searching for [Ext_Tl208_sys]..
searching for [Kr85_sys]..
searching for [Po210_sys]..
searching for [nu(B8)_sys]..
searching for [nu(Be7)_sys]..
searching for [nu(CNO)_sys]..
searching for [nu(pep)_sys]..
searching for [nu(pp)_sys]..
Inserting [default.TFCtagged] species vector
searching for [Bi210_sys]..
searching for [C10_2_sys]..
searching for [C11_2_sys]..
searching for [C14_sys]..
searching for [C14_pileup_sys]..
searching for [Ext_Bi214_sys]..
searching for [Ext_K40_sys]..
searching for [Ext_Tl208_sys]..
searching for [He6_2_sys]..
searching for [Kr85_sys]..
searching for [Po210_2_sys]..
searching for [nu(B8)_sys]..
searching for [nu(Be7)_sys]..
searching for [nu(CNO)_sys]..
searching for [nu(pep)_sys]..
searching for [nu(pp)_sys]..
setting quenching of [Po210] to [0.07879]
Pb214 not implemented in bx-GooStats, it's ignored
setting quenching of [C11] to [0.8828]
INFO: 210Po PMTs used: 2000,0
RawSpectrumProvider::registerSpecies Register [default.Major]
type: [default.Major][0][1]
You have chosen SeparateSumPdfFactory<DnType<NoDn> MLPType<no> MaskType<Mask> DnAfterMask <no>>
SumPdf::registerFunc register [Bi210] as [0]
SumPdf::registerFunc register [C11] as [1]
SumPdf::registerFunc register [C14] as [2]
SumPdf::registerFunc register [C14_pileup] as [3]
SumPdf::registerFunc register [Ext_Bi214] as [4]
SumPdf::registerFunc register [Ext_K40] as [5]
SumPdf::registerFunc register [Ext_Tl208] as [6]
SumPdf::registerFunc register [Kr85] as [7]
SumPdf::registerFunc register [Po210] as [8]
SumPdf::registerFunc register [nu(B8)] as [9]
SumPdf::registerFunc register [nu(Be7)] as [10]
SumPdf::registerFunc register [nu(CNO)] as [11]
SumPdf::registerFunc register [nu(pep)] as [12]
SumPdf::registerFunc register [nu(pp)] as [13]
SumPdf::registerFunc register [Bi210] as [14]
SumPdf::registerFunc register [C11] as [15]
SumPdf::registerFunc register [C14] as [16]
SumPdf::registerFunc register [C14_pileup] as [17]
SumPdf::registerFunc register [Ext_Bi214] as [18]
SumPdf::registerFunc register [Ext_K40] as [19]
SumPdf::registerFunc register [Ext_Tl208] as [20]
SumPdf::registerFunc register [Kr85] as [21]
SumPdf::registerFunc register [Po210] as [22]
SumPdf::registerFunc register [nu(B8)] as [23]
SumPdf::registerFunc register [nu(Be7)] as [24]
SumPdf::registerFunc register [nu(CNO)] as [25]
SumPdf::registerFunc register [nu(pep)] as [26]
SumPdf::registerFunc register [nu(pp)] as [27]
Inserting [default.Major] sum pdf
Checking [Bi210] for <User> found? [1] is class<0>? [1]
Checking [C11] for <User> found? [1] is class<0>? [0]
Checking [C14] for <User> found? [1] is class<0>? [1]
Checking [C14_pileup] for <User> found? [1] is class<0>? [1]
Checking [Ext_Bi214] for <User> found? [1] is class<0>? [1]
Checking [Ext_K40] for <User> found? [1] is class<0>? [1]
Checking [Ext_Tl208] for <User> found? [1] is class<0>? [1]
Checking [Kr85] for <User> found? [1] is class<0>? [1]
Checking [Po210] for <User> found? [1] is class<0>? [1]
Checking [nu(B8)] for <User> found? [1] is class<0>? [1]
Checking [nu(Be7)] for <User> found? [1] is class<0>? [1]
Checking [nu(CNO)] for <User> found? [1] is class<0>? [1]
Checking [nu(pep)] for <User> found? [1] is class<0>? [1]
Checking [nu(pp)] for <User> found? [1] is class<0>? [1]
Checking [Bi210] for <User> found? [1] is class<1>? [0]
Checking [C11] for <User> found? [1] is class<1>? [1]
Checking [C14] for <User> found? [1] is class<1>? [0]
Checking [C14_pileup] for <User> found? [1] is class<1>? [0]
Checking [Ext_Bi214] for <User> found? [1] is class<1>? [0]
Checking [Ext_K40] for <User> found? [1] is class<1>? [0]
Checking [Ext_Tl208] for <User> found? [1] is class<1>? [0]
Checking [Kr85] for <User> found? [1] is class<1>? [0]
Checking [Po210] for <User> found? [1] is class<1>? [0]
Checking [nu(B8)] for <User> found? [1] is class<1>? [0]
Checking [nu(Be7)] for <User> found? [1] is class<1>? [0]
Checking [nu(CNO)] for <User> found? [1] is class<1>? [0]
Checking [nu(pep)] for <User> found? [1] is class<1>? [0]
Checking [nu(pp)] for <User> found? [1] is class<1>? [0]
Inserting [default]-[default] MV term
Checking [Bi210] for <Rdist> found? [1] is class<0>? [1]
Checking [C11] for <Rdist> found? [1] is class<0>? [1]
Checking [C14] for <Rdist> found? [1] is class<0>? [1]
Checking [C14_pileup] for <Rdist> found? [1] is class<0>? [0]
Checking [Ext_Bi214] for <Rdist> found? [1] is class<0>? [0]
Checking [Ext_K40] for <Rdist> found? [1] is class<0>? [0]
Checking [Ext_Tl208] for <Rdist> found? [1] is class<0>? [0]
Checking [Kr85] for <Rdist> found? [1] is class<0>? [1]
Checking [Po210] for <Rdist> found? [1] is class<0>? [1]
Checking [nu(B8)] for <Rdist> found? [1] is class<0>? [1]
Checking [nu(Be7)] for <Rdist> found? [1] is class<0>? [1]
Checking [nu(CNO)] for <Rdist> found? [1] is class<0>? [1]
Checking [nu(pep)] for <Rdist> found? [1] is class<0>? [1]
Checking [nu(pp)] for <Rdist> found? [1] is class<0>? [1]
Checking [Bi210] for <Rdist> found? [1] is class<1>? [0]
Checking [C11] for <Rdist> found? [1] is class<1>? [0]
Checking [C14] for <Rdist> found? [1] is class<1>? [0]
Checking [C14_pileup] for <Rdist> found? [1] is class<1>? [1]
Checking [Ext_Bi214] for <Rdist> found? [1] is class<1>? [1]
Checking [Ext_K40] for <Rdist> found? [1] is class<1>? [1]
Checking [Ext_Tl208] for <Rdist> found? [1] is class<1>? [1]
Checking [Kr85] for <Rdist> found? [1] is class<1>? [0]
Checking [Po210] for <Rdist> found? [1] is class<1>? [0]
Checking [nu(B8)] for <Rdist> found? [1] is class<1>? [0]
Checking [nu(Be7)] for <Rdist> found? [1] is class<1>? [0]
Checking [nu(CNO)] for <Rdist> found? [1] is class<1>? [0]
Checking [nu(pep)] for <Rdist> found? [1] is class<1>? [0]
Checking [nu(pp)] for <Rdist> found? [1] is class<1>? [0]
Inserting [default]-[default] MV term
Inserting [default]-[default] MV term
Inserting [default]-[default] MV term
Inserting [default]-[default] MV term
Inserting [default]-[default] MV term
Inserting [default]-[default] MV term
Inserting [default]-[default] MV term
Inserting [default]-[default] MV term
Inserting [default]-[default] MV term
Inserting [default]-[default] MV term
Inserting [default]-[default] MV term
Inserting [default]-[default] MV term
Inserting [default]-[default] MV term
Inserting [default]-[default] MV term
Inserting [default]-[default] MV term
Inserting [default]-[default] MV term
Inserting [default]-[global.C14] pull term
Pb214 not implemented in bx-GooStats, it's ignored
RawSpectrumProvider::registerSpecies Register [default.TFCtagged]
type: [default.TFCtagged][0][1]
You have chosen SeparateSumPdfFactory<DnType<NoDn> MLPType<no> MaskType<Mask> DnAfterMask <no>>
SumPdf::registerFunc register [C10] as [28]
SumPdf::registerFunc register [C11] as [29]
SumPdf::registerFunc register [He6] as [30]
SumPdf::registerFunc register [Po210] as [31]
SumPdf::registerFunc register [Bi210] as [32]
SumPdf::registerFunc register [C10] as [33]
SumPdf::registerFunc register [C11] as [34]
SumPdf::registerFunc register [C14] as [35]
SumPdf::registerFunc register [C14_pileup] as [36]
SumPdf::registerFunc register [Ext_Bi214] as [37]
SumPdf::registerFunc register [Ext_K40] as [38]
SumPdf::registerFunc register [Ext_Tl208] as [39]
SumPdf::registerFunc register [He6] as [40]
SumPdf::registerFunc register [Kr85] as [41]
SumPdf::registerFunc register [Po210] as [42]
SumPdf::registerFunc register [nu(B8)] as [43]
SumPdf::registerFunc register [nu(Be7)] as [44]
SumPdf::registerFunc register [nu(CNO)] as [45]
SumPdf::registerFunc register [nu(pep)] as [46]
SumPdf::registerFunc register [nu(pp)] as [47]
Inserting [default.TFCtagged] sum pdf
Inserting (Datasets:default.Major)<default.Major>
Inserting (Datasets:default.TFCtagged)<default.TFCtagged>
Inserting (LikelihoodFactory)<default>
Inserting (LikelihoodFactory)<default>
Inserting (LikelihoodFactory)<default>
Inserting (LikelihoodFactory)<default>
Inserting (LikelihoodFactory)<default>
Inserting (LikelihoodFactory)<default>
Inserting (LikelihoodFactory)<default>
Inserting (LikelihoodFactory)<default>
Inserting (LikelihoodFactory)<default>
Inserting (LikelihoodFactory)<default>
Inserting (LikelihoodFactory)<default>
Inserting (LikelihoodFactory)<default>
Inserting (LikelihoodFactory)<default>
Inserting (LikelihoodFactory)<default>
Inserting (LikelihoodFactory)<default>
Inserting (LikelihoodFactory)<default>
Inserting (LikelihoodFactory)<default>
Inserting (LikelihoodFactory)<global.C14>
Inserting (Datasets:pileupL)<pileupL>
Debug: LL size 21
 PARAMETER DEFINITIONS:
    NO.   NAME         VALUE      STEP SIZE      LIMITS
     1 default.Bi210   2.00000e+01  1.00000e+00    0.00000e+00  1.00000e+02
     2 default.C11   2.80000e+01  1.00000e+00    0.00000e+00  1.00000e+02
     3 global.C14   3.45600e+06  3.93120e+04    0.00000e+00  3.93120e+06
     4 default.C14_pileup   4.00000e+06  6.00000e+04    0.00000e+00  6.00000e+06
     5 global.Ext_Bi214   5.00000e-01  1.00000e-01    0.00000e+00  1.00000e+01
     6 global.Ext_K40   1.50000e-01  1.00000e-01    0.00000e+00  1.00000e+01
     7 global.Ext_Tl208   1.90000e+00  1.00000e-01    0.00000e+00  1.00000e+01
     8 default.Kr85   5.00000e+00  3.00000e-01    0.00000e+00  3.00000e+01
     9 default.Po210   3.00000e+02  2.99999e+01    1.00000e-02  3.00000e+03
    10 default.nu(B8)   4.60000e-01  1.00000e-01    0.00000e+00  1.00000e+01
 **********
 **    1 **FIX          10
 **********
 PARAMETER DEFINITIONS:
    NO.   NAME         VALUE      STEP SIZE      LIMITS
    11 global.nu(Be7)   4.85000e+01  5.00000e-01    2.00000e+01  7.00000e+01
    12 global.nu(CNO)   4.92000e+00  constant
 **********
 **    2 **FIX          12
 **********
 PARAMETER   12  IS CONSTANT.   IGNORED.
 PARAMETER DEFINITIONS:
    NO.   NAME         VALUE      STEP SIZE      LIMITS
    13 global.nu(pep)   2.20000e+00  1.00000e-01    0.00000e+00  1.00000e+01
    14 global.nu(pp)   1.33000e+02  3.00000e+00    0.00000e+00  3.00000e+02
    15 default.MCscalePo210   1.00000e+00  constant
    16 default.MCshiftPo210   0.00000e+00  1.00000e-03   -5.00000e+01  5.00000e+01
    17 default.C10_2   1.10000e+00  1.00000e-01    0.00000e+00  1.00000e+01
    18 default.C11_2   5.00000e+01  2.00000e+00    0.00000e+00  2.00000e+02
    19 global.He6_2   4.00000e-01  2.00000e-01    0.00000e+00  2.00000e+01
    20 default.Po210_2   3.00000e+02  2.99999e+01    1.00000e-02  3.00000e+03
 **********
 **    3 **SET ERRDEF         0.5
 **********
 PARAMETER DEFINITIONS:
    NO.   NAME         VALUE      STEP SIZE      LIMITS
     1 default.Bi210   2.00000e+01  1.00000e+00    0.00000e+00  1.00000e+02
     2 default.C11   2.80000e+01  1.00000e+00    0.00000e+00  1.00000e+02
     3 global.C14   3.45600e+06  3.93120e+04    0.00000e+00  3.93120e+06
     4 default.C14_pileup   4.00000e+06  6.00000e+04    0.00000e+00  6.00000e+06
     5 global.Ext_Bi214   5.00000e-01  1.00000e-01    0.00000e+00  1.00000e+01
     6 global.Ext_K40   1.50000e-01  1.00000e-01    0.00000e+00  1.00000e+01
     7 global.Ext_Tl208   1.90000e+00  1.00000e-01    0.00000e+00  1.00000e+01
     8 default.Kr85   5.00000e+00  3.00000e-01    0.00000e+00  3.00000e+01
     9 default.Po210   3.00000e+02  2.99999e+01    1.00000e-02  3.00000e+03
    10 default.nu(B8)   4.60000e-01  1.00000e-01    0.00000e+00  1.00000e+01
 **********
 **    1 **FIX          10
 **********
 PARAMETER DEFINITIONS:
    NO.   NAME         VALUE      STEP SIZE      LIMITS
    11 global.nu(Be7)   4.85000e+01  5.00000e-01    2.00000e+01  7.00000e+01
    12 global.nu(CNO)   4.92000e+00  constant
 **********
 **    2 **FIX          12
 **********
 PARAMETER   12  IS CONSTANT.   IGNORED.
 PARAMETER DEFINITIONS:
    NO.   NAME         VALUE      STEP SIZE      LIMITS
    13 global.nu(pep)   2.20000e+00  1.00000e-01    0.00000e+00  1.00000e+01
    14 global.nu(pp)   1.33000e+02  3.00000e+00    0.00000e+00  3.00000e+02
    15 default.MCscalePo210   1.00000e+00  constant
    16 default.MCshiftPo210   0.00000e+00  1.00000e-03   -5.00000e+01  5.00000e+01
    17 default.C10_2   1.10000e+00  1.00000e-01    0.00000e+00  1.00000e+01
    18 default.C11_2   5.00000e+01  2.00000e+00    0.00000e+00  2.00000e+02
    19 global.He6_2   4.00000e-01  2.00000e-01    0.00000e+00  2.00000e+01
    20 default.Po210_2   3.00000e+02  2.99999e+01    1.00000e-02  3.00000e+03
 **********
 **    3 **SET ERRDEF         0.5
 **********
 **********
 **    4 **MINIMIZE       2e+04
 **********
 FIRST CALL TO USER FUNCTION AT NEW START POINT, WITH IFLAG=4.
 START MIGRAD MINIMIZATION.  STRATEGY  1.  CONVERGENCE WHEN EDM .LT. 5.00e-05
 FCN=93786.4 FROM MIGRAD    STATUS=INITIATE      198 CALLS         199 TOTAL
                     EDM= unknown      STRATEGY= 1      NO ERROR MATRIX       
  EXT PARAMETER               CURRENT GUESS       STEP         FIRST   
  NO.   NAME      VALUE            ERROR          SIZE      DERIVATIVE 
   1  default.Bi210   9.99390e+01   1.00000e+00   0.00000e+00  -6.64022e+00
   2  default.C11   2.80000e+01   1.00000e+00   0.00000e+00   4.17874e+03
   3  global.C14   3.45600e+06   3.93120e+04   0.00000e+00   8.96394e+01
   4  default.C14_pileup   4.00000e+06   6.00000e+04   0.00000e+00   7.96094e+04
   5  global.Ext_Bi214   5.00000e-01   1.00000e-01   0.00000e+00   4.27509e+01
   6  global.Ext_K40   1.50000e-01   1.00000e-01   0.00000e+00   3.82821e+01
   7  global.Ext_Tl208   1.90000e+00   1.00000e-01   0.00000e+00  -1.24860e+01
   8  default.Kr85   2.99992e+01   3.00000e-01   0.00000e+00  -3.08493e+00
   9  default.Po210   3.00000e+02   2.99999e+01   0.00000e+00  -1.10967e+05
  10  default.nu(B8)   4.60000e-01     fixed    
  11  global.nu(Be7)   4.85000e+01   5.00000e-01   0.00000e+00  -3.78674e+02
  12  global.nu(CNO)   4.92000e+00   constant   
  13  global.nu(pep)   2.20000e+00   1.00000e-01   0.00000e+00   1.30638e+02
  14  global.nu(pp)   1.33000e+02   3.00000e+00   0.00000e+00   3.47168e+02
  15  default.MCscalePo210   1.00000e+00   constant   
  16  default.MCshiftPo210   0.00000e+00   1.00000e-03   0.00000e+00  -1.75670e+04
  17  default.C10_2   1.10000e+00   1.00000e-01   0.00000e+00   6.95475e+00
  18  default.C11_2   5.00000e+01   2.00000e+00   0.00000e+00  -1.03255e+03
  19  global.He6_2   3.99468e+00   2.00000e-01   6.42836e-01  -3.55311e+00
  20  default.Po210_2   3.00000e+02   2.99999e+01   0.00000e+00  -1.03421e+05
                               ERR DEF= 0.5
 MIGRAD MINIMIZATION HAS CONVERGED.
 MIGRAD WILL VERIFY CONVERGENCE AND ERROR MATRIX.
 COVARIANCE MATRIX CALCULATED SUCCESSFULLY
 FCN=5216.35 FROM MIGRAD    STATUS=CONVERGED    2350 CALLS        2351 TOTAL
                     EDM=6.65082e-06    STRATEGY= 1      ERROR MATRIX ACCURATE 
  EXT PARAMETER                                   STEP         FIRST   
  NO.   NAME      VALUE            ERROR          SIZE      DERIVATIVE 
   1  default.Bi210   2.30970e+01   3.29423e+00   1.32950e-03  -2.32342e-03
   2  default.C11   1.55473e+00   1.91869e-01   6.58131e-04  -1.28711e-02
   3  global.C14   3.50420e+06   4.22635e+04   1.71664e-03   7.88896e-03
   4  default.C14_pileup   5.81927e+05   1.10781e+04   3.06315e-04  -7.81965e-02
   5  global.Ext_Bi214   1.34641e+00   3.31999e-01   3.51968e-03   1.53849e-03
   6  global.Ext_K40   1.09181e+00   5.22639e-01   6.28292e-03  -1.33372e-03
   7  global.Ext_Tl208   2.30753e+00   2.34819e-01   1.94433e-03   7.11151e-03
   8  default.Kr85   7.65500e-01   2.52499e+00   1.37833e-02   4.19002e-03
   9  default.Po210   7.19585e+02   2.66412e+00   1.02386e-04   1.22258e-01
  10  default.nu(B8)   4.60000e-01     fixed    
  11  global.nu(Be7)   5.04445e+01   2.43221e+00   2.25006e-03  -4.01658e-04
  12  global.nu(CNO)   4.92000e+00   constant   
  13  global.nu(pep)   3.36367e+00   8.06957e-01   4.61553e-03   5.69512e-04
  14  global.nu(pp)   1.77227e+02   1.77724e+01   4.94332e-03   1.95760e-04
  15  default.MCscalePo210   1.00000e+00   constant   
  16  default.MCshiftPo210   5.56680e-01   4.03907e-02   3.99326e-05   3.18516e-01
  17  default.C10_2   7.93648e-01   8.53221e-01   4.61032e-03  -2.23147e-03
  18  default.C11_2   5.73819e+01   1.07377e+00   4.33842e-04   9.49566e-03
  19  global.He6_2   2.68540e+00   1.81519e+00   3.74360e-03  -1.85572e-03
  20  default.Po210_2   7.24773e+02   2.78323e+00   1.06788e-04   1.57117e-01
                               ERR DEF= 0.5
 EXTERNAL ERROR MATRIX.    NDIM=  25    NPAR= 17    ERR DEF=0.5
 ELEMENTS ABOVE DIAGONAL ARE NOT PRINTED.
  1.087e+01 
 -9.001e-02  3.682e-02 
  7.447e+02 -6.215e+00  1.787e+09 
  2.437e+01  5.837e-01  1.101e+06  1.227e+08 
  7.605e-02  1.097e-02  7.201e+00 -1.267e-01  1.106e-01 
 -3.283e-01 -2.987e-02 -1.264e+01  6.830e-01  2.992e-02  2.757e-01 
 -4.820e-02 -1.819e-03 -3.901e+00  1.178e-01 -4.330e-02 -6.572e-03  5.520e-02 
  3.273e+00 -3.242e-02 -2.180e+03  6.623e+01  3.730e-02 -1.038e-01 -2.242e-02  7.094e+00 
  7.831e-02 -9.486e-04 -4.585e+02  1.372e+02 -2.992e-03 -5.147e-03  1.533e-03  6.587e-01  7.098e+00 
  4.842e+00 -2.816e-02  9.907e+02 -5.176e+01  1.513e-02 -8.164e-02 -1.067e-02 -2.197e+00  6.912e-02  5.935e+00 
  1.932e+00 -2.667e-02  1.179e+02 -1.241e+01  1.657e-03 -1.862e-01 -2.988e-03  6.586e-01  1.716e-02  6.096e-01  6.576e-01 
 -6.344e+00  4.766e-02 -6.425e+04  2.891e+04 -5.485e-02  1.713e-01  3.141e-02  1.764e+01  3.844e+00 -7.912e+00 -1.063e+00 
 -6.344e+00  4.766e-02 -6.425e+04  2.891e+04 -5.485e-02  1.713e-01  3.141e-02  1.764e+01  3.844e+00 -7.912e+00 -1.063e+00  3.174e+02 
  5.065e-03 -3.146e-05  4.853e+00  7.310e-02  1.916e-05 -9.850e-05 -1.213e-05 -1.115e-02 -1.052e-03  1.056e-02  6.848e-04 
  5.065e-03 -3.146e-05  4.853e+00  7.310e-02  1.916e-05 -9.850e-05 -1.213e-05 -1.115e-02 -1.052e-03  1.056e-02  6.848e-04 -3.983e-02  1.631e-03 
 -7.628e-01 -2.872e-03 -5.393e+01  1.954e+00 -7.283e-02 -2.387e-02  7.037e-02 -3.608e-01  2.542e-02 -1.694e-01 -2.744e-02 
 -7.628e-01 -2.872e-03 -5.393e+01  1.954e+00 -7.283e-02 -2.387e-02  7.037e-02 -3.608e-01  2.542e-02 -1.694e-01 -2.744e-02  4.592e-01 -1.919e-04  7.535e-01 
  8.476e-01 -1.508e-02  5.884e+01 -2.098e+00  4.569e-02  7.282e-02 -2.841e-02  3.866e-01 -2.049e-02  1.871e-01  9.638e-02 
  8.476e-01 -1.508e-02  5.884e+01 -2.098e+00  4.569e-02  7.282e-02 -2.841e-02  3.866e-01 -2.049e-02  1.871e-01  9.638e-02 -4.940e-01  2.164e-04 -5.658e-01  1.153e+00 
  1.712e+00  1.091e-02  1.215e+02 -4.344e+00  1.696e-01  6.634e-02 -9.165e-02  8.113e-01 -5.728e-02  3.790e-01  6.067e-02 
  1.712e+00  1.091e-02  1.215e+02 -4.344e+00  1.696e-01  6.634e-02 -9.165e-02  8.113e-01 -5.728e-02  3.790e-01  6.067e-02 -1.033e+00  4.307e-04 -1.500e+00  1.292e+00  3.376e+00 
  1.546e-01 -4.749e-04 -4.567e+02  1.372e+02  4.497e-03 -2.217e-03 -2.515e-03  6.993e-01  1.815e-01  8.670e-02  1.995e-02 
  1.546e-01 -4.749e-04 -4.567e+02  1.372e+02  4.497e-03 -2.217e-03 -2.515e-03  6.993e-01  1.815e-01  8.670e-02  1.995e-02  3.827e+00 -1.035e-03 -4.089e-02  3.662e-02  9.194e-02  7.746e+00 
 PARAMETER  CORRELATION COEFFICIENTS  
       NO.  GLOBAL      1      2      3      4      5      6      7      8      9     11     13     14     16     17     18     19
        1  0.94018   1.000 -0.142  0.005  0.001  0.069 -0.190 -0.062  0.373  0.009  0.603  0.723 -0.108  0.038 -0.266  0.239  0.283
        2  0.52550  -0.142  1.000 -0.001  0.000  0.172 -0.297 -0.040 -0.063 -0.002 -0.060 -0.171  0.014 -0.004 -0.017 -0.073  0.031
        3  0.08988   0.005 -0.001  1.000  0.002  0.001 -0.001 -0.000 -0.019 -0.004  0.010  0.003 -0.085  0.003 -0.001  0.001  0.002
        4  0.17613   0.001  0.000  0.002  1.000 -0.000  0.000  0.000  0.002  0.005 -0.002 -0.001  0.146  0.000  0.000 -0.000 -0.000
        5  0.68943   0.069  0.172  0.001 -0.000  1.000  0.171 -0.554  0.042 -0.003  0.019  0.006 -0.009  0.001 -0.252  0.128  0.278
        6  0.66358  -0.190 -0.297 -0.001  0.000  0.171  1.000 -0.053 -0.074 -0.004 -0.064 -0.437  0.018 -0.005 -0.052  0.129  0.069
        7  0.71500  -0.062 -0.040 -0.000  0.000 -0.554 -0.053  1.000 -0.036  0.002 -0.019 -0.016  0.008 -0.001  0.345 -0.113 -0.212
        8  0.87176   0.373 -0.063 -0.019  0.002  0.042 -0.074 -0.036  1.000  0.093 -0.339  0.305  0.372 -0.104 -0.156  0.135  0.166
        9  0.16039   0.009 -0.002 -0.004  0.005 -0.003 -0.004  0.002  0.093  1.000  0.011  0.008  0.081 -0.010  0.011 -0.007 -0.012
       11  0.89212   0.603 -0.060  0.010 -0.002  0.019 -0.064 -0.019 -0.339  0.011  1.000  0.309 -0.182  0.107 -0.080  0.072  0.085
       13  0.84220   0.723 -0.171  0.003 -0.001  0.006 -0.437 -0.016  0.305  0.008  0.309  1.000 -0.074  0.021 -0.039  0.111  0.041
       14  0.57156  -0.108  0.014 -0.085  0.146 -0.009  0.018  0.008  0.372  0.081 -0.182 -0.074  1.000 -0.055  0.030 -0.026 -0.032
       16  0.13341   0.038 -0.004  0.003  0.000  0.001 -0.005 -0.001 -0.104 -0.010  0.107  0.021 -0.055  1.000 -0.005  0.005  0.006
       17  0.95783  -0.266 -0.017 -0.001  0.000 -0.252 -0.052  0.345 -0.156  0.011 -0.080 -0.039  0.030 -0.005  1.000 -0.607 -0.940
       18  0.68043   0.239 -0.073  0.001 -0.000  0.128  0.129 -0.113  0.135 -0.007  0.072  0.111 -0.026  0.005 -0.607  1.000  0.655
       19  0.96035   0.283  0.031  0.002 -0.000  0.278  0.069 -0.212  0.166 -0.012  0.085  0.041 -0.032  0.006 -0.940  0.655  1.000
       20  0.15535   0.017 -0.001 -0.004  0.004  0.005 -0.002 -0.004  0.094  0.024  0.013  0.009  0.077 -0.009 -0.017  0.012  0.018
                     1.000
 **********
 **    5 **HESSE
 **********
 COVARIANCE MATRIX CALCULATED SUCCESSFULLY
 FCN=5216.35 FROM HESSE     STATUS=OK            205 CALLS        2556 TOTAL
                     EDM=7.54234e-06    STRATEGY= 1      ERROR MATRIX ACCURATE 
  EXT PARAMETER                                INTERNAL      INTERNAL  
  NO.   NAME      VALUE            ERROR       STEP SIZE       VALUE   
   1  default.Bi210   2.30970e+01   3.33497e+00   5.31798e-05  -5.68133e-01
   2  default.C11   1.55473e+00   1.91883e-01   1.31626e-04  -1.82082e+00
   3  global.C14   3.50420e+06   4.22659e+04   6.86657e-05   8.99097e-01
   4  default.C14_pileup   5.81927e+05   1.10787e+04   6.12631e-05  -2.20419e+00
   5  global.Ext_Bi214   1.34641e+00   3.32240e-01   1.40787e-04  -8.19373e-01
   6  global.Ext_K40   1.09181e+00   5.23219e-01   2.51317e-04  -2.24431e+00
   7  global.Ext_Tl208   2.30753e+00   2.35323e-01   3.88866e-04  -5.68649e-01
   8  default.Kr85   7.65500e-01   2.68259e+00   5.51333e-04   4.39154e+00
   9  default.Po210   7.19585e+02   2.66643e+00   2.04771e-05  -5.47181e-01
  10  default.nu(B8)   4.60000e-01     fixed    
  11  global.nu(Be7)   5.04445e+01   2.45152e+00   9.00023e-05  -3.36113e+00
  12  global.nu(CNO)   4.92000e+00   constant   
  13  global.nu(pep)   3.36367e+00   8.13801e-01   1.84621e-04  -2.80818e+00
  14  global.nu(pp)   1.77227e+02   1.80155e+01   1.97733e-04  -6.10066e+00
  15  default.MCscalePo210   1.00000e+00   constant   
  16  default.MCshiftPo210   5.56680e-01   4.04307e-02   7.98651e-06   1.11338e-02
  17  default.C10_2   7.93648e-01   8.59982e-01   1.84413e-04  -2.14196e+00
  18  default.C11_2   5.73819e+01   1.07924e+00   1.73537e-05  -4.40266e-01
  19  global.He6_2   2.68540e+00   1.82962e+00   1.49744e-04  -2.32113e+00
  20  default.Po210_2   7.24773e+02   2.78572e+00   2.13576e-05  -5.43136e-01
                               ERR DEF= 0.5
 EXTERNAL ERROR MATRIX.    NDIM=  25    NPAR= 17    ERR DEF=0.5
 ELEMENTS ABOVE DIAGONAL ARE NOT PRINTED.
  1.115e+01 
 -9.195e-02  3.682e-02 
  5.509e+02 -4.276e+00  1.787e+09 
  2.743e+01  6.358e-01  1.077e+06  1.227e+08 
  8.116e-02  1.093e-02  5.116e+00 -3.378e-02  1.107e-01 
 -3.376e-01 -2.985e-02 -6.545e+00 -9.077e-02  2.975e-02  2.764e-01 
 -5.164e-02 -1.809e-03 -2.660e+00  4.961e-02 -4.354e-02 -6.525e-03  5.543e-02 
  3.846e+00 -3.770e-02 -2.562e+03  8.418e+01  4.451e-02 -1.217e-01 -2.701e-02  8.136e+00 
  1.380e-01 -1.530e-03 -5.013e+02  1.399e+02 -2.326e-03 -7.074e-03  1.152e-03  7.724e-01  7.110e+00 
  4.616e+00 -2.581e-02  1.121e+03 -5.939e+01  1.329e-02 -7.510e-02 -9.574e-03 -2.554e+00  2.991e-02  6.030e+00 
  1.987e+00 -2.697e-02  7.912e+01 -1.127e+01  2.602e-03 -1.885e-01 -3.513e-03  7.717e-01  2.919e-02  5.662e-01  6.689e-01 
 -4.733e+00  3.161e-02 -6.551e+04  2.903e+04 -3.760e-02  1.210e-01  2.115e-02  2.065e+01  4.173e+00 -8.921e+00 -7.417e-01 
 -4.733e+00  3.161e-02 -6.551e+04  2.903e+04 -3.760e-02  1.210e-01  2.115e-02  2.065e+01  4.173e+00 -8.921e+00 -7.417e-01  3.262e+02 
  4.011e-03 -2.109e-05  5.533e+00  3.726e-02  8.063e-06 -6.629e-05 -5.429e-06 -1.301e-02 -1.253e-03  1.116e-02  4.778e-04 
  4.011e-03 -2.109e-05  5.533e+00  3.726e-02  8.063e-06 -6.629e-05 -5.429e-06 -1.301e-02 -1.253e-03  1.116e-02  4.778e-04 -4.514e-02  1.635e-03 
 -8.058e-01 -2.561e-03 -3.333e+01  1.589e+00 -7.411e-02 -2.305e-02  7.176e-02 -4.284e-01  1.910e-02 -1.492e-01 -3.458e-02 
 -8.058e-01 -2.561e-03 -3.333e+01  1.589e+00 -7.411e-02 -2.305e-02  7.176e-02 -4.284e-01  1.910e-02 -1.492e-01 -3.458e-02  2.896e-01 -8.223e-05  7.660e-01 
  8.911e-01 -1.543e-02  3.666e+01 -1.849e+00  4.692e-02  7.233e-02 -2.956e-02  4.580e-01 -1.370e-02  1.649e-01  1.035e-01 
  8.911e-01 -1.543e-02  3.666e+01 -1.849e+00  4.692e-02  7.233e-02 -2.956e-02  4.580e-01 -1.370e-02  1.649e-01  1.035e-01 -3.113e-01  9.835e-05 -5.777e-01  1.165e+00 
  1.807e+00  1.018e-02  7.509e+01 -3.567e+00  1.720e-01  6.442e-02 -9.439e-02  9.624e-01 -4.304e-02  3.332e-01  7.669e-02 
  1.807e+00  1.018e-02  7.509e+01 -3.567e+00  1.720e-01  6.442e-02 -9.439e-02  9.624e-01 -4.304e-02  3.332e-01  7.669e-02 -6.508e-01  1.839e-04 -1.526e+00  1.317e+00  3.431e+00 
  2.191e-01 -1.092e-03 -5.018e+02  1.399e+02  5.292e-03 -4.239e-03 -3.029e-03  8.206e-01  1.945e-01  4.522e-02  3.279e-02 
  2.191e-01 -1.092e-03 -5.018e+02  1.399e+02  5.292e-03 -4.239e-03 -3.029e-03  8.206e-01  1.945e-01  4.522e-02  3.279e-02  4.175e+00 -1.249e-03 -4.854e-02  4.472e-02  1.090e-01  7.760e+00 
 PARAMETER  CORRELATION COEFFICIENTS  
       NO.  GLOBAL      1      2      3      4      5      6      7      8      9     11     13     14     16     17     18     19
        1  0.94169   1.000 -0.144  0.004  0.001  0.073 -0.192 -0.066  0.404  0.016  0.563  0.728 -0.079  0.030 -0.276  0.247  0.292
        2  0.52561  -0.144  1.000 -0.001  0.000  0.171 -0.296 -0.040 -0.069 -0.003 -0.055 -0.172  0.009 -0.003 -0.015 -0.074  0.029
        3  0.09051   0.004 -0.001  1.000  0.002  0.000 -0.000 -0.000 -0.021 -0.004  0.011  0.002 -0.086  0.003 -0.001  0.001  0.001
        4  0.17638   0.001  0.000  0.002  1.000 -0.000 -0.000  0.000  0.003  0.005 -0.002 -0.001  0.145  0.000  0.000 -0.000 -0.000
        5  0.69013   0.073  0.171  0.000 -0.000  1.000  0.170 -0.556  0.047 -0.003  0.016  0.010 -0.006  0.001 -0.254  0.131  0.279
        6  0.66458  -0.192 -0.296 -0.000 -0.000  0.170  1.000 -0.053 -0.081 -0.005 -0.058 -0.438  0.013 -0.003 -0.050  0.127  0.066
        7  0.71646  -0.066 -0.040 -0.000  0.000 -0.556 -0.053  1.000 -0.040  0.002 -0.017 -0.018  0.005 -0.001  0.348 -0.116 -0.216
        8  0.88916   0.404 -0.069 -0.021  0.003  0.047 -0.081 -0.040  1.000  0.102 -0.365  0.331  0.401 -0.113 -0.172  0.149  0.182
        9  0.16555   0.016 -0.003 -0.004  0.005 -0.003 -0.005  0.002  0.102  1.000  0.005  0.013  0.087 -0.012  0.008 -0.005 -0.009
       11  0.89392   0.563 -0.055  0.011 -0.002  0.016 -0.058 -0.017 -0.365  0.005  1.000  0.282 -0.201  0.112 -0.069  0.062  0.073
       13  0.84520   0.728 -0.172  0.002 -0.001  0.010 -0.438 -0.018  0.331  0.013  0.282  1.000 -0.050  0.014 -0.048  0.117  0.051
       14  0.58721  -0.079  0.009 -0.086  0.145 -0.006  0.013  0.005  0.401  0.087 -0.201 -0.050  1.000 -0.062  0.018 -0.016 -0.019
       16  0.14051   0.030 -0.003  0.003  0.000  0.001 -0.003 -0.001 -0.113 -0.012  0.112  0.014 -0.062  1.000 -0.002  0.002  0.002
       17  0.95853  -0.276 -0.015 -0.001  0.000 -0.254 -0.050  0.348 -0.172  0.008 -0.069 -0.048  0.018 -0.002  1.000 -0.612 -0.941
       18  0.68441   0.247 -0.074  0.001 -0.000  0.131  0.127 -0.116  0.149 -0.005  0.062  0.117 -0.016  0.002 -0.612  1.000  0.659
       19  0.96100   0.292  0.029  0.001 -0.000  0.279  0.066 -0.216  0.182 -0.009  0.073  0.051 -0.019  0.002 -0.941  0.659  1.000
       20  0.16086   0.024 -0.002 -0.004  0.005  0.006 -0.003 -0.005  0.103  0.026  0.007  0.014  0.083 -0.011 -0.020  0.015  0.021
                     1.000
Wallclock time  : 41.9752 seconds.
CPU time: 0.004198
Total CPU time: 0.004198
Processor time: 0.003602

FIT PARAMETERS
 ^{210}Bi = 23.1 #pm 3.3 
 ^{11}C = 1.55 #pm 0.19 
 ^{14}C = 3504203.7 #pm 42265.9  [p] 3499200.0 #pm 43200.0
 ^{14}C pileup = 581926.6 #pm 11078.7 
 Ext ^{214}Bi = 1.35 #pm 0.33 
 Ext ^{40}K = 1.09 #pm 0.52 
 Ext ^{208}Tl = 2.31 #pm 0.24 
 ^{85}Kr = 0.8 #pm 2.7 
 ^{210}Po = 719.6 #pm 2.7 
 #nu(^{8}B) = 0.46  [Fixed]
 #nu(^{7}Be) = 50.4 #pm 2.5 
 #nu(CNO) = 4.92  [Fixed]
 #nu(pep) = 3.36 #pm 0.81 
 #nu(pp) = 177.2 #pm 18.0 
 ^{210}MCscalePo = 1  [Fixed]
 ^{210}MCshiftPo = 0.557 #pm 0.040 
 ^{10}C 2 = 0.79 #pm 0.86 
 ^{11}C 2 = 57.4 #pm 1.1 
 ^{6}He 2 = 2.7 #pm 1.8 
 ^{210}Po 2 = 724.8 #pm 2.8 

 chi^2                             = 1366.8
 chi^2/N-DOF                       = 0.9728
 p-value                           = 0.763
 Minimized -2Ln(Likelihood)        = 10432.70
 Likelihood p-value                = 0.180 ± 0.038
SimplePlotManager::groupByName <default.Major> appedned to <default>
SimplePlotManager::groupByName <default.TFCtagged> appedned to <default>
