[GPUManager]() registered
regV registering [npe] as [0x1c99180]
regV registering [npe_short] as [0x1c992b0]
regV registering [Po218:peak] as [6002]
regV registering [Rn222:peak] as [5490]
regV registering [Po210:peak] as [5305]
Loaded path: </p/project/cjikp20/jikp2013/bx-GooStats-dingxf_dev/bx-GooStats/data>
RawSpectrumProvider::registerSpecies Register [nu(pep)]
RawSpectrumProvider::registerSpecies Register [nu(Be7)_sunT]
RawSpectrumProvider::registerSpecies Register [nu(Be7)_nosunT]
RawSpectrumProvider::registerSpecies Register [nu(CNO)]
RawSpectrumProvider::registerSpecies Register [nu(pp)_oleg]
RawSpectrumProvider::registerSpecies Register [nu(pp)_aldo]
RawSpectrumProvider::registerSpecies Register [nu(pp)]
RawSpectrumProvider::registerSpecies Register [nu(B8)]
RawSpectrumProvider::registerSpecies Register [C14_universal]
Warning: c14_shape_factor is taken as 1.24
RawSpectrumProvider::registerSpecies Register [C14]
RawSpectrumProvider::registerSpecies Register [C11]
RawSpectrumProvider::registerSpecies Register [C10]
RawSpectrumProvider::registerSpecies Register [Kr85]
RawSpectrumProvider::registerSpecies Register [B12]
RawSpectrumProvider::registerSpecies Register [He6]
RawSpectrumProvider::registerSpecies Register [Pa234m]
RawSpectrumProvider::registerSpecies Register [K40]
RawSpectrumProvider::registerSpecies Register [La138]
RawSpectrumProvider::registerSpecies Register [Bi210_mach4]
RawSpectrumProvider::registerSpecies Register [Bi210_oleg]
RawSpectrumProvider::registerSpecies Register [Bi210_aldo]
RawSpectrumProvider::registerSpecies Register [Bi210_daniel]
RawSpectrumProvider::registerSpecies Register [Bi210_flothmann]
RawSpectrumProvider::registerSpecies Register [Bi210_grau]
RawSpectrumProvider::registerSpecies Register [Pb214_KM]
RawSpectrumProvider::registerSpecies Register [Pb214_aldo_1]
RawSpectrumProvider::registerSpecies Register [Pb214_aldo_2]
RawSpectrumProvider::registerSpecies Register [Pb214_aldo_3]
RawSpectrumProvider::registerSpecies Register [Pb214_aldo_4]
RawSpectrumProvider::registerSpecies Register [Pb214_aldo_5]
RawSpectrumProvider::registerSpecies Register [Pb214_aldo_6]
RawSpectrumProvider::registerSpecies Register [Pb214_aldo_7]
RawSpectrumProvider::registerSpecies Register [Ext_Tl208]
RawSpectrumProvider::registerSpecies Register [Ext_Bi214]
RawSpectrumProvider::registerSpecies Register [Ext_K40]
RawSpectrumProvider::registerSpecies Register [U238_chain]
RawSpectrumProvider::registerSpecies Register [Th232_chain]
RawSpectrumProvider::registerSpecies Register [C14_pileup]
[InputManager]() registered
[PrepareData]() registered
[SimpleFit]() registered
[CNOTest]() registered
[HMLMTest]() registered
[ScanPar]() registered
[CorrelationManager]() registered
[ContourManager]() registered
[OutputManager]() registered
Checking GPU [0]/[1]
Running on [Tesla K80] with compute capability of 3.7
Warning: BatchOutputManager not set, default are used.
LOG: Getting data from file input_files/Period2014_FVpep_TFCMI_c19.root
Searching final_nhits_pp_0 in pp
LOG: fitting histogram final_nhits_pp_0
WARNING: chain_counts_cum not TH1D, trying other TH1
WARNING: No chain_counts_cum in input directory, trying in the main directory of the file
chain_counts_cum: mean 23.4373
[default] adopt [global] as its parent.
Inserting period [default,input_files/Period2014_FVpep_TFCMI_c19.root,pp/final_nhits_pp_0,fitoptions/fitoptions_gpu-mv-2014-pdfs_TAUP2017-nhits-emin92_Po210-shift.cfg,species_list/species-fit-gpu-mvCNO-hm.icc]
ARG[1] <icc> = [species_list/species-fit-gpu-mvCNO-hm.icc]
InputManager::registerConfigset(default)
Loading from <fitoptions/fitoptions_gpu-mv-2014-pdfs_TAUP2017-nhits-emin92_Po210-shift.cfg>
h_n_used_pmts: mean 1526.56
h_n_used_pmts_weighted: mean 1529.23
h_n_used_pmts0: mean 1525.88
h_n_used_pmts_weighted0: mean 1528.55
h_n_used_pmts1: mean 1527.73
h_n_used_pmts_weighted1: mean 1530.39
option <n_used_charge_histo_name> not set, default value [h_n_used_charge] used
h_n_used_charge: mean 1524.27
option <n_used_charge_po210_histo_name> not set, default value [h_n_used_charge_weighted] used
h_n_used_charge_weighted: mean 1526.72
feq_inv: mean 1.31052
Mask [mask_2] from [h_n_used_pmts] Mean <999.504> RMS <576.972>
Mask [mask_3] from [h_n_used_pmts_weighted] Mean <999.504> RMS <576.972>
Mask [mask_4] from [h_n_used_pmts0] Mean <999.505> RMS <576.971>
Mask [mask_5] from [h_n_used_pmts_weighted0] Mean <999.504> RMS <576.972>
Mask [mask_6] from [h_n_used_pmts1] Mean <999.504> RMS <576.972>
Mask [mask_7] from [h_n_used_pmts_weighted1] Mean <999.503> RMS <576.973>
*********Dump options parsed*********************************
MC_ext_bkg => <true>
alpha_response_function => <scaled_poisson>
alpha_subtracted => <false>
apply_radiochemical_constraints => <false>
applying_mask => <true>
beta_response_function => <scaled_poisson>
bi210_spectrum => <aldo>
c11_quenching_fixed => <false>
c11_subtracted => <true>
complementary_histo_fit => <true>
complementary_histo_name => <pp/final_nhits_pp_1>
convolve_dark_noise => <false>
dark_noise_window => <win1>
fit_results_output => <fit_results.root>
fit_variable => <nhits>
fit_variable_MC => <nhits>
freeMCshiftPo210 => <true>
geometric_correction_on => <false>
icc => <species_list/species-fit-gpu-mvCNO-hm.icc>
ly_fixed => <false>
meantime_cut => <no>
minimization_method => <likelihood>
minimization_routine => <minuit>
montecarlo_interpolation => <off>
montecarlo_spectra_file => <pdfs_TAUP2017/MCspectra_pp_FVpep_2014_emin1_masked.root>
multivariate_ps_fit => <true>
multivariate_rdist_fit => <true>
n_used_pmts_histo_name => <h_n_used_pmts>
n_used_pmts_po210_histo_name => <h_n_used_pmts_weighted>
n_used_pmts_po210_tfc0_histo_name => <h_n_used_pmts_weighted0>
n_used_pmts_po210_tfc1_histo_name => <h_n_used_pmts_weighted1>
n_used_pmts_tfc0_histo_name => <h_n_used_pmts0>
n_used_pmts_tfc1_histo_name => <h_n_used_pmts1>
neutrino_magnetic_moment => <no>
no_lead_cut => <no>
norm_variable => <true>
npe_offset_fixed => <true>
pb214_spectrum => <aldo>
pileup_eff_ly_fixed => <true>
plot_filename => <plot.root>
po210_quenching_fixed => <false>
quenching_parameterization => <echidna>
save_fit_results => <false>
scale_poisson => <true>
show_only_c14_c14 => <false>
spectra_pdfs => <montecarlo>
synthpup_file => <P91011_Synthetic_Spectra.root>
synthpup_hist => <h_synth_spec_5_dt1>
use_alpha_response_function => <false>
use_remaining_pb214 => <false>
weighted_response => <false>
alpha_resolution_0_guess => float: [1.2]
alpha_resolution_0_max => float: [20]
alpha_resolution_0_min => float: [0]
alpha_resolution_1_guess => float: [0]
alpha_resolution_1_max => float: [0]
alpha_resolution_1_min => float: [0]
alpha_resolution_2_guess => float: [0]
alpha_resolution_2_max => float: [0]
alpha_resolution_2_min => float: [0]
beta_resolution_0_guess => float: [3]
beta_resolution_0_max => float: [20]
beta_resolution_0_min => float: [0]
beta_resolution_1_guess => float: [3]
beta_resolution_1_max => float: [20]
beta_resolution_1_min => float: [0]
beta_resolution_2_guess => float: [7]
beta_resolution_2_max => float: [7]
beta_resolution_2_min => float: [7]
beta_resolution_3_guess => float: [2]
beta_resolution_3_max => float: [10]
beta_resolution_3_min => float: [0]
beta_resolution_4_guess => float: [0]
beta_resolution_4_max => float: [0]
beta_resolution_4_min => float: [0]
beta_resolution_5_guess => float: [0]
beta_resolution_5_max => float: [0]
beta_resolution_5_min => float: [0]
c11_quenching => float: [0.8828]
c14_shape_factor => float: [1.24]
c14_threshold => float: [100]
dark_noise_threshold => float: [100]
ext_bckgd_eff_ly => float: [1.0228]
fCher => float: [2]
fit_verbosity => float: [0]
geometric_correction => float: [0.112]
histogram_binwidth => float: [1]
kb => float: [0.0109]
ly_guess => float: [0.49]
maximum_energy => float: [950]
meantime_cut_correction_c1 => float: [0.974]
meantime_cut_correction_c2 => float: [-0.00211]
minimum_energy => float: [92]
multivariate_ps_fit_bins => float: [1]
multivariate_ps_fit_max => float: [650]
multivariate_ps_fit_min => float: [400]
multivariate_ps_fit_smooth => float: [0]
multivariate_rdist_fit_bins => float: [16]
multivariate_rdist_fit_max => float: [900]
multivariate_rdist_fit_min => float: [500]
multivariate_rdist_fit_smooth => float: [0]
npe_offset => float: [0]
number_of_bins_for_weighted_response => float: [10]
pileup_eff_ly => float: [0.935]
pileup_penalty_max => float: [120]
pileup_penalty_mean => float: [2.1]
pileup_penalty_min => float: [100]
pileup_penalty_sigma => float: [0.04]
po210_quenching => float: [0.07879]
poisson_factor => float: [15]
poisson_threshold => float: [100]
ser_under_threshold => float: [0.12]
sys_errors_scale => float: [0]
unequalization_factor => float: [1]
*************************************************************
Inserting Constant name [compute_likelihood_p_value] value [0]
regV registering [compute_likelihood_p_value] as [0]
Inserting [C11_qch] to [global]
Inserting [Po210_qch] to [default]
Inserting [extly_qch] to [global]
Linking [Ext_Tl208_qch] with [extly_qch] in [global]
Linking [Ext_Bi214_qch] with [extly_qch] in [global]
Linking [Ext_K40_qch] with [extly_qch] in [global]
Inserting [Po218_qch] to [global]
Inserting [Rn222_qch] to [global]
Inserting [C10_qch] to [global]
Bad programming style of using const_cast!!!
regV registering [NL] as [0x7ffe29dc12c0]
Inserting [beta_ly] to [default]
858
Inserting [beta_resolution_0] to [global]
Inserting [beta_resolution_1] to [global]
Inserting [beta_resolution_2] to [global]
Inserting [beta_resolution_3] to [global]
Inserting [beta_resolution_4] to [global]
Inserting [beta_resolution_5] to [global]
Inserting [alpha_resolution_0] to [default]
Inserting [alpha_resolution_1] to [default]
Inserting [alpha_resolution_2] to [default]
Inserting [alpha_resolution_3] to [default]
Inserting [alpha_resolution_4] to [default]
Inserting [alpha_resolution_5] to [default]
Inserting [mlp_correction_0] to [default]
Inserting [mlp_correction_1] to [default]
Inserting [mlp_correction_2] to [default]
Inserting [mlp_correction_3] to [default]
Integral: 11.6405, sum = 1.17605e+06, endpoint = 671.809
Integral: 76.3209, sum = 1.81556e+07, endpoint = 264.064
RawSpectrumProvider::registerSpecies Register [nu(Be7+munu)]
RawSpectrumProvider::registerSpecies Register [nu(pp+munu)]
RawSpectrumProvider::registerSpecies Register [Bi210]
RawSpectrumProvider::registerSpecies Register [nu(Be7)]
feq: 1.31014 feq_po: 1.30784
Inserting [default] to default feq: 1.31014 0
Inserting [Po210] to default feq: 1.30784 0
Dumping pre-created rates:
INFO: loading species from file species_list/species-fit-gpu-mvCNO-hm.icc
Inserting [Bi210] to [default]
Inserting [C10_2] to [default]
Inserting [C11] to [default]
Inserting [C11_2] to [default]
Inserting [C14] to [global]
Inserting [C14_pileup] to [default]
Inserting [Ext_Bi214] to [global]
Inserting [Ext_K40] to [global]
Inserting [Ext_Tl208] to [global]
Inserting [He6_2] to [global]
Inserting [Kr85] to [default]
Inserting [Po210] to [default]
Inserting [Po210_2] to [default]
Inserting [nu(B8)] to [default]
Inserting [nu(Be7)] to [global]
Inserting [nu(CNO)] to [global]
Inserting [nu(pep)] to [global]
Inserting [nu(pp)] to [global]
 [global] : (C10_qch, global.C10_qch) 
 [global] : (C11_qch, global.C11_qch) 
 [global] : (C14, global.C14) 
 [global] : (Ext_Bi214, global.Ext_Bi214) 
 [global] : (Ext_Bi214_qch, global.extly_qch) 
 [global] : (Ext_K40, global.Ext_K40) 
 [global] : (Ext_K40_qch, global.extly_qch) 
 [global] : (Ext_Tl208, global.Ext_Tl208) 
 [global] : (Ext_Tl208_qch, global.extly_qch) 
 [global] : (He6_2, global.He6_2) 
 [global] : (Po218_qch, global.Po218_qch) 
 [global] : (Rn222_qch, global.Rn222_qch) 
 [global] : (beta_resolution_0, global.beta_resolution_0) 
 [global] : (beta_resolution_1, global.beta_resolution_1) 
 [global] : (beta_resolution_2, global.beta_resolution_2) 
 [global] : (beta_resolution_3, global.beta_resolution_3) 
 [global] : (beta_resolution_4, global.beta_resolution_4) 
 [global] : (beta_resolution_5, global.beta_resolution_5) 
 [global] : (extly_qch, global.extly_qch) 
 [global] : (nu(Be7), global.nu(Be7)) 
 [global] : (nu(CNO), global.nu(CNO)) 
 [global] : (nu(pep), global.nu(pep)) 
 [global] : (nu(pp), global.nu(pp)) 
default>-- [default] : (Bi210, default.Bi210) 
default>-- [default] : (C10_2, default.C10_2) 
default>-- [default] : (C11, default.C11) 
default>-- [default] : (C11_2, default.C11_2) 
default>-- [default] : (C14_pileup, default.C14_pileup) 
default>-- [default] : (Kr85, default.Kr85) 
default>-- [default] : (Po210, default.Po210) 
default>-- [default] : (Po210_2, default.Po210_2) 
default>-- [default] : (Po210_qch, default.Po210_qch) 
default>-- [default] : (alpha_resolution_0, default.alpha_resolution_0) 
default>-- [default] : (alpha_resolution_1, default.alpha_resolution_1) 
default>-- [default] : (alpha_resolution_2, default.alpha_resolution_2) 
default>-- [default] : (alpha_resolution_3, default.alpha_resolution_3) 
default>-- [default] : (alpha_resolution_4, default.alpha_resolution_4) 
default>-- [default] : (alpha_resolution_5, default.alpha_resolution_5) 
default>-- [default] : (beta_ly, default.beta_ly) 
default>-- [default] : (mlp_correction_0, default.mlp_correction_0) 
default>-- [default] : (mlp_correction_1, default.mlp_correction_1) 
default>-- [default] : (mlp_correction_2, default.mlp_correction_2) 
default>-- [default] : (mlp_correction_3, default.mlp_correction_3) 
default>-- [default] : (nu(B8), default.nu(B8)) 
InputManager::registerDataset(default.Major)
InputManager::registerDataset(default.TFCtagged)
InputManager::registerDataset(pileupL)
Inserting period full [default.Major]
Inserting period full [default.TFCtagged]
Inserting period full [pileupL]
Livetime: 196.66 days (c11 subtracted)
computing mass from input_files/Period2014_FVpep_TFCMI_c19.root
Mass: 71.3 tons
Inserting [default.Major] exposure : [14021.8 (day x tons)]
computing mass from input_files/Period2014_FVpep_TFCMI_c19.root
Inserting [default.TFCtagged] exposure : [8045.3 (day x tons)]
Inserting type [remaining_pb214] name [default] value [0.00509171]
Remaining Pb214 [default] : 0.00509171 cpd/100 tons
WARNING: pp/final_nhits_pp_1 not TH1D, trying other TH1
WARNING: No pp/final_nhits_pp_1 in input directory, trying in the main directory of the file
pp/final_nhits_pp_1: mean 50.6545
WARNING: the spectrum of [Major] had not Sumw2 set. Setting it now.
WARNING: the spectrum of [TFCtagged] had not Sumw2 set. Setting it now.
Inserting [default.Major] data set
Inserting [default.TFCtagged] data set
INFO: loading species from file species_list/species-fit-gpu-mvCNO-hm.icc
Loading [Bi210] from [pdfs_TAUP2017/MCspectra_pp_FVpep_2014_emin1_masked.root/bi210_nhits]
bad programing style, const_cast!!
creating MC species [Bi210] in [default]
Warning: quenching [Bi210_qch] not found in [default].
[Bi210] loaded for [default]
Inserting species (Bi210)[Bi210] to [default.Major] 
Inserting species (Bi210)[Bi210] to [default.TFCtagged] 
Loading [C10] from [pdfs_TAUP2017/MCspectra_pp_FVpep_2014_emin1_masked.root/c10_nhits]
bad programing style, const_cast!!
creating MC species [C10] in [default]
[C10] loaded for [default]
Inserting species (C10_2)[C10] to [default.TFCtagged] 
Loading [C11] from [pdfs_TAUP2017/MCspectra_pp_FVpep_2014_emin1_masked.root/c11_nhits]
bad programing style, const_cast!!
creating MC species [C11] in [default]
[C11] loaded for [default]
Inserting species (C11)[C11] to [default.Major] 
creating MC species [C11] in [default]
[C11] loaded for [default]
Inserting species (C11_2)[C11] to [default.TFCtagged] 
Loading [C14] from [pdfs_TAUP2017/MCspectra_pp_FVpep_2014_emin1_masked.root/c14_nhits]
bad programing style, const_cast!!
creating MC species [C14] in [default]
Warning: quenching [C14_qch] not found in [default].
[C14] loaded for [default]
Inserting species (C14)[C14] to [default.Major] 
Inserting species (C14)[C14] to [default.TFCtagged] 
Loading [C14_pileup] from [pdfs_TAUP2017/MCspectra_pp_FVpep_2014_emin1_masked.root/MC_pileup_nhits]
bad programing style, const_cast!!
creating MC species [C14_pileup] in [default]
Warning: quenching [C14_pileup_qch] not found in [default].
[C14_pileup] loaded for [default]
Inserting species (C14_pileup)[C14_pileup] to [default.Major] 
Inserting species (C14_pileup)[C14_pileup] to [default.TFCtagged] 
Loading [Ext_Bi214] from [pdfs_TAUP2017/MCspectra_pp_FVpep_2014_emin1_masked.root/ext_bi214_nhits]
bad programing style, const_cast!!
creating MC species [Ext_Bi214] in [default]
[Ext_Bi214] loaded for [default]
Inserting species (Ext_Bi214)[Ext_Bi214] to [default.Major] 
Inserting species (Ext_Bi214)[Ext_Bi214] to [default.TFCtagged] 
Loading [Ext_K40] from [pdfs_TAUP2017/MCspectra_pp_FVpep_2014_emin1_masked.root/ext_k40_nhits]
bad programing style, const_cast!!
creating MC species [Ext_K40] in [default]
[Ext_K40] loaded for [default]
Inserting species (Ext_K40)[Ext_K40] to [default.Major] 
Inserting species (Ext_K40)[Ext_K40] to [default.TFCtagged] 
Loading [Ext_Tl208] from [pdfs_TAUP2017/MCspectra_pp_FVpep_2014_emin1_masked.root/ext_tl208_nhits]
bad programing style, const_cast!!
creating MC species [Ext_Tl208] in [default]
[Ext_Tl208] loaded for [default]
Inserting species (Ext_Tl208)[Ext_Tl208] to [default.Major] 
Inserting species (Ext_Tl208)[Ext_Tl208] to [default.TFCtagged] 
Loading [He6] from [pdfs_TAUP2017/MCspectra_pp_FVpep_2014_emin1_masked.root/he6_nhits]
bad programing style, const_cast!!
creating MC species [He6] in [default]
Warning: quenching [He6_qch] not found in [default].
[He6] loaded for [default]
Inserting species (He6_2)[He6] to [default.TFCtagged] 
Loading [Kr85] from [pdfs_TAUP2017/MCspectra_pp_FVpep_2014_emin1_masked.root/kr85_nhits]
bad programing style, const_cast!!
creating MC species [Kr85] in [default]
Warning: quenching [Kr85_qch] not found in [default].
[Kr85] loaded for [default]
Inserting species (Kr85)[Kr85] to [default.Major] 
Inserting species (Kr85)[Kr85] to [default.TFCtagged] 
Loading [Po210] from [pdfs_TAUP2017/MCspectra_pp_FVpep_2014_emin1_masked.root/po210_nhits]
bad programing style, const_cast!!
creating MC species [Po210] in [default]
bad programming! const_cast used!
Inserting [MCscalePo210] to [default]
Inserting [MCshiftPo210] to [default]
[Po210] loaded for [default]
Inserting species (Po210)[Po210] to [default.Major] 
creating MC species [Po210] in [default]
bad programming! const_cast used!
[Po210] loaded for [default]
Inserting species (Po210_2)[Po210] to [default.TFCtagged] 
Loading [nu(B8)] from [pdfs_TAUP2017/MCspectra_pp_FVpep_2014_emin1_masked.root/b8_nhits]
bad programing style, const_cast!!
creating MC species [nu(B8)] in [default]
Warning: quenching [nu(B8)_qch] not found in [default].
[nu(B8)] loaded for [default]
Inserting species (nu(B8))[nu(B8)] to [default.Major] 
Inserting species (nu(B8))[nu(B8)] to [default.TFCtagged] 
Loading [nu(Be7)] from [pdfs_TAUP2017/MCspectra_pp_FVpep_2014_emin1_masked.root/be7_nhits]
bad programing style, const_cast!!
creating MC species [nu(Be7)] in [default]
Warning: quenching [nu(Be7)_qch] not found in [default].
[nu(Be7)] loaded for [default]
Inserting species (nu(Be7))[nu(Be7)] to [default.Major] 
Inserting species (nu(Be7))[nu(Be7)] to [default.TFCtagged] 
Loading [nu(CNO)] from [pdfs_TAUP2017/MCspectra_pp_FVpep_2014_emin1_masked.root/cno_nhits]
bad programing style, const_cast!!
creating MC species [nu(CNO)] in [default]
Warning: quenching [nu(CNO)_qch] not found in [default].
[nu(CNO)] loaded for [default]
Inserting species (nu(CNO))[nu(CNO)] to [default.Major] 
Inserting species (nu(CNO))[nu(CNO)] to [default.TFCtagged] 
Loading [nu(pep)] from [pdfs_TAUP2017/MCspectra_pp_FVpep_2014_emin1_masked.root/pep_nhits]
bad programing style, const_cast!!
creating MC species [nu(pep)] in [default]
Warning: quenching [nu(pep)_qch] not found in [default].
[nu(pep)] loaded for [default]
Inserting species (nu(pep))[nu(pep)] to [default.Major] 
Inserting species (nu(pep))[nu(pep)] to [default.TFCtagged] 
Loading [nu(pp)] from [pdfs_TAUP2017/MCspectra_pp_FVpep_2014_emin1_masked.root/pp_nhits]
bad programing style, const_cast!!
creating MC species [nu(pp)] in [default]
Warning: quenching [nu(pp)_qch] not found in [default].
[nu(pp)] loaded for [default]
Inserting species (nu(pp))[nu(pp)] to [default.Major] 
Inserting species (nu(pp))[nu(pp)] to [default.TFCtagged] 
Inserting [default.Major] species vector
searching for [Bi210_sys]..
searching for [C11_sys]..
[default.Major] inserting a new pull: C14_pull
Inserting [C14_pull] to [default]
searching for [C14_sys]..
searching for [C14_pileup_sys]..
searching for [Ext_Bi214_sys]..
searching for [Ext_K40_sys]..
searching for [Ext_Tl208_sys]..
searching for [Kr85_sys]..
searching for [Po210_sys]..
searching for [nu(B8)_sys]..
searching for [nu(Be7)_sys]..
searching for [nu(CNO)_sys]..
searching for [nu(pep)_sys]..
searching for [nu(pp)_sys]..
Inserting [default.TFCtagged] species vector
searching for [Bi210_sys]..
searching for [C10_2_sys]..
searching for [C11_2_sys]..
searching for [C14_sys]..
searching for [C14_pileup_sys]..
searching for [Ext_Bi214_sys]..
searching for [Ext_K40_sys]..
searching for [Ext_Tl208_sys]..
searching for [He6_2_sys]..
searching for [Kr85_sys]..
searching for [Po210_2_sys]..
searching for [nu(B8)_sys]..
searching for [nu(Be7)_sys]..
searching for [nu(CNO)_sys]..
searching for [nu(pep)_sys]..
searching for [nu(pp)_sys]..
setting quenching of [Po210] to [0.07879]
Pb214 not implemented in bx-GooStats, it's ignored
setting quenching of [C11] to [0.8828]
INFO: 210Po PMTs used: 2000,0
RawSpectrumProvider::registerSpecies Register [default.Major]
type: [default.Major][0][1]
You have chosen SeparateSumPdfFactory<DnType<NoDn> MLPType<no> MaskType<Mask> DnAfterMask <no>>
SumPdf::registerFunc register [Bi210] as [0]
SumPdf::registerFunc register [C11] as [1]
SumPdf::registerFunc register [C14] as [2]
SumPdf::registerFunc register [C14_pileup] as [3]
SumPdf::registerFunc register [Ext_Bi214] as [4]
SumPdf::registerFunc register [Ext_K40] as [5]
SumPdf::registerFunc register [Ext_Tl208] as [6]
SumPdf::registerFunc register [Kr85] as [7]
SumPdf::registerFunc register [Po210] as [8]
SumPdf::registerFunc register [nu(B8)] as [9]
SumPdf::registerFunc register [nu(Be7)] as [10]
SumPdf::registerFunc register [nu(CNO)] as [11]
SumPdf::registerFunc register [nu(pep)] as [12]
SumPdf::registerFunc register [nu(pp)] as [13]
SumPdf::registerFunc register [Bi210] as [14]
SumPdf::registerFunc register [C11] as [15]
SumPdf::registerFunc register [C14] as [16]
SumPdf::registerFunc register [C14_pileup] as [17]
SumPdf::registerFunc register [Ext_Bi214] as [18]
SumPdf::registerFunc register [Ext_K40] as [19]
SumPdf::registerFunc register [Ext_Tl208] as [20]
SumPdf::registerFunc register [Kr85] as [21]
SumPdf::registerFunc register [Po210] as [22]
SumPdf::registerFunc register [nu(B8)] as [23]
SumPdf::registerFunc register [nu(Be7)] as [24]
SumPdf::registerFunc register [nu(CNO)] as [25]
SumPdf::registerFunc register [nu(pep)] as [26]
SumPdf::registerFunc register [nu(pp)] as [27]
Inserting [default.Major] sum pdf
Checking [Bi210] for <User> found? [1] is class<0>? [1]
Checking [C11] for <User> found? [1] is class<0>? [0]
Checking [C14] for <User> found? [1] is class<0>? [1]
Checking [C14_pileup] for <User> found? [1] is class<0>? [1]
Checking [Ext_Bi214] for <User> found? [1] is class<0>? [1]
Checking [Ext_K40] for <User> found? [1] is class<0>? [1]
Checking [Ext_Tl208] for <User> found? [1] is class<0>? [1]
Checking [Kr85] for <User> found? [1] is class<0>? [1]
Checking [Po210] for <User> found? [1] is class<0>? [1]
Checking [nu(B8)] for <User> found? [1] is class<0>? [1]
Checking [nu(Be7)] for <User> found? [1] is class<0>? [1]
Checking [nu(CNO)] for <User> found? [1] is class<0>? [1]
Checking [nu(pep)] for <User> found? [1] is class<0>? [1]
Checking [nu(pp)] for <User> found? [1] is class<0>? [1]
Checking [Bi210] for <User> found? [1] is class<1>? [0]
Checking [C11] for <User> found? [1] is class<1>? [1]
Checking [C14] for <User> found? [1] is class<1>? [0]
Checking [C14_pileup] for <User> found? [1] is class<1>? [0]
Checking [Ext_Bi214] for <User> found? [1] is class<1>? [0]
Checking [Ext_K40] for <User> found? [1] is class<1>? [0]
Checking [Ext_Tl208] for <User> found? [1] is class<1>? [0]
Checking [Kr85] for <User> found? [1] is class<1>? [0]
Checking [Po210] for <User> found? [1] is class<1>? [0]
Checking [nu(B8)] for <User> found? [1] is class<1>? [0]
Checking [nu(Be7)] for <User> found? [1] is class<1>? [0]
Checking [nu(CNO)] for <User> found? [1] is class<1>? [0]
Checking [nu(pep)] for <User> found? [1] is class<1>? [0]
Checking [nu(pp)] for <User> found? [1] is class<1>? [0]
Inserting [default]-[default] MV term
Checking [Bi210] for <Rdist> found? [1] is class<0>? [1]
Checking [C11] for <Rdist> found? [1] is class<0>? [1]
Checking [C14] for <Rdist> found? [1] is class<0>? [1]
Checking [C14_pileup] for <Rdist> found? [1] is class<0>? [0]
Checking [Ext_Bi214] for <Rdist> found? [1] is class<0>? [0]
Checking [Ext_K40] for <Rdist> found? [1] is class<0>? [0]
Checking [Ext_Tl208] for <Rdist> found? [1] is class<0>? [0]
Checking [Kr85] for <Rdist> found? [1] is class<0>? [1]
Checking [Po210] for <Rdist> found? [1] is class<0>? [1]
Checking [nu(B8)] for <Rdist> found? [1] is class<0>? [1]
Checking [nu(Be7)] for <Rdist> found? [1] is class<0>? [1]
Checking [nu(CNO)] for <Rdist> found? [1] is class<0>? [1]
Checking [nu(pep)] for <Rdist> found? [1] is class<0>? [1]
Checking [nu(pp)] for <Rdist> found? [1] is class<0>? [1]
Checking [Bi210] for <Rdist> found? [1] is class<1>? [0]
Checking [C11] for <Rdist> found? [1] is class<1>? [0]
Checking [C14] for <Rdist> found? [1] is class<1>? [0]
Checking [C14_pileup] for <Rdist> found? [1] is class<1>? [1]
Checking [Ext_Bi214] for <Rdist> found? [1] is class<1>? [1]
Checking [Ext_K40] for <Rdist> found? [1] is class<1>? [1]
Checking [Ext_Tl208] for <Rdist> found? [1] is class<1>? [1]
Checking [Kr85] for <Rdist> found? [1] is class<1>? [0]
Checking [Po210] for <Rdist> found? [1] is class<1>? [0]
Checking [nu(B8)] for <Rdist> found? [1] is class<1>? [0]
Checking [nu(Be7)] for <Rdist> found? [1] is class<1>? [0]
Checking [nu(CNO)] for <Rdist> found? [1] is class<1>? [0]
Checking [nu(pep)] for <Rdist> found? [1] is class<1>? [0]
Checking [nu(pp)] for <Rdist> found? [1] is class<1>? [0]
Inserting [default]-[default] MV term
Inserting [default]-[default] MV term
Inserting [default]-[default] MV term
Inserting [default]-[default] MV term
Inserting [default]-[default] MV term
Inserting [default]-[default] MV term
Inserting [default]-[default] MV term
Inserting [default]-[default] MV term
Inserting [default]-[default] MV term
Inserting [default]-[default] MV term
Inserting [default]-[default] MV term
Inserting [default]-[default] MV term
Inserting [default]-[default] MV term
Inserting [default]-[default] MV term
Inserting [default]-[default] MV term
Inserting [default]-[default] MV term
Inserting [default]-[global.C14] pull term
Pb214 not implemented in bx-GooStats, it's ignored
RawSpectrumProvider::registerSpecies Register [default.TFCtagged]
type: [default.TFCtagged][0][1]
You have chosen SeparateSumPdfFactory<DnType<NoDn> MLPType<no> MaskType<Mask> DnAfterMask <no>>
SumPdf::registerFunc register [C10] as [28]
SumPdf::registerFunc register [C11] as [29]
SumPdf::registerFunc register [He6] as [30]
SumPdf::registerFunc register [Po210] as [31]
SumPdf::registerFunc register [Bi210] as [32]
SumPdf::registerFunc register [C10] as [33]
SumPdf::registerFunc register [C11] as [34]
SumPdf::registerFunc register [C14] as [35]
SumPdf::registerFunc register [C14_pileup] as [36]
SumPdf::registerFunc register [Ext_Bi214] as [37]
SumPdf::registerFunc register [Ext_K40] as [38]
SumPdf::registerFunc register [Ext_Tl208] as [39]
SumPdf::registerFunc register [He6] as [40]
SumPdf::registerFunc register [Kr85] as [41]
SumPdf::registerFunc register [Po210] as [42]
SumPdf::registerFunc register [nu(B8)] as [43]
SumPdf::registerFunc register [nu(Be7)] as [44]
SumPdf::registerFunc register [nu(CNO)] as [45]
SumPdf::registerFunc register [nu(pep)] as [46]
SumPdf::registerFunc register [nu(pp)] as [47]
Inserting [default.TFCtagged] sum pdf
Inserting (Datasets:default.Major)<default.Major>
Inserting (Datasets:default.TFCtagged)<default.TFCtagged>
Inserting (LikelihoodFactory)<default>
Inserting (LikelihoodFactory)<default>
Inserting (LikelihoodFactory)<default>
Inserting (LikelihoodFactory)<default>
Inserting (LikelihoodFactory)<default>
Inserting (LikelihoodFactory)<default>
Inserting (LikelihoodFactory)<default>
Inserting (LikelihoodFactory)<default>
Inserting (LikelihoodFactory)<default>
Inserting (LikelihoodFactory)<default>
Inserting (LikelihoodFactory)<default>
Inserting (LikelihoodFactory)<default>
Inserting (LikelihoodFactory)<default>
Inserting (LikelihoodFactory)<default>
Inserting (LikelihoodFactory)<default>
Inserting (LikelihoodFactory)<default>
Inserting (LikelihoodFactory)<default>
Inserting (LikelihoodFactory)<global.C14>
Inserting (Datasets:pileupL)<pileupL>
Debug: LL size 21
 PARAMETER DEFINITIONS:
    NO.   NAME         VALUE      STEP SIZE      LIMITS
     1 default.Bi210   2.00000e+01  1.00000e+00    0.00000e+00  1.00000e+02
     2 default.C11   2.80000e+01  1.00000e+00    0.00000e+00  1.00000e+02
     3 global.C14   3.45600e+06  3.93120e+04    0.00000e+00  3.93120e+06
     4 default.C14_pileup   4.00000e+06  6.00000e+04    0.00000e+00  6.00000e+06
     5 global.Ext_Bi214   5.00000e-01  1.00000e-01    0.00000e+00  1.00000e+01
     6 global.Ext_K40   1.50000e-01  1.00000e-01    0.00000e+00  1.00000e+01
     7 global.Ext_Tl208   1.90000e+00  1.00000e-01    0.00000e+00  1.00000e+01
     8 default.Kr85   5.00000e+00  3.00000e-01    0.00000e+00  3.00000e+01
     9 default.Po210   3.00000e+02  2.99999e+01    1.00000e-02  3.00000e+03
    10 default.nu(B8)   4.60000e-01  1.00000e-01    0.00000e+00  1.00000e+01
 **********
 **    1 **FIX          10
 **********
 PARAMETER DEFINITIONS:
    NO.   NAME         VALUE      STEP SIZE      LIMITS
    11 global.nu(Be7)   4.85000e+01  5.00000e-01    2.00000e+01  7.00000e+01
    12 global.nu(CNO)   4.92000e+00  constant
 **********
 **    2 **FIX          12
 **********
 PARAMETER   12  IS CONSTANT.   IGNORED.
 PARAMETER DEFINITIONS:
    NO.   NAME         VALUE      STEP SIZE      LIMITS
    13 global.nu(pep)   2.20000e+00  1.00000e-01    0.00000e+00  1.00000e+01
    14 global.nu(pp)   1.33000e+02  3.00000e+00    0.00000e+00  3.00000e+02
    15 default.MCscalePo210   1.00000e+00  constant
    16 default.MCshiftPo210   0.00000e+00  1.00000e-03   -5.00000e+01  5.00000e+01
    17 default.C10_2   1.10000e+00  1.00000e-01    0.00000e+00  1.00000e+01
    18 default.C11_2   5.00000e+01  2.00000e+00    0.00000e+00  2.00000e+02
    19 global.He6_2   4.00000e-01  2.00000e-01    0.00000e+00  2.00000e+01
    20 default.Po210_2   3.00000e+02  2.99999e+01    1.00000e-02  3.00000e+03
 **********
 **    3 **SET ERRDEF         0.5
 **********
 PARAMETER DEFINITIONS:
    NO.   NAME         VALUE      STEP SIZE      LIMITS
     1 default.Bi210   2.00000e+01  1.00000e+00    0.00000e+00  1.00000e+02
     2 default.C11   2.80000e+01  1.00000e+00    0.00000e+00  1.00000e+02
     3 global.C14   3.45600e+06  3.93120e+04    0.00000e+00  3.93120e+06
     4 default.C14_pileup   4.00000e+06  6.00000e+04    0.00000e+00  6.00000e+06
     5 global.Ext_Bi214   5.00000e-01  1.00000e-01    0.00000e+00  1.00000e+01
     6 global.Ext_K40   1.50000e-01  1.00000e-01    0.00000e+00  1.00000e+01
     7 global.Ext_Tl208   1.90000e+00  1.00000e-01    0.00000e+00  1.00000e+01
     8 default.Kr85   5.00000e+00  3.00000e-01    0.00000e+00  3.00000e+01
     9 default.Po210   3.00000e+02  2.99999e+01    1.00000e-02  3.00000e+03
    10 default.nu(B8)   4.60000e-01  1.00000e-01    0.00000e+00  1.00000e+01
 **********
 **    1 **FIX          10
 **********
 PARAMETER DEFINITIONS:
    NO.   NAME         VALUE      STEP SIZE      LIMITS
    11 global.nu(Be7)   4.85000e+01  5.00000e-01    2.00000e+01  7.00000e+01
    12 global.nu(CNO)   4.92000e+00  constant
 **********
 **    2 **FIX          12
 **********
 PARAMETER   12  IS CONSTANT.   IGNORED.
 PARAMETER DEFINITIONS:
    NO.   NAME         VALUE      STEP SIZE      LIMITS
    13 global.nu(pep)   2.20000e+00  1.00000e-01    0.00000e+00  1.00000e+01
    14 global.nu(pp)   1.33000e+02  3.00000e+00    0.00000e+00  3.00000e+02
    15 default.MCscalePo210   1.00000e+00  constant
    16 default.MCshiftPo210   0.00000e+00  1.00000e-03   -5.00000e+01  5.00000e+01
    17 default.C10_2   1.10000e+00  1.00000e-01    0.00000e+00  1.00000e+01
    18 default.C11_2   5.00000e+01  2.00000e+00    0.00000e+00  2.00000e+02
    19 global.He6_2   4.00000e-01  2.00000e-01    0.00000e+00  2.00000e+01
    20 default.Po210_2   3.00000e+02  2.99999e+01    1.00000e-02  3.00000e+03
 **********
 **    3 **SET ERRDEF         0.5
 **********
 **********
 **    4 **MINIMIZE       2e+04
 **********
 FIRST CALL TO USER FUNCTION AT NEW START POINT, WITH IFLAG=4.
 START MIGRAD MINIMIZATION.  STRATEGY  1.  CONVERGENCE WHEN EDM .LT. 5.00e-05
 FCN=51801.4 FROM MIGRAD    STATUS=INITIATE      107 CALLS         108 TOTAL
                     EDM= unknown      STRATEGY= 1      NO ERROR MATRIX       
  EXT PARAMETER               CURRENT GUESS       STEP         FIRST   
  NO.   NAME      VALUE            ERROR          SIZE      DERIVATIVE 
   1  default.Bi210   2.00000e+01   1.00000e+00   0.00000e+00   1.78841e+03
   2  default.C11   2.80000e+01   1.00000e+00   0.00000e+00   5.43077e+03
   3  global.C14   3.45600e+06   3.93120e+04   0.00000e+00   1.96430e+02
   4  default.C14_pileup   4.00000e+06   6.00000e+04   0.00000e+00   4.72313e+04
   5  global.Ext_Bi214   5.00000e-01   1.00000e-01   0.00000e+00   1.05916e+00
   6  global.Ext_K40   1.50000e-01   1.00000e-01   0.00000e+00   1.35777e+01
   7  global.Ext_Tl208   1.90000e+00   1.00000e-01   0.00000e+00  -1.12576e+02
   8  default.Kr85   5.00000e+00   3.00000e-01   0.00000e+00   5.35041e+02
   9  default.Po210   3.00000e+02   2.99999e+01   0.00000e+00   7.46195e+04
  10  default.nu(B8)   4.60000e-01     fixed    
  11  global.nu(Be7)   4.85000e+01   5.00000e-01   0.00000e+00   1.20268e+03
  12  global.nu(CNO)   4.92000e+00   constant   
  13  global.nu(pep)   2.20000e+00   1.00000e-01   0.00000e+00   2.46811e+02
  14  global.nu(pp)   1.33000e+02   3.00000e+00   0.00000e+00   2.31687e+02
  15  default.MCscalePo210   1.00000e+00   constant   
  16  default.MCshiftPo210   0.00000e+00   1.00000e-03   0.00000e+00   3.62174e+01
  17  default.C10_2   1.10000e+00   1.00000e-01   0.00000e+00   3.80865e+01
  18  default.C11_2   5.00000e+01   2.00000e+00   0.00000e+00  -2.19194e+03
  19  global.He6_2   7.38143e+00   2.00000e-01   1.02206e+00  -7.30557e-01
  20  default.Po210_2   3.00000e+02   2.99999e+01   0.00000e+00   4.18898e+04
                               ERR DEF= 0.5
 MIGRAD MINIMIZATION HAS CONVERGED.
 FCN=5129.29 FROM MIGRAD    STATUS=CONVERGED    1252 CALLS        1253 TOTAL
                     EDM=8.70627e-08    STRATEGY= 1  ERROR MATRIX UNCERTAINTY   3.6 per cent
  EXT PARAMETER                                   STEP         FIRST   
  NO.   NAME      VALUE            ERROR          SIZE      DERIVATIVE 
   1  default.Bi210   1.26631e+01   2.79868e+00  -2.17982e-05   3.61701e-03
   2  default.C11   1.10717e+00   1.44739e-01   1.37380e-06   2.26847e-03
   3  global.C14   3.46723e+06   4.09577e+04  -6.22021e-06  -4.03849e-03
   4  default.C14_pileup   7.42538e+05   1.40955e+04  -6.56930e-06   3.71847e-03
   5  global.Ext_Bi214   3.17850e+00   6.16081e-01  -1.76538e-04   1.94906e-03
   6  global.Ext_K40   1.56371e+00   1.26488e+00  -2.17576e-04   3.23524e-04
   7  global.Ext_Tl208   3.10882e+00   3.15046e-01   1.26935e-04   3.42310e-03
   8  default.Kr85   9.96107e+00   2.64120e+00  -1.14667e-04   1.34869e-03
   9  default.Po210   1.04866e+02   1.02038e+00   1.11521e-06   4.27997e-02
  10  default.nu(B8)   4.60000e-01     fixed    
  11  global.nu(Be7)   4.69279e+01   2.25815e+00  -3.75201e-05  -1.51848e-03
  12  global.nu(CNO)   4.92000e+00   constant   
  13  global.nu(pep)   3.07815e+00   6.75884e-01  -9.63322e-06   1.98351e-04
  14  global.nu(pp)   1.47917e+02   1.84134e+01  -7.17930e-05   3.07949e-04
  15  default.MCscalePo210   1.00000e+00   constant   
  16  default.MCshiftPo210   1.53463e-01   1.12279e-01  -4.83576e-07   1.78196e-03
  17  default.C10_2   6.78441e-01   7.09974e-01   2.33868e-04  -2.80554e-03
  18  default.C11_2   6.91992e+01   1.17074e+00   1.75898e-06  -1.63973e-03
  19  global.He6_2   2.13951e+00   1.70757e+00   1.29014e-04   2.15322e-03
  20  default.Po210_2   1.09135e+02   1.33135e+00   3.44724e-06  -1.34846e-02
                               ERR DEF= 0.5
 EXTERNAL ERROR MATRIX.    NDIM=  25    NPAR= 17    ERR DEF=0.5
 ELEMENTS ABOVE DIAGONAL ARE NOT PRINTED.
  7.851e+00 
  7.334e-02  2.095e-02 
  1.097e+03 -1.882e+02  1.678e+09 
  1.992e+02  1.953e+01 -5.238e+06  1.987e+08 
  9.987e-02 -1.096e-02 -2.920e+01  6.045e+01  3.818e-01 
  4.893e-01 -3.882e-02 -2.439e+02 -1.522e+02 -2.079e-01  1.669e+00 
 -5.935e-02  1.282e-03  2.221e+02 -2.987e+01 -1.178e-01  3.720e-02  9.941e-02 
 -2.527e+00 -2.878e-02  7.701e+03  2.366e+02 -1.003e-01 -1.792e-01  4.878e-02  7.059e+00 
  4.929e-02  2.731e-03 -7.442e+02 -2.555e+02 -7.869e-03  6.131e-03 -5.941e-04 -6.113e-01  1.041e+00 
  3.538e+00  2.019e-02  4.655e+03  2.629e+02 -2.672e-02  9.603e-02  6.102e-03  2.622e+00 -4.249e-02  5.113e+00 
 -1.304e+00 -2.439e-02  8.597e+02 -7.117e+01  3.208e-03 -3.771e-01  5.653e-03  5.183e-01 -1.626e-02 -3.560e-01  4.601e-01 
  4.243e+00  1.420e-02  1.592e+05  3.414e+04 -1.055e-01  4.571e-01 -5.272e-03  1.993e+01 -3.465e+00  8.768e+00 -6.044e-01 
  4.243e+00  1.420e-02  1.592e+05  3.414e+04 -1.055e-01  4.571e-01 -5.272e-03  1.993e+01 -3.465e+00  8.768e+00 -6.044e-01  3.408e+02 
  4.535e-04 -3.767e-04  1.131e+02 -2.046e+01  1.226e-03 -1.789e-03 -6.255e-04  6.986e-02 -7.747e-03  4.777e-02  1.626e-03 
  4.535e-04 -3.767e-04  1.131e+02 -2.046e+01  1.226e-03 -1.789e-03 -6.255e-04  6.986e-02 -7.747e-03  4.777e-02  1.626e-03  2.366e-01  1.261e-02 
 -5.630e-01 -3.265e-03 -2.504e+02 -7.361e+01 -1.606e-01  1.935e-01  9.806e-02  2.011e-01  4.515e-02 -2.431e-01  1.613e-02 
 -5.630e-01 -3.265e-03 -2.504e+02 -7.361e+01 -1.606e-01  1.935e-01  9.806e-02  2.011e-01  4.515e-02 -2.431e-01  1.613e-02 -7.069e-01 -3.459e-03  5.181e-01 
  6.389e-01  1.495e-02  3.503e+02  2.311e+02  1.008e-01 -2.718e-01 -4.003e-02 -2.323e-01 -4.649e-02  2.369e-01 -5.889e-02 
  6.389e-01  1.495e-02  3.503e+02  2.311e+02  1.008e-01 -2.718e-01 -4.003e-02 -2.323e-01 -4.649e-02  2.369e-01 -5.889e-02  6.369e-01  4.825e-03 -4.350e-01  1.371e+00 
 -1.377e+00 -3.200e-03 -6.711e+02 -1.547e+02 -3.468e-01  4.162e-01  1.356e-01  5.523e-01  9.212e-02 -5.069e-01  4.232e-02 
 -1.377e+00 -3.200e-03 -6.711e+02 -1.547e+02 -3.468e-01  4.162e-01  1.356e-01  5.523e-01  9.212e-02 -5.069e-01  4.232e-02 -1.382e+00 -6.522e-03  1.160e+00 -1.162e+00  2.993e+00 
  1.090e-01  3.623e-03 -7.116e+02 -2.101e+02  8.892e-03 -3.099e-02 -7.217e-03 -6.063e-01  1.152e-01 -8.333e-03 -1.895e-02 
  1.090e-01  3.623e-03 -7.116e+02 -2.101e+02  8.892e-03 -3.099e-02 -7.217e-03 -6.063e-01  1.152e-01 -8.333e-03 -1.895e-02 -3.343e+00 -7.403e-03 -5.394e-03  6.086e-03 -3.419e-02  1.772e+00 
 PARAMETER  CORRELATION COEFFICIENTS  
       NO.  GLOBAL      1      2      3      4      5      6      7      8      9     11     13     14     16     17     18     19
        1  0.93841   1.000  0.181  0.010  0.005  0.058  0.135 -0.067 -0.339  0.017  0.558 -0.686  0.082  0.001 -0.279  0.195 -0.284
        2  0.49800   0.181  1.000 -0.032  0.010 -0.123 -0.208  0.028 -0.075  0.018  0.062 -0.248  0.005 -0.023 -0.031  0.088 -0.013
        3  0.22736   0.010 -0.032  1.000 -0.009 -0.001 -0.005  0.017  0.071 -0.018  0.050  0.031  0.211  0.025 -0.008  0.007 -0.009
        4  0.16280   0.005  0.010 -0.009  1.000  0.007 -0.008 -0.007  0.006 -0.018  0.008 -0.007  0.131 -0.013 -0.007  0.014 -0.006
        5  0.71334   0.058 -0.123 -0.001  0.007  1.000 -0.260 -0.605 -0.061 -0.012 -0.019  0.008 -0.009  0.018 -0.361  0.139 -0.324
        6  0.67285   0.135 -0.208 -0.005 -0.008 -0.260  1.000  0.091 -0.052  0.005  0.033 -0.430  0.019 -0.012  0.208 -0.180  0.186
        7  0.77662  -0.067  0.028  0.017 -0.007 -0.605  0.091  1.000  0.058 -0.002  0.009  0.026 -0.001 -0.018  0.432 -0.108  0.249
        8  0.90351  -0.339 -0.075  0.071  0.006 -0.061 -0.052  0.058  1.000 -0.225  0.436  0.288  0.406  0.234  0.105 -0.075  0.120
        9  0.37005   0.017  0.018 -0.018 -0.018 -0.012  0.005 -0.002 -0.225  1.000 -0.018 -0.023 -0.184 -0.068  0.061 -0.039  0.052
       11  0.91138   0.558  0.062  0.050  0.008 -0.019  0.033  0.009  0.436 -0.018  1.000 -0.232  0.210  0.188 -0.149  0.089 -0.130
       13  0.83355  -0.686 -0.248  0.031 -0.007  0.008 -0.430  0.026  0.288 -0.023 -0.232  1.000 -0.048  0.021  0.033 -0.074  0.036
       14  0.59558   0.082  0.005  0.211  0.131 -0.009  0.019 -0.001  0.406 -0.184  0.210 -0.048  1.000  0.114 -0.053  0.029 -0.043
       16  0.26219   0.001 -0.023  0.025 -0.013  0.018 -0.012 -0.018  0.234 -0.068  0.188  0.021  0.114  1.000 -0.043  0.037 -0.034
       17  0.95902  -0.279 -0.031 -0.008 -0.007 -0.361  0.208  0.432  0.105  0.061 -0.149  0.033 -0.053 -0.043  1.000 -0.516  0.931
       18  0.59665   0.195  0.088  0.007  0.014  0.139 -0.180 -0.108 -0.075 -0.039  0.089 -0.074  0.029  0.037 -0.516  1.000 -0.574
       19  0.95709  -0.284 -0.013 -0.009 -0.006 -0.324  0.186  0.249  0.120  0.052 -0.130  0.036 -0.043 -0.034  0.931 -0.574  1.000
       20  0.27438   0.029  0.019 -0.013 -0.011  0.011 -0.018 -0.017 -0.171  0.085 -0.003 -0.021 -0.136 -0.050 -0.006  0.004 -0.015
                     1.000
 **********
 **    5 **HESSE
 **********
 COVARIANCE MATRIX CALCULATED SUCCESSFULLY
 FCN=5129.29 FROM HESSE     STATUS=OK            233 CALLS        1486 TOTAL
                     EDM=1.39163e-07    STRATEGY= 1      ERROR MATRIX ACCURATE 
  EXT PARAMETER                                INTERNAL      INTERNAL  
  NO.   NAME      VALUE            ERROR       STEP SIZE       VALUE   
   1  default.Bi210   1.26631e+01   2.84688e+00   1.44783e-03  -8.43144e-01
   2  default.C11   1.10717e+00   1.42008e-01   5.86170e-04  -1.35996e+00
   3  global.C14   3.46723e+06   4.03791e+04   1.53782e-03   8.69419e-01
   4  default.C14_pileup   7.42538e+05   1.41433e+04   3.49332e-04  -8.51830e-01
   5  global.Ext_Bi214   3.17850e+00   6.17682e-01   4.63588e-03  -3.72880e-01
   6  global.Ext_K40   1.56371e+00   1.26230e+00   1.31728e-02  -7.57708e-01
   7  global.Ext_Tl208   3.10882e+00   3.12322e-01   2.35793e-03  -3.87891e-01
   8  default.Kr85   9.96107e+00   2.56677e+00   3.93317e-03  -3.42591e-01
   9  default.Po210   1.04866e+02   1.02374e+00   8.59560e-05  -1.19467e+00
  10  default.nu(B8)   4.60000e-01     fixed    
  11  global.nu(Be7)   4.69279e+01   2.26130e+00   1.88364e-03  -3.21879e+00
  12  global.nu(CNO)   4.92000e+00   constant   
  13  global.nu(pep)   3.07815e+00   6.63502e-01   3.93223e-03  -3.94525e-01
  14  global.nu(pp)   1.47917e+02   1.84361e+01   4.90826e-03  -3.12771e+00
  15  default.MCscalePo210   1.00000e+00   constant   
  16  default.MCshiftPo210   1.53463e-01   1.31770e-01   1.26974e-04   3.06927e-03
  17  default.C10_2   6.78441e-01   8.67059e-01   5.30425e-03  -2.09781e+00
  18  default.C11_2   6.91992e+01   1.23639e+00   4.98665e-04  -3.13099e-01
  19  global.He6_2   2.13951e+00   1.90479e+00   4.56971e-03  -9.04392e-01
  20  default.Po210_2   1.09135e+02   1.33895e+00   1.13328e-04  -1.18700e+00
                               ERR DEF= 0.5
 EXTERNAL ERROR MATRIX.    NDIM=  25    NPAR= 17    ERR DEF=0.5
 ELEMENTS ABOVE DIAGONAL ARE NOT PRINTED.
  8.125e+00 
  6.614e-02  2.017e-02 
  1.040e+03  5.476e+00  1.631e+09 
 -7.175e+01  3.470e-01 -3.333e+06  2.000e+08 
  8.436e-02 -1.239e-02  1.017e+01 -9.356e-02  3.838e-01 
  6.114e-01 -4.080e-02  7.595e+01  4.608e+00 -2.080e-01  1.662e+00 
 -3.854e-02  1.856e-03 -4.307e+00 -3.331e-02 -1.161e-01  3.693e-02  9.769e-02 
 -2.538e+00 -2.599e-02  5.285e+03  1.224e+02 -4.409e-02 -2.379e-01  1.918e-02  6.662e+00 
  8.250e-02  9.091e-04 -9.142e+02 -2.092e+02 -2.717e-03  9.485e-03  9.004e-04 -5.956e-01  1.048e+00 
  3.662e+00  1.944e-02  2.353e+03  8.078e+01  2.091e-02  9.047e-02 -8.930e-03  2.458e+00 -1.447e-02  5.128e+00 
 -1.334e+00 -1.980e-02 -1.397e+02 -1.316e+01  9.617e-03 -3.807e-01  2.926e-04  5.038e-01 -1.568e-02 -3.917e-01  4.433e-01 
  4.523e+00  2.611e-02  1.530e+05  3.403e+04  3.723e-02  3.738e-01 -1.617e-02  1.934e+01 -3.458e+00  8.892e+00 -6.524e-01 
  4.523e+00  2.611e-02  1.530e+05  3.403e+04  3.723e-02  3.738e-01 -1.617e-02  1.934e+01 -3.458e+00  8.892e+00 -6.524e-01  3.416e+02 
  2.182e-02  1.150e-04  6.535e+01 -3.361e+00  1.149e-04  7.890e-04 -5.017e-05  6.274e-02 -7.065e-03  5.369e-02 -2.454e-03 
  2.182e-02  1.150e-04  6.535e+01 -3.361e+00  1.149e-04  7.890e-04 -5.017e-05  6.274e-02 -7.065e-03  5.369e-02 -2.454e-03  2.470e-01  1.736e-02 
 -6.966e-01  1.342e-03 -6.791e+01 -1.434e+00 -1.171e-01  4.503e-02  7.700e-02  3.409e-01  1.426e-02 -1.546e-01  3.701e-02 
 -6.966e-01  1.342e-03 -6.791e+01 -1.434e+00 -1.171e-01  4.503e-02  7.700e-02  3.409e-01  1.426e-02 -1.546e-01  3.701e-02 -3.359e-01 -9.920e-04  7.836e-01 
  7.521e-01  8.741e-03  6.790e+01  1.447e+00  7.306e-02 -1.288e-01 -2.871e-02 -3.675e-01 -1.168e-02  1.538e-01 -8.486e-02 
  7.521e-01  8.741e-03  6.790e+01  1.447e+00  7.306e-02 -1.288e-01 -2.871e-02 -3.675e-01 -1.168e-02  1.538e-01 -8.486e-02  3.414e-01  9.914e-04 -6.223e-01  1.529e+00 
 -1.618e+00  5.164e-03 -1.576e+02 -3.287e+00 -2.690e-01  1.388e-01  9.712e-02  7.924e-01  3.325e-02 -3.591e-01  8.423e-02 
 -1.618e+00  5.164e-03 -1.576e+02 -3.287e+00 -2.690e-01  1.388e-01  9.712e-02  7.924e-01  3.325e-02 -3.591e-01  8.423e-02 -7.813e-01 -2.305e-03  1.610e+00 -1.476e+00  3.749e+00 
  1.486e-01  7.087e-04 -9.136e+02 -2.099e+02  8.157e-03  3.701e-03 -3.022e-03 -6.304e-01  1.307e-01  1.516e-03 -1.910e-02 
  1.486e-01  7.087e-04 -9.136e+02 -2.099e+02  8.157e-03  3.701e-03 -3.022e-03 -6.304e-01  1.307e-01  1.516e-03 -1.910e-02 -3.449e+00 -6.893e-03 -5.078e-02  4.796e-02 -1.182e-01  1.793e+00 
 PARAMETER  CORRELATION COEFFICIENTS  
       NO.  GLOBAL      1      2      3      4      5      6      7      8      9     11     13     14     16     17     18     19
        1  0.93986   1.000  0.163  0.009 -0.002  0.048  0.166 -0.043 -0.345  0.028  0.567 -0.703  0.086  0.058 -0.276  0.213 -0.293
        2  0.48723   0.163  1.000  0.001  0.000 -0.141 -0.223  0.042 -0.071  0.006  0.060 -0.209  0.010  0.006  0.011  0.050  0.019
        3  0.21550   0.009  0.001  1.000 -0.006  0.000  0.001 -0.000  0.051 -0.022  0.026 -0.005  0.205  0.012 -0.002  0.001 -0.002
        4  0.16232  -0.002  0.000 -0.006  1.000 -0.000  0.000 -0.000  0.003 -0.014  0.003 -0.001  0.130 -0.002 -0.000  0.000 -0.000
        5  0.70964   0.048 -0.141  0.000 -0.000  1.000 -0.260 -0.599 -0.028 -0.004  0.015  0.023  0.003  0.001 -0.214  0.095 -0.224
        6  0.66079   0.166 -0.223  0.001  0.000 -0.260  1.000  0.092 -0.071  0.007  0.031 -0.444  0.016  0.005  0.039 -0.081  0.056
        7  0.70820  -0.043  0.042 -0.000 -0.000 -0.599  0.092  1.000  0.024  0.003 -0.013  0.001 -0.003 -0.001  0.278 -0.074  0.160
        8  0.90028  -0.345 -0.071  0.051  0.003 -0.028 -0.071  0.024  1.000 -0.225  0.420  0.293  0.405  0.184  0.149 -0.115  0.159
        9  0.35368   0.028  0.006 -0.022 -0.014 -0.004  0.007  0.003 -0.225  1.000 -0.006 -0.023 -0.183 -0.052  0.016 -0.009  0.017
       11  0.90788   0.567  0.060  0.026  0.003  0.015  0.031 -0.013  0.420 -0.006  1.000 -0.260  0.212  0.180 -0.077  0.055 -0.082
       13  0.83438  -0.703 -0.209 -0.005 -0.001  0.023 -0.444  0.001  0.293 -0.023 -0.260  1.000 -0.053 -0.028  0.063 -0.103  0.065
       14  0.59283   0.086  0.010  0.205  0.130  0.003  0.016 -0.003  0.405 -0.183  0.212 -0.053  1.000  0.101 -0.021  0.015 -0.022
       16  0.22590   0.058  0.006  0.012 -0.002  0.001  0.005 -0.001  0.184 -0.052  0.180 -0.028  0.101  1.000 -0.009  0.006 -0.009
       17  0.95242  -0.276  0.011 -0.002 -0.000 -0.214  0.039  0.278  0.149  0.016 -0.077  0.063 -0.021 -0.009  1.000 -0.569  0.939
       18  0.63095   0.213  0.050  0.001  0.000  0.095 -0.081 -0.074 -0.115 -0.009  0.055 -0.103  0.015  0.006 -0.569  1.000 -0.617
       19  0.95552  -0.293  0.019 -0.002 -0.000 -0.224  0.056  0.160  0.159  0.017 -0.082  0.065 -0.022 -0.009  0.939 -0.617  1.000
       20  0.27585   0.039  0.004 -0.017 -0.011  0.010  0.002 -0.007 -0.182  0.095  0.001 -0.021 -0.139 -0.039 -0.043  0.029 -0.046
                     1.000
Wallclock time  : 25.551 seconds.
CPU time: 0.002555
Total CPU time: 0.002555
Processor time: 0.002219

FIT PARAMETERS
 ^{210}Bi = 12.7 #pm 2.8 
 ^{11}C = 1.11 #pm 0.14 
 ^{14}C = 3467228.1 #pm 40379.1  [p] 3499200.0 #pm 43200.0
 ^{14}C pileup = 742538.3 #pm 14143.3 
 Ext ^{214}Bi = 3.18 #pm 0.62 
 Ext ^{40}K = 1.6 #pm 1.3 
 Ext ^{208}Tl = 3.11 #pm 0.31 
 ^{85}Kr = 10.0 #pm 2.6 
 ^{210}Po = 104.9 #pm 1.0 
 #nu(^{8}B) = 0.46  [Fixed]
 #nu(^{7}Be) = 46.9 #pm 2.3 
 #nu(CNO) = 4.92  [Fixed]
 #nu(pep) = 3.08 #pm 0.66 
 #nu(pp) = 147.9 #pm 18.4 
 ^{210}MCscalePo = 1  [Fixed]
 ^{210}MCshiftPo = 0.15 #pm 0.13 
 ^{10}C 2 = 0.68 #pm 0.87 
 ^{11}C 2 = 69.2 #pm 1.2 
 ^{6}He 2 = 2.1 #pm 1.9 
 ^{210}Po 2 = 109.1 #pm 1.3 

 chi^2                             = 1353.0
 chi^2/N-DOF                       = 0.9462
 p-value                           = 0.927
 Minimized -2Ln(Likelihood)        = 10258.59
 Likelihood p-value                = 0.310 ± 0.046
SimplePlotManager::groupByName <default.Major> appedned to <default>
SimplePlotManager::groupByName <default.TFCtagged> appedned to <default>
