[GPUManager]() registered
regV registering [npe] as [0x2a5e180]
regV registering [npe_short] as [0x2a5e2b0]
regV registering [Po218:peak] as [6002]
regV registering [Rn222:peak] as [5490]
regV registering [Po210:peak] as [5305]
Loaded path: </p/project/cjikp20/jikp2013/bx-GooStats-dingxf_dev/bx-GooStats/data>
RawSpectrumProvider::registerSpecies Register [nu(pep)]
RawSpectrumProvider::registerSpecies Register [nu(Be7)_sunT]
RawSpectrumProvider::registerSpecies Register [nu(Be7)_nosunT]
RawSpectrumProvider::registerSpecies Register [nu(CNO)]
RawSpectrumProvider::registerSpecies Register [nu(pp)_oleg]
RawSpectrumProvider::registerSpecies Register [nu(pp)_aldo]
RawSpectrumProvider::registerSpecies Register [nu(pp)]
RawSpectrumProvider::registerSpecies Register [nu(B8)]
RawSpectrumProvider::registerSpecies Register [C14_universal]
Warning: c14_shape_factor is taken as 1.24
RawSpectrumProvider::registerSpecies Register [C14]
RawSpectrumProvider::registerSpecies Register [C11]
RawSpectrumProvider::registerSpecies Register [C10]
RawSpectrumProvider::registerSpecies Register [Kr85]
RawSpectrumProvider::registerSpecies Register [B12]
RawSpectrumProvider::registerSpecies Register [He6]
RawSpectrumProvider::registerSpecies Register [Pa234m]
RawSpectrumProvider::registerSpecies Register [K40]
RawSpectrumProvider::registerSpecies Register [La138]
RawSpectrumProvider::registerSpecies Register [Bi210_mach4]
RawSpectrumProvider::registerSpecies Register [Bi210_oleg]
RawSpectrumProvider::registerSpecies Register [Bi210_aldo]
RawSpectrumProvider::registerSpecies Register [Bi210_daniel]
RawSpectrumProvider::registerSpecies Register [Bi210_flothmann]
RawSpectrumProvider::registerSpecies Register [Bi210_grau]
RawSpectrumProvider::registerSpecies Register [Pb214_KM]
RawSpectrumProvider::registerSpecies Register [Pb214_aldo_1]
RawSpectrumProvider::registerSpecies Register [Pb214_aldo_2]
RawSpectrumProvider::registerSpecies Register [Pb214_aldo_3]
RawSpectrumProvider::registerSpecies Register [Pb214_aldo_4]
RawSpectrumProvider::registerSpecies Register [Pb214_aldo_5]
RawSpectrumProvider::registerSpecies Register [Pb214_aldo_6]
RawSpectrumProvider::registerSpecies Register [Pb214_aldo_7]
RawSpectrumProvider::registerSpecies Register [Ext_Tl208]
RawSpectrumProvider::registerSpecies Register [Ext_Bi214]
RawSpectrumProvider::registerSpecies Register [Ext_K40]
RawSpectrumProvider::registerSpecies Register [U238_chain]
RawSpectrumProvider::registerSpecies Register [Th232_chain]
RawSpectrumProvider::registerSpecies Register [C14_pileup]
[InputManager]() registered
[PrepareData]() registered
[SimpleFit]() registered
[CNOTest]() registered
[HMLMTest]() registered
[ScanPar]() registered
[CorrelationManager]() registered
[ContourManager]() registered
[OutputManager]() registered
Checking GPU [0]/[1]
Running on [Tesla K80] with compute capability of 3.7
Warning: BatchOutputManager not set, default are used.
LOG: Getting data from file input_files/Period2015_FVpep_TFCMI_c19.root
Searching final_nhits_pp_0 in pp
LOG: fitting histogram final_nhits_pp_0
WARNING: chain_counts_cum not TH1D, trying other TH1
WARNING: No chain_counts_cum in input directory, trying in the main directory of the file
chain_counts_cum: mean 23.242
[default] adopt [global] as its parent.
Inserting period [default,input_files/Period2015_FVpep_TFCMI_c19.root,pp/final_nhits_pp_0,fitoptions/fitoptions_gpu-mv-2015-pdfs_TAUP2017-nhits-emin92_Po210-shift.cfg,species_list/species-fit-gpu-mvCNO-hm.icc]
ARG[1] <icc> = [species_list/species-fit-gpu-mvCNO-hm.icc]
InputManager::registerConfigset(default)
Loading from <fitoptions/fitoptions_gpu-mv-2015-pdfs_TAUP2017-nhits-emin92_Po210-shift.cfg>
h_n_used_pmts: mean 1454.92
h_n_used_pmts_weighted: mean 1458.17
h_n_used_pmts0: mean 1455.48
h_n_used_pmts_weighted0: mean 1458.8
h_n_used_pmts1: mean 1454.03
h_n_used_pmts_weighted1: mean 1457.2
option <n_used_charge_histo_name> not set, default value [h_n_used_charge] used
h_n_used_charge: mean 1450.98
option <n_used_charge_po210_histo_name> not set, default value [h_n_used_charge_weighted] used
h_n_used_charge_weighted: mean 1453.99
feq_inv: mean 1.37496
Mask [mask_2] from [h_n_used_pmts] Mean <999.502> RMS <576.953>
Mask [mask_3] from [h_n_used_pmts_weighted] Mean <999.502> RMS <576.954>
Mask [mask_4] from [h_n_used_pmts0] Mean <999.502> RMS <576.954>
Mask [mask_5] from [h_n_used_pmts_weighted0] Mean <999.502> RMS <576.954>
Mask [mask_6] from [h_n_used_pmts1] Mean <999.502> RMS <576.953>
Mask [mask_7] from [h_n_used_pmts_weighted1] Mean <999.502> RMS <576.954>
*********Dump options parsed*********************************
MC_ext_bkg => <true>
alpha_response_function => <scaled_poisson>
alpha_subtracted => <false>
apply_radiochemical_constraints => <false>
applying_mask => <true>
beta_response_function => <scaled_poisson>
bi210_spectrum => <aldo>
c11_quenching_fixed => <false>
c11_subtracted => <true>
complementary_histo_fit => <true>
complementary_histo_name => <pp/final_nhits_pp_1>
convolve_dark_noise => <false>
dark_noise_window => <win1>
fit_results_output => <fit_results.root>
fit_variable => <nhits>
fit_variable_MC => <nhits>
freeMCshiftPo210 => <true>
geometric_correction_on => <false>
icc => <species_list/species-fit-gpu-mvCNO-hm.icc>
ly_fixed => <false>
meantime_cut => <no>
minimization_method => <likelihood>
minimization_routine => <minuit>
montecarlo_interpolation => <off>
montecarlo_spectra_file => <pdfs_TAUP2017/MCspectra_pp_FVpep_2015_emin1_masked.root>
multivariate_ps_fit => <true>
multivariate_rdist_fit => <true>
n_used_pmts_histo_name => <h_n_used_pmts>
n_used_pmts_po210_histo_name => <h_n_used_pmts_weighted>
n_used_pmts_po210_tfc0_histo_name => <h_n_used_pmts_weighted0>
n_used_pmts_po210_tfc1_histo_name => <h_n_used_pmts_weighted1>
n_used_pmts_tfc0_histo_name => <h_n_used_pmts0>
n_used_pmts_tfc1_histo_name => <h_n_used_pmts1>
neutrino_magnetic_moment => <no>
no_lead_cut => <no>
norm_variable => <true>
npe_offset_fixed => <true>
pb214_spectrum => <aldo>
pileup_eff_ly_fixed => <true>
plot_filename => <plot.root>
po210_quenching_fixed => <false>
quenching_parameterization => <echidna>
save_fit_results => <false>
scale_poisson => <true>
show_only_c14_c14 => <false>
spectra_pdfs => <montecarlo>
synthpup_file => <P91011_Synthetic_Spectra.root>
synthpup_hist => <h_synth_spec_5_dt1>
use_alpha_response_function => <false>
use_remaining_pb214 => <false>
weighted_response => <false>
alpha_resolution_0_guess => float: [1.2]
alpha_resolution_0_max => float: [20]
alpha_resolution_0_min => float: [0]
alpha_resolution_1_guess => float: [0]
alpha_resolution_1_max => float: [0]
alpha_resolution_1_min => float: [0]
alpha_resolution_2_guess => float: [0]
alpha_resolution_2_max => float: [0]
alpha_resolution_2_min => float: [0]
beta_resolution_0_guess => float: [3]
beta_resolution_0_max => float: [20]
beta_resolution_0_min => float: [0]
beta_resolution_1_guess => float: [3]
beta_resolution_1_max => float: [20]
beta_resolution_1_min => float: [0]
beta_resolution_2_guess => float: [7]
beta_resolution_2_max => float: [7]
beta_resolution_2_min => float: [7]
beta_resolution_3_guess => float: [2]
beta_resolution_3_max => float: [10]
beta_resolution_3_min => float: [0]
beta_resolution_4_guess => float: [0]
beta_resolution_4_max => float: [0]
beta_resolution_4_min => float: [0]
beta_resolution_5_guess => float: [0]
beta_resolution_5_max => float: [0]
beta_resolution_5_min => float: [0]
c11_quenching => float: [0.8828]
c14_shape_factor => float: [1.24]
c14_threshold => float: [100]
dark_noise_threshold => float: [100]
ext_bckgd_eff_ly => float: [1.0228]
fCher => float: [2]
fit_verbosity => float: [0]
geometric_correction => float: [0.112]
histogram_binwidth => float: [1]
kb => float: [0.0109]
ly_guess => float: [0.49]
maximum_energy => float: [950]
meantime_cut_correction_c1 => float: [0.974]
meantime_cut_correction_c2 => float: [-0.00211]
minimum_energy => float: [92]
multivariate_ps_fit_bins => float: [1]
multivariate_ps_fit_max => float: [650]
multivariate_ps_fit_min => float: [400]
multivariate_ps_fit_smooth => float: [0]
multivariate_rdist_fit_bins => float: [16]
multivariate_rdist_fit_max => float: [900]
multivariate_rdist_fit_min => float: [500]
multivariate_rdist_fit_smooth => float: [0]
npe_offset => float: [0]
number_of_bins_for_weighted_response => float: [10]
pileup_eff_ly => float: [0.935]
pileup_penalty_max => float: [120]
pileup_penalty_mean => float: [2.1]
pileup_penalty_min => float: [100]
pileup_penalty_sigma => float: [0.04]
po210_quenching => float: [0.07879]
poisson_factor => float: [15]
poisson_threshold => float: [100]
ser_under_threshold => float: [0.12]
sys_errors_scale => float: [0]
unequalization_factor => float: [1]
*************************************************************
Inserting Constant name [compute_likelihood_p_value] value [0]
regV registering [compute_likelihood_p_value] as [0]
Inserting [C11_qch] to [global]
Inserting [Po210_qch] to [default]
Inserting [extly_qch] to [global]
Linking [Ext_Tl208_qch] with [extly_qch] in [global]
Linking [Ext_Bi214_qch] with [extly_qch] in [global]
Linking [Ext_K40_qch] with [extly_qch] in [global]
Inserting [Po218_qch] to [global]
Inserting [Rn222_qch] to [global]
Inserting [C10_qch] to [global]
Bad programming style of using const_cast!!!
regV registering [NL] as [0x7ffe0f6cb0b0]
Inserting [beta_ly] to [default]
858
Inserting [beta_resolution_0] to [global]
Inserting [beta_resolution_1] to [global]
Inserting [beta_resolution_2] to [global]
Inserting [beta_resolution_3] to [global]
Inserting [beta_resolution_4] to [global]
Inserting [beta_resolution_5] to [global]
Inserting [alpha_resolution_0] to [default]
Inserting [alpha_resolution_1] to [default]
Inserting [alpha_resolution_2] to [default]
Inserting [alpha_resolution_3] to [default]
Inserting [alpha_resolution_4] to [default]
Inserting [alpha_resolution_5] to [default]
Inserting [mlp_correction_0] to [default]
Inserting [mlp_correction_1] to [default]
Inserting [mlp_correction_2] to [default]
Inserting [mlp_correction_3] to [default]
Integral: 11.6405, sum = 1.17605e+06, endpoint = 671.809
Integral: 76.3209, sum = 1.81556e+07, endpoint = 264.064
RawSpectrumProvider::registerSpecies Register [nu(Be7+munu)]
RawSpectrumProvider::registerSpecies Register [nu(pp+munu)]
RawSpectrumProvider::registerSpecies Register [Bi210]
RawSpectrumProvider::registerSpecies Register [nu(Be7)]
feq: 1.37464 feq_po: 1.37158
Inserting [default] to default feq: 1.37464 0
Inserting [Po210] to default feq: 1.37158 0
Dumping pre-created rates:
INFO: loading species from file species_list/species-fit-gpu-mvCNO-hm.icc
Inserting [Bi210] to [default]
Inserting [C10_2] to [default]
Inserting [C11] to [default]
Inserting [C11_2] to [default]
Inserting [C14] to [global]
Inserting [C14_pileup] to [default]
Inserting [Ext_Bi214] to [global]
Inserting [Ext_K40] to [global]
Inserting [Ext_Tl208] to [global]
Inserting [He6_2] to [global]
Inserting [Kr85] to [default]
Inserting [Po210] to [default]
Inserting [Po210_2] to [default]
Inserting [nu(B8)] to [default]
Inserting [nu(Be7)] to [global]
Inserting [nu(CNO)] to [global]
Inserting [nu(pep)] to [global]
Inserting [nu(pp)] to [global]
 [global] : (C10_qch, global.C10_qch) 
 [global] : (C11_qch, global.C11_qch) 
 [global] : (C14, global.C14) 
 [global] : (Ext_Bi214, global.Ext_Bi214) 
 [global] : (Ext_Bi214_qch, global.extly_qch) 
 [global] : (Ext_K40, global.Ext_K40) 
 [global] : (Ext_K40_qch, global.extly_qch) 
 [global] : (Ext_Tl208, global.Ext_Tl208) 
 [global] : (Ext_Tl208_qch, global.extly_qch) 
 [global] : (He6_2, global.He6_2) 
 [global] : (Po218_qch, global.Po218_qch) 
 [global] : (Rn222_qch, global.Rn222_qch) 
 [global] : (beta_resolution_0, global.beta_resolution_0) 
 [global] : (beta_resolution_1, global.beta_resolution_1) 
 [global] : (beta_resolution_2, global.beta_resolution_2) 
 [global] : (beta_resolution_3, global.beta_resolution_3) 
 [global] : (beta_resolution_4, global.beta_resolution_4) 
 [global] : (beta_resolution_5, global.beta_resolution_5) 
 [global] : (extly_qch, global.extly_qch) 
 [global] : (nu(Be7), global.nu(Be7)) 
 [global] : (nu(CNO), global.nu(CNO)) 
 [global] : (nu(pep), global.nu(pep)) 
 [global] : (nu(pp), global.nu(pp)) 
default>-- [default] : (Bi210, default.Bi210) 
default>-- [default] : (C10_2, default.C10_2) 
default>-- [default] : (C11, default.C11) 
default>-- [default] : (C11_2, default.C11_2) 
default>-- [default] : (C14_pileup, default.C14_pileup) 
default>-- [default] : (Kr85, default.Kr85) 
default>-- [default] : (Po210, default.Po210) 
default>-- [default] : (Po210_2, default.Po210_2) 
default>-- [default] : (Po210_qch, default.Po210_qch) 
default>-- [default] : (alpha_resolution_0, default.alpha_resolution_0) 
default>-- [default] : (alpha_resolution_1, default.alpha_resolution_1) 
default>-- [default] : (alpha_resolution_2, default.alpha_resolution_2) 
default>-- [default] : (alpha_resolution_3, default.alpha_resolution_3) 
default>-- [default] : (alpha_resolution_4, default.alpha_resolution_4) 
default>-- [default] : (alpha_resolution_5, default.alpha_resolution_5) 
default>-- [default] : (beta_ly, default.beta_ly) 
default>-- [default] : (mlp_correction_0, default.mlp_correction_0) 
default>-- [default] : (mlp_correction_1, default.mlp_correction_1) 
default>-- [default] : (mlp_correction_2, default.mlp_correction_2) 
default>-- [default] : (mlp_correction_3, default.mlp_correction_3) 
default>-- [default] : (nu(B8), default.nu(B8)) 
InputManager::registerDataset(default.Major)
InputManager::registerDataset(default.TFCtagged)
InputManager::registerDataset(pileupL)
Inserting period full [default.Major]
Inserting period full [default.TFCtagged]
Inserting period full [pileupL]
Livetime: 180.907 days (c11 subtracted)
computing mass from input_files/Period2015_FVpep_TFCMI_c19.root
Mass: 71.3 tons
Inserting [default.Major] exposure : [12898.7 (day x tons)]
computing mass from input_files/Period2015_FVpep_TFCMI_c19.root
Inserting [default.TFCtagged] exposure : [8145.44 (day x tons)]
Inserting type [remaining_pb214] name [default] value [0.0106785]
Remaining Pb214 [default] : 0.0106785 cpd/100 tons
WARNING: pp/final_nhits_pp_1 not TH1D, trying other TH1
WARNING: No pp/final_nhits_pp_1 in input directory, trying in the main directory of the file
pp/final_nhits_pp_1: mean 51.8507
WARNING: the spectrum of [Major] had not Sumw2 set. Setting it now.
WARNING: the spectrum of [TFCtagged] had not Sumw2 set. Setting it now.
Inserting [default.Major] data set
Inserting [default.TFCtagged] data set
INFO: loading species from file species_list/species-fit-gpu-mvCNO-hm.icc
Loading [Bi210] from [pdfs_TAUP2017/MCspectra_pp_FVpep_2015_emin1_masked.root/bi210_nhits]
bad programing style, const_cast!!
creating MC species [Bi210] in [default]
Warning: quenching [Bi210_qch] not found in [default].
[Bi210] loaded for [default]
Inserting species (Bi210)[Bi210] to [default.Major] 
Inserting species (Bi210)[Bi210] to [default.TFCtagged] 
Loading [C10] from [pdfs_TAUP2017/MCspectra_pp_FVpep_2015_emin1_masked.root/c10_nhits]
bad programing style, const_cast!!
creating MC species [C10] in [default]
[C10] loaded for [default]
Inserting species (C10_2)[C10] to [default.TFCtagged] 
Loading [C11] from [pdfs_TAUP2017/MCspectra_pp_FVpep_2015_emin1_masked.root/c11_nhits]
bad programing style, const_cast!!
creating MC species [C11] in [default]
[C11] loaded for [default]
Inserting species (C11)[C11] to [default.Major] 
creating MC species [C11] in [default]
[C11] loaded for [default]
Inserting species (C11_2)[C11] to [default.TFCtagged] 
Loading [C14] from [pdfs_TAUP2017/MCspectra_pp_FVpep_2015_emin1_masked.root/c14_nhits]
bad programing style, const_cast!!
creating MC species [C14] in [default]
Warning: quenching [C14_qch] not found in [default].
[C14] loaded for [default]
Inserting species (C14)[C14] to [default.Major] 
Inserting species (C14)[C14] to [default.TFCtagged] 
Loading [C14_pileup] from [pdfs_TAUP2017/MCspectra_pp_FVpep_2015_emin1_masked.root/MC_pileup_nhits]
bad programing style, const_cast!!
creating MC species [C14_pileup] in [default]
Warning: quenching [C14_pileup_qch] not found in [default].
[C14_pileup] loaded for [default]
Inserting species (C14_pileup)[C14_pileup] to [default.Major] 
Inserting species (C14_pileup)[C14_pileup] to [default.TFCtagged] 
Loading [Ext_Bi214] from [pdfs_TAUP2017/MCspectra_pp_FVpep_2015_emin1_masked.root/ext_bi214_nhits]
bad programing style, const_cast!!
creating MC species [Ext_Bi214] in [default]
[Ext_Bi214] loaded for [default]
Inserting species (Ext_Bi214)[Ext_Bi214] to [default.Major] 
Inserting species (Ext_Bi214)[Ext_Bi214] to [default.TFCtagged] 
Loading [Ext_K40] from [pdfs_TAUP2017/MCspectra_pp_FVpep_2015_emin1_masked.root/ext_k40_nhits]
bad programing style, const_cast!!
creating MC species [Ext_K40] in [default]
[Ext_K40] loaded for [default]
Inserting species (Ext_K40)[Ext_K40] to [default.Major] 
Inserting species (Ext_K40)[Ext_K40] to [default.TFCtagged] 
Loading [Ext_Tl208] from [pdfs_TAUP2017/MCspectra_pp_FVpep_2015_emin1_masked.root/ext_tl208_nhits]
bad programing style, const_cast!!
creating MC species [Ext_Tl208] in [default]
[Ext_Tl208] loaded for [default]
Inserting species (Ext_Tl208)[Ext_Tl208] to [default.Major] 
Inserting species (Ext_Tl208)[Ext_Tl208] to [default.TFCtagged] 
Loading [He6] from [pdfs_TAUP2017/MCspectra_pp_FVpep_2015_emin1_masked.root/he6_nhits]
bad programing style, const_cast!!
creating MC species [He6] in [default]
Warning: quenching [He6_qch] not found in [default].
[He6] loaded for [default]
Inserting species (He6_2)[He6] to [default.TFCtagged] 
Loading [Kr85] from [pdfs_TAUP2017/MCspectra_pp_FVpep_2015_emin1_masked.root/kr85_nhits]
bad programing style, const_cast!!
creating MC species [Kr85] in [default]
Warning: quenching [Kr85_qch] not found in [default].
[Kr85] loaded for [default]
Inserting species (Kr85)[Kr85] to [default.Major] 
Inserting species (Kr85)[Kr85] to [default.TFCtagged] 
Loading [Po210] from [pdfs_TAUP2017/MCspectra_pp_FVpep_2015_emin1_masked.root/po210_nhits]
bad programing style, const_cast!!
creating MC species [Po210] in [default]
bad programming! const_cast used!
Inserting [MCscalePo210] to [default]
Inserting [MCshiftPo210] to [default]
[Po210] loaded for [default]
Inserting species (Po210)[Po210] to [default.Major] 
creating MC species [Po210] in [default]
bad programming! const_cast used!
[Po210] loaded for [default]
Inserting species (Po210_2)[Po210] to [default.TFCtagged] 
Loading [nu(B8)] from [pdfs_TAUP2017/MCspectra_pp_FVpep_2015_emin1_masked.root/b8_nhits]
bad programing style, const_cast!!
creating MC species [nu(B8)] in [default]
Warning: quenching [nu(B8)_qch] not found in [default].
[nu(B8)] loaded for [default]
Inserting species (nu(B8))[nu(B8)] to [default.Major] 
Inserting species (nu(B8))[nu(B8)] to [default.TFCtagged] 
Loading [nu(Be7)] from [pdfs_TAUP2017/MCspectra_pp_FVpep_2015_emin1_masked.root/be7_nhits]
bad programing style, const_cast!!
creating MC species [nu(Be7)] in [default]
Warning: quenching [nu(Be7)_qch] not found in [default].
[nu(Be7)] loaded for [default]
Inserting species (nu(Be7))[nu(Be7)] to [default.Major] 
Inserting species (nu(Be7))[nu(Be7)] to [default.TFCtagged] 
Loading [nu(CNO)] from [pdfs_TAUP2017/MCspectra_pp_FVpep_2015_emin1_masked.root/cno_nhits]
bad programing style, const_cast!!
creating MC species [nu(CNO)] in [default]
Warning: quenching [nu(CNO)_qch] not found in [default].
[nu(CNO)] loaded for [default]
Inserting species (nu(CNO))[nu(CNO)] to [default.Major] 
Inserting species (nu(CNO))[nu(CNO)] to [default.TFCtagged] 
Loading [nu(pep)] from [pdfs_TAUP2017/MCspectra_pp_FVpep_2015_emin1_masked.root/pep_nhits]
bad programing style, const_cast!!
creating MC species [nu(pep)] in [default]
Warning: quenching [nu(pep)_qch] not found in [default].
[nu(pep)] loaded for [default]
Inserting species (nu(pep))[nu(pep)] to [default.Major] 
Inserting species (nu(pep))[nu(pep)] to [default.TFCtagged] 
Loading [nu(pp)] from [pdfs_TAUP2017/MCspectra_pp_FVpep_2015_emin1_masked.root/pp_nhits]
bad programing style, const_cast!!
creating MC species [nu(pp)] in [default]
Warning: quenching [nu(pp)_qch] not found in [default].
[nu(pp)] loaded for [default]
Inserting species (nu(pp))[nu(pp)] to [default.Major] 
Inserting species (nu(pp))[nu(pp)] to [default.TFCtagged] 
Inserting [default.Major] species vector
searching for [Bi210_sys]..
searching for [C11_sys]..
[default.Major] inserting a new pull: C14_pull
Inserting [C14_pull] to [default]
searching for [C14_sys]..
searching for [C14_pileup_sys]..
searching for [Ext_Bi214_sys]..
searching for [Ext_K40_sys]..
searching for [Ext_Tl208_sys]..
searching for [Kr85_sys]..
searching for [Po210_sys]..
searching for [nu(B8)_sys]..
searching for [nu(Be7)_sys]..
searching for [nu(CNO)_sys]..
searching for [nu(pep)_sys]..
searching for [nu(pp)_sys]..
Inserting [default.TFCtagged] species vector
searching for [Bi210_sys]..
searching for [C10_2_sys]..
searching for [C11_2_sys]..
searching for [C14_sys]..
searching for [C14_pileup_sys]..
searching for [Ext_Bi214_sys]..
searching for [Ext_K40_sys]..
searching for [Ext_Tl208_sys]..
searching for [He6_2_sys]..
searching for [Kr85_sys]..
searching for [Po210_2_sys]..
searching for [nu(B8)_sys]..
searching for [nu(Be7)_sys]..
searching for [nu(CNO)_sys]..
searching for [nu(pep)_sys]..
searching for [nu(pp)_sys]..
setting quenching of [Po210] to [0.07879]
Pb214 not implemented in bx-GooStats, it's ignored
setting quenching of [C11] to [0.8828]
INFO: 210Po PMTs used: 2000,0
RawSpectrumProvider::registerSpecies Register [default.Major]
type: [default.Major][0][1]
You have chosen SeparateSumPdfFactory<DnType<NoDn> MLPType<no> MaskType<Mask> DnAfterMask <no>>
SumPdf::registerFunc register [Bi210] as [0]
SumPdf::registerFunc register [C11] as [1]
SumPdf::registerFunc register [C14] as [2]
SumPdf::registerFunc register [C14_pileup] as [3]
SumPdf::registerFunc register [Ext_Bi214] as [4]
SumPdf::registerFunc register [Ext_K40] as [5]
SumPdf::registerFunc register [Ext_Tl208] as [6]
SumPdf::registerFunc register [Kr85] as [7]
SumPdf::registerFunc register [Po210] as [8]
SumPdf::registerFunc register [nu(B8)] as [9]
SumPdf::registerFunc register [nu(Be7)] as [10]
SumPdf::registerFunc register [nu(CNO)] as [11]
SumPdf::registerFunc register [nu(pep)] as [12]
SumPdf::registerFunc register [nu(pp)] as [13]
SumPdf::registerFunc register [Bi210] as [14]
SumPdf::registerFunc register [C11] as [15]
SumPdf::registerFunc register [C14] as [16]
SumPdf::registerFunc register [C14_pileup] as [17]
SumPdf::registerFunc register [Ext_Bi214] as [18]
SumPdf::registerFunc register [Ext_K40] as [19]
SumPdf::registerFunc register [Ext_Tl208] as [20]
SumPdf::registerFunc register [Kr85] as [21]
SumPdf::registerFunc register [Po210] as [22]
SumPdf::registerFunc register [nu(B8)] as [23]
SumPdf::registerFunc register [nu(Be7)] as [24]
SumPdf::registerFunc register [nu(CNO)] as [25]
SumPdf::registerFunc register [nu(pep)] as [26]
SumPdf::registerFunc register [nu(pp)] as [27]
Inserting [default.Major] sum pdf
Checking [Bi210] for <User> found? [1] is class<0>? [1]
Checking [C11] for <User> found? [1] is class<0>? [0]
Checking [C14] for <User> found? [1] is class<0>? [1]
Checking [C14_pileup] for <User> found? [1] is class<0>? [1]
Checking [Ext_Bi214] for <User> found? [1] is class<0>? [1]
Checking [Ext_K40] for <User> found? [1] is class<0>? [1]
Checking [Ext_Tl208] for <User> found? [1] is class<0>? [1]
Checking [Kr85] for <User> found? [1] is class<0>? [1]
Checking [Po210] for <User> found? [1] is class<0>? [1]
Checking [nu(B8)] for <User> found? [1] is class<0>? [1]
Checking [nu(Be7)] for <User> found? [1] is class<0>? [1]
Checking [nu(CNO)] for <User> found? [1] is class<0>? [1]
Checking [nu(pep)] for <User> found? [1] is class<0>? [1]
Checking [nu(pp)] for <User> found? [1] is class<0>? [1]
Checking [Bi210] for <User> found? [1] is class<1>? [0]
Checking [C11] for <User> found? [1] is class<1>? [1]
Checking [C14] for <User> found? [1] is class<1>? [0]
Checking [C14_pileup] for <User> found? [1] is class<1>? [0]
Checking [Ext_Bi214] for <User> found? [1] is class<1>? [0]
Checking [Ext_K40] for <User> found? [1] is class<1>? [0]
Checking [Ext_Tl208] for <User> found? [1] is class<1>? [0]
Checking [Kr85] for <User> found? [1] is class<1>? [0]
Checking [Po210] for <User> found? [1] is class<1>? [0]
Checking [nu(B8)] for <User> found? [1] is class<1>? [0]
Checking [nu(Be7)] for <User> found? [1] is class<1>? [0]
Checking [nu(CNO)] for <User> found? [1] is class<1>? [0]
Checking [nu(pep)] for <User> found? [1] is class<1>? [0]
Checking [nu(pp)] for <User> found? [1] is class<1>? [0]
Inserting [default]-[default] MV term
Checking [Bi210] for <Rdist> found? [1] is class<0>? [1]
Checking [C11] for <Rdist> found? [1] is class<0>? [1]
Checking [C14] for <Rdist> found? [1] is class<0>? [1]
Checking [C14_pileup] for <Rdist> found? [1] is class<0>? [0]
Checking [Ext_Bi214] for <Rdist> found? [1] is class<0>? [0]
Checking [Ext_K40] for <Rdist> found? [1] is class<0>? [0]
Checking [Ext_Tl208] for <Rdist> found? [1] is class<0>? [0]
Checking [Kr85] for <Rdist> found? [1] is class<0>? [1]
Checking [Po210] for <Rdist> found? [1] is class<0>? [1]
Checking [nu(B8)] for <Rdist> found? [1] is class<0>? [1]
Checking [nu(Be7)] for <Rdist> found? [1] is class<0>? [1]
Checking [nu(CNO)] for <Rdist> found? [1] is class<0>? [1]
Checking [nu(pep)] for <Rdist> found? [1] is class<0>? [1]
Checking [nu(pp)] for <Rdist> found? [1] is class<0>? [1]
Checking [Bi210] for <Rdist> found? [1] is class<1>? [0]
Checking [C11] for <Rdist> found? [1] is class<1>? [0]
Checking [C14] for <Rdist> found? [1] is class<1>? [0]
Checking [C14_pileup] for <Rdist> found? [1] is class<1>? [1]
Checking [Ext_Bi214] for <Rdist> found? [1] is class<1>? [1]
Checking [Ext_K40] for <Rdist> found? [1] is class<1>? [1]
Checking [Ext_Tl208] for <Rdist> found? [1] is class<1>? [1]
Checking [Kr85] for <Rdist> found? [1] is class<1>? [0]
Checking [Po210] for <Rdist> found? [1] is class<1>? [0]
Checking [nu(B8)] for <Rdist> found? [1] is class<1>? [0]
Checking [nu(Be7)] for <Rdist> found? [1] is class<1>? [0]
Checking [nu(CNO)] for <Rdist> found? [1] is class<1>? [0]
Checking [nu(pep)] for <Rdist> found? [1] is class<1>? [0]
Checking [nu(pp)] for <Rdist> found? [1] is class<1>? [0]
Inserting [default]-[default] MV term
Inserting [default]-[default] MV term
Inserting [default]-[default] MV term
Inserting [default]-[default] MV term
Inserting [default]-[default] MV term
Inserting [default]-[default] MV term
Inserting [default]-[default] MV term
Inserting [default]-[default] MV term
Inserting [default]-[default] MV term
Inserting [default]-[default] MV term
Inserting [default]-[default] MV term
Inserting [default]-[default] MV term
Inserting [default]-[default] MV term
Inserting [default]-[default] MV term
Inserting [default]-[default] MV term
Inserting [default]-[default] MV term
Inserting [default]-[global.C14] pull term
Pb214 not implemented in bx-GooStats, it's ignored
RawSpectrumProvider::registerSpecies Register [default.TFCtagged]
type: [default.TFCtagged][0][1]
You have chosen SeparateSumPdfFactory<DnType<NoDn> MLPType<no> MaskType<Mask> DnAfterMask <no>>
SumPdf::registerFunc register [C10] as [28]
SumPdf::registerFunc register [C11] as [29]
SumPdf::registerFunc register [He6] as [30]
SumPdf::registerFunc register [Po210] as [31]
SumPdf::registerFunc register [Bi210] as [32]
SumPdf::registerFunc register [C10] as [33]
SumPdf::registerFunc register [C11] as [34]
SumPdf::registerFunc register [C14] as [35]
SumPdf::registerFunc register [C14_pileup] as [36]
SumPdf::registerFunc register [Ext_Bi214] as [37]
SumPdf::registerFunc register [Ext_K40] as [38]
SumPdf::registerFunc register [Ext_Tl208] as [39]
SumPdf::registerFunc register [He6] as [40]
SumPdf::registerFunc register [Kr85] as [41]
SumPdf::registerFunc register [Po210] as [42]
SumPdf::registerFunc register [nu(B8)] as [43]
SumPdf::registerFunc register [nu(Be7)] as [44]
SumPdf::registerFunc register [nu(CNO)] as [45]
SumPdf::registerFunc register [nu(pep)] as [46]
SumPdf::registerFunc register [nu(pp)] as [47]
Inserting [default.TFCtagged] sum pdf
Inserting (Datasets:default.Major)<default.Major>
Inserting (Datasets:default.TFCtagged)<default.TFCtagged>
Inserting (LikelihoodFactory)<default>
Inserting (LikelihoodFactory)<default>
Inserting (LikelihoodFactory)<default>
Inserting (LikelihoodFactory)<default>
Inserting (LikelihoodFactory)<default>
Inserting (LikelihoodFactory)<default>
Inserting (LikelihoodFactory)<default>
Inserting (LikelihoodFactory)<default>
Inserting (LikelihoodFactory)<default>
Inserting (LikelihoodFactory)<default>
Inserting (LikelihoodFactory)<default>
Inserting (LikelihoodFactory)<default>
Inserting (LikelihoodFactory)<default>
Inserting (LikelihoodFactory)<default>
Inserting (LikelihoodFactory)<default>
Inserting (LikelihoodFactory)<default>
Inserting (LikelihoodFactory)<default>
Inserting (LikelihoodFactory)<global.C14>
Inserting (Datasets:pileupL)<pileupL>
Debug: LL size 21
 PARAMETER DEFINITIONS:
    NO.   NAME         VALUE      STEP SIZE      LIMITS
     1 default.Bi210   2.00000e+01  1.00000e+00    0.00000e+00  1.00000e+02
     2 default.C11   2.80000e+01  1.00000e+00    0.00000e+00  1.00000e+02
     3 global.C14   3.45600e+06  3.93120e+04    0.00000e+00  3.93120e+06
     4 default.C14_pileup   4.00000e+06  6.00000e+04    0.00000e+00  6.00000e+06
     5 global.Ext_Bi214   5.00000e-01  1.00000e-01    0.00000e+00  1.00000e+01
     6 global.Ext_K40   1.50000e-01  1.00000e-01    0.00000e+00  1.00000e+01
     7 global.Ext_Tl208   1.90000e+00  1.00000e-01    0.00000e+00  1.00000e+01
     8 default.Kr85   5.00000e+00  3.00000e-01    0.00000e+00  3.00000e+01
     9 default.Po210   3.00000e+02  2.99999e+01    1.00000e-02  3.00000e+03
    10 default.nu(B8)   4.60000e-01  1.00000e-01    0.00000e+00  1.00000e+01
 **********
 **    1 **FIX          10
 **********
 PARAMETER DEFINITIONS:
    NO.   NAME         VALUE      STEP SIZE      LIMITS
    11 global.nu(Be7)   4.85000e+01  5.00000e-01    2.00000e+01  7.00000e+01
    12 global.nu(CNO)   4.92000e+00  constant
 **********
 **    2 **FIX          12
 **********
 PARAMETER   12  IS CONSTANT.   IGNORED.
 PARAMETER DEFINITIONS:
    NO.   NAME         VALUE      STEP SIZE      LIMITS
    13 global.nu(pep)   2.20000e+00  1.00000e-01    0.00000e+00  1.00000e+01
    14 global.nu(pp)   1.33000e+02  3.00000e+00    0.00000e+00  3.00000e+02
    15 default.MCscalePo210   1.00000e+00  constant
    16 default.MCshiftPo210   0.00000e+00  1.00000e-03   -5.00000e+01  5.00000e+01
    17 default.C10_2   1.10000e+00  1.00000e-01    0.00000e+00  1.00000e+01
    18 default.C11_2   5.00000e+01  2.00000e+00    0.00000e+00  2.00000e+02
    19 global.He6_2   4.00000e-01  2.00000e-01    0.00000e+00  2.00000e+01
    20 default.Po210_2   3.00000e+02  2.99999e+01    1.00000e-02  3.00000e+03
 **********
 **    3 **SET ERRDEF         0.5
 **********
 PARAMETER DEFINITIONS:
    NO.   NAME         VALUE      STEP SIZE      LIMITS
     1 default.Bi210   2.00000e+01  1.00000e+00    0.00000e+00  1.00000e+02
     2 default.C11   2.80000e+01  1.00000e+00    0.00000e+00  1.00000e+02
     3 global.C14   3.45600e+06  3.93120e+04    0.00000e+00  3.93120e+06
     4 default.C14_pileup   4.00000e+06  6.00000e+04    0.00000e+00  6.00000e+06
     5 global.Ext_Bi214   5.00000e-01  1.00000e-01    0.00000e+00  1.00000e+01
     6 global.Ext_K40   1.50000e-01  1.00000e-01    0.00000e+00  1.00000e+01
     7 global.Ext_Tl208   1.90000e+00  1.00000e-01    0.00000e+00  1.00000e+01
     8 default.Kr85   5.00000e+00  3.00000e-01    0.00000e+00  3.00000e+01
     9 default.Po210   3.00000e+02  2.99999e+01    1.00000e-02  3.00000e+03
    10 default.nu(B8)   4.60000e-01  1.00000e-01    0.00000e+00  1.00000e+01
 **********
 **    1 **FIX          10
 **********
 PARAMETER DEFINITIONS:
    NO.   NAME         VALUE      STEP SIZE      LIMITS
    11 global.nu(Be7)   4.85000e+01  5.00000e-01    2.00000e+01  7.00000e+01
    12 global.nu(CNO)   4.92000e+00  constant
 **********
 **    2 **FIX          12
 **********
 PARAMETER   12  IS CONSTANT.   IGNORED.
 PARAMETER DEFINITIONS:
    NO.   NAME         VALUE      STEP SIZE      LIMITS
    13 global.nu(pep)   2.20000e+00  1.00000e-01    0.00000e+00  1.00000e+01
    14 global.nu(pp)   1.33000e+02  3.00000e+00    0.00000e+00  3.00000e+02
    15 default.MCscalePo210   1.00000e+00  constant
    16 default.MCshiftPo210   0.00000e+00  1.00000e-03   -5.00000e+01  5.00000e+01
    17 default.C10_2   1.10000e+00  1.00000e-01    0.00000e+00  1.00000e+01
    18 default.C11_2   5.00000e+01  2.00000e+00    0.00000e+00  2.00000e+02
    19 global.He6_2   4.00000e-01  2.00000e-01    0.00000e+00  2.00000e+01
    20 default.Po210_2   3.00000e+02  2.99999e+01    1.00000e-02  3.00000e+03
 **********
 **    3 **SET ERRDEF         0.5
 **********
 **********
 **    4 **MINIMIZE       2e+04
 **********
 FIRST CALL TO USER FUNCTION AT NEW START POINT, WITH IFLAG=4.
 START MIGRAD MINIMIZATION.  STRATEGY  1.  CONVERGENCE WHEN EDM .LT. 5.00e-05
 FCN=36819.2 FROM MIGRAD    STATUS=INITIATE      144 CALLS         145 TOTAL
                     EDM= unknown      STRATEGY= 1      NO ERROR MATRIX       
  EXT PARAMETER               CURRENT GUESS       STEP         FIRST   
  NO.   NAME      VALUE            ERROR          SIZE      DERIVATIVE 
   1  default.Bi210   2.00000e+01   1.00000e+00   0.00000e+00   1.73140e+03
   2  default.C11   2.80000e+01   1.00000e+00   0.00000e+00   4.98507e+03
   3  global.C14   3.45600e+06   3.93120e+04   0.00000e+00   9.44403e+01
   4  default.C14_pileup   4.00000e+06   6.00000e+04   0.00000e+00   1.61213e+04
   5  global.Ext_Bi214   2.86712e+00   1.00000e-01   0.00000e+00   3.91613e+01
   6  global.Ext_K40   1.50000e-01   1.00000e-01   0.00000e+00   1.09451e+01
   7  global.Ext_Tl208   1.90000e+00   1.00000e-01   0.00000e+00  -9.60362e+01
   8  default.Kr85   5.00000e+00   3.00000e-01   0.00000e+00   4.96151e+02
   9  default.Po210   3.00000e+02   2.99999e+01   0.00000e+00   7.62632e+04
  10  default.nu(B8)   4.60000e-01     fixed    
  11  global.nu(Be7)   4.85000e+01   5.00000e-01   0.00000e+00   1.14517e+03
  12  global.nu(CNO)   4.92000e+00   constant   
  13  global.nu(pep)   2.20000e+00   1.00000e-01   0.00000e+00   2.37705e+02
  14  global.nu(pp)   1.33000e+02   3.00000e+00   0.00000e+00   6.21903e+01
  15  default.MCscalePo210   1.00000e+00   constant   
  16  default.MCshiftPo210   0.00000e+00   1.00000e-03   0.00000e+00  -1.08316e+03
  17  default.C10_2   1.10000e+00   1.00000e-01   0.00000e+00   2.36489e+01
  18  default.C11_2   5.00000e+01   2.00000e+00   0.00000e+00  -1.71053e+03
  19  global.He6_2   6.55069e+00   2.00000e-01   9.34837e-01   6.32067e+00
  20  default.Po210_2   3.00000e+02   2.99999e+01   0.00000e+00   4.80365e+04
                               ERR DEF= 0.5
 MIGRAD MINIMIZATION HAS CONVERGED.
 FCN=5166.06 FROM MIGRAD    STATUS=CONVERGED    1653 CALLS        1654 TOTAL
                     EDM=2.08793e-06    STRATEGY= 1  ERROR MATRIX UNCERTAINTY   7.0 per cent
  EXT PARAMETER                                   STEP         FIRST   
  NO.   NAME      VALUE            ERROR          SIZE      DERIVATIVE 
   1  default.Bi210   7.65503e+00   2.75581e+00  -3.09152e-04   3.71214e-02
   2  default.C11   1.40545e+00   1.65752e-01  -1.20174e-05   2.40082e-02
   3  global.C14   3.43064e+06   3.94011e+04  -9.94231e-06  -1.10750e-02
   4  default.C14_pileup   1.18876e+06   2.29224e+04  -5.64993e-06  -2.48369e-02
   5  global.Ext_Bi214   1.80625e+00   7.69392e-01   7.83388e-05   3.88711e-03
   6  global.Ext_K40   1.69911e+00   1.66782e+00  -1.03693e-03   3.49860e-03
   7  global.Ext_Tl208   4.35954e+00   4.00903e-01  -7.75464e-06   2.63668e-03
   8  default.Kr85   1.28879e+01   2.43065e+00   3.49316e-04   5.49724e-03
   9  default.Po210   7.93536e+01   9.56090e-01  -6.83494e-08  -2.45714e-02
  10  default.nu(B8)   4.60000e-01     fixed    
  11  global.nu(Be7)   4.85180e+01   2.31361e+00   4.48949e-05   1.73011e-02
  12  global.nu(CNO)   4.92000e+00   constant   
  13  global.nu(pep)   3.71773e+00   7.46448e-01   4.22668e-04   1.28313e-02
  14  global.nu(pp)   3.00000e+02   7.39396e+00  -2.63301e-04** at limit **
  15  default.MCscalePo210   1.00000e+00   constant   
  16  default.MCshiftPo210   7.91433e-01   1.63221e-01  -9.63112e-06   5.16900e-02
  17  default.C10_2   3.63477e-01   8.81161e-01  -1.64383e-03  -3.08024e-03
  18  default.C11_2   6.46983e+01   1.20214e+00  -2.55895e-05   4.33096e-02
  19  global.He6_2   3.36399e+00   1.96313e+00   8.18678e-04  -9.39223e-04
  20  default.Po210_2   7.98596e+01   1.24126e+00  -1.26096e-06   3.15859e-01
                               ERR DEF= 0.5
 EXTERNAL ERROR MATRIX.    NDIM=  25    NPAR= 17    ERR DEF=0.5
 ELEMENTS ABOVE DIAGONAL ARE NOT PRINTED.
  7.622e+00 
  8.925e-02  2.748e-02 
 -5.881e+02 -1.120e+02  1.553e+09 
  5.469e+02 -5.508e+01 -2.651e+07  5.255e+08 
  1.376e-01 -1.300e-02 -7.526e+01 -2.707e+01  6.000e-01 
  6.904e-01 -6.484e-02  4.096e+02  7.817e+02 -4.051e-01  2.987e+00 
 -7.952e-02  5.867e-05 -5.047e+01 -1.301e+02 -1.979e-01  8.772e-02  1.611e-01 
 -2.769e+00 -2.770e-02 -5.321e+03 -4.069e+03 -6.207e-02 -6.181e-01  2.898e-02  5.962e+00 
  1.671e-01  6.917e-03 -5.665e+01 -6.448e+01  2.171e-02  2.880e-02 -1.219e-02 -4.237e-01  9.141e-01 
 -3.519e+00 -3.582e-02  2.901e+03  1.400e+03 -3.213e-02  1.161e-01  3.836e-02 -2.197e+00 -1.157e-01  5.368e+00 
 -1.471e+00 -2.739e-02  3.194e+02 -3.106e+02 -1.129e-02 -5.877e-01  8.271e-03  6.726e-01 -3.894e-02  3.885e-01  5.617e-01 
 -1.987e-03 -4.301e-06  8.482e+00  5.962e+00 -8.539e-05 -1.411e-04  9.599e-05  2.247e-03  2.082e-04 -4.350e-04  2.781e-04 
 -1.987e-03 -4.301e-06  8.482e+00  5.962e+00 -8.539e-05 -1.411e-04  9.599e-05  2.247e-03  2.082e-04 -4.350e-04  2.781e-04  3.368e-04 
  3.621e-02 -5.826e-04 -1.398e+02 -1.211e+02  2.215e-03  4.580e-03 -1.962e-03  6.620e-02 -7.282e-03 -7.377e-02 -5.012e-04 
  3.621e-02 -5.826e-04 -1.398e+02 -1.211e+02  2.215e-03  4.580e-03 -1.962e-03  6.620e-02 -7.282e-03 -7.377e-02 -5.012e-04  2.155e-04  2.664e-02 
  9.203e-01 -2.835e-03 -2.283e+02 -3.100e+02  1.469e-01  2.750e-02 -1.069e-01 -3.834e-01 -9.371e-03 -2.476e-01 -8.571e-02 
  9.203e-01 -2.835e-03 -2.283e+02 -3.100e+02  1.469e-01  2.750e-02 -1.069e-01 -3.834e-01 -9.371e-03 -2.476e-01 -8.571e-02 -7.381e-05  1.027e-02  8.417e-01 
  9.151e-01  1.457e-02 -3.873e+02  3.161e+02  1.264e-01 -1.683e-01 -5.691e-02 -4.173e-01 -8.807e-03 -2.288e-01 -1.318e-01 
  9.151e-01  1.457e-02 -3.873e+02  3.161e+02  1.264e-01 -1.683e-01 -5.691e-02 -4.173e-01 -8.807e-03 -2.288e-01 -1.318e-01  1.658e-04  6.172e-03  6.512e-01  1.445e+00 
 -1.929e+00  8.733e-03  4.228e+02  5.758e+02 -3.429e-01  6.795e-02  1.363e-01  8.749e-01  2.848e-02  4.451e-01  1.689e-01 
 -1.929e+00  8.733e-03  4.228e+02  5.758e+02 -3.429e-01  6.795e-02  1.363e-01  8.749e-01  2.848e-02  4.451e-01  1.689e-01  1.415e-04 -1.516e-02 -1.712e+00 -1.519e+00  3.946e+00 
  1.331e-01 -7.430e-03  1.301e+03 -3.874e+02 -1.426e-02  1.034e-02 -5.132e-03 -3.319e-01  8.812e-02 -2.025e-01  3.295e-02 
  1.331e-01 -7.430e-03  1.301e+03 -3.874e+02 -1.426e-02  1.034e-02 -5.132e-03 -3.319e-01  8.812e-02 -2.025e-01  3.295e-02 -2.572e-04  5.670e-03  5.569e-02  1.550e-03 -9.233e-02  1.541e+00 
 PARAMETER  CORRELATION COEFFICIENTS  
       NO.  GLOBAL      1      2      3      4      5      6      7      8      9     11     13     14     16     17     18     19
        1  0.94666   1.000  0.195 -0.005  0.009  0.064  0.145 -0.072 -0.411  0.063 -0.550 -0.711 -0.039  0.080  0.363  0.276 -0.352
        2  0.51579   0.195  1.000 -0.017 -0.014 -0.101 -0.226  0.001 -0.068  0.044 -0.093 -0.220 -0.001 -0.022 -0.019  0.073  0.027
        3  0.08590  -0.005 -0.017  1.000 -0.029 -0.002  0.006 -0.003 -0.055 -0.002  0.032  0.011  0.012 -0.022 -0.006 -0.008  0.005
        4  0.11569   0.009 -0.014 -0.029  1.000 -0.002  0.020 -0.014 -0.073 -0.003  0.026 -0.018  0.014 -0.032 -0.015  0.011  0.013
        5  0.75838   0.064 -0.101 -0.002 -0.002  1.000 -0.303 -0.636 -0.033  0.029 -0.018 -0.019 -0.006  0.018  0.207  0.136 -0.223
        6  0.72259   0.145 -0.226  0.006  0.020 -0.303  1.000  0.126 -0.146  0.017  0.029 -0.454 -0.004  0.016  0.017 -0.081  0.020
        7  0.75059  -0.072  0.001 -0.003 -0.014 -0.636  0.126  1.000  0.030 -0.032  0.041  0.027  0.013 -0.030 -0.290 -0.118  0.171
        8  0.88401  -0.411 -0.068 -0.055 -0.073 -0.033 -0.146  0.030  1.000 -0.182 -0.388  0.368  0.050  0.166 -0.171 -0.142  0.180
        9  0.34270   0.063  0.044 -0.002 -0.003  0.029  0.017 -0.032 -0.182  1.000 -0.052 -0.054  0.012 -0.047 -0.011 -0.008  0.015
       11  0.90773  -0.550 -0.093  0.032  0.026 -0.018  0.029  0.041 -0.388 -0.052  1.000  0.224 -0.010 -0.195 -0.116 -0.082  0.097
       13  0.86538  -0.711 -0.220  0.011 -0.018 -0.019 -0.454  0.027  0.368 -0.054  0.224  1.000  0.020 -0.004 -0.125 -0.146  0.113
       14  0.10221  -0.039 -0.001  0.012  0.014 -0.006 -0.004  0.013  0.050  0.012 -0.010  0.020  1.000  0.072 -0.004  0.008  0.004
       16  0.26685   0.080 -0.022 -0.022 -0.032  0.018  0.016 -0.030  0.166 -0.047 -0.195 -0.004  0.072  1.000  0.069  0.031 -0.047
       17  0.95601   0.363 -0.019 -0.006 -0.015  0.207  0.017 -0.290 -0.171 -0.011 -0.116 -0.125 -0.004  0.069  1.000  0.590 -0.939
       18  0.65615   0.276  0.073 -0.008  0.011  0.136 -0.081 -0.118 -0.142 -0.008 -0.082 -0.146  0.008  0.031  0.590  1.000 -0.636
       19  0.95718  -0.352  0.027  0.005  0.013 -0.223  0.020  0.171  0.180  0.015  0.097  0.113  0.004 -0.047 -0.939 -0.636  1.000
       20  0.28260   0.039 -0.036  0.027 -0.014 -0.015  0.005 -0.010 -0.110  0.074 -0.070  0.035 -0.011  0.028  0.049  0.001 -0.037
                     1.000
 **********
 **    5 **HESSE
 **********
 COVARIANCE MATRIX CALCULATED SUCCESSFULLY
 FCN=5166.06 FROM HESSE     STATUS=OK            217 CALLS        1871 TOTAL
                     EDM=8.52435e-06    STRATEGY= 1      ERROR MATRIX ACCURATE 
  EXT PARAMETER                                INTERNAL      INTERNAL  
  NO.   NAME      VALUE            ERROR       STEP SIZE       VALUE   
   1  default.Bi210   7.65503e+00   2.90020e+00   1.78650e-03  -1.01013e+00
   2  default.C11   1.40545e+00   1.61188e-01   5.86196e-04  -1.33313e+00
   3  global.C14   3.43064e+06   3.87638e+04   1.46544e-03   8.41042e-01
   4  default.C14_pileup   1.18876e+06   2.24654e+04   4.64298e-04  -6.48193e-01
   5  global.Ext_Bi214   1.80625e+00   7.73912e-01   6.66290e-03  -6.92873e-01
   6  global.Ext_K40   1.69911e+00   1.78740e+00   1.72639e-02  -7.21057e-01
   7  global.Ext_Tl208   4.35954e+00   3.93169e-01   2.62908e-03  -1.28444e-01
   8  default.Kr85   1.28879e+01   2.46790e+00   3.86335e-03  -1.41278e-01
   9  default.Po210   7.93536e+01   9.55495e-01   9.25636e-05  -1.24409e+00
  10  default.nu(B8)   4.60000e-01     fixed    
  11  global.nu(Be7)   4.85180e+01   2.29611e+00   1.94997e-03  -6.14199e+00
  12  global.nu(CNO)   4.92000e+00   constant   
  13  global.nu(pep)   3.71773e+00   7.54953e-01   3.96066e-03  -2.59352e-01
  14  global.nu(pp)   3.00000e+02   8.49215e+00   1.67804e-02   1.57118e+00
                                 WARNING -   - ABOVE PARAMETER IS AT LIMIT.
  15  default.MCscalePo210   1.00000e+00   constant   
  16  default.MCshiftPo210   7.91433e-01   1.69807e-01   1.64323e-04   1.58293e-02
  17  default.C10_2   3.63477e-01   9.83425e-01   7.53485e-03  -1.18715e+00
  18  default.C11_2   6.46983e+01   1.26198e+00   4.91300e-04  -3.60793e-01
  19  global.He6_2   3.36399e+00   2.13842e+00   3.85019e-03  -7.25622e-01
  20  default.Po210_2   7.98596e+01   1.18137e+00   1.16484e-04  -1.24304e+00
                               ERR DEF= 0.5
 EXTERNAL ERROR MATRIX.    NDIM=  25    NPAR= 17    ERR DEF=0.5
 ELEMENTS ABOVE DIAGONAL ARE NOT PRINTED.
  8.445e+00 
  6.873e-02  2.598e-02 
 -1.069e+03 -5.758e+00  1.503e+09 
 -6.873e+02 -3.082e+00 -2.690e+07  5.047e+08 
  9.619e-02 -1.611e-02 -1.516e+01 -7.974e+00  6.072e-01 
  1.229e+00 -7.777e-02 -1.794e+02 -5.759e+01 -4.210e-01  3.470e+00 
 -6.249e-02  2.460e-03  8.921e+00  3.618e+00 -1.949e-01  8.932e-02  1.549e-01 
 -2.973e+00 -2.915e-02 -3.328e+03 -2.706e+03 -6.665e-02 -4.992e-01  3.765e-02  6.147e+00 
  1.260e-01  1.084e-03  6.389e+02 -1.838e+01 -5.077e-03  2.984e-02  1.974e-03 -4.522e-01  9.130e-01 
 -3.722e+00 -2.028e-02  1.695e+03  1.150e+03 -2.765e-03 -2.902e-01  7.111e-03 -2.195e+00 -6.309e-02  5.287e+00 
 -1.628e+00 -1.982e-02  1.915e+02  7.424e+01  1.611e-02 -6.932e-01 -1.200e-04  6.684e-01 -2.711e-02  4.841e-01  5.747e-01 
  1.139e-04  6.769e-07  3.598e+00  1.110e+00  1.368e-06  1.469e-05 -7.222e-07  4.638e-04 -8.358e-05 -2.204e-04 -1.880e-05 
  1.139e-04  6.769e-07  3.598e+00  1.110e+00  1.368e-06  1.469e-05 -7.222e-07  4.638e-04 -8.358e-05 -2.204e-04 -1.880e-05  3.873e-04 
  2.632e-02  1.246e-04 -5.935e+01 -5.300e+01 -5.173e-05  1.925e-03 -2.416e-05  7.358e-02 -5.777e-03 -7.189e-02 -3.142e-03 
  2.632e-02  1.246e-04 -5.935e+01 -5.300e+01 -5.173e-05  1.925e-03 -2.416e-05  7.358e-02 -5.777e-03 -7.189e-02 -3.142e-03  7.784e-06  2.883e-02 
  8.197e-01 -1.069e-03 -9.989e+01 -5.016e+01  1.905e-01 -1.035e-01 -1.340e-01 -4.681e-01 -1.930e-02 -1.245e-01 -4.461e-02 
  8.197e-01 -1.069e-03 -9.989e+01 -5.016e+01  1.905e-01 -1.035e-01 -1.340e-01 -4.681e-01 -1.930e-02 -1.245e-01 -4.461e-02  9.187e-06  7.776e-04  1.072e+00 
  8.341e-01  1.151e-02 -9.491e+01 -4.897e+01  1.261e-01 -2.289e-01 -6.175e-02 -4.667e-01 -1.462e-02 -1.238e-01 -9.586e-02 
  8.341e-01  1.151e-02 -9.491e+01 -4.897e+01  1.261e-01 -2.289e-01 -6.175e-02 -4.667e-01 -1.462e-02 -1.238e-01 -9.586e-02  8.918e-06  7.297e-04  8.117e-01  1.593e+00 
 -1.802e+00  5.181e-03  2.191e+02  1.112e+02 -4.258e-01  2.888e-01  1.917e-01  1.031e+00  4.272e-02  2.719e-01  9.587e-02 
 -1.802e+00  5.181e-03  2.191e+02  1.112e+02 -4.258e-01  2.888e-01  1.917e-01  1.031e+00  4.272e-02  2.719e-01  9.587e-02 -2.026e-05 -1.693e-03 -2.131e+00 -1.819e+00  4.703e+00 
  1.964e-01  8.547e-04  6.319e+02 -2.160e+01  1.221e-02  1.772e-02 -5.792e-03 -4.960e-01  1.054e-01 -7.044e-02 -3.053e-02 
  1.964e-01  8.547e-04  6.319e+02 -2.160e+01  1.221e-02  1.772e-02 -5.792e-03 -4.960e-01  1.054e-01 -7.044e-02 -3.053e-02 -8.299e-05 -6.155e-03  6.693e-02  5.897e-02 -1.476e-01  1.396e+00 
 PARAMETER  CORRELATION COEFFICIENTS  
       NO.  GLOBAL      1      2      3      4      5      6      7      8      9     11     13     14     16     17     18     19
        1  0.94417   1.000  0.147 -0.009 -0.011  0.042  0.227 -0.055 -0.413  0.045 -0.557 -0.739  0.002  0.053  0.272  0.227 -0.286
        2  0.50612   0.147  1.000 -0.001 -0.001 -0.128 -0.259  0.039 -0.073  0.007 -0.055 -0.162  0.000  0.005 -0.006  0.057  0.015
        3  0.06427  -0.009 -0.001  1.000 -0.031 -0.001 -0.002  0.001 -0.035  0.017  0.019  0.007  0.005 -0.009 -0.002 -0.002  0.003
        4  0.09163  -0.011 -0.001 -0.031  1.000 -0.000 -0.001  0.000 -0.049 -0.001  0.022  0.004  0.003 -0.014 -0.002 -0.002  0.002
        5  0.74889   0.042 -0.128 -0.001 -0.000  1.000 -0.290 -0.635 -0.034 -0.007 -0.002  0.027  0.000 -0.000  0.236  0.128 -0.252
        6  0.71229   0.227 -0.259 -0.002 -0.001 -0.290  1.000  0.122 -0.108  0.017 -0.068 -0.491  0.000  0.006 -0.054 -0.097  0.071
        7  0.74475  -0.055  0.039  0.001  0.000 -0.635  0.122  1.000  0.039  0.005  0.008 -0.000 -0.000 -0.000 -0.329 -0.124  0.225
        8  0.88469  -0.413 -0.073 -0.035 -0.049 -0.034 -0.108  0.039  1.000 -0.191 -0.385  0.356  0.010  0.175 -0.182 -0.149  0.192
        9  0.34240   0.045  0.007  0.017 -0.001 -0.007  0.017  0.005 -0.191  1.000 -0.029 -0.037 -0.004 -0.036 -0.020 -0.012  0.021
       11  0.90618  -0.557 -0.055  0.019  0.022 -0.002 -0.068  0.008 -0.385 -0.029  1.000  0.278 -0.005 -0.184 -0.052 -0.043  0.055
       13  0.86096  -0.739 -0.162  0.007  0.004  0.027 -0.491 -0.000  0.356 -0.037  0.278  1.000 -0.001 -0.024 -0.057 -0.100  0.058
       14  0.01567   0.002  0.000  0.005  0.003  0.000  0.000 -0.000  0.010 -0.004 -0.005 -0.001  1.000  0.002  0.000  0.000 -0.000
       16  0.22349   0.053  0.005 -0.009 -0.014 -0.000  0.006 -0.000  0.175 -0.036 -0.184 -0.024  0.002  1.000  0.004  0.003 -0.005
       17  0.96129   0.272 -0.006 -0.002 -0.002  0.236 -0.054 -0.329 -0.182 -0.020 -0.052 -0.057  0.000  0.004  1.000  0.621 -0.949
       18  0.67933   0.227  0.057 -0.002 -0.002  0.128 -0.097 -0.124 -0.149 -0.012 -0.043 -0.100  0.000  0.003  0.621  1.000 -0.665
       19  0.96359  -0.286  0.015  0.003  0.002 -0.252  0.071  0.225  0.192  0.021  0.055  0.058 -0.000 -0.005 -0.949 -0.665  1.000
       20  0.28256   0.057  0.004  0.014 -0.001  0.013  0.008 -0.012 -0.169  0.093 -0.026 -0.034 -0.004 -0.031  0.055  0.040 -0.058
                     1.000
Wallclock time  : 31.1732 seconds.
CPU time: 0.003118
Total CPU time: 0.003118
Processor time: 0.002697

FIT PARAMETERS
 ^{210}Bi = 7.7 #pm 2.9 
 ^{11}C = 1.41 #pm 0.16 
 ^{14}C = 3430637.2 #pm 38763.8  [p] 3499200.0 #pm 43200.0
 ^{14}C pileup = 1188759.0 #pm 22465.4 
 Ext ^{214}Bi = 1.81 #pm 0.77 
 Ext ^{40}K = 1.7 #pm 1.8 
 Ext ^{208}Tl = 4.36 #pm 0.39 
 ^{85}Kr = 12.9 #pm 2.5 
 ^{210}Po = 79.35 #pm 0.96 
 #nu(^{8}B) = 0.46  [Fixed]
 #nu(^{7}Be) = 48.5 #pm 2.3 
 #nu(CNO) = 4.92  [Fixed]
 #nu(pep) = 3.72 #pm 0.75 
 #nu(pp) = 300.00  [Railed]
 ^{210}MCscalePo = 1  [Fixed]
 ^{210}MCshiftPo = 0.79 #pm 0.17 
 ^{10}C 2 = 0.36 #pm 0.98 
 ^{11}C 2 = 64.7 #pm 1.3 
 ^{6}He 2 = 3.4 #pm 2.1 
 ^{210}Po 2 = 79.9 #pm 1.2 

 chi^2                             = 1581.0
 chi^2/N-DOF                       = 1.1165
 p-value                           = 0.001
 Minimized -2Ln(Likelihood)        = 10332.12
 Likelihood p-value                = 0.000 ± 0.000
SimplePlotManager::groupByName <default.Major> appedned to <default>
SimplePlotManager::groupByName <default.TFCtagged> appedned to <default>
