[GPUManager]() registered
regV registering [npe] as [0x28e2180]
regV registering [npe_short] as [0x28e22b0]
regV registering [Po218:peak] as [6002]
regV registering [Rn222:peak] as [5490]
regV registering [Po210:peak] as [5305]
Loaded path: </p/project/cjikp20/jikp2013/bx-GooStats-dingxf_dev/bx-GooStats/data>
RawSpectrumProvider::registerSpecies Register [nu(pep)]
RawSpectrumProvider::registerSpecies Register [nu(Be7)_sunT]
RawSpectrumProvider::registerSpecies Register [nu(Be7)_nosunT]
RawSpectrumProvider::registerSpecies Register [nu(CNO)]
RawSpectrumProvider::registerSpecies Register [nu(pp)_oleg]
RawSpectrumProvider::registerSpecies Register [nu(pp)_aldo]
RawSpectrumProvider::registerSpecies Register [nu(pp)]
RawSpectrumProvider::registerSpecies Register [nu(B8)]
RawSpectrumProvider::registerSpecies Register [C14_universal]
Warning: c14_shape_factor is taken as 1.24
RawSpectrumProvider::registerSpecies Register [C14]
RawSpectrumProvider::registerSpecies Register [C11]
RawSpectrumProvider::registerSpecies Register [C10]
RawSpectrumProvider::registerSpecies Register [Kr85]
RawSpectrumProvider::registerSpecies Register [B12]
RawSpectrumProvider::registerSpecies Register [He6]
RawSpectrumProvider::registerSpecies Register [Pa234m]
RawSpectrumProvider::registerSpecies Register [K40]
RawSpectrumProvider::registerSpecies Register [La138]
RawSpectrumProvider::registerSpecies Register [Bi210_mach4]
RawSpectrumProvider::registerSpecies Register [Bi210_oleg]
RawSpectrumProvider::registerSpecies Register [Bi210_aldo]
RawSpectrumProvider::registerSpecies Register [Bi210_daniel]
RawSpectrumProvider::registerSpecies Register [Bi210_flothmann]
RawSpectrumProvider::registerSpecies Register [Bi210_grau]
RawSpectrumProvider::registerSpecies Register [Pb214_KM]
RawSpectrumProvider::registerSpecies Register [Pb214_aldo_1]
RawSpectrumProvider::registerSpecies Register [Pb214_aldo_2]
RawSpectrumProvider::registerSpecies Register [Pb214_aldo_3]
RawSpectrumProvider::registerSpecies Register [Pb214_aldo_4]
RawSpectrumProvider::registerSpecies Register [Pb214_aldo_5]
RawSpectrumProvider::registerSpecies Register [Pb214_aldo_6]
RawSpectrumProvider::registerSpecies Register [Pb214_aldo_7]
RawSpectrumProvider::registerSpecies Register [Ext_Tl208]
RawSpectrumProvider::registerSpecies Register [Ext_Bi214]
RawSpectrumProvider::registerSpecies Register [Ext_K40]
RawSpectrumProvider::registerSpecies Register [U238_chain]
RawSpectrumProvider::registerSpecies Register [Th232_chain]
RawSpectrumProvider::registerSpecies Register [C14_pileup]
[InputManager]() registered
[PrepareData]() registered
[SimpleFit]() registered
[CNOTest]() registered
[HMLMTest]() registered
[ScanPar]() registered
[CorrelationManager]() registered
[ContourManager]() registered
[OutputManager]() registered
Checking GPU [0]/[1]
Running on [Tesla K80] with compute capability of 3.7
Warning: BatchOutputManager not set, default are used.
LOG: Getting data from file input_files/Period2013_FVpep_TFCMI_c19.root
Searching final_nhits_pp_0 in pp
LOG: fitting histogram final_nhits_pp_0
WARNING: chain_counts_cum not TH1D, trying other TH1
WARNING: No chain_counts_cum in input directory, trying in the main directory of the file
chain_counts_cum: mean 23.5164
[default] adopt [global] as its parent.
Inserting period [default,input_files/Period2013_FVpep_TFCMI_c19.root,pp/final_nhits_pp_0,fitoptions/fitoptions_gpu-mv-2013-pdfs_TAUP2017-nhits-emin92_Po210-shift.cfg,species_list/species-fit-gpu-mvCNO-hm.icc]
ARG[1] <icc> = [species_list/species-fit-gpu-mvCNO-hm.icc]
InputManager::registerConfigset(default)
Loading from <fitoptions/fitoptions_gpu-mv-2013-pdfs_TAUP2017-nhits-emin92_Po210-shift.cfg>
h_n_used_pmts: mean 1614.48
h_n_used_pmts_weighted: mean 1621.94
h_n_used_pmts0: mean 1614.29
h_n_used_pmts_weighted0: mean 1621.84
h_n_used_pmts1: mean 1614.78
h_n_used_pmts_weighted1: mean 1622.11
option <n_used_charge_histo_name> not set, default value [h_n_used_charge] used
h_n_used_charge: mean 1611.12
option <n_used_charge_po210_histo_name> not set, default value [h_n_used_charge_weighted] used
h_n_used_charge_weighted: mean 1618.98
feq_inv: mean 1.23906
Mask [mask_2] from [h_n_used_pmts] Mean <999.503> RMS <576.992>
Mask [mask_3] from [h_n_used_pmts_weighted] Mean <999.503> RMS <576.994>
Mask [mask_4] from [h_n_used_pmts0] Mean <999.503> RMS <576.992>
Mask [mask_5] from [h_n_used_pmts_weighted0] Mean <999.503> RMS <576.994>
Mask [mask_6] from [h_n_used_pmts1] Mean <999.503> RMS <576.992>
Mask [mask_7] from [h_n_used_pmts_weighted1] Mean <999.503> RMS <576.994>
*********Dump options parsed*********************************
MC_ext_bkg => <true>
alpha_response_function => <scaled_poisson>
alpha_subtracted => <false>
apply_radiochemical_constraints => <false>
applying_mask => <true>
beta_response_function => <scaled_poisson>
bi210_spectrum => <aldo>
c11_quenching_fixed => <false>
c11_subtracted => <true>
complementary_histo_fit => <true>
complementary_histo_name => <pp/final_nhits_pp_1>
convolve_dark_noise => <false>
dark_noise_window => <win1>
fit_results_output => <fit_results.root>
fit_variable => <nhits>
fit_variable_MC => <nhits>
freeMCshiftPo210 => <true>
geometric_correction_on => <false>
icc => <species_list/species-fit-gpu-mvCNO-hm.icc>
ly_fixed => <false>
meantime_cut => <no>
minimization_method => <likelihood>
minimization_routine => <minuit>
montecarlo_interpolation => <off>
montecarlo_spectra_file => <pdfs_TAUP2017/MCspectra_pp_FVpep_2013_emin1_masked.root>
multivariate_ps_fit => <true>
multivariate_rdist_fit => <true>
n_used_pmts_histo_name => <h_n_used_pmts>
n_used_pmts_po210_histo_name => <h_n_used_pmts_weighted>
n_used_pmts_po210_tfc0_histo_name => <h_n_used_pmts_weighted0>
n_used_pmts_po210_tfc1_histo_name => <h_n_used_pmts_weighted1>
n_used_pmts_tfc0_histo_name => <h_n_used_pmts0>
n_used_pmts_tfc1_histo_name => <h_n_used_pmts1>
neutrino_magnetic_moment => <no>
no_lead_cut => <no>
norm_variable => <true>
npe_offset_fixed => <true>
pb214_spectrum => <aldo>
pileup_eff_ly_fixed => <true>
plot_filename => <plot.root>
po210_quenching_fixed => <false>
quenching_parameterization => <echidna>
save_fit_results => <false>
scale_poisson => <true>
show_only_c14_c14 => <false>
spectra_pdfs => <montecarlo>
synthpup_file => <P91011_Synthetic_Spectra.root>
synthpup_hist => <h_synth_spec_5_dt1>
use_alpha_response_function => <false>
use_remaining_pb214 => <false>
weighted_response => <false>
alpha_resolution_0_guess => float: [1.2]
alpha_resolution_0_max => float: [20]
alpha_resolution_0_min => float: [0]
alpha_resolution_1_guess => float: [0]
alpha_resolution_1_max => float: [0]
alpha_resolution_1_min => float: [0]
alpha_resolution_2_guess => float: [0]
alpha_resolution_2_max => float: [0]
alpha_resolution_2_min => float: [0]
beta_resolution_0_guess => float: [3]
beta_resolution_0_max => float: [20]
beta_resolution_0_min => float: [0]
beta_resolution_1_guess => float: [3]
beta_resolution_1_max => float: [20]
beta_resolution_1_min => float: [0]
beta_resolution_2_guess => float: [7]
beta_resolution_2_max => float: [7]
beta_resolution_2_min => float: [7]
beta_resolution_3_guess => float: [2]
beta_resolution_3_max => float: [10]
beta_resolution_3_min => float: [0]
beta_resolution_4_guess => float: [0]
beta_resolution_4_max => float: [0]
beta_resolution_4_min => float: [0]
beta_resolution_5_guess => float: [0]
beta_resolution_5_max => float: [0]
beta_resolution_5_min => float: [0]
c11_quenching => float: [0.8828]
c14_shape_factor => float: [1.24]
c14_threshold => float: [100]
dark_noise_threshold => float: [100]
ext_bckgd_eff_ly => float: [1.0228]
fCher => float: [2]
fit_verbosity => float: [0]
geometric_correction => float: [0.112]
histogram_binwidth => float: [1]
kb => float: [0.0109]
ly_guess => float: [0.49]
maximum_energy => float: [950]
meantime_cut_correction_c1 => float: [0.974]
meantime_cut_correction_c2 => float: [-0.00211]
minimum_energy => float: [92]
multivariate_ps_fit_bins => float: [1]
multivariate_ps_fit_max => float: [650]
multivariate_ps_fit_min => float: [400]
multivariate_ps_fit_smooth => float: [0]
multivariate_rdist_fit_bins => float: [16]
multivariate_rdist_fit_max => float: [900]
multivariate_rdist_fit_min => float: [500]
multivariate_rdist_fit_smooth => float: [0]
npe_offset => float: [0]
number_of_bins_for_weighted_response => float: [10]
pileup_eff_ly => float: [0.935]
pileup_penalty_max => float: [120]
pileup_penalty_mean => float: [2.1]
pileup_penalty_min => float: [100]
pileup_penalty_sigma => float: [0.04]
po210_quenching => float: [0.07879]
poisson_factor => float: [15]
poisson_threshold => float: [100]
ser_under_threshold => float: [0.12]
sys_errors_scale => float: [0]
unequalization_factor => float: [1]
*************************************************************
Inserting Constant name [compute_likelihood_p_value] value [0]
regV registering [compute_likelihood_p_value] as [0]
Inserting [C11_qch] to [global]
Inserting [Po210_qch] to [default]
Inserting [extly_qch] to [global]
Linking [Ext_Tl208_qch] with [extly_qch] in [global]
Linking [Ext_Bi214_qch] with [extly_qch] in [global]
Linking [Ext_K40_qch] with [extly_qch] in [global]
Inserting [Po218_qch] to [global]
Inserting [Rn222_qch] to [global]
Inserting [C10_qch] to [global]
Bad programming style of using const_cast!!!
regV registering [NL] as [0x7ffc60291af0]
Inserting [beta_ly] to [default]
858
Inserting [beta_resolution_0] to [global]
Inserting [beta_resolution_1] to [global]
Inserting [beta_resolution_2] to [global]
Inserting [beta_resolution_3] to [global]
Inserting [beta_resolution_4] to [global]
Inserting [beta_resolution_5] to [global]
Inserting [alpha_resolution_0] to [default]
Inserting [alpha_resolution_1] to [default]
Inserting [alpha_resolution_2] to [default]
Inserting [alpha_resolution_3] to [default]
Inserting [alpha_resolution_4] to [default]
Inserting [alpha_resolution_5] to [default]
Inserting [mlp_correction_0] to [default]
Inserting [mlp_correction_1] to [default]
Inserting [mlp_correction_2] to [default]
Inserting [mlp_correction_3] to [default]
Integral: 11.6405, sum = 1.17605e+06, endpoint = 671.809
Integral: 76.3209, sum = 1.81556e+07, endpoint = 264.064
RawSpectrumProvider::registerSpecies Register [nu(Be7+munu)]
RawSpectrumProvider::registerSpecies Register [nu(pp+munu)]
RawSpectrumProvider::registerSpecies Register [Bi210]
RawSpectrumProvider::registerSpecies Register [nu(Be7)]
feq: 1.23879 feq_po: 1.23309
Inserting [default] to default feq: 1.23879 0
Inserting [Po210] to default feq: 1.23309 0
Dumping pre-created rates:
INFO: loading species from file species_list/species-fit-gpu-mvCNO-hm.icc
Inserting [Bi210] to [default]
Inserting [C10_2] to [default]
Inserting [C11] to [default]
Inserting [C11_2] to [default]
Inserting [C14] to [global]
Inserting [C14_pileup] to [default]
Inserting [Ext_Bi214] to [global]
Inserting [Ext_K40] to [global]
Inserting [Ext_Tl208] to [global]
Inserting [He6_2] to [global]
Inserting [Kr85] to [default]
Inserting [Po210] to [default]
Inserting [Po210_2] to [default]
Inserting [nu(B8)] to [default]
Inserting [nu(Be7)] to [global]
Inserting [nu(CNO)] to [global]
Inserting [nu(pep)] to [global]
Inserting [nu(pp)] to [global]
 [global] : (C10_qch, global.C10_qch) 
 [global] : (C11_qch, global.C11_qch) 
 [global] : (C14, global.C14) 
 [global] : (Ext_Bi214, global.Ext_Bi214) 
 [global] : (Ext_Bi214_qch, global.extly_qch) 
 [global] : (Ext_K40, global.Ext_K40) 
 [global] : (Ext_K40_qch, global.extly_qch) 
 [global] : (Ext_Tl208, global.Ext_Tl208) 
 [global] : (Ext_Tl208_qch, global.extly_qch) 
 [global] : (He6_2, global.He6_2) 
 [global] : (Po218_qch, global.Po218_qch) 
 [global] : (Rn222_qch, global.Rn222_qch) 
 [global] : (beta_resolution_0, global.beta_resolution_0) 
 [global] : (beta_resolution_1, global.beta_resolution_1) 
 [global] : (beta_resolution_2, global.beta_resolution_2) 
 [global] : (beta_resolution_3, global.beta_resolution_3) 
 [global] : (beta_resolution_4, global.beta_resolution_4) 
 [global] : (beta_resolution_5, global.beta_resolution_5) 
 [global] : (extly_qch, global.extly_qch) 
 [global] : (nu(Be7), global.nu(Be7)) 
 [global] : (nu(CNO), global.nu(CNO)) 
 [global] : (nu(pep), global.nu(pep)) 
 [global] : (nu(pp), global.nu(pp)) 
default>-- [default] : (Bi210, default.Bi210) 
default>-- [default] : (C10_2, default.C10_2) 
default>-- [default] : (C11, default.C11) 
default>-- [default] : (C11_2, default.C11_2) 
default>-- [default] : (C14_pileup, default.C14_pileup) 
default>-- [default] : (Kr85, default.Kr85) 
default>-- [default] : (Po210, default.Po210) 
default>-- [default] : (Po210_2, default.Po210_2) 
default>-- [default] : (Po210_qch, default.Po210_qch) 
default>-- [default] : (alpha_resolution_0, default.alpha_resolution_0) 
default>-- [default] : (alpha_resolution_1, default.alpha_resolution_1) 
default>-- [default] : (alpha_resolution_2, default.alpha_resolution_2) 
default>-- [default] : (alpha_resolution_3, default.alpha_resolution_3) 
default>-- [default] : (alpha_resolution_4, default.alpha_resolution_4) 
default>-- [default] : (alpha_resolution_5, default.alpha_resolution_5) 
default>-- [default] : (beta_ly, default.beta_ly) 
default>-- [default] : (mlp_correction_0, default.mlp_correction_0) 
default>-- [default] : (mlp_correction_1, default.mlp_correction_1) 
default>-- [default] : (mlp_correction_2, default.mlp_correction_2) 
default>-- [default] : (mlp_correction_3, default.mlp_correction_3) 
default>-- [default] : (nu(B8), default.nu(B8)) 
InputManager::registerDataset(default.Major)
InputManager::registerDataset(default.TFCtagged)
InputManager::registerDataset(pileupL)
Inserting period full [default.Major]
Inserting period full [default.TFCtagged]
Inserting period full [pileupL]
Livetime: 150.6 days (c11 subtracted)
computing mass from input_files/Period2013_FVpep_TFCMI_c19.root
Mass: 71.3 tons
Inserting [default.Major] exposure : [10737.8 (day x tons)]
computing mass from input_files/Period2013_FVpep_TFCMI_c19.root
Inserting [default.TFCtagged] exposure : [6624.08 (day x tons)]
Inserting type [remaining_pb214] name [default] value [0]
Remaining Pb214 [default] : 0 cpd/100 tons
WARNING: pp/final_nhits_pp_1 not TH1D, trying other TH1
WARNING: No pp/final_nhits_pp_1 in input directory, trying in the main directory of the file
pp/final_nhits_pp_1: mean 49.8482
WARNING: the spectrum of [Major] had not Sumw2 set. Setting it now.
WARNING: the spectrum of [TFCtagged] had not Sumw2 set. Setting it now.
Inserting [default.Major] data set
Inserting [default.TFCtagged] data set
INFO: loading species from file species_list/species-fit-gpu-mvCNO-hm.icc
Loading [Bi210] from [pdfs_TAUP2017/MCspectra_pp_FVpep_2013_emin1_masked.root/bi210_nhits]
bad programing style, const_cast!!
creating MC species [Bi210] in [default]
Warning: quenching [Bi210_qch] not found in [default].
[Bi210] loaded for [default]
Inserting species (Bi210)[Bi210] to [default.Major] 
Inserting species (Bi210)[Bi210] to [default.TFCtagged] 
Loading [C10] from [pdfs_TAUP2017/MCspectra_pp_FVpep_2013_emin1_masked.root/c10_nhits]
bad programing style, const_cast!!
creating MC species [C10] in [default]
[C10] loaded for [default]
Inserting species (C10_2)[C10] to [default.TFCtagged] 
Loading [C11] from [pdfs_TAUP2017/MCspectra_pp_FVpep_2013_emin1_masked.root/c11_nhits]
bad programing style, const_cast!!
creating MC species [C11] in [default]
[C11] loaded for [default]
Inserting species (C11)[C11] to [default.Major] 
creating MC species [C11] in [default]
[C11] loaded for [default]
Inserting species (C11_2)[C11] to [default.TFCtagged] 
Loading [C14] from [pdfs_TAUP2017/MCspectra_pp_FVpep_2013_emin1_masked.root/c14_nhits]
bad programing style, const_cast!!
creating MC species [C14] in [default]
Warning: quenching [C14_qch] not found in [default].
[C14] loaded for [default]
Inserting species (C14)[C14] to [default.Major] 
Inserting species (C14)[C14] to [default.TFCtagged] 
Loading [C14_pileup] from [pdfs_TAUP2017/MCspectra_pp_FVpep_2013_emin1_masked.root/MC_pileup_nhits]
bad programing style, const_cast!!
creating MC species [C14_pileup] in [default]
Warning: quenching [C14_pileup_qch] not found in [default].
[C14_pileup] loaded for [default]
Inserting species (C14_pileup)[C14_pileup] to [default.Major] 
Inserting species (C14_pileup)[C14_pileup] to [default.TFCtagged] 
Loading [Ext_Bi214] from [pdfs_TAUP2017/MCspectra_pp_FVpep_2013_emin1_masked.root/ext_bi214_nhits]
bad programing style, const_cast!!
creating MC species [Ext_Bi214] in [default]
[Ext_Bi214] loaded for [default]
Inserting species (Ext_Bi214)[Ext_Bi214] to [default.Major] 
Inserting species (Ext_Bi214)[Ext_Bi214] to [default.TFCtagged] 
Loading [Ext_K40] from [pdfs_TAUP2017/MCspectra_pp_FVpep_2013_emin1_masked.root/ext_k40_nhits]
bad programing style, const_cast!!
creating MC species [Ext_K40] in [default]
[Ext_K40] loaded for [default]
Inserting species (Ext_K40)[Ext_K40] to [default.Major] 
Inserting species (Ext_K40)[Ext_K40] to [default.TFCtagged] 
Loading [Ext_Tl208] from [pdfs_TAUP2017/MCspectra_pp_FVpep_2013_emin1_masked.root/ext_tl208_nhits]
bad programing style, const_cast!!
creating MC species [Ext_Tl208] in [default]
[Ext_Tl208] loaded for [default]
Inserting species (Ext_Tl208)[Ext_Tl208] to [default.Major] 
Inserting species (Ext_Tl208)[Ext_Tl208] to [default.TFCtagged] 
Loading [He6] from [pdfs_TAUP2017/MCspectra_pp_FVpep_2013_emin1_masked.root/he6_nhits]
bad programing style, const_cast!!
creating MC species [He6] in [default]
Warning: quenching [He6_qch] not found in [default].
[He6] loaded for [default]
Inserting species (He6_2)[He6] to [default.TFCtagged] 
Loading [Kr85] from [pdfs_TAUP2017/MCspectra_pp_FVpep_2013_emin1_masked.root/kr85_nhits]
bad programing style, const_cast!!
creating MC species [Kr85] in [default]
Warning: quenching [Kr85_qch] not found in [default].
[Kr85] loaded for [default]
Inserting species (Kr85)[Kr85] to [default.Major] 
Inserting species (Kr85)[Kr85] to [default.TFCtagged] 
Loading [Po210] from [pdfs_TAUP2017/MCspectra_pp_FVpep_2013_emin1_masked.root/po210_nhits]
bad programing style, const_cast!!
creating MC species [Po210] in [default]
bad programming! const_cast used!
Inserting [MCscalePo210] to [default]
Inserting [MCshiftPo210] to [default]
[Po210] loaded for [default]
Inserting species (Po210)[Po210] to [default.Major] 
creating MC species [Po210] in [default]
bad programming! const_cast used!
[Po210] loaded for [default]
Inserting species (Po210_2)[Po210] to [default.TFCtagged] 
Loading [nu(B8)] from [pdfs_TAUP2017/MCspectra_pp_FVpep_2013_emin1_masked.root/b8_nhits]
bad programing style, const_cast!!
creating MC species [nu(B8)] in [default]
Warning: quenching [nu(B8)_qch] not found in [default].
[nu(B8)] loaded for [default]
Inserting species (nu(B8))[nu(B8)] to [default.Major] 
Inserting species (nu(B8))[nu(B8)] to [default.TFCtagged] 
Loading [nu(Be7)] from [pdfs_TAUP2017/MCspectra_pp_FVpep_2013_emin1_masked.root/be7_nhits]
bad programing style, const_cast!!
creating MC species [nu(Be7)] in [default]
Warning: quenching [nu(Be7)_qch] not found in [default].
[nu(Be7)] loaded for [default]
Inserting species (nu(Be7))[nu(Be7)] to [default.Major] 
Inserting species (nu(Be7))[nu(Be7)] to [default.TFCtagged] 
Loading [nu(CNO)] from [pdfs_TAUP2017/MCspectra_pp_FVpep_2013_emin1_masked.root/cno_nhits]
bad programing style, const_cast!!
creating MC species [nu(CNO)] in [default]
Warning: quenching [nu(CNO)_qch] not found in [default].
[nu(CNO)] loaded for [default]
Inserting species (nu(CNO))[nu(CNO)] to [default.Major] 
Inserting species (nu(CNO))[nu(CNO)] to [default.TFCtagged] 
Loading [nu(pep)] from [pdfs_TAUP2017/MCspectra_pp_FVpep_2013_emin1_masked.root/pep_nhits]
bad programing style, const_cast!!
creating MC species [nu(pep)] in [default]
Warning: quenching [nu(pep)_qch] not found in [default].
[nu(pep)] loaded for [default]
Inserting species (nu(pep))[nu(pep)] to [default.Major] 
Inserting species (nu(pep))[nu(pep)] to [default.TFCtagged] 
Loading [nu(pp)] from [pdfs_TAUP2017/MCspectra_pp_FVpep_2013_emin1_masked.root/pp_nhits]
bad programing style, const_cast!!
creating MC species [nu(pp)] in [default]
Warning: quenching [nu(pp)_qch] not found in [default].
[nu(pp)] loaded for [default]
Inserting species (nu(pp))[nu(pp)] to [default.Major] 
Inserting species (nu(pp))[nu(pp)] to [default.TFCtagged] 
Inserting [default.Major] species vector
searching for [Bi210_sys]..
searching for [C11_sys]..
[default.Major] inserting a new pull: C14_pull
Inserting [C14_pull] to [default]
searching for [C14_sys]..
searching for [C14_pileup_sys]..
searching for [Ext_Bi214_sys]..
searching for [Ext_K40_sys]..
searching for [Ext_Tl208_sys]..
searching for [Kr85_sys]..
searching for [Po210_sys]..
searching for [nu(B8)_sys]..
searching for [nu(Be7)_sys]..
searching for [nu(CNO)_sys]..
searching for [nu(pep)_sys]..
searching for [nu(pp)_sys]..
Inserting [default.TFCtagged] species vector
searching for [Bi210_sys]..
searching for [C10_2_sys]..
searching for [C11_2_sys]..
searching for [C14_sys]..
searching for [C14_pileup_sys]..
searching for [Ext_Bi214_sys]..
searching for [Ext_K40_sys]..
searching for [Ext_Tl208_sys]..
searching for [He6_2_sys]..
searching for [Kr85_sys]..
searching for [Po210_2_sys]..
searching for [nu(B8)_sys]..
searching for [nu(Be7)_sys]..
searching for [nu(CNO)_sys]..
searching for [nu(pep)_sys]..
searching for [nu(pp)_sys]..
setting quenching of [Po210] to [0.07879]
Pb214 not implemented in bx-GooStats, it's ignored
setting quenching of [C11] to [0.8828]
INFO: 210Po PMTs used: 2000,0
RawSpectrumProvider::registerSpecies Register [default.Major]
type: [default.Major][0][1]
You have chosen SeparateSumPdfFactory<DnType<NoDn> MLPType<no> MaskType<Mask> DnAfterMask <no>>
SumPdf::registerFunc register [Bi210] as [0]
SumPdf::registerFunc register [C11] as [1]
SumPdf::registerFunc register [C14] as [2]
SumPdf::registerFunc register [C14_pileup] as [3]
SumPdf::registerFunc register [Ext_Bi214] as [4]
SumPdf::registerFunc register [Ext_K40] as [5]
SumPdf::registerFunc register [Ext_Tl208] as [6]
SumPdf::registerFunc register [Kr85] as [7]
SumPdf::registerFunc register [Po210] as [8]
SumPdf::registerFunc register [nu(B8)] as [9]
SumPdf::registerFunc register [nu(Be7)] as [10]
SumPdf::registerFunc register [nu(CNO)] as [11]
SumPdf::registerFunc register [nu(pep)] as [12]
SumPdf::registerFunc register [nu(pp)] as [13]
SumPdf::registerFunc register [Bi210] as [14]
SumPdf::registerFunc register [C11] as [15]
SumPdf::registerFunc register [C14] as [16]
SumPdf::registerFunc register [C14_pileup] as [17]
SumPdf::registerFunc register [Ext_Bi214] as [18]
SumPdf::registerFunc register [Ext_K40] as [19]
SumPdf::registerFunc register [Ext_Tl208] as [20]
SumPdf::registerFunc register [Kr85] as [21]
SumPdf::registerFunc register [Po210] as [22]
SumPdf::registerFunc register [nu(B8)] as [23]
SumPdf::registerFunc register [nu(Be7)] as [24]
SumPdf::registerFunc register [nu(CNO)] as [25]
SumPdf::registerFunc register [nu(pep)] as [26]
SumPdf::registerFunc register [nu(pp)] as [27]
Inserting [default.Major] sum pdf
Checking [Bi210] for <User> found? [1] is class<0>? [1]
Checking [C11] for <User> found? [1] is class<0>? [0]
Checking [C14] for <User> found? [1] is class<0>? [1]
Checking [C14_pileup] for <User> found? [1] is class<0>? [1]
Checking [Ext_Bi214] for <User> found? [1] is class<0>? [1]
Checking [Ext_K40] for <User> found? [1] is class<0>? [1]
Checking [Ext_Tl208] for <User> found? [1] is class<0>? [1]
Checking [Kr85] for <User> found? [1] is class<0>? [1]
Checking [Po210] for <User> found? [1] is class<0>? [1]
Checking [nu(B8)] for <User> found? [1] is class<0>? [1]
Checking [nu(Be7)] for <User> found? [1] is class<0>? [1]
Checking [nu(CNO)] for <User> found? [1] is class<0>? [1]
Checking [nu(pep)] for <User> found? [1] is class<0>? [1]
Checking [nu(pp)] for <User> found? [1] is class<0>? [1]
Checking [Bi210] for <User> found? [1] is class<1>? [0]
Checking [C11] for <User> found? [1] is class<1>? [1]
Checking [C14] for <User> found? [1] is class<1>? [0]
Checking [C14_pileup] for <User> found? [1] is class<1>? [0]
Checking [Ext_Bi214] for <User> found? [1] is class<1>? [0]
Checking [Ext_K40] for <User> found? [1] is class<1>? [0]
Checking [Ext_Tl208] for <User> found? [1] is class<1>? [0]
Checking [Kr85] for <User> found? [1] is class<1>? [0]
Checking [Po210] for <User> found? [1] is class<1>? [0]
Checking [nu(B8)] for <User> found? [1] is class<1>? [0]
Checking [nu(Be7)] for <User> found? [1] is class<1>? [0]
Checking [nu(CNO)] for <User> found? [1] is class<1>? [0]
Checking [nu(pep)] for <User> found? [1] is class<1>? [0]
Checking [nu(pp)] for <User> found? [1] is class<1>? [0]
Inserting [default]-[default] MV term
Checking [Bi210] for <Rdist> found? [1] is class<0>? [1]
Checking [C11] for <Rdist> found? [1] is class<0>? [1]
Checking [C14] for <Rdist> found? [1] is class<0>? [1]
Checking [C14_pileup] for <Rdist> found? [1] is class<0>? [0]
Checking [Ext_Bi214] for <Rdist> found? [1] is class<0>? [0]
Checking [Ext_K40] for <Rdist> found? [1] is class<0>? [0]
Checking [Ext_Tl208] for <Rdist> found? [1] is class<0>? [0]
Checking [Kr85] for <Rdist> found? [1] is class<0>? [1]
Checking [Po210] for <Rdist> found? [1] is class<0>? [1]
Checking [nu(B8)] for <Rdist> found? [1] is class<0>? [1]
Checking [nu(Be7)] for <Rdist> found? [1] is class<0>? [1]
Checking [nu(CNO)] for <Rdist> found? [1] is class<0>? [1]
Checking [nu(pep)] for <Rdist> found? [1] is class<0>? [1]
Checking [nu(pp)] for <Rdist> found? [1] is class<0>? [1]
Checking [Bi210] for <Rdist> found? [1] is class<1>? [0]
Checking [C11] for <Rdist> found? [1] is class<1>? [0]
Checking [C14] for <Rdist> found? [1] is class<1>? [0]
Checking [C14_pileup] for <Rdist> found? [1] is class<1>? [1]
Checking [Ext_Bi214] for <Rdist> found? [1] is class<1>? [1]
Checking [Ext_K40] for <Rdist> found? [1] is class<1>? [1]
Checking [Ext_Tl208] for <Rdist> found? [1] is class<1>? [1]
Checking [Kr85] for <Rdist> found? [1] is class<1>? [0]
Checking [Po210] for <Rdist> found? [1] is class<1>? [0]
Checking [nu(B8)] for <Rdist> found? [1] is class<1>? [0]
Checking [nu(Be7)] for <Rdist> found? [1] is class<1>? [0]
Checking [nu(CNO)] for <Rdist> found? [1] is class<1>? [0]
Checking [nu(pep)] for <Rdist> found? [1] is class<1>? [0]
Checking [nu(pp)] for <Rdist> found? [1] is class<1>? [0]
Inserting [default]-[default] MV term
Inserting [default]-[default] MV term
Inserting [default]-[default] MV term
Inserting [default]-[default] MV term
Inserting [default]-[default] MV term
Inserting [default]-[default] MV term
Inserting [default]-[default] MV term
Inserting [default]-[default] MV term
Inserting [default]-[default] MV term
Inserting [default]-[default] MV term
Inserting [default]-[default] MV term
Inserting [default]-[default] MV term
Inserting [default]-[default] MV term
Inserting [default]-[default] MV term
Inserting [default]-[default] MV term
Inserting [default]-[default] MV term
Inserting [default]-[global.C14] pull term
Pb214 not implemented in bx-GooStats, it's ignored
RawSpectrumProvider::registerSpecies Register [default.TFCtagged]
type: [default.TFCtagged][0][1]
You have chosen SeparateSumPdfFactory<DnType<NoDn> MLPType<no> MaskType<Mask> DnAfterMask <no>>
SumPdf::registerFunc register [C10] as [28]
SumPdf::registerFunc register [C11] as [29]
SumPdf::registerFunc register [He6] as [30]
SumPdf::registerFunc register [Po210] as [31]
SumPdf::registerFunc register [Bi210] as [32]
SumPdf::registerFunc register [C10] as [33]
SumPdf::registerFunc register [C11] as [34]
SumPdf::registerFunc register [C14] as [35]
SumPdf::registerFunc register [C14_pileup] as [36]
SumPdf::registerFunc register [Ext_Bi214] as [37]
SumPdf::registerFunc register [Ext_K40] as [38]
SumPdf::registerFunc register [Ext_Tl208] as [39]
SumPdf::registerFunc register [He6] as [40]
SumPdf::registerFunc register [Kr85] as [41]
SumPdf::registerFunc register [Po210] as [42]
SumPdf::registerFunc register [nu(B8)] as [43]
SumPdf::registerFunc register [nu(Be7)] as [44]
SumPdf::registerFunc register [nu(CNO)] as [45]
SumPdf::registerFunc register [nu(pep)] as [46]
SumPdf::registerFunc register [nu(pp)] as [47]
Inserting [default.TFCtagged] sum pdf
Inserting (Datasets:default.Major)<default.Major>
Inserting (Datasets:default.TFCtagged)<default.TFCtagged>
Inserting (LikelihoodFactory)<default>
Inserting (LikelihoodFactory)<default>
Inserting (LikelihoodFactory)<default>
Inserting (LikelihoodFactory)<default>
Inserting (LikelihoodFactory)<default>
Inserting (LikelihoodFactory)<default>
Inserting (LikelihoodFactory)<default>
Inserting (LikelihoodFactory)<default>
Inserting (LikelihoodFactory)<default>
Inserting (LikelihoodFactory)<default>
Inserting (LikelihoodFactory)<default>
Inserting (LikelihoodFactory)<default>
Inserting (LikelihoodFactory)<default>
Inserting (LikelihoodFactory)<default>
Inserting (LikelihoodFactory)<default>
Inserting (LikelihoodFactory)<default>
Inserting (LikelihoodFactory)<default>
Inserting (LikelihoodFactory)<global.C14>
Inserting (Datasets:pileupL)<pileupL>
Debug: LL size 21
 PARAMETER DEFINITIONS:
    NO.   NAME         VALUE      STEP SIZE      LIMITS
     1 default.Bi210   2.00000e+01  1.00000e+00    0.00000e+00  1.00000e+02
     2 default.C11   2.80000e+01  1.00000e+00    0.00000e+00  1.00000e+02
     3 global.C14   3.45600e+06  3.93120e+04    0.00000e+00  3.93120e+06
     4 default.C14_pileup   4.00000e+06  6.00000e+04    0.00000e+00  6.00000e+06
     5 global.Ext_Bi214   5.00000e-01  1.00000e-01    0.00000e+00  1.00000e+01
     6 global.Ext_K40   1.50000e-01  1.00000e-01    0.00000e+00  1.00000e+01
     7 global.Ext_Tl208   1.90000e+00  1.00000e-01    0.00000e+00  1.00000e+01
     8 default.Kr85   5.00000e+00  3.00000e-01    0.00000e+00  3.00000e+01
     9 default.Po210   3.00000e+02  2.99999e+01    1.00000e-02  3.00000e+03
    10 default.nu(B8)   4.60000e-01  1.00000e-01    0.00000e+00  1.00000e+01
 **********
 **    1 **FIX          10
 **********
 PARAMETER DEFINITIONS:
    NO.   NAME         VALUE      STEP SIZE      LIMITS
    11 global.nu(Be7)   4.85000e+01  5.00000e-01    2.00000e+01  7.00000e+01
    12 global.nu(CNO)   4.92000e+00  constant
 **********
 **    2 **FIX          12
 **********
 PARAMETER   12  IS CONSTANT.   IGNORED.
 PARAMETER DEFINITIONS:
    NO.   NAME         VALUE      STEP SIZE      LIMITS
    13 global.nu(pep)   2.20000e+00  1.00000e-01    0.00000e+00  1.00000e+01
    14 global.nu(pp)   1.33000e+02  3.00000e+00    0.00000e+00  3.00000e+02
    15 default.MCscalePo210   1.00000e+00  constant
    16 default.MCshiftPo210   0.00000e+00  1.00000e-03   -5.00000e+01  5.00000e+01
    17 default.C10_2   1.10000e+00  1.00000e-01    0.00000e+00  1.00000e+01
    18 default.C11_2   5.00000e+01  2.00000e+00    0.00000e+00  2.00000e+02
    19 global.He6_2   4.00000e-01  2.00000e-01    0.00000e+00  2.00000e+01
    20 default.Po210_2   3.00000e+02  2.99999e+01    1.00000e-02  3.00000e+03
 **********
 **    3 **SET ERRDEF         0.5
 **********
 PARAMETER DEFINITIONS:
    NO.   NAME         VALUE      STEP SIZE      LIMITS
     1 default.Bi210   2.00000e+01  1.00000e+00    0.00000e+00  1.00000e+02
     2 default.C11   2.80000e+01  1.00000e+00    0.00000e+00  1.00000e+02
     3 global.C14   3.45600e+06  3.93120e+04    0.00000e+00  3.93120e+06
     4 default.C14_pileup   4.00000e+06  6.00000e+04    0.00000e+00  6.00000e+06
     5 global.Ext_Bi214   5.00000e-01  1.00000e-01    0.00000e+00  1.00000e+01
     6 global.Ext_K40   1.50000e-01  1.00000e-01    0.00000e+00  1.00000e+01
     7 global.Ext_Tl208   1.90000e+00  1.00000e-01    0.00000e+00  1.00000e+01
     8 default.Kr85   5.00000e+00  3.00000e-01    0.00000e+00  3.00000e+01
     9 default.Po210   3.00000e+02  2.99999e+01    1.00000e-02  3.00000e+03
    10 default.nu(B8)   4.60000e-01  1.00000e-01    0.00000e+00  1.00000e+01
 **********
 **    1 **FIX          10
 **********
 PARAMETER DEFINITIONS:
    NO.   NAME         VALUE      STEP SIZE      LIMITS
    11 global.nu(Be7)   4.85000e+01  5.00000e-01    2.00000e+01  7.00000e+01
    12 global.nu(CNO)   4.92000e+00  constant
 **********
 **    2 **FIX          12
 **********
 PARAMETER   12  IS CONSTANT.   IGNORED.
 PARAMETER DEFINITIONS:
    NO.   NAME         VALUE      STEP SIZE      LIMITS
    13 global.nu(pep)   2.20000e+00  1.00000e-01    0.00000e+00  1.00000e+01
    14 global.nu(pp)   1.33000e+02  3.00000e+00    0.00000e+00  3.00000e+02
    15 default.MCscalePo210   1.00000e+00  constant
    16 default.MCshiftPo210   0.00000e+00  1.00000e-03   -5.00000e+01  5.00000e+01
    17 default.C10_2   1.10000e+00  1.00000e-01    0.00000e+00  1.00000e+01
    18 default.C11_2   5.00000e+01  2.00000e+00    0.00000e+00  2.00000e+02
    19 global.He6_2   4.00000e-01  2.00000e-01    0.00000e+00  2.00000e+01
    20 default.Po210_2   3.00000e+02  2.99999e+01    1.00000e-02  3.00000e+03
 **********
 **    3 **SET ERRDEF         0.5
 **********
 **********
 **    4 **MINIMIZE       2e+04
 **********
 FIRST CALL TO USER FUNCTION AT NEW START POINT, WITH IFLAG=4.
 START MIGRAD MINIMIZATION.  STRATEGY  1.  CONVERGENCE WHEN EDM .LT. 5.00e-05
 FCN=47296.6 FROM MIGRAD    STATUS=INITIATE      106 CALLS         107 TOTAL
                     EDM= unknown      STRATEGY= 1      NO ERROR MATRIX       
  EXT PARAMETER               CURRENT GUESS       STEP         FIRST   
  NO.   NAME      VALUE            ERROR          SIZE      DERIVATIVE 
   1  default.Bi210   2.00000e+01   1.00000e+00   0.00000e+00   1.07884e+03
   2  default.C11   2.80000e+01   1.00000e+00   0.00000e+00   4.05911e+03
   3  global.C14   3.45600e+06   3.93120e+04   0.00000e+00   1.35916e+02
   4  default.C14_pileup   4.00000e+06   6.00000e+04   0.00000e+00   5.77755e+04
   5  global.Ext_Bi214   5.00000e-01   1.00000e-01   0.00000e+00  -4.28053e-01
   6  global.Ext_K40   1.50000e-01   1.00000e-01   0.00000e+00   1.31777e+01
   7  global.Ext_Tl208   1.90000e+00   1.00000e-01   0.00000e+00  -8.01818e+01
   8  default.Kr85   5.00000e+00   3.00000e-01   0.00000e+00   3.39510e+02
   9  default.Po210   3.00000e+02   2.99999e+01   0.00000e+00   4.14327e+04
  10  default.nu(B8)   4.60000e-01     fixed    
  11  global.nu(Be7)   4.85000e+01   5.00000e-01   0.00000e+00   7.08603e+02
  12  global.nu(CNO)   4.92000e+00   constant   
  13  global.nu(pep)   2.20000e+00   1.00000e-01   0.00000e+00   1.48227e+02
  14  global.nu(pp)   1.33000e+02   3.00000e+00   0.00000e+00   2.08748e+02
  15  default.MCscalePo210   1.00000e+00   constant   
  16  default.MCshiftPo210   0.00000e+00   1.00000e-03   0.00000e+00  -3.30098e+03
  17  default.C10_2   1.10000e+00   1.00000e-01   0.00000e+00   2.63276e+01
  18  default.C11_2   5.00000e+01   2.00000e+00   0.00000e+00  -1.52850e+03
  19  global.He6_2   6.96968e+00   2.00000e-01   9.79129e-01  -1.08802e-02
  20  default.Po210_2   3.00000e+02   2.99999e+01   0.00000e+00   2.55995e+04
                               ERR DEF= 0.5
 MIGRAD MINIMIZATION HAS CONVERGED.
 MIGRAD WILL VERIFY CONVERGENCE AND ERROR MATRIX.
 COVARIANCE MATRIX CALCULATED SUCCESSFULLY
 FCN=4924.07 FROM MIGRAD    STATUS=CONVERGED    1757 CALLS        1758 TOTAL
                     EDM=2.12016e-06    STRATEGY= 1      ERROR MATRIX ACCURATE 
  EXT PARAMETER                                   STEP         FIRST   
  NO.   NAME      VALUE            ERROR          SIZE      DERIVATIVE 
   1  default.Bi210   1.36712e+01   3.32204e+00   1.60632e-03   1.57202e-03
   2  default.C11   1.40978e+00   1.83792e-01   6.44656e-04   1.78716e-04
   3  global.C14   3.46847e+06   4.15022e+04   1.56956e-03   2.28505e-03
   4  default.C14_pileup   6.76157e+05   1.28728e+04   3.24709e-04  -1.82360e-03
   5  global.Ext_Bi214   2.29961e+00   5.39097e-01   4.65591e-03   1.94710e-03
   6  global.Ext_K40   1.50422e+00   1.22167e+00   1.25243e-02  -9.58065e-04
   7  global.Ext_Tl208   2.87785e+00   3.04163e-01   2.39781e-03   5.84501e-03
   8  default.Kr85   6.52827e+00   2.90262e+00   5.05513e-03  -9.83002e-04
   9  default.Po210   1.60396e+02   1.37734e+00   9.44588e-05  -6.67735e-04
  10  default.nu(B8)   4.60000e-01     fixed    
  11  global.nu(Be7)   5.01353e+01   2.58527e+00   2.18893e-03   1.90425e-03
  12  global.nu(CNO)   4.92000e+00   constant   
  13  global.nu(pep)   5.01506e+00   8.43468e-01   4.47758e-03   1.77358e-03
  14  global.nu(pp)   1.15846e+02   1.98945e+01   5.39360e-03  -1.84876e-04
  15  default.MCscalePo210   1.00000e+00   constant   
  16  default.MCshiftPo210   7.80398e-01   1.08487e-01   1.03127e-04  -1.68508e-02
  17  default.C10_2   1.90704e+00   6.01858e-01   3.79277e-03   7.37107e-03
  18  default.C11_2   6.65574e+01   1.14196e+00   5.32376e-04   1.44844e-02
  19  global.He6_2   1.29391e-05   1.93148e+01   6.41592e-02  -4.55961e-05
  20  default.Po210_2   1.60335e+02   1.72454e+00   1.20269e-04  -6.81351e-04
                               ERR DEF= 0.5
 EXTERNAL ERROR MATRIX.    NDIM=  25    NPAR= 17    ERR DEF=0.5
 ELEMENTS ABOVE DIAGONAL ARE NOT PRINTED.
  1.107e+01 
  7.209e-02  3.378e-02 
  7.078e+02  3.415e+00  1.723e+09 
 -1.031e+02  2.882e-01 -2.210e+06  1.657e+08 
  1.617e-02 -1.266e-02  1.367e+00  2.069e-01  2.922e-01 
  9.430e-01 -8.032e-02  3.453e+01  3.195e+00 -1.039e-01  1.554e+00 
 -1.347e-02  1.706e-03 -5.951e-01 -1.417e-01 -9.231e-02  1.288e-02  9.265e-02 
 -3.604e+00 -3.025e-02  3.968e+03  1.327e+02 -7.494e-03 -3.741e-01  5.765e-03  8.584e+00 
  1.541e-01  1.112e-03 -6.799e+02 -1.939e+02 -6.400e-04  1.317e-02  1.922e-04 -7.489e-01  1.897e+00 
 -4.844e+00 -2.031e-02 -1.748e+03 -5.312e+01 -1.820e-03 -1.921e-01  2.521e-03 -3.067e+00 -2.150e-02  6.709e+00 
 -2.067e+00 -1.834e-02 -9.559e+01 -1.290e+01 -2.725e-03 -4.794e-01  3.490e-03  8.112e-01 -2.936e-02  5.741e-01  7.183e-01 
 -5.271e+00 -2.573e-02 -1.182e+05 -3.296e+04 -6.731e-03 -3.864e-01  3.205e-03 -2.346e+01  4.154e+00  1.077e+01  8.346e-01 
 -5.271e+00 -2.573e-02 -1.182e+05 -3.296e+04 -6.731e-03 -3.864e-01  3.205e-03 -2.346e+01  4.154e+00  1.077e+01  8.346e-01  3.983e+02 
  1.887e-02  5.928e-05  3.036e+01 -1.517e+00 -2.805e-05  1.387e-03 -9.597e-06  4.926e-02 -4.163e-03 -4.495e-02 -2.568e-03 
  1.887e-02  5.928e-05  3.036e+01 -1.517e+00 -2.805e-05  1.387e-03 -9.597e-06  4.926e-02 -4.163e-03 -4.495e-02 -2.568e-03 -1.853e-01  1.177e-02 
  2.236e-01  8.970e-04  1.004e+01  1.368e+00  1.881e-02  4.760e-03 -4.638e-02 -1.159e-01 -5.237e-03 -4.101e-02 -1.121e-02 
  2.236e-01  8.970e-04  1.004e+01  1.368e+00  1.881e-02  4.760e-03 -4.638e-02 -1.159e-01 -5.237e-03 -4.101e-02 -1.121e-02 -8.451e-02  1.860e-04  3.651e-01 
  3.844e-01  1.779e-02  1.461e+01  1.318e+00 -6.414e-03 -1.222e-01 -1.456e-04 -1.920e-01 -1.771e-03 -5.927e-02 -9.120e-02 
  3.844e-01  1.779e-02  1.461e+01  1.318e+00 -6.414e-03 -1.222e-01 -1.456e-04 -1.920e-01 -1.771e-03 -5.927e-02 -9.120e-02 -1.311e-01  2.481e-04  2.020e-01  1.304e+00 
 -2.637e-02  8.088e-05 -1.196e+00 -1.583e-01 -3.313e-03  1.439e-03  1.239e-03  1.373e-02  6.219e-04  4.778e-03  1.290e-03 
 -2.637e-02  8.088e-05 -1.196e+00 -1.583e-01 -3.313e-03  1.439e-03  1.239e-03  1.373e-02  6.219e-04  4.778e-03  1.290e-03  1.009e-02 -2.078e-05 -2.930e-02 -2.563e-02  3.485e-03 
  1.694e-01  1.024e-03 -6.857e+02 -1.938e+02  1.995e-03  1.173e-02 -7.900e-04 -7.698e-01  1.670e-01 -1.505e-02 -2.965e-02 
  1.694e-01  1.024e-03 -6.857e+02 -1.938e+02  1.995e-03  1.173e-02 -7.900e-04 -7.698e-01  1.670e-01 -1.505e-02 -2.965e-02  4.187e+00 -4.895e-03  1.770e-02  1.825e-02 -2.106e-03  2.974e+00 
 PARAMETER  CORRELATION COEFFICIENTS  
       NO.  GLOBAL      1      2      3      4      5      6      7      8      9     11     13     14     16     17     18     19
        1  0.93961   1.000  0.118  0.005 -0.002  0.009  0.227 -0.013 -0.370  0.034 -0.562 -0.733 -0.079  0.052  0.111  0.101 -0.134
        2  0.52137   0.118  1.000  0.000  0.000 -0.127 -0.350  0.030 -0.056  0.004 -0.043 -0.118 -0.007  0.003  0.008  0.085  0.007
        3  0.15102   0.005  0.000  1.000 -0.004  0.000  0.001 -0.000  0.033 -0.012 -0.016 -0.003 -0.143  0.007  0.000  0.000 -0.000
        4  0.15695  -0.002  0.000 -0.004  1.000  0.000  0.000 -0.000  0.004 -0.011 -0.002 -0.001 -0.128 -0.001  0.000  0.000 -0.000
        5  0.66378   0.009 -0.127  0.000  0.000  1.000 -0.154 -0.561 -0.005 -0.001 -0.001 -0.006 -0.001 -0.000  0.058 -0.010 -0.104
        6  0.67194   0.227 -0.350  0.001  0.000 -0.154  1.000  0.034 -0.102  0.008 -0.060 -0.454 -0.016  0.010  0.006 -0.086  0.020
        7  0.67702  -0.013  0.030 -0.000 -0.000 -0.561  0.034  1.000  0.006  0.000  0.003  0.014  0.001 -0.000 -0.252 -0.000  0.069
        8  0.89765  -0.370 -0.056  0.033  0.004 -0.005 -0.102  0.006  1.000 -0.186 -0.404  0.327 -0.401  0.155 -0.065 -0.057  0.079
        9  0.29630   0.034  0.004 -0.012 -0.011 -0.001  0.008  0.000 -0.186  1.000 -0.006 -0.025  0.151 -0.028 -0.006 -0.001  0.008
       11  0.90440  -0.562 -0.043 -0.016 -0.002 -0.001 -0.060  0.003 -0.404 -0.006  1.000  0.262  0.208 -0.160 -0.026 -0.020  0.031
       13  0.83836  -0.733 -0.118 -0.003 -0.001 -0.006 -0.454  0.014  0.327 -0.025  0.262  1.000  0.049 -0.028 -0.022 -0.094  0.026
       14  0.57997  -0.079 -0.007 -0.143 -0.128 -0.001 -0.016  0.001 -0.401  0.151  0.208  0.049  1.000 -0.086 -0.007 -0.006  0.009
       16  0.19543   0.052  0.003  0.007 -0.001 -0.000  0.010 -0.000  0.155 -0.028 -0.160 -0.028 -0.086  1.000  0.003  0.002 -0.003
       17  0.86085   0.111  0.008  0.000  0.000  0.058  0.006 -0.252 -0.065 -0.006 -0.026 -0.022 -0.007  0.003  1.000  0.293 -0.821
       18  0.42191   0.101  0.085  0.000  0.000 -0.010 -0.086 -0.000 -0.057 -0.001 -0.020 -0.094 -0.006  0.002  0.293  1.000 -0.380
       19  0.86235  -0.134  0.007 -0.000 -0.000 -0.104  0.020  0.069  0.079  0.008  0.031  0.026  0.009 -0.003 -0.821 -0.380  1.000
       20  0.23883   0.030  0.003 -0.010 -0.009  0.002  0.005 -0.002 -0.152  0.070 -0.003 -0.020  0.122 -0.026  0.017  0.009 -0.021
                     1.000
 **********
 **    5 **HESSE
 **********
 COVARIANCE MATRIX CALCULATED SUCCESSFULLY
 FCN=4924.07 FROM HESSE     STATUS=OK            213 CALLS        1971 TOTAL
                     EDM=2.09064e-06    STRATEGY= 1      ERROR MATRIX ACCURATE 
  EXT PARAMETER                                INTERNAL      INTERNAL  
  NO.   NAME      VALUE            ERROR       STEP SIZE       VALUE   
   1  default.Bi210   1.36712e+01   3.33395e+00   6.42526e-05  -8.13325e-01
   2  default.C11   1.40978e+00   1.83792e-01   2.57862e-05  -1.33277e+00
   3  global.C14   3.46847e+06   4.15032e+04   6.27824e-05   8.70395e-01
   4  default.C14_pileup   6.76157e+05   1.28712e+04   1.29883e-05  -8.86105e-01
   5  global.Ext_Bi214   2.29961e+00   5.40099e-01   1.86236e-04  -5.70529e-01
   6  global.Ext_K40   1.50422e+00   1.21982e+00   5.00972e-04  -7.74217e-01
   7  global.Ext_Tl208   2.87785e+00   3.04693e-01   9.59124e-05  -4.38332e-01
   8  default.Kr85   6.52827e+00   2.89600e+00   2.02205e-04  -6.00169e-01
   9  default.Po210   1.60396e+02   1.37708e+00   3.77835e-06  -1.10413e+00
  10  default.nu(B8)   4.60000e-01     fixed    
  11  global.nu(Be7)   5.01353e+01   2.58995e+00   8.75571e-05   2.06884e-01
  12  global.nu(CNO)   4.92000e+00   constant   
  13  global.nu(pep)   5.01506e+00   8.43227e-01   1.79103e-04   3.01163e-03
  14  global.nu(pp)   1.15846e+02   1.98836e+01   2.15744e-04  -6.51289e+00
  15  default.MCscalePo210   1.00000e+00   constant   
  16  default.MCshiftPo210   7.80398e-01   1.08481e-01   2.06254e-05   1.56086e-02
  17  default.C10_2   1.90704e+00   6.48609e-01   7.58554e-04  -6.66950e-01
  18  default.C11_2   6.65574e+01   1.18697e+00   1.06475e-04  -3.40996e-01
  19  global.He6_2   1.29391e-05   1.59795e+00   5.00000e-01  -1.57240e+00
  20  default.Po210_2   1.60335e+02   1.72450e+00   4.81077e-06  -1.10423e+00
                               ERR DEF= 0.5
 EXTERNAL ERROR MATRIX.    NDIM=  25    NPAR= 17    ERR DEF=0.5
 ELEMENTS ABOVE DIAGONAL ARE NOT PRINTED.
  1.115e+01 
  7.295e-02  3.378e-02 
  7.397e+02  3.653e+00  1.723e+09 
 -9.648e+01  6.296e-01 -2.203e+06  1.657e+08 
  2.448e-02 -1.276e-02  1.805e+00  3.232e-01  2.933e-01 
  9.337e-01 -7.988e-02  3.648e+01 -2.948e-01 -1.036e-01  1.550e+00 
 -1.532e-02  1.729e-03 -7.210e-01  6.057e-01 -9.289e-02  1.306e-02  9.298e-02 
 -3.593e+00 -3.019e-02  3.944e+03  1.328e+02 -1.163e-02 -3.662e-01  6.735e-03  8.544e+00 
  1.479e-01  1.099e-03 -6.778e+02 -1.941e+02 -8.334e-04  1.289e-02  2.577e-04 -7.399e-01  1.896e+00 
 -4.892e+00 -2.083e-02 -1.750e+03 -5.837e+01 -3.327e-03 -1.925e-01  2.765e-03 -3.057e+00 -2.401e-02  6.733e+00 
 -2.069e+00 -1.869e-02 -1.010e+02 -1.161e+01 -3.485e-03 -4.768e-01  3.577e-03  8.032e-01 -2.848e-02  5.802e-01  7.179e-01 
 -5.463e+00 -2.732e-02 -1.183e+05 -3.298e+04 -1.038e-02 -3.947e-01  3.969e-03 -2.327e+01  4.134e+00  1.076e+01  8.653e-01 
 -5.463e+00 -2.732e-02 -1.183e+05 -3.298e+04 -1.038e-02 -3.947e-01  3.969e-03 -2.327e+01  4.134e+00  1.076e+01  8.653e-01  3.978e+02 
  1.937e-02  6.363e-05  3.026e+01 -1.495e+00 -1.987e-05  1.405e-03 -1.133e-05  4.890e-02 -4.105e-03 -4.506e-02 -2.645e-03 
  1.937e-02  6.363e-05  3.026e+01 -1.495e+00 -1.987e-05  1.405e-03 -1.133e-05  4.890e-02 -4.105e-03 -4.506e-02 -2.645e-03 -1.844e-01  1.177e-02 
  2.998e-01  8.694e-04  1.431e+01  1.790e+00  2.400e-02  1.369e-03 -4.776e-02 -1.556e-01 -7.533e-03 -5.301e-02 -1.475e-02 
  2.998e-01  8.694e-04  1.431e+01  1.790e+00  2.400e-02  1.369e-03 -4.776e-02 -1.556e-01 -7.533e-03 -5.301e-02 -1.475e-02 -1.187e-01  2.539e-04  4.246e-01 
  4.842e-01  1.765e-02  2.044e+01  2.332e+00  1.248e-03 -1.251e-01 -2.333e-03 -2.428e-01 -4.625e-03 -7.622e-02 -9.664e-02 
  4.842e-01  1.765e-02  2.044e+01  2.332e+00  1.248e-03 -1.251e-01 -2.333e-03 -2.428e-01 -4.625e-03 -7.622e-02 -9.664e-02 -1.773e-01  3.427e-04  2.861e-01  1.409e+00 
 -4.976e-03  1.193e-05 -2.391e-01 -3.726e-02 -5.475e-04  2.548e-04  1.935e-04  2.590e-03  1.254e-04  8.722e-04  2.417e-04 
 -4.976e-03  1.193e-05 -2.391e-01 -3.726e-02 -5.475e-04  2.548e-04  1.935e-04  2.590e-03  1.254e-04  8.722e-04  2.417e-04  1.989e-03 -4.057e-06 -5.098e-03 -4.994e-03  8.501e-05 
  1.736e-01  9.993e-04 -6.830e+02 -1.938e+02  2.630e-03  1.097e-02 -9.636e-04 -7.662e-01  1.660e-01 -1.924e-02 -2.925e-02 
  1.736e-01  9.993e-04 -6.830e+02 -1.938e+02  2.630e-03  1.097e-02 -9.636e-04 -7.662e-01  1.660e-01 -1.924e-02 -2.925e-02  4.162e+00 -4.828e-03  2.433e-02  2.654e-02 -4.059e-04  2.974e+00 
 PARAMETER  CORRELATION COEFFICIENTS  
       NO.  GLOBAL      1      2      3      4      5      6      7      8      9     11     13     14     16     17     18     19
        1  0.94008   1.000  0.119  0.005 -0.002  0.014  0.225 -0.015 -0.368  0.032 -0.565 -0.731 -0.082  0.053  0.138  0.122 -0.162
        2  0.52138   0.119  1.000  0.000  0.000 -0.128 -0.349  0.031 -0.056  0.004 -0.044 -0.120 -0.007  0.003  0.007  0.081  0.007
        3  0.15119   0.005  0.000  1.000 -0.004  0.000  0.001 -0.000  0.033 -0.012 -0.016 -0.003 -0.143  0.007  0.001  0.000 -0.001
        4  0.15698  -0.002  0.000 -0.004  1.000  0.000 -0.000  0.000  0.004 -0.011 -0.002 -0.001 -0.128 -0.001  0.000  0.000 -0.000
        5  0.66537   0.014 -0.128  0.000  0.000  1.000 -0.154 -0.562 -0.007 -0.001 -0.002 -0.008 -0.001 -0.000  0.068  0.002 -0.110
        6  0.67070   0.225 -0.349  0.001 -0.000 -0.154  1.000  0.034 -0.101  0.008 -0.060 -0.452 -0.016  0.010  0.002 -0.085  0.022
        7  0.67841  -0.015  0.031 -0.000  0.000 -0.562  0.034  1.000  0.008  0.001  0.003  0.014  0.001 -0.000 -0.240 -0.006  0.069
        8  0.89715  -0.368 -0.056  0.033  0.004 -0.007 -0.101  0.008  1.000 -0.184 -0.403  0.324 -0.399  0.154 -0.082 -0.070  0.096
        9  0.29573   0.032  0.004 -0.012 -0.011 -0.001  0.008  0.001 -0.184  1.000 -0.007 -0.024  0.151 -0.027 -0.008 -0.003  0.010
       11  0.90476  -0.565 -0.044 -0.016 -0.002 -0.002 -0.060  0.003 -0.403 -0.007  1.000  0.264  0.208 -0.160 -0.031 -0.025  0.036
       13  0.83826  -0.731 -0.120 -0.003 -0.001 -0.008 -0.452  0.014  0.324 -0.024  0.264  1.000  0.051 -0.029 -0.027 -0.096  0.031
       14  0.57934  -0.082 -0.007 -0.143 -0.128 -0.001 -0.016  0.001 -0.399  0.151  0.208  0.051  1.000 -0.085 -0.009 -0.007  0.011
       16  0.19520   0.053  0.003  0.007 -0.001 -0.000  0.010 -0.000  0.154 -0.027 -0.160 -0.029 -0.085  1.000  0.004  0.003 -0.004
       17  0.88166   0.138  0.007  0.001  0.000  0.068  0.002 -0.240 -0.082 -0.008 -0.031 -0.027 -0.009  0.004  1.000  0.370 -0.849
       18  0.48905   0.122  0.081  0.000  0.000  0.002 -0.085 -0.006 -0.070 -0.003 -0.025 -0.096 -0.007  0.003  0.370  1.000 -0.456
       19  0.88682  -0.162  0.007 -0.001 -0.000 -0.110  0.022  0.069  0.096  0.010  0.036  0.031  0.011 -0.004 -0.849 -0.456  1.000
       20  0.23876   0.030  0.003 -0.010 -0.009  0.003  0.005 -0.002 -0.152  0.070 -0.004 -0.020  0.121 -0.026  0.022  0.013 -0.026
                     1.000
Wallclock time  : 34.2316 seconds.
CPU time: 0.003423
Total CPU time: 0.003423
Processor time: 0.002979

FIT PARAMETERS
 ^{210}Bi = 13.7 #pm 3.3 
 ^{11}C = 1.41 #pm 0.18 
 ^{14}C = 3468466.0 #pm 41503.2  [p] 3499200.0 #pm 43200.0
 ^{14}C pileup = 676157.0 #pm 12871.2 
 Ext ^{214}Bi = 2.30 #pm 0.54 
 Ext ^{40}K = 1.5 #pm 1.2 
 Ext ^{208}Tl = 2.88 #pm 0.30 
 ^{85}Kr = 6.5 #pm 2.9 
 ^{210}Po = 160.4 #pm 1.4 
 #nu(^{8}B) = 0.46  [Fixed]
 #nu(^{7}Be) = 50.1 #pm 2.6 
 #nu(CNO) = 4.92  [Fixed]
 #nu(pep) = 5.02 #pm 0.84 
 #nu(pp) = 115.8 #pm 19.9 
 ^{210}MCscalePo = 1  [Fixed]
 ^{210}MCshiftPo = 0.78 #pm 0.11 
 ^{10}C 2 = 1.91 #pm 0.65 
 ^{11}C 2 = 66.6 #pm 1.2 
 ^{6}He 2 = 0.00  [Railed]
 ^{210}Po 2 = 160.3 #pm 1.7 

 chi^2                             = 1500.0
 chi^2/N-DOF                       = 1.1030
 p-value                           = 0.005
 Minimized -2Ln(Likelihood)        = 9848.14
 Likelihood p-value                = 0.000 ± 0.000
SimplePlotManager::groupByName <default.Major> appedned to <default>
SimplePlotManager::groupByName <default.TFCtagged> appedned to <default>
