[GPUManager]() registered
regV registering [npe] as [0x2265180]
regV registering [npe_short] as [0x22652b0]
regV registering [Po218:peak] as [6002]
regV registering [Rn222:peak] as [5490]
regV registering [Po210:peak] as [5305]
Loaded path: </p/project/cjikp20/jikp2013/bx-GooStats-dingxf_dev/bx-GooStats/data>
RawSpectrumProvider::registerSpecies Register [nu(pep)]
RawSpectrumProvider::registerSpecies Register [nu(Be7)_sunT]
RawSpectrumProvider::registerSpecies Register [nu(Be7)_nosunT]
RawSpectrumProvider::registerSpecies Register [nu(CNO)]
RawSpectrumProvider::registerSpecies Register [nu(pp)_oleg]
RawSpectrumProvider::registerSpecies Register [nu(pp)_aldo]
RawSpectrumProvider::registerSpecies Register [nu(pp)]
RawSpectrumProvider::registerSpecies Register [nu(B8)]
RawSpectrumProvider::registerSpecies Register [C14_universal]
Warning: c14_shape_factor is taken as 1.24
RawSpectrumProvider::registerSpecies Register [C14]
RawSpectrumProvider::registerSpecies Register [C11]
RawSpectrumProvider::registerSpecies Register [C10]
RawSpectrumProvider::registerSpecies Register [Kr85]
RawSpectrumProvider::registerSpecies Register [B12]
RawSpectrumProvider::registerSpecies Register [He6]
RawSpectrumProvider::registerSpecies Register [Pa234m]
RawSpectrumProvider::registerSpecies Register [K40]
RawSpectrumProvider::registerSpecies Register [La138]
RawSpectrumProvider::registerSpecies Register [Bi210_mach4]
RawSpectrumProvider::registerSpecies Register [Bi210_oleg]
RawSpectrumProvider::registerSpecies Register [Bi210_aldo]
RawSpectrumProvider::registerSpecies Register [Bi210_daniel]
RawSpectrumProvider::registerSpecies Register [Bi210_flothmann]
RawSpectrumProvider::registerSpecies Register [Bi210_grau]
RawSpectrumProvider::registerSpecies Register [Pb214_KM]
RawSpectrumProvider::registerSpecies Register [Pb214_aldo_1]
RawSpectrumProvider::registerSpecies Register [Pb214_aldo_2]
RawSpectrumProvider::registerSpecies Register [Pb214_aldo_3]
RawSpectrumProvider::registerSpecies Register [Pb214_aldo_4]
RawSpectrumProvider::registerSpecies Register [Pb214_aldo_5]
RawSpectrumProvider::registerSpecies Register [Pb214_aldo_6]
RawSpectrumProvider::registerSpecies Register [Pb214_aldo_7]
RawSpectrumProvider::registerSpecies Register [Ext_Tl208]
RawSpectrumProvider::registerSpecies Register [Ext_Bi214]
RawSpectrumProvider::registerSpecies Register [Ext_K40]
RawSpectrumProvider::registerSpecies Register [U238_chain]
RawSpectrumProvider::registerSpecies Register [Th232_chain]
RawSpectrumProvider::registerSpecies Register [C14_pileup]
[InputManager]() registered
[PrepareData]() registered
[SimpleFit]() registered
[CNOTest]() registered
[HMLMTest]() registered
[ScanPar]() registered
[CorrelationManager]() registered
[ContourManager]() registered
[OutputManager]() registered
Checking GPU [0]/[1]
Running on [Tesla K80] with compute capability of 3.7
Warning: BatchOutputManager not set, default are used.
LOG: Getting data from file input_files/Period2016_FVpep_TFCMI_c19.root
Searching final_nhits_pp_0 in pp
LOG: fitting histogram final_nhits_pp_0
WARNING: chain_counts_cum not TH1D, trying other TH1
WARNING: No chain_counts_cum in input directory, trying in the main directory of the file
chain_counts_cum: mean 23.2772
[default] adopt [global] as its parent.
Inserting period [default,input_files/Period2016_FVpep_TFCMI_c19.root,pp/final_nhits_pp_0,fitoptions/fitoptions_gpu-mv-2016-pdfs_TAUP2017-nhits-emin92_Po210-shift.cfg,species_list/species-fit-gpu-mvCNO-hm.icc]
ARG[1] <icc> = [species_list/species-fit-gpu-mvCNO-hm.icc]
InputManager::registerConfigset(default)
Loading from <fitoptions/fitoptions_gpu-mv-2016-pdfs_TAUP2017-nhits-emin92_Po210-shift.cfg>
h_n_used_pmts: mean 1367.32
h_n_used_pmts_weighted: mean 1368.15
h_n_used_pmts0: mean 1366.95
h_n_used_pmts_weighted0: mean 1368.22
h_n_used_pmts1: mean 1367.95
h_n_used_pmts_weighted1: mean 1368.04
option <n_used_charge_histo_name> not set, default value [h_n_used_charge] used
h_n_used_charge: mean 1365.08
option <n_used_charge_po210_histo_name> not set, default value [h_n_used_charge_weighted] used
h_n_used_charge_weighted: mean 1365.93
feq_inv: mean 1.46327
Mask [mask_2] from [h_n_used_pmts] Mean <999.503> RMS <576.928>
Mask [mask_3] from [h_n_used_pmts_weighted] Mean <999.503> RMS <576.928>
Mask [mask_4] from [h_n_used_pmts0] Mean <999.503> RMS <576.928>
Mask [mask_5] from [h_n_used_pmts_weighted0] Mean <999.503> RMS <576.928>
Mask [mask_6] from [h_n_used_pmts1] Mean <999.503> RMS <576.929>
Mask [mask_7] from [h_n_used_pmts_weighted1] Mean <999.503> RMS <576.929>
*********Dump options parsed*********************************
MC_ext_bkg => <true>
alpha_response_function => <scaled_poisson>
alpha_subtracted => <false>
apply_radiochemical_constraints => <false>
applying_mask => <true>
beta_response_function => <scaled_poisson>
bi210_spectrum => <aldo>
c11_quenching_fixed => <false>
c11_subtracted => <true>
complementary_histo_fit => <true>
complementary_histo_name => <pp/final_nhits_pp_1>
convolve_dark_noise => <false>
dark_noise_window => <win1>
fit_results_output => <fit_results.root>
fit_variable => <nhits>
fit_variable_MC => <nhits>
freeMCshiftPo210 => <true>
geometric_correction_on => <false>
icc => <species_list/species-fit-gpu-mvCNO-hm.icc>
ly_fixed => <false>
meantime_cut => <no>
minimization_method => <likelihood>
minimization_routine => <minuit>
montecarlo_interpolation => <off>
montecarlo_spectra_file => <pdfs_TAUP2017/MCspectra_pp_FVpep_2016_emin1_masked.root>
multivariate_ps_fit => <true>
multivariate_rdist_fit => <true>
n_used_pmts_histo_name => <h_n_used_pmts>
n_used_pmts_po210_histo_name => <h_n_used_pmts_weighted>
n_used_pmts_po210_tfc0_histo_name => <h_n_used_pmts_weighted0>
n_used_pmts_po210_tfc1_histo_name => <h_n_used_pmts_weighted1>
n_used_pmts_tfc0_histo_name => <h_n_used_pmts0>
n_used_pmts_tfc1_histo_name => <h_n_used_pmts1>
neutrino_magnetic_moment => <no>
no_lead_cut => <no>
norm_variable => <true>
npe_offset_fixed => <true>
pb214_spectrum => <aldo>
pileup_eff_ly_fixed => <true>
plot_filename => <plot.root>
po210_quenching_fixed => <false>
quenching_parameterization => <echidna>
save_fit_results => <false>
scale_poisson => <true>
show_only_c14_c14 => <false>
spectra_pdfs => <montecarlo>
synthpup_file => <P91011_Synthetic_Spectra.root>
synthpup_hist => <h_synth_spec_5_dt1>
use_alpha_response_function => <false>
use_remaining_pb214 => <false>
weighted_response => <false>
alpha_resolution_0_guess => float: [1.2]
alpha_resolution_0_max => float: [20]
alpha_resolution_0_min => float: [0]
alpha_resolution_1_guess => float: [0]
alpha_resolution_1_max => float: [0]
alpha_resolution_1_min => float: [0]
alpha_resolution_2_guess => float: [0]
alpha_resolution_2_max => float: [0]
alpha_resolution_2_min => float: [0]
beta_resolution_0_guess => float: [3]
beta_resolution_0_max => float: [20]
beta_resolution_0_min => float: [0]
beta_resolution_1_guess => float: [3]
beta_resolution_1_max => float: [20]
beta_resolution_1_min => float: [0]
beta_resolution_2_guess => float: [7]
beta_resolution_2_max => float: [7]
beta_resolution_2_min => float: [7]
beta_resolution_3_guess => float: [2]
beta_resolution_3_max => float: [10]
beta_resolution_3_min => float: [0]
beta_resolution_4_guess => float: [0]
beta_resolution_4_max => float: [0]
beta_resolution_4_min => float: [0]
beta_resolution_5_guess => float: [0]
beta_resolution_5_max => float: [0]
beta_resolution_5_min => float: [0]
c11_quenching => float: [0.8828]
c14_shape_factor => float: [1.24]
c14_threshold => float: [100]
dark_noise_threshold => float: [100]
ext_bckgd_eff_ly => float: [1.0228]
fCher => float: [2]
fit_verbosity => float: [0]
geometric_correction => float: [0.112]
histogram_binwidth => float: [1]
kb => float: [0.0109]
ly_guess => float: [0.49]
maximum_energy => float: [950]
meantime_cut_correction_c1 => float: [0.974]
meantime_cut_correction_c2 => float: [-0.00211]
minimum_energy => float: [92]
multivariate_ps_fit_bins => float: [1]
multivariate_ps_fit_max => float: [650]
multivariate_ps_fit_min => float: [400]
multivariate_ps_fit_smooth => float: [0]
multivariate_rdist_fit_bins => float: [16]
multivariate_rdist_fit_max => float: [900]
multivariate_rdist_fit_min => float: [500]
multivariate_rdist_fit_smooth => float: [0]
npe_offset => float: [0]
number_of_bins_for_weighted_response => float: [10]
pileup_eff_ly => float: [0.935]
pileup_penalty_max => float: [120]
pileup_penalty_mean => float: [2.1]
pileup_penalty_min => float: [100]
pileup_penalty_sigma => float: [0.04]
po210_quenching => float: [0.07879]
poisson_factor => float: [15]
poisson_threshold => float: [100]
ser_under_threshold => float: [0.12]
sys_errors_scale => float: [0]
unequalization_factor => float: [1]
*************************************************************
Inserting Constant name [compute_likelihood_p_value] value [0]
regV registering [compute_likelihood_p_value] as [0]
Inserting [C11_qch] to [global]
Inserting [Po210_qch] to [default]
Inserting [extly_qch] to [global]
Linking [Ext_Tl208_qch] with [extly_qch] in [global]
Linking [Ext_Bi214_qch] with [extly_qch] in [global]
Linking [Ext_K40_qch] with [extly_qch] in [global]
Inserting [Po218_qch] to [global]
Inserting [Rn222_qch] to [global]
Inserting [C10_qch] to [global]
Bad programming style of using const_cast!!!
regV registering [NL] as [0x7fffde97f550]
Inserting [beta_ly] to [default]
858
Inserting [beta_resolution_0] to [global]
Inserting [beta_resolution_1] to [global]
Inserting [beta_resolution_2] to [global]
Inserting [beta_resolution_3] to [global]
Inserting [beta_resolution_4] to [global]
Inserting [beta_resolution_5] to [global]
Inserting [alpha_resolution_0] to [default]
Inserting [alpha_resolution_1] to [default]
Inserting [alpha_resolution_2] to [default]
Inserting [alpha_resolution_3] to [default]
Inserting [alpha_resolution_4] to [default]
Inserting [alpha_resolution_5] to [default]
Inserting [mlp_correction_0] to [default]
Inserting [mlp_correction_1] to [default]
Inserting [mlp_correction_2] to [default]
Inserting [mlp_correction_3] to [default]
Integral: 11.6405, sum = 1.17605e+06, endpoint = 671.809
Integral: 76.3209, sum = 1.81556e+07, endpoint = 264.064
RawSpectrumProvider::registerSpecies Register [nu(Be7+munu)]
RawSpectrumProvider::registerSpecies Register [nu(pp+munu)]
RawSpectrumProvider::registerSpecies Register [Bi210]
RawSpectrumProvider::registerSpecies Register [nu(Be7)]
feq: 1.46272 feq_po: 1.46183
Inserting [default] to default feq: 1.46272 0
Inserting [Po210] to default feq: 1.46183 0
Dumping pre-created rates:
INFO: loading species from file species_list/species-fit-gpu-mvCNO-hm.icc
Inserting [Bi210] to [default]
Inserting [C10_2] to [default]
Inserting [C11] to [default]
Inserting [C11_2] to [default]
Inserting [C14] to [global]
Inserting [C14_pileup] to [default]
Inserting [Ext_Bi214] to [global]
Inserting [Ext_K40] to [global]
Inserting [Ext_Tl208] to [global]
Inserting [He6_2] to [global]
Inserting [Kr85] to [default]
Inserting [Po210] to [default]
Inserting [Po210_2] to [default]
Inserting [nu(B8)] to [default]
Inserting [nu(Be7)] to [global]
Inserting [nu(CNO)] to [global]
Inserting [nu(pep)] to [global]
Inserting [nu(pp)] to [global]
 [global] : (C10_qch, global.C10_qch) 
 [global] : (C11_qch, global.C11_qch) 
 [global] : (C14, global.C14) 
 [global] : (Ext_Bi214, global.Ext_Bi214) 
 [global] : (Ext_Bi214_qch, global.extly_qch) 
 [global] : (Ext_K40, global.Ext_K40) 
 [global] : (Ext_K40_qch, global.extly_qch) 
 [global] : (Ext_Tl208, global.Ext_Tl208) 
 [global] : (Ext_Tl208_qch, global.extly_qch) 
 [global] : (He6_2, global.He6_2) 
 [global] : (Po218_qch, global.Po218_qch) 
 [global] : (Rn222_qch, global.Rn222_qch) 
 [global] : (beta_resolution_0, global.beta_resolution_0) 
 [global] : (beta_resolution_1, global.beta_resolution_1) 
 [global] : (beta_resolution_2, global.beta_resolution_2) 
 [global] : (beta_resolution_3, global.beta_resolution_3) 
 [global] : (beta_resolution_4, global.beta_resolution_4) 
 [global] : (beta_resolution_5, global.beta_resolution_5) 
 [global] : (extly_qch, global.extly_qch) 
 [global] : (nu(Be7), global.nu(Be7)) 
 [global] : (nu(CNO), global.nu(CNO)) 
 [global] : (nu(pep), global.nu(pep)) 
 [global] : (nu(pp), global.nu(pp)) 
default>-- [default] : (Bi210, default.Bi210) 
default>-- [default] : (C10_2, default.C10_2) 
default>-- [default] : (C11, default.C11) 
default>-- [default] : (C11_2, default.C11_2) 
default>-- [default] : (C14_pileup, default.C14_pileup) 
default>-- [default] : (Kr85, default.Kr85) 
default>-- [default] : (Po210, default.Po210) 
default>-- [default] : (Po210_2, default.Po210_2) 
default>-- [default] : (Po210_qch, default.Po210_qch) 
default>-- [default] : (alpha_resolution_0, default.alpha_resolution_0) 
default>-- [default] : (alpha_resolution_1, default.alpha_resolution_1) 
default>-- [default] : (alpha_resolution_2, default.alpha_resolution_2) 
default>-- [default] : (alpha_resolution_3, default.alpha_resolution_3) 
default>-- [default] : (alpha_resolution_4, default.alpha_resolution_4) 
default>-- [default] : (alpha_resolution_5, default.alpha_resolution_5) 
default>-- [default] : (beta_ly, default.beta_ly) 
default>-- [default] : (mlp_correction_0, default.mlp_correction_0) 
default>-- [default] : (mlp_correction_1, default.mlp_correction_1) 
default>-- [default] : (mlp_correction_2, default.mlp_correction_2) 
default>-- [default] : (mlp_correction_3, default.mlp_correction_3) 
default>-- [default] : (nu(B8), default.nu(B8)) 
InputManager::registerDataset(default.Major)
InputManager::registerDataset(default.TFCtagged)
InputManager::registerDataset(pileupL)
Inserting period full [default.Major]
Inserting period full [default.TFCtagged]
Inserting period full [pileupL]
Livetime: 152 days (c11 subtracted)
computing mass from input_files/Period2016_FVpep_TFCMI_c19.root
Mass: 71.3 tons
Inserting [default.Major] exposure : [10837.6 (day x tons)]
computing mass from input_files/Period2016_FVpep_TFCMI_c19.root
Inserting [default.TFCtagged] exposure : [6266.81 (day x tons)]
Inserting type [remaining_pb214] name [default] value [0.0131381]
Remaining Pb214 [default] : 0.0131381 cpd/100 tons
WARNING: pp/final_nhits_pp_1 not TH1D, trying other TH1
WARNING: No pp/final_nhits_pp_1 in input directory, trying in the main directory of the file
pp/final_nhits_pp_1: mean 51.7909
WARNING: the spectrum of [Major] had not Sumw2 set. Setting it now.
WARNING: the spectrum of [TFCtagged] had not Sumw2 set. Setting it now.
Inserting [default.Major] data set
Inserting [default.TFCtagged] data set
INFO: loading species from file species_list/species-fit-gpu-mvCNO-hm.icc
Loading [Bi210] from [pdfs_TAUP2017/MCspectra_pp_FVpep_2016_emin1_masked.root/bi210_nhits]
bad programing style, const_cast!!
creating MC species [Bi210] in [default]
Warning: quenching [Bi210_qch] not found in [default].
[Bi210] loaded for [default]
Inserting species (Bi210)[Bi210] to [default.Major] 
Inserting species (Bi210)[Bi210] to [default.TFCtagged] 
Loading [C10] from [pdfs_TAUP2017/MCspectra_pp_FVpep_2016_emin1_masked.root/c10_nhits]
bad programing style, const_cast!!
creating MC species [C10] in [default]
[C10] loaded for [default]
Inserting species (C10_2)[C10] to [default.TFCtagged] 
Loading [C11] from [pdfs_TAUP2017/MCspectra_pp_FVpep_2016_emin1_masked.root/c11_nhits]
bad programing style, const_cast!!
creating MC species [C11] in [default]
[C11] loaded for [default]
Inserting species (C11)[C11] to [default.Major] 
creating MC species [C11] in [default]
[C11] loaded for [default]
Inserting species (C11_2)[C11] to [default.TFCtagged] 
Loading [C14] from [pdfs_TAUP2017/MCspectra_pp_FVpep_2016_emin1_masked.root/c14_nhits]
bad programing style, const_cast!!
creating MC species [C14] in [default]
Warning: quenching [C14_qch] not found in [default].
[C14] loaded for [default]
Inserting species (C14)[C14] to [default.Major] 
Inserting species (C14)[C14] to [default.TFCtagged] 
Loading [C14_pileup] from [pdfs_TAUP2017/MCspectra_pp_FVpep_2016_emin1_masked.root/MC_pileup_nhits]
bad programing style, const_cast!!
creating MC species [C14_pileup] in [default]
Warning: quenching [C14_pileup_qch] not found in [default].
[C14_pileup] loaded for [default]
Inserting species (C14_pileup)[C14_pileup] to [default.Major] 
Inserting species (C14_pileup)[C14_pileup] to [default.TFCtagged] 
Loading [Ext_Bi214] from [pdfs_TAUP2017/MCspectra_pp_FVpep_2016_emin1_masked.root/ext_bi214_nhits]
bad programing style, const_cast!!
creating MC species [Ext_Bi214] in [default]
[Ext_Bi214] loaded for [default]
Inserting species (Ext_Bi214)[Ext_Bi214] to [default.Major] 
Inserting species (Ext_Bi214)[Ext_Bi214] to [default.TFCtagged] 
Loading [Ext_K40] from [pdfs_TAUP2017/MCspectra_pp_FVpep_2016_emin1_masked.root/ext_k40_nhits]
bad programing style, const_cast!!
creating MC species [Ext_K40] in [default]
[Ext_K40] loaded for [default]
Inserting species (Ext_K40)[Ext_K40] to [default.Major] 
Inserting species (Ext_K40)[Ext_K40] to [default.TFCtagged] 
Loading [Ext_Tl208] from [pdfs_TAUP2017/MCspectra_pp_FVpep_2016_emin1_masked.root/ext_tl208_nhits]
bad programing style, const_cast!!
creating MC species [Ext_Tl208] in [default]
[Ext_Tl208] loaded for [default]
Inserting species (Ext_Tl208)[Ext_Tl208] to [default.Major] 
Inserting species (Ext_Tl208)[Ext_Tl208] to [default.TFCtagged] 
Loading [He6] from [pdfs_TAUP2017/MCspectra_pp_FVpep_2016_emin1_masked.root/he6_nhits]
bad programing style, const_cast!!
creating MC species [He6] in [default]
Warning: quenching [He6_qch] not found in [default].
[He6] loaded for [default]
Inserting species (He6_2)[He6] to [default.TFCtagged] 
Loading [Kr85] from [pdfs_TAUP2017/MCspectra_pp_FVpep_2016_emin1_masked.root/kr85_nhits]
bad programing style, const_cast!!
creating MC species [Kr85] in [default]
Warning: quenching [Kr85_qch] not found in [default].
[Kr85] loaded for [default]
Inserting species (Kr85)[Kr85] to [default.Major] 
Inserting species (Kr85)[Kr85] to [default.TFCtagged] 
Loading [Po210] from [pdfs_TAUP2017/MCspectra_pp_FVpep_2016_emin1_masked.root/po210_nhits]
bad programing style, const_cast!!
creating MC species [Po210] in [default]
bad programming! const_cast used!
Inserting [MCscalePo210] to [default]
Inserting [MCshiftPo210] to [default]
[Po210] loaded for [default]
Inserting species (Po210)[Po210] to [default.Major] 
creating MC species [Po210] in [default]
bad programming! const_cast used!
[Po210] loaded for [default]
Inserting species (Po210_2)[Po210] to [default.TFCtagged] 
Loading [nu(B8)] from [pdfs_TAUP2017/MCspectra_pp_FVpep_2016_emin1_masked.root/b8_nhits]
bad programing style, const_cast!!
creating MC species [nu(B8)] in [default]
Warning: quenching [nu(B8)_qch] not found in [default].
[nu(B8)] loaded for [default]
Inserting species (nu(B8))[nu(B8)] to [default.Major] 
Inserting species (nu(B8))[nu(B8)] to [default.TFCtagged] 
Loading [nu(Be7)] from [pdfs_TAUP2017/MCspectra_pp_FVpep_2016_emin1_masked.root/be7_nhits]
bad programing style, const_cast!!
creating MC species [nu(Be7)] in [default]
Warning: quenching [nu(Be7)_qch] not found in [default].
[nu(Be7)] loaded for [default]
Inserting species (nu(Be7))[nu(Be7)] to [default.Major] 
Inserting species (nu(Be7))[nu(Be7)] to [default.TFCtagged] 
Loading [nu(CNO)] from [pdfs_TAUP2017/MCspectra_pp_FVpep_2016_emin1_masked.root/cno_nhits]
bad programing style, const_cast!!
creating MC species [nu(CNO)] in [default]
Warning: quenching [nu(CNO)_qch] not found in [default].
[nu(CNO)] loaded for [default]
Inserting species (nu(CNO))[nu(CNO)] to [default.Major] 
Inserting species (nu(CNO))[nu(CNO)] to [default.TFCtagged] 
Loading [nu(pep)] from [pdfs_TAUP2017/MCspectra_pp_FVpep_2016_emin1_masked.root/pep_nhits]
bad programing style, const_cast!!
creating MC species [nu(pep)] in [default]
Warning: quenching [nu(pep)_qch] not found in [default].
[nu(pep)] loaded for [default]
Inserting species (nu(pep))[nu(pep)] to [default.Major] 
Inserting species (nu(pep))[nu(pep)] to [default.TFCtagged] 
Loading [nu(pp)] from [pdfs_TAUP2017/MCspectra_pp_FVpep_2016_emin1_masked.root/pp_nhits]
bad programing style, const_cast!!
creating MC species [nu(pp)] in [default]
Warning: quenching [nu(pp)_qch] not found in [default].
[nu(pp)] loaded for [default]
Inserting species (nu(pp))[nu(pp)] to [default.Major] 
Inserting species (nu(pp))[nu(pp)] to [default.TFCtagged] 
Inserting [default.Major] species vector
searching for [Bi210_sys]..
searching for [C11_sys]..
[default.Major] inserting a new pull: C14_pull
Inserting [C14_pull] to [default]
searching for [C14_sys]..
searching for [C14_pileup_sys]..
searching for [Ext_Bi214_sys]..
searching for [Ext_K40_sys]..
searching for [Ext_Tl208_sys]..
searching for [Kr85_sys]..
searching for [Po210_sys]..
searching for [nu(B8)_sys]..
searching for [nu(Be7)_sys]..
searching for [nu(CNO)_sys]..
searching for [nu(pep)_sys]..
searching for [nu(pp)_sys]..
Inserting [default.TFCtagged] species vector
searching for [Bi210_sys]..
searching for [C10_2_sys]..
searching for [C11_2_sys]..
searching for [C14_sys]..
searching for [C14_pileup_sys]..
searching for [Ext_Bi214_sys]..
searching for [Ext_K40_sys]..
searching for [Ext_Tl208_sys]..
searching for [He6_2_sys]..
searching for [Kr85_sys]..
searching for [Po210_2_sys]..
searching for [nu(B8)_sys]..
searching for [nu(Be7)_sys]..
searching for [nu(CNO)_sys]..
searching for [nu(pep)_sys]..
searching for [nu(pp)_sys]..
setting quenching of [Po210] to [0.07879]
Pb214 not implemented in bx-GooStats, it's ignored
setting quenching of [C11] to [0.8828]
INFO: 210Po PMTs used: 2000,0
RawSpectrumProvider::registerSpecies Register [default.Major]
type: [default.Major][0][1]
You have chosen SeparateSumPdfFactory<DnType<NoDn> MLPType<no> MaskType<Mask> DnAfterMask <no>>
SumPdf::registerFunc register [Bi210] as [0]
SumPdf::registerFunc register [C11] as [1]
SumPdf::registerFunc register [C14] as [2]
SumPdf::registerFunc register [C14_pileup] as [3]
SumPdf::registerFunc register [Ext_Bi214] as [4]
SumPdf::registerFunc register [Ext_K40] as [5]
SumPdf::registerFunc register [Ext_Tl208] as [6]
SumPdf::registerFunc register [Kr85] as [7]
SumPdf::registerFunc register [Po210] as [8]
SumPdf::registerFunc register [nu(B8)] as [9]
SumPdf::registerFunc register [nu(Be7)] as [10]
SumPdf::registerFunc register [nu(CNO)] as [11]
SumPdf::registerFunc register [nu(pep)] as [12]
SumPdf::registerFunc register [nu(pp)] as [13]
SumPdf::registerFunc register [Bi210] as [14]
SumPdf::registerFunc register [C11] as [15]
SumPdf::registerFunc register [C14] as [16]
SumPdf::registerFunc register [C14_pileup] as [17]
SumPdf::registerFunc register [Ext_Bi214] as [18]
SumPdf::registerFunc register [Ext_K40] as [19]
SumPdf::registerFunc register [Ext_Tl208] as [20]
SumPdf::registerFunc register [Kr85] as [21]
SumPdf::registerFunc register [Po210] as [22]
SumPdf::registerFunc register [nu(B8)] as [23]
SumPdf::registerFunc register [nu(Be7)] as [24]
SumPdf::registerFunc register [nu(CNO)] as [25]
SumPdf::registerFunc register [nu(pep)] as [26]
SumPdf::registerFunc register [nu(pp)] as [27]
Inserting [default.Major] sum pdf
Checking [Bi210] for <User> found? [1] is class<0>? [1]
Checking [C11] for <User> found? [1] is class<0>? [0]
Checking [C14] for <User> found? [1] is class<0>? [1]
Checking [C14_pileup] for <User> found? [1] is class<0>? [1]
Checking [Ext_Bi214] for <User> found? [1] is class<0>? [1]
Checking [Ext_K40] for <User> found? [1] is class<0>? [1]
Checking [Ext_Tl208] for <User> found? [1] is class<0>? [1]
Checking [Kr85] for <User> found? [1] is class<0>? [1]
Checking [Po210] for <User> found? [1] is class<0>? [1]
Checking [nu(B8)] for <User> found? [1] is class<0>? [1]
Checking [nu(Be7)] for <User> found? [1] is class<0>? [1]
Checking [nu(CNO)] for <User> found? [1] is class<0>? [1]
Checking [nu(pep)] for <User> found? [1] is class<0>? [1]
Checking [nu(pp)] for <User> found? [1] is class<0>? [1]
Checking [Bi210] for <User> found? [1] is class<1>? [0]
Checking [C11] for <User> found? [1] is class<1>? [1]
Checking [C14] for <User> found? [1] is class<1>? [0]
Checking [C14_pileup] for <User> found? [1] is class<1>? [0]
Checking [Ext_Bi214] for <User> found? [1] is class<1>? [0]
Checking [Ext_K40] for <User> found? [1] is class<1>? [0]
Checking [Ext_Tl208] for <User> found? [1] is class<1>? [0]
Checking [Kr85] for <User> found? [1] is class<1>? [0]
Checking [Po210] for <User> found? [1] is class<1>? [0]
Checking [nu(B8)] for <User> found? [1] is class<1>? [0]
Checking [nu(Be7)] for <User> found? [1] is class<1>? [0]
Checking [nu(CNO)] for <User> found? [1] is class<1>? [0]
Checking [nu(pep)] for <User> found? [1] is class<1>? [0]
Checking [nu(pp)] for <User> found? [1] is class<1>? [0]
Inserting [default]-[default] MV term
Checking [Bi210] for <Rdist> found? [1] is class<0>? [1]
Checking [C11] for <Rdist> found? [1] is class<0>? [1]
Checking [C14] for <Rdist> found? [1] is class<0>? [1]
Checking [C14_pileup] for <Rdist> found? [1] is class<0>? [0]
Checking [Ext_Bi214] for <Rdist> found? [1] is class<0>? [0]
Checking [Ext_K40] for <Rdist> found? [1] is class<0>? [0]
Checking [Ext_Tl208] for <Rdist> found? [1] is class<0>? [0]
Checking [Kr85] for <Rdist> found? [1] is class<0>? [1]
Checking [Po210] for <Rdist> found? [1] is class<0>? [1]
Checking [nu(B8)] for <Rdist> found? [1] is class<0>? [1]
Checking [nu(Be7)] for <Rdist> found? [1] is class<0>? [1]
Checking [nu(CNO)] for <Rdist> found? [1] is class<0>? [1]
Checking [nu(pep)] for <Rdist> found? [1] is class<0>? [1]
Checking [nu(pp)] for <Rdist> found? [1] is class<0>? [1]
Checking [Bi210] for <Rdist> found? [1] is class<1>? [0]
Checking [C11] for <Rdist> found? [1] is class<1>? [0]
Checking [C14] for <Rdist> found? [1] is class<1>? [0]
Checking [C14_pileup] for <Rdist> found? [1] is class<1>? [1]
Checking [Ext_Bi214] for <Rdist> found? [1] is class<1>? [1]
Checking [Ext_K40] for <Rdist> found? [1] is class<1>? [1]
Checking [Ext_Tl208] for <Rdist> found? [1] is class<1>? [1]
Checking [Kr85] for <Rdist> found? [1] is class<1>? [0]
Checking [Po210] for <Rdist> found? [1] is class<1>? [0]
Checking [nu(B8)] for <Rdist> found? [1] is class<1>? [0]
Checking [nu(Be7)] for <Rdist> found? [1] is class<1>? [0]
Checking [nu(CNO)] for <Rdist> found? [1] is class<1>? [0]
Checking [nu(pep)] for <Rdist> found? [1] is class<1>? [0]
Checking [nu(pp)] for <Rdist> found? [1] is class<1>? [0]
Inserting [default]-[default] MV term
Inserting [default]-[default] MV term
Inserting [default]-[default] MV term
Inserting [default]-[default] MV term
Inserting [default]-[default] MV term
Inserting [default]-[default] MV term
Inserting [default]-[default] MV term
Inserting [default]-[default] MV term
Inserting [default]-[default] MV term
Inserting [default]-[default] MV term
Inserting [default]-[default] MV term
Inserting [default]-[default] MV term
Inserting [default]-[default] MV term
Inserting [default]-[default] MV term
Inserting [default]-[default] MV term
Inserting [default]-[default] MV term
Inserting [default]-[global.C14] pull term
Pb214 not implemented in bx-GooStats, it's ignored
RawSpectrumProvider::registerSpecies Register [default.TFCtagged]
type: [default.TFCtagged][0][1]
You have chosen SeparateSumPdfFactory<DnType<NoDn> MLPType<no> MaskType<Mask> DnAfterMask <no>>
SumPdf::registerFunc register [C10] as [28]
SumPdf::registerFunc register [C11] as [29]
SumPdf::registerFunc register [He6] as [30]
SumPdf::registerFunc register [Po210] as [31]
SumPdf::registerFunc register [Bi210] as [32]
SumPdf::registerFunc register [C10] as [33]
SumPdf::registerFunc register [C11] as [34]
SumPdf::registerFunc register [C14] as [35]
SumPdf::registerFunc register [C14_pileup] as [36]
SumPdf::registerFunc register [Ext_Bi214] as [37]
SumPdf::registerFunc register [Ext_K40] as [38]
SumPdf::registerFunc register [Ext_Tl208] as [39]
SumPdf::registerFunc register [He6] as [40]
SumPdf::registerFunc register [Kr85] as [41]
SumPdf::registerFunc register [Po210] as [42]
SumPdf::registerFunc register [nu(B8)] as [43]
SumPdf::registerFunc register [nu(Be7)] as [44]
SumPdf::registerFunc register [nu(CNO)] as [45]
SumPdf::registerFunc register [nu(pep)] as [46]
SumPdf::registerFunc register [nu(pp)] as [47]
Inserting [default.TFCtagged] sum pdf
Inserting (Datasets:default.Major)<default.Major>
Inserting (Datasets:default.TFCtagged)<default.TFCtagged>
Inserting (LikelihoodFactory)<default>
Inserting (LikelihoodFactory)<default>
Inserting (LikelihoodFactory)<default>
Inserting (LikelihoodFactory)<default>
Inserting (LikelihoodFactory)<default>
Inserting (LikelihoodFactory)<default>
Inserting (LikelihoodFactory)<default>
Inserting (LikelihoodFactory)<default>
Inserting (LikelihoodFactory)<default>
Inserting (LikelihoodFactory)<default>
Inserting (LikelihoodFactory)<default>
Inserting (LikelihoodFactory)<default>
Inserting (LikelihoodFactory)<default>
Inserting (LikelihoodFactory)<default>
Inserting (LikelihoodFactory)<default>
Inserting (LikelihoodFactory)<default>
Inserting (LikelihoodFactory)<default>
Inserting (LikelihoodFactory)<global.C14>
Inserting (Datasets:pileupL)<pileupL>
Debug: LL size 21
 PARAMETER DEFINITIONS:
    NO.   NAME         VALUE      STEP SIZE      LIMITS
     1 default.Bi210   2.00000e+01  1.00000e+00    0.00000e+00  1.00000e+02
     2 default.C11   2.80000e+01  1.00000e+00    0.00000e+00  1.00000e+02
     3 global.C14   3.45600e+06  3.93120e+04    0.00000e+00  3.93120e+06
     4 default.C14_pileup   4.00000e+06  6.00000e+04    0.00000e+00  6.00000e+06
     5 global.Ext_Bi214   5.00000e-01  1.00000e-01    0.00000e+00  1.00000e+01
     6 global.Ext_K40   1.50000e-01  1.00000e-01    0.00000e+00  1.00000e+01
     7 global.Ext_Tl208   1.90000e+00  1.00000e-01    0.00000e+00  1.00000e+01
     8 default.Kr85   5.00000e+00  3.00000e-01    0.00000e+00  3.00000e+01
     9 default.Po210   3.00000e+02  2.99999e+01    1.00000e-02  3.00000e+03
    10 default.nu(B8)   4.60000e-01  1.00000e-01    0.00000e+00  1.00000e+01
 **********
 **    1 **FIX          10
 **********
 PARAMETER DEFINITIONS:
    NO.   NAME         VALUE      STEP SIZE      LIMITS
    11 global.nu(Be7)   4.85000e+01  5.00000e-01    2.00000e+01  7.00000e+01
    12 global.nu(CNO)   4.92000e+00  constant
 **********
 **    2 **FIX          12
 **********
 PARAMETER   12  IS CONSTANT.   IGNORED.
 PARAMETER DEFINITIONS:
    NO.   NAME         VALUE      STEP SIZE      LIMITS
    13 global.nu(pep)   2.20000e+00  1.00000e-01    0.00000e+00  1.00000e+01
    14 global.nu(pp)   1.33000e+02  3.00000e+00    0.00000e+00  3.00000e+02
    15 default.MCscalePo210   1.00000e+00  constant
    16 default.MCshiftPo210   0.00000e+00  1.00000e-03   -5.00000e+01  5.00000e+01
    17 default.C10_2   1.10000e+00  1.00000e-01    0.00000e+00  1.00000e+01
    18 default.C11_2   5.00000e+01  2.00000e+00    0.00000e+00  2.00000e+02
    19 global.He6_2   4.00000e-01  2.00000e-01    0.00000e+00  2.00000e+01
    20 default.Po210_2   3.00000e+02  2.99999e+01    1.00000e-02  3.00000e+03
 **********
 **    3 **SET ERRDEF         0.5
 **********
 PARAMETER DEFINITIONS:
    NO.   NAME         VALUE      STEP SIZE      LIMITS
     1 default.Bi210   2.00000e+01  1.00000e+00    0.00000e+00  1.00000e+02
     2 default.C11   2.80000e+01  1.00000e+00    0.00000e+00  1.00000e+02
     3 global.C14   3.45600e+06  3.93120e+04    0.00000e+00  3.93120e+06
     4 default.C14_pileup   4.00000e+06  6.00000e+04    0.00000e+00  6.00000e+06
     5 global.Ext_Bi214   5.00000e-01  1.00000e-01    0.00000e+00  1.00000e+01
     6 global.Ext_K40   1.50000e-01  1.00000e-01    0.00000e+00  1.00000e+01
     7 global.Ext_Tl208   1.90000e+00  1.00000e-01    0.00000e+00  1.00000e+01
     8 default.Kr85   5.00000e+00  3.00000e-01    0.00000e+00  3.00000e+01
     9 default.Po210   3.00000e+02  2.99999e+01    1.00000e-02  3.00000e+03
    10 default.nu(B8)   4.60000e-01  1.00000e-01    0.00000e+00  1.00000e+01
 **********
 **    1 **FIX          10
 **********
 PARAMETER DEFINITIONS:
    NO.   NAME         VALUE      STEP SIZE      LIMITS
    11 global.nu(Be7)   4.85000e+01  5.00000e-01    2.00000e+01  7.00000e+01
    12 global.nu(CNO)   4.92000e+00  constant
 **********
 **    2 **FIX          12
 **********
 PARAMETER   12  IS CONSTANT.   IGNORED.
 PARAMETER DEFINITIONS:
    NO.   NAME         VALUE      STEP SIZE      LIMITS
    13 global.nu(pep)   2.20000e+00  1.00000e-01    0.00000e+00  1.00000e+01
    14 global.nu(pp)   1.33000e+02  3.00000e+00    0.00000e+00  3.00000e+02
    15 default.MCscalePo210   1.00000e+00  constant
    16 default.MCshiftPo210   0.00000e+00  1.00000e-03   -5.00000e+01  5.00000e+01
    17 default.C10_2   1.10000e+00  1.00000e-01    0.00000e+00  1.00000e+01
    18 default.C11_2   5.00000e+01  2.00000e+00    0.00000e+00  2.00000e+02
    19 global.He6_2   4.00000e-01  2.00000e-01    0.00000e+00  2.00000e+01
    20 default.Po210_2   3.00000e+02  2.99999e+01    1.00000e-02  3.00000e+03
 **********
 **    3 **SET ERRDEF         0.5
 **********
 **********
 **    4 **MINIMIZE       2e+04
 **********
 FIRST CALL TO USER FUNCTION AT NEW START POINT, WITH IFLAG=4.
 START MIGRAD MINIMIZATION.  STRATEGY  1.  CONVERGENCE WHEN EDM .LT. 5.00e-05
 FCN=204552 FROM MIGRAD    STATUS=INITIATE      144 CALLS         145 TOTAL
                     EDM= unknown      STRATEGY= 1      NO ERROR MATRIX       
  EXT PARAMETER               CURRENT GUESS       STEP         FIRST   
  NO.   NAME      VALUE            ERROR          SIZE      DERIVATIVE 
   1  default.Bi210   2.00000e+01   1.00000e+00   0.00000e+00   2.03936e+03
   2  default.C11   2.80000e+01   1.00000e+00   0.00000e+00   4.18512e+03
   3  global.C14   3.45600e+06   3.93120e+04   0.00000e+00   6.55545e+02
   4  default.C14_pileup   4.00000e+06   6.00000e+04   0.00000e+00   2.70027e+05
   5  global.Ext_Bi214   3.12901e+00   1.00000e-01   0.00000e+00   3.19354e+01
   6  global.Ext_K40   1.50000e-01   1.00000e-01   0.00000e+00   1.05289e+01
   7  global.Ext_Tl208   1.90000e+00   1.00000e-01   0.00000e+00  -7.06254e+01
   8  default.Kr85   5.00000e+00   3.00000e-01   0.00000e+00   5.97186e+02
   9  default.Po210   3.00000e+02   2.99999e+01   0.00000e+00   6.83984e+04
  10  default.nu(B8)   4.60000e-01     fixed    
  11  global.nu(Be7)   4.85000e+01   5.00000e-01   0.00000e+00   1.31947e+03
  12  global.nu(CNO)   4.92000e+00   constant   
  13  global.nu(pep)   2.20000e+00   1.00000e-01   0.00000e+00   2.27816e+02
  14  global.nu(pp)   1.33000e+02   3.00000e+00   0.00000e+00   3.07733e+02
  15  default.MCscalePo210   1.00000e+00   constant   
  16  default.MCshiftPo210   0.00000e+00   1.00000e-03   0.00000e+00  -3.80578e+02
  17  default.C10_2   1.10000e+00   1.00000e-01   0.00000e+00   2.91785e+01
  18  default.C11_2   5.00000e+01   2.00000e+00   0.00000e+00  -1.90013e+03
  19  global.He6_2   6.83417e+00   2.00000e-01   9.64877e-01  -1.36192e+00
  20  default.Po210_2   3.00000e+02   2.99999e+01   0.00000e+00   3.95106e+04
                               ERR DEF= 0.5
 MIGRAD MINIMIZATION HAS CONVERGED.
 MIGRAD WILL VERIFY CONVERGENCE AND ERROR MATRIX.
 COVARIANCE MATRIX CALCULATED SUCCESSFULLY
 FCN=4866.43 FROM MIGRAD    STATUS=CONVERGED    1894 CALLS        1895 TOTAL
                     EDM=2.1306e-06    STRATEGY= 1      ERROR MATRIX ACCURATE 
  EXT PARAMETER                                   STEP         FIRST   
  NO.   NAME      VALUE            ERROR          SIZE      DERIVATIVE 
   1  default.Bi210   5.44516e+00   3.06927e+00   2.15389e-03  -2.89611e-03
   2  default.C11   1.33395e+00   1.69389e-01   6.23306e-04  -5.01196e-03
   3  global.C14   3.24467e+06   3.74770e+04   1.16689e-03  -3.51104e-03
   4  default.C14_pileup   3.26523e+05   6.22976e+03   2.18498e-04  -3.23368e-03
   5  global.Ext_Bi214   3.44695e+00   7.70672e-01   5.56008e-03   4.50177e-03
   6  global.Ext_K40   9.04712e-01   1.56592e+00   2.02398e-02  -1.90409e-03
   7  global.Ext_Tl208   3.87615e+00   3.84392e-01   2.77790e-03   6.59088e-03
   8  default.Kr85   1.88615e+01   3.02361e+00   4.04761e-03  -4.44977e-04
   9  default.Po210   5.57214e+01   9.84664e-01   1.03166e-04  -4.68055e-02
  10  default.nu(B8)   4.60000e-01     fixed    
  11  global.nu(Be7)   4.24095e+01   2.57313e+00   1.96133e-03   2.82361e-03
  12  global.nu(CNO)   4.92000e+00   constant   
  13  global.nu(pep)   3.97931e+00   8.29160e-01   4.17549e-03  -9.62780e-04
  14  global.nu(pp)   7.71649e+01   2.11069e+01   6.00913e-03   6.92607e-05
  15  default.MCscalePo210   1.00000e+00   constant   
  16  default.MCshiftPo210   3.62373e-01   2.48215e-01   2.31193e-04   3.39946e-02
  17  default.C10_2   4.00445e-08   7.45368e-01   2.65436e-02** at limit **
  18  default.C11_2   7.09363e+01   1.17557e+00   5.56132e-04  -7.93401e-03
  19  global.He6_2   3.26888e+00   7.78890e-01   4.29936e-03  -5.24158e-03
  20  default.Po210_2   5.58650e+01   1.23427e+00   1.35873e-04  -9.60163e-02
                               ERR DEF= 0.5
 EXTERNAL ERROR MATRIX.    NDIM=  25    NPAR= 17    ERR DEF=0.5
 ELEMENTS ABOVE DIAGONAL ARE NOT PRINTED.
  9.478e+00 
  7.803e-02  2.869e-02 
 -1.550e+03 -7.264e+00  1.405e+09 
 -9.702e+00 -3.732e-04  1.271e+06  3.881e+07 
 -7.667e-02 -1.890e-02  1.711e+01  1.881e-01  5.992e-01 
  1.152e+00 -6.795e-02 -1.566e+02 -9.096e-01 -3.867e-01  2.744e+00 
  5.747e-02  3.274e-03 -8.706e+00 -6.180e-02 -1.704e-01  7.138e-02  1.481e-01 
 -2.596e+00 -3.153e-02 -8.270e+03 -5.944e+00  1.814e-02 -3.798e-01 -2.465e-02  9.278e+00 
  4.635e-02  5.999e-04  1.507e+03 -3.249e+01 -9.971e-04  1.149e-02 -9.743e-04 -1.036e+00  9.696e-01 
  4.547e+00  2.209e-02 -3.921e+03  5.830e+00 -2.620e-02  2.986e-01  1.317e-02  3.764e+00 -2.080e-01  6.645e+00 
 -1.953e+00 -2.323e-02  2.378e+02  4.974e-01  4.089e-02 -6.426e-01 -1.268e-02  6.880e-01 -1.426e-02 -6.267e-01  6.942e-01 
 -6.806e+00 -2.805e-02  1.994e+05 -1.351e+04  6.379e-02 -9.988e-01 -3.602e-02 -3.003e+01  5.606e+00 -1.470e+01  1.191e+00 
 -6.806e+00 -2.805e-02  1.994e+05 -1.351e+04  6.379e-02 -9.988e-01 -3.602e-02 -3.003e+01  5.606e+00 -1.470e+01  1.191e+00  4.494e+02 
  5.936e-02  2.987e-04 -1.710e+02 -8.597e-01 -3.746e-04  5.100e-03  2.469e-04  1.602e-01 -2.382e-02  1.343e-01 -8.990e-03 
  5.936e-02  2.987e-04 -1.710e+02 -8.597e-01 -3.746e-04  5.100e-03  2.469e-04  1.602e-01 -2.382e-02  1.343e-01 -8.990e-03 -6.598e-01  6.161e-02 
  9.569e-06 -2.042e-08 -9.386e-04  5.771e-06  1.860e-06 -9.021e-07 -1.357e-06 -4.919e-06 -2.920e-07  1.759e-06 -5.901e-07 
  9.569e-06 -2.042e-08 -9.386e-04  5.771e-06  1.860e-06 -9.021e-07 -1.357e-06 -4.919e-06 -2.920e-07  1.759e-06 -5.901e-07 -5.034e-06  4.550e-08  1.225e-07 
  3.040e-01  1.405e-02 -2.178e+01 -9.043e-03 -2.756e-02 -1.181e-01  5.069e-02 -1.482e-01 -1.151e-03  4.440e-02 -9.954e-02 
  3.040e-01  1.405e-02 -2.178e+01 -9.043e-03 -2.756e-02 -1.181e-01  5.069e-02 -1.482e-01 -1.151e-03  4.440e-02 -9.954e-02 -1.138e-01  9.401e-04  1.017e-05  1.382e+00 
  2.212e-01 -3.131e-03 -2.157e+01  9.826e-02  5.060e-02 -7.792e-02  9.407e-02 -1.156e-01 -6.826e-03  3.886e-02 -1.348e-02 
  2.212e-01 -3.131e-03 -2.157e+01  9.826e-02  5.060e-02 -7.792e-02  9.407e-02 -1.156e-01 -6.826e-03  3.886e-02 -1.348e-02 -1.132e-01  9.994e-04  2.610e-05  2.719e-01  6.089e-01 
  6.310e-02  5.073e-04  1.493e+03 -3.336e+01  1.037e-03  8.928e-03  2.936e-03 -1.026e+00  2.156e-01 -1.893e-01 -1.594e-02 
  6.310e-02  5.073e-04  1.493e+03 -3.336e+01  1.037e-03  8.928e-03  2.936e-03 -1.026e+00  2.156e-01 -1.893e-01 -1.594e-02  5.551e+00 -1.961e-02  7.898e-07  1.016e-02  1.840e-02  1.523e+00 
 PARAMETER  CORRELATION COEFFICIENTS  
       NO.  GLOBAL      1      2      3      4      5      6      7      8      9     11     13     14     16     17     18     19
        1  0.94415   1.000  0.150 -0.013 -0.001 -0.032  0.226  0.049 -0.277  0.015  0.573 -0.761 -0.104  0.078  0.009  0.084  0.092
        2  0.48180   0.150  1.000 -0.001 -0.000 -0.144 -0.242  0.050 -0.061  0.004  0.051 -0.165 -0.008  0.007 -0.000  0.071 -0.024
        3  0.26394  -0.013 -0.001  1.000  0.005  0.001 -0.003 -0.001 -0.072  0.041 -0.041  0.008  0.251 -0.018 -0.000 -0.000 -0.001
        4  0.13435  -0.001 -0.000  0.005  1.000  0.000 -0.000 -0.000 -0.000 -0.005  0.000  0.000 -0.102 -0.001  0.000 -0.000  0.000
        5  0.70557  -0.032 -0.144  0.001  0.000  1.000 -0.302 -0.572  0.008 -0.001 -0.013  0.063  0.004 -0.002  0.007 -0.030  0.084
        6  0.68643   0.226 -0.242 -0.003 -0.000 -0.302  1.000  0.112 -0.075  0.007  0.070 -0.466 -0.028  0.012 -0.002 -0.061 -0.060
        7  0.68330   0.049  0.050 -0.001 -0.000 -0.572  0.112  1.000 -0.021 -0.003  0.013 -0.040 -0.004  0.003 -0.010  0.112  0.313
        8  0.91659  -0.277 -0.061 -0.072 -0.000  0.008 -0.075 -0.021  1.000 -0.346  0.479  0.271 -0.465  0.212 -0.005 -0.041 -0.049
        9  0.47341   0.015  0.004  0.041 -0.005 -0.001  0.007 -0.003 -0.346  1.000 -0.082 -0.017  0.269 -0.097 -0.001 -0.001 -0.009
       11  0.91965   0.573  0.051 -0.041  0.000 -0.013  0.070  0.013  0.479 -0.082  1.000 -0.292 -0.269  0.210  0.002  0.015  0.019
       13  0.86064  -0.761 -0.165  0.008  0.000  0.063 -0.466 -0.040  0.271 -0.017 -0.292  1.000  0.067 -0.043 -0.002 -0.102 -0.021
       14  0.63611  -0.104 -0.008  0.251 -0.102  0.004 -0.028 -0.004 -0.465  0.269 -0.269  0.067  1.000 -0.125 -0.001 -0.005 -0.007
       16  0.25588   0.078  0.007 -0.018 -0.001 -0.002  0.012  0.003  0.212 -0.097  0.210 -0.043 -0.125  1.000  0.001  0.003  0.005
       17  0.11056   0.009 -0.000 -0.000  0.000  0.007 -0.002 -0.010 -0.005 -0.001  0.002 -0.002 -0.001  0.001  1.000  0.025  0.096
       18  0.34228   0.084  0.071 -0.000 -0.000 -0.030 -0.061  0.112 -0.041 -0.001  0.015 -0.102 -0.005  0.003  0.025  1.000  0.296
       19  0.53356   0.092 -0.024 -0.001  0.000  0.084 -0.060  0.313 -0.049 -0.009  0.019 -0.021 -0.007  0.005  0.096  0.296  1.000
       20  0.37590   0.017  0.002  0.032 -0.004  0.001  0.004  0.006 -0.273  0.177 -0.059 -0.016  0.212 -0.064  0.002  0.007  0.019
                     1.000
 **********
 **    5 **HESSE
 **********
 COVARIANCE MATRIX CALCULATED SUCCESSFULLY
 FCN=4866.43 FROM HESSE     STATUS=OK            205 CALLS        2100 TOTAL
                     EDM=2.13067e-06    STRATEGY= 1      ERROR MATRIX ACCURATE 
  EXT PARAMETER                                INTERNAL      INTERNAL  
  NO.   NAME      VALUE            ERROR       STEP SIZE       VALUE   
   1  default.Bi210   5.44516e+00   3.04358e+00   8.61555e-05  -1.09976e+00
   2  default.C11   1.33395e+00   1.69224e-01   1.24661e-04  -1.33929e+00
   3  global.C14   3.24467e+06   3.74724e+04   4.66755e-05   2.43305e+00
   4  default.C14_pileup   3.26523e+05   6.22936e+03   8.73993e-06  -1.09989e+00
   5  global.Ext_Bi214   3.44695e+00   7.70875e-01   1.11202e-03  -3.15835e-01
   6  global.Ext_K40   9.04712e-01   1.55401e+00   8.09594e-04  -9.59767e-01
   7  global.Ext_Tl208   3.87615e+00   3.85001e-01   1.11116e-04  -2.26707e-01
   8  default.Kr85   1.88615e+01   3.03519e+00   1.61905e-04   2.60368e-01
   9  default.Po210   5.57214e+01   9.85262e-01   2.06333e-05  -1.29740e+00
  10  default.nu(B8)   4.60000e-01     fixed    
  11  global.nu(Be7)   4.24095e+01   2.56286e+00   3.92267e-04  -9.32097e+00
  12  global.nu(CNO)   4.92000e+00   constant   
  13  global.nu(pep)   3.97931e+00   8.23937e-01   1.67020e-04  -2.05584e-01
  14  global.nu(pp)   7.71649e+01   2.11173e+01   2.40365e-04  -6.79020e+00
  15  default.MCscalePo210   1.00000e+00   constant   
  16  default.MCshiftPo210   3.62373e-01   2.48223e-01   4.62387e-05   7.24752e-03
  17  default.C10_2   4.00445e-08   7.46049e-01   5.30873e-03  -1.57067e+00
                                 WARNING -   - ABOVE PARAMETER IS AT LIMIT.
  18  default.C11_2   7.09363e+01   1.17534e+00   2.22453e-05  -2.94892e-01
  19  global.He6_2   3.26888e+00   7.75496e-01   1.71974e-04  -2.40318e+00
  20  default.Po210_2   5.58650e+01   1.23475e+00   2.71746e-05  -1.29704e+00
                               ERR DEF= 0.5
 EXTERNAL ERROR MATRIX.    NDIM=  25    NPAR= 17    ERR DEF=0.5
 ELEMENTS ABOVE DIAGONAL ARE NOT PRINTED.
  9.319e+00 
  7.824e-02  2.864e-02 
 -1.468e+03 -6.731e+00  1.404e+09 
 -2.413e+00 -1.017e-02  1.285e+06  3.881e+07 
 -7.125e-02 -1.935e-02  1.594e+01 -1.360e+00  5.995e-01 
  1.119e+00 -6.597e-02 -1.444e+02  4.928e+00 -3.778e-01  2.697e+00 
  5.568e-02  3.369e-03 -8.002e+00  8.620e-01 -1.713e-01  7.044e-02  1.485e-01 
 -2.597e+00 -3.210e-02 -8.326e+03 -1.064e+01  1.673e-02 -3.751e-01 -2.446e-02  9.350e+00 
  5.122e-02  6.638e-04  1.510e+03 -3.205e+01 -9.616e-04  1.187e-02 -9.568e-04 -1.046e+00  9.707e-01 
  4.429e+00  2.150e-02 -3.912e+03  7.446e+00 -2.445e-02  2.839e-01  1.217e-02  3.813e+00 -2.112e-01  6.592e+00 
 -1.921e+00 -2.376e-02  2.201e+02 -2.157e+00  3.767e-02 -6.252e-01 -1.196e-02  6.888e-01 -1.535e-02 -6.035e-01  6.854e-01 
 -6.499e+00 -2.648e-02  1.991e+05 -1.349e+04  5.809e-02 -9.465e-01 -3.348e-02 -3.032e+01  5.635e+00 -1.469e+01  1.123e+00 
 -6.499e+00 -2.648e-02  1.991e+05 -1.349e+04  5.809e-02 -9.465e-01 -3.348e-02 -3.032e+01  5.635e+00 -1.469e+01  1.123e+00  4.499e+02 
  5.721e-02  2.864e-04 -1.711e+02 -8.720e-01 -3.425e-04  4.803e-03  2.291e-04  1.617e-01 -2.392e-02  1.338e-01 -8.545e-03 
  5.721e-02  2.864e-04 -1.711e+02 -8.720e-01 -3.425e-04  4.803e-03  2.291e-04  1.617e-01 -2.392e-02  1.338e-01 -8.545e-03 -6.616e-01  6.162e-02 
  1.956e-06 -4.670e-09 -1.741e-04  4.381e-08  3.879e-07 -1.850e-07 -2.859e-07 -1.026e-06 -5.917e-08  3.380e-07 -1.182e-07 
  1.956e-06 -4.670e-09 -1.741e-04  4.381e-08  3.879e-07 -1.850e-07 -2.859e-07 -1.026e-06 -5.917e-08  3.380e-07 -1.182e-07 -9.667e-07  8.933e-09  1.226e-07 
  3.020e-01  1.392e-02 -1.912e+01  3.352e-01 -2.884e-02 -1.136e-01  5.116e-02 -1.495e-01 -8.946e-04  4.139e-02 -1.003e-01 
  3.020e-01  1.392e-02 -1.912e+01  3.352e-01 -2.884e-02 -1.136e-01  5.116e-02 -1.495e-01 -8.946e-04  4.139e-02 -1.003e-01 -1.050e-01  8.778e-04  2.114e-06  1.381e+00 
  2.166e-01 -3.222e-03 -1.910e+01  5.577e-01  4.909e-02 -7.519e-02  9.463e-02 -1.154e-01 -6.604e-03  3.557e-02 -1.336e-02 
  2.166e-01 -3.222e-03 -1.910e+01  5.577e-01  4.909e-02 -7.519e-02  9.463e-02 -1.154e-01 -6.604e-03  3.557e-02 -1.336e-02 -1.044e-01  9.355e-04  5.417e-06  2.702e-01  6.036e-01 
  6.755e-02  5.659e-04  1.496e+03 -3.290e+01  1.018e-03  9.375e-03  2.983e-03 -1.036e+00  2.168e-01 -1.926e-01 -1.697e-02 
  6.755e-02  5.659e-04  1.496e+03 -3.290e+01  1.018e-03  9.375e-03  2.983e-03 -1.036e+00  2.168e-01 -1.926e-01 -1.697e-02  5.580e+00 -1.970e-02  1.657e-07  1.037e-02  1.845e-02  1.525e+00 
 PARAMETER  CORRELATION COEFFICIENTS  
       NO.  GLOBAL      1      2      3      4      5      6      7      8      9     11     13     14     16     17     18     19
        1  0.94317   1.000  0.151 -0.013 -0.000 -0.030  0.223  0.047 -0.278  0.017  0.565 -0.760 -0.100  0.075  0.002  0.084  0.091
        2  0.48025   0.151  1.000 -0.001 -0.000 -0.148 -0.237  0.052 -0.062  0.004  0.049 -0.170 -0.007  0.007 -0.000  0.070 -0.025
        3  0.26350  -0.013 -0.001  1.000  0.006  0.001 -0.002 -0.001 -0.073  0.041 -0.041  0.007  0.250 -0.018 -0.000 -0.000 -0.001
        4  0.13424  -0.000 -0.000  0.006  1.000 -0.000  0.000  0.000 -0.001 -0.005  0.000 -0.000 -0.102 -0.001  0.000  0.000  0.000
        5  0.70576  -0.030 -0.148  0.001 -0.000  1.000 -0.297 -0.574  0.007 -0.001 -0.012  0.059  0.004 -0.002  0.001 -0.032  0.082
        6  0.67982   0.223 -0.237 -0.002  0.000 -0.297  1.000  0.111 -0.075  0.007  0.067 -0.460 -0.027  0.012 -0.000 -0.059 -0.059
        7  0.68459   0.047  0.052 -0.001  0.000 -0.574  0.111  1.000 -0.021 -0.003  0.012 -0.037 -0.004  0.002 -0.002  0.113  0.316
        8  0.91726  -0.278 -0.062 -0.073 -0.001  0.007 -0.075 -0.021  1.000 -0.347  0.486  0.272 -0.468  0.213 -0.001 -0.042 -0.049
        9  0.47440   0.017  0.004  0.041 -0.005 -0.001  0.007 -0.003 -0.347  1.000 -0.083 -0.019  0.270 -0.098 -0.000 -0.001 -0.009
       11  0.91898   0.565  0.049 -0.041  0.000 -0.012  0.067  0.012  0.486 -0.083  1.000 -0.284 -0.270  0.210  0.000  0.014  0.018
       13  0.85869  -0.760 -0.170  0.007 -0.000  0.059 -0.460 -0.037  0.272 -0.019 -0.284  1.000  0.064 -0.042 -0.000 -0.103 -0.021
       14  0.63658  -0.100 -0.007  0.250 -0.102  0.004 -0.027 -0.004 -0.468  0.270 -0.270  0.064  1.000 -0.126 -0.000 -0.004 -0.006
       16  0.25599   0.075  0.007 -0.018 -0.001 -0.002  0.012  0.002  0.213 -0.098  0.210 -0.042 -0.126  1.000  0.000  0.003  0.005
       17  0.02308   0.002 -0.000 -0.000  0.000  0.001 -0.000 -0.002 -0.001 -0.000  0.000 -0.000 -0.000  0.000  1.000  0.005  0.020
       18  0.34176   0.084  0.070 -0.000  0.000 -0.032 -0.059  0.113 -0.042 -0.001  0.014 -0.103 -0.004  0.003  0.005  1.000  0.296
       19  0.52763   0.091 -0.025 -0.001  0.000  0.082 -0.059  0.316 -0.049 -0.009  0.018 -0.021 -0.006  0.005  0.020  0.296  1.000
       20  0.37680   0.018  0.003  0.032 -0.004  0.001  0.005  0.006 -0.274  0.178 -0.061 -0.017  0.213 -0.064  0.000  0.007  0.019
                     1.000
Wallclock time  : 36.4441 seconds.
CPU time: 0.003644
Total CPU time: 0.003644
Processor time: 0.003181

FIT PARAMETERS
 ^{210}Bi = 5.4 #pm 3.0 
 ^{11}C = 1.33 #pm 0.17 
 ^{14}C = 3244669.9 #pm 37472.4  [p] 3499200.0 #pm 43200.0
 ^{14}C pileup = 326522.7 #pm 6229.4 
 Ext ^{214}Bi = 3.45 #pm 0.77 
 Ext ^{40}K = 0.9 #pm 1.6 
 Ext ^{208}Tl = 3.88 #pm 0.39 
 ^{85}Kr = 18.9 #pm 3.0 
 ^{210}Po = 55.72 #pm 0.99 
 #nu(^{8}B) = 0.46  [Fixed]
 #nu(^{7}Be) = 42.4 #pm 2.6 
 #nu(CNO) = 4.92  [Fixed]
 #nu(pep) = 3.98 #pm 0.82 
 #nu(pp) = 77.2 #pm 21.1 
 ^{210}MCscalePo = 1  [Fixed]
 ^{210}MCshiftPo = 0.36 #pm 0.25 
 ^{10}C 2 = 0.00  [Railed]
 ^{11}C 2 = 70.9 #pm 1.2 
 ^{6}He 2 = 3.27 #pm 0.78 
 ^{210}Po 2 = 55.9 #pm 1.2 

 chi^2                             = 2336.8
 chi^2/N-DOF                       = 1.7182
 p-value                           = 0.000
 Minimized -2Ln(Likelihood)        = 9732.86
 Likelihood p-value                = 0.000 ± 0.000
SimplePlotManager::groupByName <default.Major> appedned to <default>
SimplePlotManager::groupByName <default.TFCtagged> appedned to <default>
